Using entropy-harvested random seed: -1290717611
Running with initial polymer density 0.000485979
Using 360 TADs, including main chain of length 360
************
Performed 1000 out of 10000000 MC cycles
Polymer acceptance rate: 15.6036%
Total runtime: 0.0144165 mins (1156.08 cycles/s)
************
Performed 2000 out of 10000000 MC cycles
Polymer acceptance rate: 17.9539%
Total runtime: 0.0287643 mins (1161.62 cycles/s)
************
Performed 3000 out of 10000000 MC cycles
Polymer acceptance rate: 18.8967%
Total runtime: 0.0402287 mins (1453.78 cycles/s)
************
Performed 4000 out of 10000000 MC cycles
Polymer acceptance rate: 18.7794%
Total runtime: 0.0512157 mins (1516.94 cycles/s)
************
Performed 5000 out of 10000000 MC cycles
Polymer acceptance rate: 19.2633%
Total runtime: 0.0663723 mins (1099.63 cycles/s)
************
Performed 6000 out of 10000000 MC cycles
Polymer acceptance rate: 19.2117%
Total runtime: 0.0792088 mins (1298.38 cycles/s)
************
Performed 7000 out of 10000000 MC cycles
Polymer acceptance rate: 19.3175%
Total runtime: 0.0956997 mins (1010.66 cycles/s)
************
Performed 8000 out of 10000000 MC cycles
Polymer acceptance rate: 19.63%
Total runtime: 0.111446 mins (1058.44 cycles/s)
************
Performed 9000 out of 10000000 MC cycles
Polymer acceptance rate: 18.9008%
Total runtime: 0.123218 mins (1415.75 cycles/s)
************
Performed 10000 out of 10000000 MC cycles
Polymer acceptance rate: 19.3744%
Total runtime: 0.13929 mins (1037.05 cycles/s)
************
Performed 11000 out of 10000000 MC cycles
Polymer acceptance rate: 19.2586%
Total runtime: 0.160263 mins (794.657 cycles/s)
************
Performed 12000 out of 10000000 MC cycles
Polymer acceptance rate: 19.1%
Total runtime: 0.188958 mins (580.817 cycles/s)
************
Performed 13000 out of 10000000 MC cycles
Polymer acceptance rate: 20.2022%
Total runtime: 0.203685 mins (1131.72 cycles/s)
************
Performed 14000 out of 10000000 MC cycles
Polymer acceptance rate: 19.9864%
Total runtime: 0.226706 mins (723.996 cycles/s)
************
Performed 15000 out of 10000000 MC cycles
Polymer acceptance rate: 19.4247%
Total runtime: 0.238653 mins (1395.05 cycles/s)
************
Performed 16000 out of 10000000 MC cycles
Polymer acceptance rate: 19.07%
Total runtime: 0.263795 mins (662.897 cycles/s)
************
Performed 17000 out of 10000000 MC cycles
Polymer acceptance rate: 19.2189%
Total runtime: 0.277585 mins (1208.55 cycles/s)
************
Performed 18000 out of 10000000 MC cycles
Polymer acceptance rate: 19.1458%
Total runtime: 0.295158 mins (948.47 cycles/s)
************
Performed 19000 out of 10000000 MC cycles
Polymer acceptance rate: 19.3728%
Total runtime: 0.307204 mins (1383.49 cycles/s)
************
Performed 20000 out of 10000000 MC cycles
Polymer acceptance rate: 19.81%
Total runtime: 0.323006 mins (1054.72 cycles/s)
************
Performed 21000 out of 10000000 MC cycles
Polymer acceptance rate: 19.8597%
Total runtime: 0.334901 mins (1401.15 cycles/s)
************
Performed 22000 out of 10000000 MC cycles
Polymer acceptance rate: 19.5192%
Total runtime: 0.347873 mins (1284.86 cycles/s)
************
Performed 23000 out of 10000000 MC cycles
Polymer acceptance rate: 19.4853%
Total runtime: 0.362628 mins (1129.57 cycles/s)
************
Performed 24000 out of 10000000 MC cycles
Polymer acceptance rate: 20.0414%
Total runtime: 0.37432 mins (1425.44 cycles/s)
************
Performed 25000 out of 10000000 MC cycles
Polymer acceptance rate: 19.4722%
Total runtime: 0.386638 mins (1353.02 cycles/s)
************
Performed 26000 out of 10000000 MC cycles
Polymer acceptance rate: 19.5372%
Total runtime: 0.399323 mins (1313.92 cycles/s)
************
Performed 27000 out of 10000000 MC cycles
Polymer acceptance rate: 19.3056%
Total runtime: 0.410433 mins (1500.21 cycles/s)
************
Performed 28000 out of 10000000 MC cycles
Polymer acceptance rate: 18.9492%
Total runtime: 0.424403 mins (1193 cycles/s)
************
Performed 29000 out of 10000000 MC cycles
Polymer acceptance rate: 19.7056%
Total runtime: 0.43582 mins (1459.86 cycles/s)
************
Performed 30000 out of 10000000 MC cycles
Polymer acceptance rate: 19.5067%
Total runtime: 0.447695 mins (1403.49 cycles/s)
************
Performed 31000 out of 10000000 MC cycles
Polymer acceptance rate: 19.6536%
Total runtime: 0.458124 mins (1598.11 cycles/s)
************
Performed 32000 out of 10000000 MC cycles
Polymer acceptance rate: 19.1297%
Total runtime: 0.468514 mins (1604.1 cycles/s)
************
Performed 33000 out of 10000000 MC cycles
Polymer acceptance rate: 19.8383%
Total runtime: 0.480221 mins (1423.65 cycles/s)
************
Performed 34000 out of 10000000 MC cycles
Polymer acceptance rate: 19.4533%
Total runtime: 0.492276 mins (1382.47 cycles/s)
************
Performed 35000 out of 10000000 MC cycles
Polymer acceptance rate: 19.3681%
Total runtime: 0.507724 mins (1078.89 cycles/s)
************
Performed 36000 out of 10000000 MC cycles
Polymer acceptance rate: 19.7656%
Total runtime: 0.52063 mins (1291.4 cycles/s)
************
Performed 37000 out of 10000000 MC cycles
Polymer acceptance rate: 19.4419%
Total runtime: 0.533325 mins (1312.86 cycles/s)
************
Performed 38000 out of 10000000 MC cycles
Polymer acceptance rate: 19.3522%
Total runtime: 0.544687 mins (1466.87 cycles/s)
************
Performed 39000 out of 10000000 MC cycles
Polymer acceptance rate: 19.5344%
Total runtime: 0.556828 mins (1372.76 cycles/s)
************
Performed 40000 out of 10000000 MC cycles
Polymer acceptance rate: 19.62%
Total runtime: 0.569652 mins (1299.63 cycles/s)
************
Performed 41000 out of 10000000 MC cycles
Polymer acceptance rate: 19.7883%
Total runtime: 0.584595 mins (1115.41 cycles/s)
************
Performed 42000 out of 10000000 MC cycles
Polymer acceptance rate: 19.5283%
Total runtime: 0.593694 mins (1831.59 cycles/s)
************
Performed 43000 out of 10000000 MC cycles
Polymer acceptance rate: 19.4431%
Total runtime: 0.609631 mins (1045.77 cycles/s)
************
Performed 44000 out of 10000000 MC cycles
Polymer acceptance rate: 19.8919%
Total runtime: 0.624807 mins (1098.23 cycles/s)
************
Performed 45000 out of 10000000 MC cycles
Polymer acceptance rate: 19.8603%
Total runtime: 0.639662 mins (1121.99 cycles/s)
************
Performed 46000 out of 10000000 MC cycles
Polymer acceptance rate: 19.4942%
Total runtime: 0.649883 mins (1630.72 cycles/s)
************
Performed 47000 out of 10000000 MC cycles
Polymer acceptance rate: 18.8489%
Total runtime: 0.662829 mins (1287.33 cycles/s)
************
Performed 48000 out of 10000000 MC cycles
Polymer acceptance rate: 19.1406%
Total runtime: 0.673843 mins (1513.29 cycles/s)
************
Performed 49000 out of 10000000 MC cycles
Polymer acceptance rate: 20.2478%
Total runtime: 0.688065 mins (1171.91 cycles/s)
************
Performed 50000 out of 10000000 MC cycles
Polymer acceptance rate: 19.8797%
Total runtime: 0.700593 mins (1330.29 cycles/s)
************
Performed 51000 out of 10000000 MC cycles
Polymer acceptance rate: 19.3058%
Total runtime: 0.713756 mins (1266.19 cycles/s)
************
Performed 52000 out of 10000000 MC cycles
Polymer acceptance rate: 19.0772%
Total runtime: 0.724995 mins (1482.91 cycles/s)
************
Performed 53000 out of 10000000 MC cycles
Polymer acceptance rate: 19.8697%
Total runtime: 0.737327 mins (1351.5 cycles/s)
************
Performed 54000 out of 10000000 MC cycles
Polymer acceptance rate: 19.5581%
Total runtime: 0.760169 mins (729.65 cycles/s)
************
Performed 55000 out of 10000000 MC cycles
Polymer acceptance rate: 19.44%
Total runtime: 0.780749 mins (809.849 cycles/s)
************
Performed 56000 out of 10000000 MC cycles
Polymer acceptance rate: 19.7414%
Total runtime: 0.800968 mins (824.306 cycles/s)
************
Performed 57000 out of 10000000 MC cycles
Polymer acceptance rate: 19.5967%
Total runtime: 0.816444 mins (1076.94 cycles/s)
************
Performed 58000 out of 10000000 MC cycles
Polymer acceptance rate: 19.8081%
Total runtime: 0.833691 mins (966.382 cycles/s)
************
Performed 59000 out of 10000000 MC cycles
Polymer acceptance rate: 19.0892%
Total runtime: 0.848456 mins (1128.79 cycles/s)
************
Performed 60000 out of 10000000 MC cycles
Polymer acceptance rate: 19.7347%
Total runtime: 0.88368 mins (473.152 cycles/s)
************
Performed 61000 out of 10000000 MC cycles
Polymer acceptance rate: 20.18%
Total runtime: 0.898171 mins (1150.2 cycles/s)
************
Performed 62000 out of 10000000 MC cycles
Polymer acceptance rate: 19.0689%
Total runtime: 0.925857 mins (601.981 cycles/s)
************
Performed 63000 out of 10000000 MC cycles
Polymer acceptance rate: 20.0119%
Total runtime: 0.95174 mins (643.932 cycles/s)
************
Performed 64000 out of 10000000 MC cycles
Polymer acceptance rate: 18.8219%
Total runtime: 0.973602 mins (762.359 cycles/s)
************
Performed 65000 out of 10000000 MC cycles
Polymer acceptance rate: 20.1272%
Total runtime: 0.992357 mins (888.616 cycles/s)
************
Performed 66000 out of 10000000 MC cycles
Polymer acceptance rate: 19.4919%
Total runtime: 1.01386 mins (774.976 cycles/s)
************
Performed 67000 out of 10000000 MC cycles
Polymer acceptance rate: 19.6489%
Total runtime: 1.02827 mins (1157.23 cycles/s)
************
Performed 68000 out of 10000000 MC cycles
Polymer acceptance rate: 19.745%
Total runtime: 1.03826 mins (1667.86 cycles/s)
************
Performed 69000 out of 10000000 MC cycles
Polymer acceptance rate: 19.1967%
Total runtime: 1.05911 mins (799.119 cycles/s)
************
Performed 70000 out of 10000000 MC cycles
Polymer acceptance rate: 19.4622%
Total runtime: 1.07518 mins (1037.3 cycles/s)
************
Performed 71000 out of 10000000 MC cycles
Polymer acceptance rate: 19.2556%
Total runtime: 1.08587 mins (1559.45 cycles/s)
************
Performed 72000 out of 10000000 MC cycles
Polymer acceptance rate: 19.4619%
Total runtime: 1.10057 mins (1133.41 cycles/s)
************
Performed 73000 out of 10000000 MC cycles
Polymer acceptance rate: 19.7464%
Total runtime: 1.12334 mins (732.231 cycles/s)
************
Performed 74000 out of 10000000 MC cycles
Polymer acceptance rate: 19.7417%
Total runtime: 1.16958 mins (360.434 cycles/s)
************
Performed 75000 out of 10000000 MC cycles
Polymer acceptance rate: 19.6008%
Total runtime: 1.17617 mins (2527.68 cycles/s)
************
Performed 76000 out of 10000000 MC cycles
Polymer acceptance rate: 19.6781%
Total runtime: 1.19538 mins (867.464 cycles/s)
************
Performed 77000 out of 10000000 MC cycles
Polymer acceptance rate: 19.8542%
Total runtime: 1.21624 mins (799.214 cycles/s)
************
Performed 78000 out of 10000000 MC cycles
Polymer acceptance rate: 19.5831%
Total runtime: 1.24228 mins (639.873 cycles/s)
************
Performed 79000 out of 10000000 MC cycles
Polymer acceptance rate: 19.5708%
Total runtime: 1.25686 mins (1143.53 cycles/s)
************
Performed 80000 out of 10000000 MC cycles
Polymer acceptance rate: 19.4894%
Total runtime: 1.27549 mins (894.744 cycles/s)
************
Performed 81000 out of 10000000 MC cycles
Polymer acceptance rate: 19.9644%
Total runtime: 1.28631 mins (1540.11 cycles/s)
************
Performed 82000 out of 10000000 MC cycles
Polymer acceptance rate: 19.0981%
Total runtime: 1.30867 mins (745.364 cycles/s)
************
Performed 83000 out of 10000000 MC cycles
Polymer acceptance rate: 19.5956%
Total runtime: 1.32592 mins (966.034 cycles/s)
************
Performed 84000 out of 10000000 MC cycles
Polymer acceptance rate: 19.4653%
Total runtime: 1.34079 mins (1120.81 cycles/s)
************
Performed 85000 out of 10000000 MC cycles
Polymer acceptance rate: 19.7269%
Total runtime: 1.35686 mins (1037.39 cycles/s)
************
Performed 86000 out of 10000000 MC cycles
Polymer acceptance rate: 19.5492%
Total runtime: 1.3691 mins (1361.88 cycles/s)
************
Performed 87000 out of 10000000 MC cycles
Polymer acceptance rate: 19.515%
Total runtime: 1.38989 mins (801.468 cycles/s)
************
Performed 88000 out of 10000000 MC cycles
Polymer acceptance rate: 19.0422%
Total runtime: 1.4052 mins (1088.65 cycles/s)
************
Performed 89000 out of 10000000 MC cycles
Polymer acceptance rate: 19.7208%
Total runtime: 1.42734 mins (752.933 cycles/s)
************
Performed 90000 out of 10000000 MC cycles
Polymer acceptance rate: 19.2633%
Total runtime: 1.45212 mins (672.584 cycles/s)
************
Performed 91000 out of 10000000 MC cycles
Polymer acceptance rate: 19.5614%
Total runtime: 1.46718 mins (1106.11 cycles/s)
************
Performed 92000 out of 10000000 MC cycles
Polymer acceptance rate: 19.8797%
Total runtime: 1.48701 mins (840.469 cycles/s)
************
Performed 93000 out of 10000000 MC cycles
Polymer acceptance rate: 19.8247%
Total runtime: 1.50556 mins (898.827 cycles/s)
************
Performed 94000 out of 10000000 MC cycles
Polymer acceptance rate: 19.8478%
Total runtime: 1.52135 mins (1055.01 cycles/s)
************
Performed 95000 out of 10000000 MC cycles
Polymer acceptance rate: 19.6636%
Total runtime: 1.54096 mins (849.893 cycles/s)
************
Performed 96000 out of 10000000 MC cycles
Polymer acceptance rate: 19.6397%
Total runtime: 1.55204 mins (1504.51 cycles/s)
************
Performed 97000 out of 10000000 MC cycles
Polymer acceptance rate: 20.0753%
Total runtime: 1.58399 mins (521.731 cycles/s)
************
Performed 98000 out of 10000000 MC cycles
Polymer acceptance rate: 19.2853%
Total runtime: 1.61259 mins (582.743 cycles/s)
************
Performed 99000 out of 10000000 MC cycles
Polymer acceptance rate: 19.3467%
Total runtime: 1.62929 mins (997.65 cycles/s)
************
Performed 100000 out of 10000000 MC cycles
Polymer acceptance rate: 19.5758%
Total runtime: 1.65241 mins (721.019 cycles/s)
************
Performed 101000 out of 10000000 MC cycles
Polymer acceptance rate: 19.9244%
Total runtime: 1.6721 mins (846.406 cycles/s)
************
Performed 102000 out of 10000000 MC cycles
Polymer acceptance rate: 20.3194%
Total runtime: 1.70307 mins (538.137 cycles/s)
************
Performed 103000 out of 10000000 MC cycles
Polymer acceptance rate: 19.5806%
Total runtime: 1.72151 mins (903.915 cycles/s)
************
Performed 104000 out of 10000000 MC cycles
Polymer acceptance rate: 19.1072%
Total runtime: 1.74426 mins (732.704 cycles/s)
************
Performed 105000 out of 10000000 MC cycles
Polymer acceptance rate: 19.7903%
Total runtime: 1.75693 mins (1315.18 cycles/s)
************
Performed 106000 out of 10000000 MC cycles
Polymer acceptance rate: 20.0853%
Total runtime: 1.78247 mins (652.602 cycles/s)
************
Performed 107000 out of 10000000 MC cycles
Polymer acceptance rate: 19.6847%
Total runtime: 1.79723 mins (1128.59 cycles/s)
************
Performed 108000 out of 10000000 MC cycles
Polymer acceptance rate: 19.3647%
Total runtime: 1.81927 mins (756.217 cycles/s)
************
Performed 109000 out of 10000000 MC cycles
Polymer acceptance rate: 19.5644%
Total runtime: 1.84972 mins (547.34 cycles/s)
************
Performed 110000 out of 10000000 MC cycles
Polymer acceptance rate: 19.5139%
Total runtime: 1.87074 mins (793.156 cycles/s)
************
Performed 111000 out of 10000000 MC cycles
Polymer acceptance rate: 19.4444%
Total runtime: 1.89442 mins (703.823 cycles/s)
************
Performed 112000 out of 10000000 MC cycles
Polymer acceptance rate: 19.3472%
Total runtime: 1.92432 mins (557.299 cycles/s)
************
Performed 113000 out of 10000000 MC cycles
Polymer acceptance rate: 19.5039%
Total runtime: 1.9382 mins (1201.49 cycles/s)
************
Performed 114000 out of 10000000 MC cycles
Polymer acceptance rate: 19.5453%
Total runtime: 1.95062 mins (1341.95 cycles/s)
************
Performed 115000 out of 10000000 MC cycles
Polymer acceptance rate: 19.8492%
Total runtime: 1.96302 mins (1344.06 cycles/s)
************
Performed 116000 out of 10000000 MC cycles
Polymer acceptance rate: 20.0147%
Total runtime: 1.98957 mins (627.535 cycles/s)
************
Performed 117000 out of 10000000 MC cycles
Polymer acceptance rate: 19.6467%
Total runtime: 1.99956 mins (1669.12 cycles/s)
************
Performed 118000 out of 10000000 MC cycles
Polymer acceptance rate: 19.8072%
Total runtime: 2.02338 mins (699.793 cycles/s)
************
Performed 119000 out of 10000000 MC cycles
Polymer acceptance rate: 19.695%
Total runtime: 2.12397 mins (165.689 cycles/s)
************
Performed 120000 out of 10000000 MC cycles
Polymer acceptance rate: 19.0761%
Total runtime: 2.1545 mins (545.849 cycles/s)
************
Performed 121000 out of 10000000 MC cycles
Polymer acceptance rate: 19.9708%
Total runtime: 2.20094 mins (358.86 cycles/s)
************
Performed 122000 out of 10000000 MC cycles
Polymer acceptance rate: 19.6858%
Total runtime: 2.24024 mins (424.146 cycles/s)
************
Performed 123000 out of 10000000 MC cycles
Polymer acceptance rate: 18.9617%
Total runtime: 2.26579 mins (652.365 cycles/s)
************
Performed 124000 out of 10000000 MC cycles
Polymer acceptance rate: 19.6258%
Total runtime: 2.29245 mins (624.963 cycles/s)
