Using entropy-harvested random seed: -2021118902
Running with initial polymer density 0.000485979
Using 360 TADs, including main chain of length 360
************
Performed 1000 out of 10000000 MC cycles
Polymer acceptance rate: 16.6033%
Total runtime: 0.0249776 mins (667.265 cycles/s)
************
Performed 2000 out of 10000000 MC cycles
Polymer acceptance rate: 18.8419%
Total runtime: 0.0347921 mins (1698.16 cycles/s)
************
Performed 3000 out of 10000000 MC cycles
Polymer acceptance rate: 18.5992%
Total runtime: 0.0461329 mins (1469.63 cycles/s)
************
Performed 4000 out of 10000000 MC cycles
Polymer acceptance rate: 18.8853%
Total runtime: 0.0567358 mins (1571.9 cycles/s)
************
Performed 5000 out of 10000000 MC cycles
Polymer acceptance rate: 18.9636%
Total runtime: 0.0692767 mins (1328.98 cycles/s)
************
Performed 6000 out of 10000000 MC cycles
Polymer acceptance rate: 18.3969%
Total runtime: 0.0820354 mins (1306.3 cycles/s)
************
Performed 7000 out of 10000000 MC cycles
Polymer acceptance rate: 19.4456%
Total runtime: 0.101385 mins (861.345 cycles/s)
************
Performed 8000 out of 10000000 MC cycles
Polymer acceptance rate: 19.0061%
Total runtime: 0.118066 mins (999.121 cycles/s)
************
Performed 9000 out of 10000000 MC cycles
Polymer acceptance rate: 19.1097%
Total runtime: 0.134802 mins (995.863 cycles/s)
************
Performed 10000 out of 10000000 MC cycles
Polymer acceptance rate: 19.2497%
Total runtime: 0.156414 mins (771.171 cycles/s)
************
Performed 11000 out of 10000000 MC cycles
Polymer acceptance rate: 19.2175%
Total runtime: 0.178269 mins (762.609 cycles/s)
************
Performed 12000 out of 10000000 MC cycles
Polymer acceptance rate: 18.7822%
Total runtime: 0.196223 mins (928.315 cycles/s)
************
Performed 13000 out of 10000000 MC cycles
Polymer acceptance rate: 19.0872%
Total runtime: 0.211266 mins (1107.96 cycles/s)
************
Performed 14000 out of 10000000 MC cycles
Polymer acceptance rate: 19.2469%
Total runtime: 0.234272 mins (724.424 cycles/s)
************
Performed 15000 out of 10000000 MC cycles
Polymer acceptance rate: 19.6664%
Total runtime: 0.255929 mins (769.583 cycles/s)
************
Performed 16000 out of 10000000 MC cycles
Polymer acceptance rate: 19.1406%
Total runtime: 0.275686 mins (843.583 cycles/s)
************
Performed 17000 out of 10000000 MC cycles
Polymer acceptance rate: 19.5469%
Total runtime: 0.29848 mins (731.199 cycles/s)
************
Performed 18000 out of 10000000 MC cycles
Polymer acceptance rate: 19.9197%
Total runtime: 0.313906 mins (1080.39 cycles/s)
************
Performed 19000 out of 10000000 MC cycles
Polymer acceptance rate: 19.4211%
Total runtime: 0.324704 mins (1543.48 cycles/s)
************
Performed 20000 out of 10000000 MC cycles
Polymer acceptance rate: 19.2839%
Total runtime: 0.335772 mins (1505.95 cycles/s)
************
Performed 21000 out of 10000000 MC cycles
Polymer acceptance rate: 19.3408%
Total runtime: 0.349625 mins (1203.08 cycles/s)
************
Performed 22000 out of 10000000 MC cycles
Polymer acceptance rate: 18.6514%
Total runtime: 0.366227 mins (1003.9 cycles/s)
************
Performed 23000 out of 10000000 MC cycles
Polymer acceptance rate: 19.8342%
Total runtime: 0.376558 mins (1613.19 cycles/s)
************
Performed 24000 out of 10000000 MC cycles
Polymer acceptance rate: 19.1758%
Total runtime: 0.388156 mins (1437 cycles/s)
************
Performed 25000 out of 10000000 MC cycles
Polymer acceptance rate: 19.7794%
Total runtime: 0.40056 mins (1343.68 cycles/s)
************
Performed 26000 out of 10000000 MC cycles
Polymer acceptance rate: 19.7011%
Total runtime: 0.414381 mins (1205.89 cycles/s)
************
Performed 27000 out of 10000000 MC cycles
Polymer acceptance rate: 19.4025%
Total runtime: 0.429428 mins (1107.69 cycles/s)
************
Performed 28000 out of 10000000 MC cycles
Polymer acceptance rate: 19.5297%
Total runtime: 0.438644 mins (1808.38 cycles/s)
************
Performed 29000 out of 10000000 MC cycles
Polymer acceptance rate: 19.3261%
Total runtime: 0.451093 mins (1338.84 cycles/s)
************
Performed 30000 out of 10000000 MC cycles
Polymer acceptance rate: 19.4914%
Total runtime: 0.464139 mins (1277.47 cycles/s)
************
Performed 31000 out of 10000000 MC cycles
Polymer acceptance rate: 19.9222%
Total runtime: 0.476885 mins (1307.59 cycles/s)
************
Performed 32000 out of 10000000 MC cycles
Polymer acceptance rate: 19.7203%
Total runtime: 0.485967 mins (1835.19 cycles/s)
************
Performed 33000 out of 10000000 MC cycles
Polymer acceptance rate: 19.8614%
Total runtime: 0.497437 mins (1453.02 cycles/s)
************
Performed 34000 out of 10000000 MC cycles
Polymer acceptance rate: 19.6017%
Total runtime: 0.506918 mins (1757.96 cycles/s)
************
Performed 35000 out of 10000000 MC cycles
Polymer acceptance rate: 19.9322%
Total runtime: 0.51808 mins (1493.18 cycles/s)
************
Performed 36000 out of 10000000 MC cycles
Polymer acceptance rate: 19.775%
Total runtime: 0.530202 mins (1374.91 cycles/s)
************
Performed 37000 out of 10000000 MC cycles
Polymer acceptance rate: 19.4403%
Total runtime: 0.540859 mins (1563.87 cycles/s)
************
Performed 38000 out of 10000000 MC cycles
Polymer acceptance rate: 18.9261%
Total runtime: 0.552707 mins (1406.73 cycles/s)
************
Performed 39000 out of 10000000 MC cycles
Polymer acceptance rate: 19.4958%
Total runtime: 0.563692 mins (1517.24 cycles/s)
************
Performed 40000 out of 10000000 MC cycles
Polymer acceptance rate: 19.8647%
Total runtime: 0.575908 mins (1364.26 cycles/s)
************
Performed 41000 out of 10000000 MC cycles
Polymer acceptance rate: 19.4506%
Total runtime: 0.587534 mins (1433.62 cycles/s)
************
Performed 42000 out of 10000000 MC cycles
Polymer acceptance rate: 18.965%
Total runtime: 0.596826 mins (1793.69 cycles/s)
************
Performed 43000 out of 10000000 MC cycles
Polymer acceptance rate: 19.3817%
Total runtime: 0.609215 mins (1345.26 cycles/s)
************
Performed 44000 out of 10000000 MC cycles
Polymer acceptance rate: 19.1642%
Total runtime: 0.620884 mins (1428.33 cycles/s)
************
Performed 45000 out of 10000000 MC cycles
Polymer acceptance rate: 19.5231%
Total runtime: 0.629365 mins (1965.02 cycles/s)
************
Performed 46000 out of 10000000 MC cycles
Polymer acceptance rate: 19.5786%
Total runtime: 0.642974 mins (1224.69 cycles/s)
************
Performed 47000 out of 10000000 MC cycles
Polymer acceptance rate: 19.9592%
Total runtime: 0.652371 mins (1773.75 cycles/s)
************
Performed 48000 out of 10000000 MC cycles
Polymer acceptance rate: 19.4931%
Total runtime: 0.663282 mins (1527.4 cycles/s)
************
Performed 49000 out of 10000000 MC cycles
Polymer acceptance rate: 19.6314%
Total runtime: 0.677931 mins (1137.73 cycles/s)
************
Performed 50000 out of 10000000 MC cycles
Polymer acceptance rate: 19.5281%
Total runtime: 0.692295 mins (1160.35 cycles/s)
************
Performed 51000 out of 10000000 MC cycles
Polymer acceptance rate: 18.9306%
Total runtime: 0.704888 mins (1323.43 cycles/s)
************
Performed 52000 out of 10000000 MC cycles
Polymer acceptance rate: 19.5147%
Total runtime: 0.715254 mins (1607.82 cycles/s)
************
Performed 53000 out of 10000000 MC cycles
Polymer acceptance rate: 19.5608%
Total runtime: 0.726173 mins (1526.41 cycles/s)
************
Performed 54000 out of 10000000 MC cycles
Polymer acceptance rate: 19.3878%
Total runtime: 0.737761 mins (1438.37 cycles/s)
************
Performed 55000 out of 10000000 MC cycles
Polymer acceptance rate: 18.9919%
Total runtime: 0.751449 mins (1217.58 cycles/s)
************
Performed 56000 out of 10000000 MC cycles
Polymer acceptance rate: 19.0878%
Total runtime: 0.772472 mins (792.778 cycles/s)
************
Performed 57000 out of 10000000 MC cycles
Polymer acceptance rate: 19.4567%
Total runtime: 0.791048 mins (897.231 cycles/s)
************
Performed 58000 out of 10000000 MC cycles
Polymer acceptance rate: 18.8725%
Total runtime: 0.808037 mins (981.021 cycles/s)
************
Performed 59000 out of 10000000 MC cycles
Polymer acceptance rate: 19.1286%
Total runtime: 0.822689 mins (1137.47 cycles/s)
************
Performed 60000 out of 10000000 MC cycles
Polymer acceptance rate: 18.425%
Total runtime: 0.835393 mins (1311.92 cycles/s)
************
Performed 61000 out of 10000000 MC cycles
Polymer acceptance rate: 18.6422%
Total runtime: 0.858055 mins (735.467 cycles/s)
************
Performed 62000 out of 10000000 MC cycles
Polymer acceptance rate: 18.8414%
Total runtime: 0.869491 mins (1457.33 cycles/s)
************
Performed 63000 out of 10000000 MC cycles
Polymer acceptance rate: 18.9008%
Total runtime: 0.898007 mins (584.463 cycles/s)
************
Performed 64000 out of 10000000 MC cycles
Polymer acceptance rate: 18.4903%
Total runtime: 0.924908 mins (619.566 cycles/s)
************
Performed 65000 out of 10000000 MC cycles
Polymer acceptance rate: 18.8636%
Total runtime: 0.946628 mins (767.328 cycles/s)
************
Performed 66000 out of 10000000 MC cycles
Polymer acceptance rate: 19.3056%
Total runtime: 0.964003 mins (959.248 cycles/s)
************
Performed 67000 out of 10000000 MC cycles
Polymer acceptance rate: 19.3942%
Total runtime: 0.985982 mins (758.308 cycles/s)
************
Performed 68000 out of 10000000 MC cycles
Polymer acceptance rate: 19.2536%
Total runtime: 1.01054 mins (678.737 cycles/s)
************
Performed 69000 out of 10000000 MC cycles
Polymer acceptance rate: 19.0544%
Total runtime: 1.03692 mins (631.694 cycles/s)
************
Performed 70000 out of 10000000 MC cycles
Polymer acceptance rate: 18.8094%
Total runtime: 1.05658 mins (847.787 cycles/s)
************
Performed 71000 out of 10000000 MC cycles
Polymer acceptance rate: 19.2389%
Total runtime: 1.06993 mins (1248.8 cycles/s)
************
Performed 72000 out of 10000000 MC cycles
Polymer acceptance rate: 19.3917%
Total runtime: 1.08522 mins (1089.96 cycles/s)
************
Performed 73000 out of 10000000 MC cycles
Polymer acceptance rate: 19.5161%
Total runtime: 1.09601 mins (1543.82 cycles/s)
************
Performed 74000 out of 10000000 MC cycles
Polymer acceptance rate: 19.6494%
Total runtime: 1.10835 mins (1351.19 cycles/s)
************
Performed 75000 out of 10000000 MC cycles
Polymer acceptance rate: 19.6875%
Total runtime: 1.13904 mins (543.007 cycles/s)
************
Performed 76000 out of 10000000 MC cycles
Polymer acceptance rate: 19.3486%
Total runtime: 1.15755 mins (900.451 cycles/s)
************
Performed 77000 out of 10000000 MC cycles
Polymer acceptance rate: 19.6942%
Total runtime: 1.18666 mins (572.594 cycles/s)
************
Performed 78000 out of 10000000 MC cycles
Polymer acceptance rate: 20.1722%
Total runtime: 1.20098 mins (1163.43 cycles/s)
************
Performed 79000 out of 10000000 MC cycles
Polymer acceptance rate: 19.3558%
Total runtime: 1.22244 mins (776.879 cycles/s)
************
Performed 80000 out of 10000000 MC cycles
Polymer acceptance rate: 19.67%
Total runtime: 1.24419 mins (766.309 cycles/s)
************
Performed 81000 out of 10000000 MC cycles
Polymer acceptance rate: 19.155%
Total runtime: 1.26041 mins (1027.53 cycles/s)
************
Performed 82000 out of 10000000 MC cycles
Polymer acceptance rate: 19.5736%
Total runtime: 1.27669 mins (1023.77 cycles/s)
************
Performed 83000 out of 10000000 MC cycles
Polymer acceptance rate: 19.4086%
Total runtime: 1.29743 mins (803.38 cycles/s)
************
Performed 84000 out of 10000000 MC cycles
Polymer acceptance rate: 19.4122%
Total runtime: 1.32408 mins (625.501 cycles/s)
************
Performed 85000 out of 10000000 MC cycles
Polymer acceptance rate: 18.8742%
Total runtime: 1.33642 mins (1349.72 cycles/s)
************
Performed 86000 out of 10000000 MC cycles
Polymer acceptance rate: 19.7744%
Total runtime: 1.35305 mins (1002.36 cycles/s)
************
Performed 87000 out of 10000000 MC cycles
Polymer acceptance rate: 20.0364%
Total runtime: 1.36798 mins (1116.48 cycles/s)
************
Performed 88000 out of 10000000 MC cycles
Polymer acceptance rate: 19.6775%
Total runtime: 1.37775 mins (1705.4 cycles/s)
************
Performed 89000 out of 10000000 MC cycles
Polymer acceptance rate: 19.4022%
Total runtime: 1.39705 mins (863.749 cycles/s)
************
Performed 90000 out of 10000000 MC cycles
Polymer acceptance rate: 19.96%
Total runtime: 1.41559 mins (899.04 cycles/s)
************
Performed 91000 out of 10000000 MC cycles
Polymer acceptance rate: 18.9472%
Total runtime: 1.43372 mins (919.251 cycles/s)
************
Performed 92000 out of 10000000 MC cycles
Polymer acceptance rate: 19.4247%
Total runtime: 1.46009 mins (631.921 cycles/s)
************
Performed 93000 out of 10000000 MC cycles
Polymer acceptance rate: 19.6325%
Total runtime: 1.47871 mins (895.397 cycles/s)
************
Performed 94000 out of 10000000 MC cycles
Polymer acceptance rate: 19.5767%
Total runtime: 1.49383 mins (1101.93 cycles/s)
************
Performed 95000 out of 10000000 MC cycles
Polymer acceptance rate: 19.3972%
Total runtime: 1.51216 mins (909.48 cycles/s)
************
Performed 96000 out of 10000000 MC cycles
Polymer acceptance rate: 19.2036%
Total runtime: 1.5277 mins (1072.32 cycles/s)
************
Performed 97000 out of 10000000 MC cycles
Polymer acceptance rate: 18.8242%
Total runtime: 1.54299 mins (1090.03 cycles/s)
************
Performed 98000 out of 10000000 MC cycles
Polymer acceptance rate: 19.6167%
Total runtime: 1.5726 mins (562.845 cycles/s)
************
Performed 99000 out of 10000000 MC cycles
Polymer acceptance rate: 19.4422%
Total runtime: 1.58979 mins (969.34 cycles/s)
************
Performed 100000 out of 10000000 MC cycles
Polymer acceptance rate: 19.5856%
Total runtime: 1.61593 mins (637.787 cycles/s)
************
Performed 101000 out of 10000000 MC cycles
Polymer acceptance rate: 18.7892%
Total runtime: 1.63156 mins (1066.16 cycles/s)
************
Performed 102000 out of 10000000 MC cycles
Polymer acceptance rate: 19.185%
Total runtime: 1.65776 mins (636.199 cycles/s)
************
Performed 103000 out of 10000000 MC cycles
Polymer acceptance rate: 19.5558%
Total runtime: 1.67263 mins (1120.45 cycles/s)
************
Performed 104000 out of 10000000 MC cycles
Polymer acceptance rate: 18.7283%
Total runtime: 1.70708 mins (483.768 cycles/s)
************
Performed 105000 out of 10000000 MC cycles
Polymer acceptance rate: 19.4164%
Total runtime: 1.73276 mins (649.121 cycles/s)
************
Performed 106000 out of 10000000 MC cycles
Polymer acceptance rate: 18.6867%
Total runtime: 1.7595 mins (623.178 cycles/s)
************
Performed 107000 out of 10000000 MC cycles
Polymer acceptance rate: 19.8828%
Total runtime: 1.77177 mins (1358.84 cycles/s)
************
Performed 108000 out of 10000000 MC cycles
Polymer acceptance rate: 18.8964%
Total runtime: 1.7917 mins (836.291 cycles/s)
************
Performed 109000 out of 10000000 MC cycles
Polymer acceptance rate: 18.6489%
Total runtime: 1.80612 mins (1155.52 cycles/s)
************
Performed 110000 out of 10000000 MC cycles
Polymer acceptance rate: 19.1453%
Total runtime: 1.8391 mins (505.329 cycles/s)
************
Performed 111000 out of 10000000 MC cycles
Polymer acceptance rate: 19.6675%
Total runtime: 1.86065 mins (773.497 cycles/s)
************
Performed 112000 out of 10000000 MC cycles
Polymer acceptance rate: 19.375%
Total runtime: 1.8874 mins (623.055 cycles/s)
************
Performed 113000 out of 10000000 MC cycles
Polymer acceptance rate: 18.8933%
Total runtime: 1.90167 mins (1167.91 cycles/s)
************
Performed 114000 out of 10000000 MC cycles
Polymer acceptance rate: 18.6942%
Total runtime: 1.92388 mins (750.511 cycles/s)
************
Performed 115000 out of 10000000 MC cycles
Polymer acceptance rate: 19.55%
Total runtime: 1.94437 mins (813.135 cycles/s)
************
Performed 116000 out of 10000000 MC cycles
Polymer acceptance rate: 20.3239%
Total runtime: 1.96735 mins (725.296 cycles/s)
************
Performed 117000 out of 10000000 MC cycles
Polymer acceptance rate: 19.3803%
Total runtime: 1.9879 mins (811.052 cycles/s)
************
Performed 118000 out of 10000000 MC cycles
Polymer acceptance rate: 19.3742%
Total runtime: 2.00842 mins (812.387 cycles/s)
************
Performed 119000 out of 10000000 MC cycles
Polymer acceptance rate: 19.5139%
Total runtime: 2.02538 mins (982.751 cycles/s)
************
Performed 120000 out of 10000000 MC cycles
Polymer acceptance rate: 19.1631%
Total runtime: 2.11843 mins (179.118 cycles/s)
************
Performed 121000 out of 10000000 MC cycles
Polymer acceptance rate: 19.7986%
Total runtime: 2.14529 mins (620.33 cycles/s)
************
Performed 122000 out of 10000000 MC cycles
Polymer acceptance rate: 19.6494%
Total runtime: 2.16908 mins (700.583 cycles/s)
************
Performed 123000 out of 10000000 MC cycles
Polymer acceptance rate: 19.5531%
Total runtime: 2.22121 mins (319.762 cycles/s)
************
Performed 124000 out of 10000000 MC cycles
Polymer acceptance rate: 19.6308%
Total runtime: 2.24606 mins (670.537 cycles/s)
************
Performed 125000 out of 10000000 MC cycles
Polymer acceptance rate: 19.7767%
Total runtime: 2.25378 mins (2159.37 cycles/s)
************
Performed 126000 out of 10000000 MC cycles
Polymer acceptance rate: 19.5703%
Total runtime: 2.26971 mins (1046.17 cycles/s)
************
Performed 127000 out of 10000000 MC cycles
Polymer acceptance rate: 19.4603%
Total runtime: 2.28128 mins (1440.87 cycles/s)
************
Performed 128000 out of 10000000 MC cycles
Polymer acceptance rate: 19.4383%
Total runtime: 2.29694 mins (1064.46 cycles/s)
