Using entropy-harvested random seed: -274755964
Running with initial polymer density 0.000485979
Using 360 TADs, including main chain of length 360
************
Performed 1000 out of 10000000 MC cycles
Polymer acceptance rate: 15.2281%
Total runtime: 0.0247419 mins (673.622 cycles/s)
************
Performed 2000 out of 10000000 MC cycles
Polymer acceptance rate: 18.0069%
Total runtime: 0.0389781 mins (1170.72 cycles/s)
************
Performed 3000 out of 10000000 MC cycles
Polymer acceptance rate: 18.8681%
Total runtime: 0.0512274 mins (1360.62 cycles/s)
************
Performed 4000 out of 10000000 MC cycles
Polymer acceptance rate: 18.7036%
Total runtime: 0.0637659 mins (1329.23 cycles/s)
************
Performed 5000 out of 10000000 MC cycles
Polymer acceptance rate: 18.4869%
Total runtime: 0.0750442 mins (1477.77 cycles/s)
************
Performed 6000 out of 10000000 MC cycles
Polymer acceptance rate: 18.8606%
Total runtime: 0.0903624 mins (1088.03 cycles/s)
************
Performed 7000 out of 10000000 MC cycles
Polymer acceptance rate: 18.7825%
Total runtime: 0.108116 mins (938.777 cycles/s)
************
Performed 8000 out of 10000000 MC cycles
Polymer acceptance rate: 19.8428%
Total runtime: 0.125789 mins (943.082 cycles/s)
************
Performed 9000 out of 10000000 MC cycles
Polymer acceptance rate: 19.2292%
Total runtime: 0.148505 mins (733.689 cycles/s)
************
Performed 10000 out of 10000000 MC cycles
Polymer acceptance rate: 19.1886%
Total runtime: 0.182473 mins (490.653 cycles/s)
************
Performed 11000 out of 10000000 MC cycles
Polymer acceptance rate: 19.1192%
Total runtime: 0.192616 mins (1643.23 cycles/s)
************
Performed 12000 out of 10000000 MC cycles
Polymer acceptance rate: 19.1989%
Total runtime: 0.213528 mins (796.982 cycles/s)
************
Performed 13000 out of 10000000 MC cycles
Polymer acceptance rate: 18.8761%
Total runtime: 0.240106 mins (627.097 cycles/s)
************
Performed 14000 out of 10000000 MC cycles
Polymer acceptance rate: 18.6808%
Total runtime: 0.251408 mins (1474.58 cycles/s)
************
Performed 15000 out of 10000000 MC cycles
Polymer acceptance rate: 18.8469%
Total runtime: 0.271811 mins (816.884 cycles/s)
************
Performed 16000 out of 10000000 MC cycles
Polymer acceptance rate: 19.0992%
Total runtime: 0.288792 mins (981.509 cycles/s)
************
Performed 17000 out of 10000000 MC cycles
Polymer acceptance rate: 19.6278%
Total runtime: 0.302265 mins (1237.04 cycles/s)
************
Performed 18000 out of 10000000 MC cycles
Polymer acceptance rate: 19.205%
Total runtime: 0.317028 mins (1128.89 cycles/s)
************
Performed 19000 out of 10000000 MC cycles
Polymer acceptance rate: 19.5442%
Total runtime: 0.328232 mins (1487.59 cycles/s)
************
Performed 20000 out of 10000000 MC cycles
Polymer acceptance rate: 19.7828%
Total runtime: 0.342234 mins (1190.29 cycles/s)
************
Performed 21000 out of 10000000 MC cycles
Polymer acceptance rate: 19.6039%
Total runtime: 0.359544 mins (962.876 cycles/s)
************
Performed 22000 out of 10000000 MC cycles
Polymer acceptance rate: 19.5719%
Total runtime: 0.37023 mins (1559.65 cycles/s)
************
Performed 23000 out of 10000000 MC cycles
Polymer acceptance rate: 19.4069%
Total runtime: 0.382005 mins (1415.36 cycles/s)
************
Performed 24000 out of 10000000 MC cycles
Polymer acceptance rate: 19.7397%
Total runtime: 0.391564 mins (1743.58 cycles/s)
************
Performed 25000 out of 10000000 MC cycles
Polymer acceptance rate: 19.6772%
Total runtime: 0.404437 mins (1294.74 cycles/s)
************
Performed 26000 out of 10000000 MC cycles
Polymer acceptance rate: 19.9178%
Total runtime: 0.415218 mins (1545.91 cycles/s)
************
Performed 27000 out of 10000000 MC cycles
Polymer acceptance rate: 19.0083%
Total runtime: 0.428378 mins (1266.45 cycles/s)
************
Performed 28000 out of 10000000 MC cycles
Polymer acceptance rate: 19.4667%
Total runtime: 0.440173 mins (1413.01 cycles/s)
************
Performed 29000 out of 10000000 MC cycles
Polymer acceptance rate: 19.875%
Total runtime: 0.458633 mins (902.861 cycles/s)
************
Performed 30000 out of 10000000 MC cycles
Polymer acceptance rate: 19.7367%
Total runtime: 0.468718 mins (1652.68 cycles/s)
************
Performed 31000 out of 10000000 MC cycles
Polymer acceptance rate: 20.0125%
Total runtime: 0.48135 mins (1319.39 cycles/s)
************
Performed 32000 out of 10000000 MC cycles
Polymer acceptance rate: 19.7414%
Total runtime: 0.494156 mins (1301.44 cycles/s)
************
Performed 33000 out of 10000000 MC cycles
Polymer acceptance rate: 19.2208%
Total runtime: 0.505908 mins (1418.21 cycles/s)
************
Performed 34000 out of 10000000 MC cycles
Polymer acceptance rate: 18.6158%
Total runtime: 0.522771 mins (988.367 cycles/s)
************
Performed 35000 out of 10000000 MC cycles
Polymer acceptance rate: 19.4611%
Total runtime: 0.536189 mins (1242.1 cycles/s)
************
Performed 36000 out of 10000000 MC cycles
Polymer acceptance rate: 20.0125%
Total runtime: 0.546898 mins (1556.39 cycles/s)
************
Performed 37000 out of 10000000 MC cycles
Polymer acceptance rate: 19.9711%
Total runtime: 0.558381 mins (1451.3 cycles/s)
************
Performed 38000 out of 10000000 MC cycles
Polymer acceptance rate: 19.9219%
Total runtime: 0.565921 mins (2210.45 cycles/s)
************
Performed 39000 out of 10000000 MC cycles
Polymer acceptance rate: 19.4742%
Total runtime: 0.57579 mins (1688.87 cycles/s)
************
Performed 40000 out of 10000000 MC cycles
Polymer acceptance rate: 19.3831%
Total runtime: 0.589329 mins (1231.02 cycles/s)
************
Performed 41000 out of 10000000 MC cycles
Polymer acceptance rate: 19.5294%
Total runtime: 0.5998 mins (1591.65 cycles/s)
************
Performed 42000 out of 10000000 MC cycles
Polymer acceptance rate: 19.56%
Total runtime: 0.612339 mins (1329.18 cycles/s)
************
Performed 43000 out of 10000000 MC cycles
Polymer acceptance rate: 19.86%
Total runtime: 0.628133 mins (1055.26 cycles/s)
************
Performed 44000 out of 10000000 MC cycles
Polymer acceptance rate: 19.9086%
Total runtime: 0.635285 mins (2330.34 cycles/s)
************
Performed 45000 out of 10000000 MC cycles
Polymer acceptance rate: 19.8978%
Total runtime: 0.647725 mins (1339.76 cycles/s)
************
Performed 46000 out of 10000000 MC cycles
Polymer acceptance rate: 19.2783%
Total runtime: 0.662565 mins (1123.1 cycles/s)
************
Performed 47000 out of 10000000 MC cycles
Polymer acceptance rate: 19.1261%
Total runtime: 0.670957 mins (1986.11 cycles/s)
************
Performed 48000 out of 10000000 MC cycles
Polymer acceptance rate: 19.5442%
Total runtime: 0.683467 mins (1332.27 cycles/s)
************
Performed 49000 out of 10000000 MC cycles
Polymer acceptance rate: 19.6236%
Total runtime: 0.696877 mins (1242.84 cycles/s)
************
Performed 50000 out of 10000000 MC cycles
Polymer acceptance rate: 20.24%
Total runtime: 0.706529 mins (1726.68 cycles/s)
************
Performed 51000 out of 10000000 MC cycles
Polymer acceptance rate: 20.1433%
Total runtime: 0.716972 mins (1596.05 cycles/s)
************
Performed 52000 out of 10000000 MC cycles
Polymer acceptance rate: 19.8683%
Total runtime: 0.719925 mins (5644.71 cycles/s)
************
Performed 53000 out of 10000000 MC cycles
Polymer acceptance rate: 19.2564%
Total runtime: 0.735053 mins (1101.7 cycles/s)
************
Performed 54000 out of 10000000 MC cycles
Polymer acceptance rate: 20.0369%
Total runtime: 0.748573 mins (1232.72 cycles/s)
************
Performed 55000 out of 10000000 MC cycles
Polymer acceptance rate: 19.6611%
Total runtime: 0.770991 mins (743.464 cycles/s)
************
Performed 56000 out of 10000000 MC cycles
Polymer acceptance rate: 19.8403%
Total runtime: 0.780345 mins (1781.66 cycles/s)
************
Performed 57000 out of 10000000 MC cycles
Polymer acceptance rate: 19.7267%
Total runtime: 0.8011 mins (803.014 cycles/s)
************
Performed 58000 out of 10000000 MC cycles
Polymer acceptance rate: 19.6197%
Total runtime: 0.818373 mins (964.904 cycles/s)
************
Performed 59000 out of 10000000 MC cycles
Polymer acceptance rate: 19.2372%
Total runtime: 0.838439 mins (830.584 cycles/s)
************
Performed 60000 out of 10000000 MC cycles
Polymer acceptance rate: 18.9269%
Total runtime: 0.848444 mins (1665.82 cycles/s)
************
Performed 61000 out of 10000000 MC cycles
Polymer acceptance rate: 19.2125%
Total runtime: 0.88672 mins (435.444 cycles/s)
************
Performed 62000 out of 10000000 MC cycles
Polymer acceptance rate: 19.6328%
Total runtime: 0.918398 mins (526.117 cycles/s)
************
Performed 63000 out of 10000000 MC cycles
Polymer acceptance rate: 19.1997%
Total runtime: 0.950259 mins (523.107 cycles/s)
************
Performed 64000 out of 10000000 MC cycles
Polymer acceptance rate: 20.2464%
Total runtime: 0.980835 mins (545.095 cycles/s)
************
Performed 65000 out of 10000000 MC cycles
Polymer acceptance rate: 19.8486%
Total runtime: 0.998488 mins (944.135 cycles/s)
************
Performed 66000 out of 10000000 MC cycles
Polymer acceptance rate: 19.8139%
Total runtime: 1.02548 mins (617.511 cycles/s)
************
Performed 67000 out of 10000000 MC cycles
Polymer acceptance rate: 19.5308%
Total runtime: 1.04605 mins (810.167 cycles/s)
************
Performed 68000 out of 10000000 MC cycles
Polymer acceptance rate: 19.6689%
Total runtime: 1.06544 mins (859.714 cycles/s)
************
Performed 69000 out of 10000000 MC cycles
Polymer acceptance rate: 19.3983%
Total runtime: 1.08326 mins (935.094 cycles/s)
************
Performed 70000 out of 10000000 MC cycles
Polymer acceptance rate: 19.7969%
Total runtime: 1.09631 mins (1276.99 cycles/s)
************
Performed 71000 out of 10000000 MC cycles
Polymer acceptance rate: 19.4939%
Total runtime: 1.11115 mins (1122.92 cycles/s)
************
Performed 72000 out of 10000000 MC cycles
Polymer acceptance rate: 19.1292%
Total runtime: 1.15692 mins (364.136 cycles/s)
************
Performed 73000 out of 10000000 MC cycles
Polymer acceptance rate: 19.7819%
Total runtime: 1.17799 mins (791.117 cycles/s)
************
Performed 74000 out of 10000000 MC cycles
Polymer acceptance rate: 19.9264%
Total runtime: 1.20164 mins (704.797 cycles/s)
************
Performed 75000 out of 10000000 MC cycles
Polymer acceptance rate: 19.6217%
Total runtime: 1.2256 mins (695.614 cycles/s)
************
Performed 76000 out of 10000000 MC cycles
Polymer acceptance rate: 19.5625%
Total runtime: 1.24648 mins (798.149 cycles/s)
************
Performed 77000 out of 10000000 MC cycles
Polymer acceptance rate: 20.0253%
Total runtime: 1.26145 mins (1113.4 cycles/s)
************
Performed 78000 out of 10000000 MC cycles
Polymer acceptance rate: 19.7381%
Total runtime: 1.28151 mins (830.79 cycles/s)
************
Performed 79000 out of 10000000 MC cycles
Polymer acceptance rate: 19.6247%
Total runtime: 1.30216 mins (806.948 cycles/s)
************
Performed 80000 out of 10000000 MC cycles
Polymer acceptance rate: 19.3656%
Total runtime: 1.3175 mins (1086.5 cycles/s)
************
Performed 81000 out of 10000000 MC cycles
Polymer acceptance rate: 19.9689%
Total runtime: 1.33134 mins (1204.43 cycles/s)
************
Performed 82000 out of 10000000 MC cycles
Polymer acceptance rate: 20.1444%
Total runtime: 1.34256 mins (1486.08 cycles/s)
************
Performed 83000 out of 10000000 MC cycles
Polymer acceptance rate: 20.3647%
Total runtime: 1.3563 mins (1213.01 cycles/s)
************
Performed 84000 out of 10000000 MC cycles
Polymer acceptance rate: 19.6083%
Total runtime: 1.37207 mins (1056.93 cycles/s)
************
Performed 85000 out of 10000000 MC cycles
Polymer acceptance rate: 20.0419%
Total runtime: 1.3912 mins (871.038 cycles/s)
************
Performed 86000 out of 10000000 MC cycles
Polymer acceptance rate: 19.3319%
Total runtime: 1.40667 mins (1077.35 cycles/s)
************
Performed 87000 out of 10000000 MC cycles
Polymer acceptance rate: 19.5411%
Total runtime: 1.43523 mins (583.639 cycles/s)
************
Performed 88000 out of 10000000 MC cycles
Polymer acceptance rate: 19.4294%
Total runtime: 1.45267 mins (955.38 cycles/s)
************
Performed 89000 out of 10000000 MC cycles
Polymer acceptance rate: 19.8097%
Total runtime: 1.47829 mins (650.504 cycles/s)
************
Performed 90000 out of 10000000 MC cycles
Polymer acceptance rate: 19.9647%
Total runtime: 1.49708 mins (887.32 cycles/s)
************
Performed 91000 out of 10000000 MC cycles
Polymer acceptance rate: 19.7067%
Total runtime: 1.51013 mins (1276.42 cycles/s)
************
Performed 92000 out of 10000000 MC cycles
Polymer acceptance rate: 19.5642%
Total runtime: 1.53154 mins (778.412 cycles/s)
************
Performed 93000 out of 10000000 MC cycles
Polymer acceptance rate: 19.7469%
Total runtime: 1.5384 mins (2430.95 cycles/s)
************
Performed 94000 out of 10000000 MC cycles
Polymer acceptance rate: 19.1583%
Total runtime: 1.57242 mins (489.959 cycles/s)
************
Performed 95000 out of 10000000 MC cycles
Polymer acceptance rate: 19.21%
Total runtime: 1.59629 mins (698.133 cycles/s)
************
Performed 96000 out of 10000000 MC cycles
Polymer acceptance rate: 19.8344%
Total runtime: 1.62186 mins (651.704 cycles/s)
************
Performed 97000 out of 10000000 MC cycles
Polymer acceptance rate: 19.7044%
Total runtime: 1.64116 mins (863.592 cycles/s)
************
Performed 98000 out of 10000000 MC cycles
Polymer acceptance rate: 19.51%
Total runtime: 1.67306 mins (522.452 cycles/s)
************
Performed 99000 out of 10000000 MC cycles
Polymer acceptance rate: 19.2211%
Total runtime: 1.69656 mins (709.336 cycles/s)
************
Performed 100000 out of 10000000 MC cycles
Polymer acceptance rate: 19.9092%
Total runtime: 1.72062 mins (692.848 cycles/s)
************
Performed 101000 out of 10000000 MC cycles
Polymer acceptance rate: 18.9433%
Total runtime: 1.74033 mins (845.452 cycles/s)
************
Performed 102000 out of 10000000 MC cycles
Polymer acceptance rate: 19.4981%
Total runtime: 1.75746 mins (972.66 cycles/s)
************
Performed 103000 out of 10000000 MC cycles
Polymer acceptance rate: 19.6125%
Total runtime: 1.76969 mins (1363.15 cycles/s)
************
Performed 104000 out of 10000000 MC cycles
Polymer acceptance rate: 19.6503%
Total runtime: 1.78986 mins (826.269 cycles/s)
************
Performed 105000 out of 10000000 MC cycles
Polymer acceptance rate: 19.5331%
Total runtime: 1.81036 mins (812.885 cycles/s)
************
Performed 106000 out of 10000000 MC cycles
Polymer acceptance rate: 19.8761%
Total runtime: 1.84366 mins (500.645 cycles/s)
************
Performed 107000 out of 10000000 MC cycles
Polymer acceptance rate: 19.4375%
Total runtime: 1.85708 mins (1241.23 cycles/s)
************
Performed 108000 out of 10000000 MC cycles
Polymer acceptance rate: 19.3181%
Total runtime: 1.87161 mins (1147.53 cycles/s)
************
Performed 109000 out of 10000000 MC cycles
Polymer acceptance rate: 19.7322%
Total runtime: 1.89691 mins (658.745 cycles/s)
************
Performed 110000 out of 10000000 MC cycles
Polymer acceptance rate: 19.69%
Total runtime: 1.91923 mins (746.697 cycles/s)
************
Performed 111000 out of 10000000 MC cycles
Polymer acceptance rate: 19.3936%
Total runtime: 1.9344 mins (1098.37 cycles/s)
************
Performed 112000 out of 10000000 MC cycles
Polymer acceptance rate: 19.1425%
Total runtime: 1.95295 mins (898.682 cycles/s)
************
Performed 113000 out of 10000000 MC cycles
Polymer acceptance rate: 19.6781%
Total runtime: 1.97804 mins (664.285 cycles/s)
************
Performed 114000 out of 10000000 MC cycles
Polymer acceptance rate: 19.9681%
Total runtime: 1.99205 mins (1189.68 cycles/s)
************
Performed 115000 out of 10000000 MC cycles
Polymer acceptance rate: 19.3183%
Total runtime: 2.01588 mins (699.384 cycles/s)
************
Performed 116000 out of 10000000 MC cycles
Polymer acceptance rate: 19.5019%
Total runtime: 2.12007 mins (159.961 cycles/s)
************
Performed 117000 out of 10000000 MC cycles
Polymer acceptance rate: 20.2944%
Total runtime: 2.13889 mins (885.47 cycles/s)
************
Performed 118000 out of 10000000 MC cycles
Polymer acceptance rate: 19.4056%
Total runtime: 2.1626 mins (702.965 cycles/s)
************
Performed 119000 out of 10000000 MC cycles
Polymer acceptance rate: 20.3647%
Total runtime: 2.21729 mins (304.76 cycles/s)
************
Performed 120000 out of 10000000 MC cycles
Polymer acceptance rate: 19.4217%
Total runtime: 2.22807 mins (1545.23 cycles/s)
************
Performed 121000 out of 10000000 MC cycles
Polymer acceptance rate: 19.265%
Total runtime: 2.25041 mins (746.132 cycles/s)
************
Performed 122000 out of 10000000 MC cycles
Polymer acceptance rate: 19.6044%
Total runtime: 2.27078 mins (818.378 cycles/s)
************
Performed 123000 out of 10000000 MC cycles
Polymer acceptance rate: 19.0717%
Total runtime: 2.29588 mins (663.946 cycles/s)
