Using entropy-harvested random seed: -2070507510
Running with initial polymer density 0.000485979
Using 360 TADs, including main chain of length 360
************
Performed 1000 out of 10000000 MC cycles
Polymer acceptance rate: 15.3247%
Total runtime: 0.0238869 mins (697.732 cycles/s)
************
Performed 2000 out of 10000000 MC cycles
Polymer acceptance rate: 17.9747%
Total runtime: 0.0370172 mins (1269.34 cycles/s)
************
Performed 3000 out of 10000000 MC cycles
Polymer acceptance rate: 18.6989%
Total runtime: 0.0475017 mins (1589.64 cycles/s)
************
Performed 4000 out of 10000000 MC cycles
Polymer acceptance rate: 19.1169%
Total runtime: 0.0619982 mins (1149.71 cycles/s)
************
Performed 5000 out of 10000000 MC cycles
Polymer acceptance rate: 18.8681%
Total runtime: 0.0712281 mins (1805.73 cycles/s)
************
Performed 6000 out of 10000000 MC cycles
Polymer acceptance rate: 19.1503%
Total runtime: 0.0855533 mins (1163.45 cycles/s)
************
Performed 7000 out of 10000000 MC cycles
Polymer acceptance rate: 19.3172%
Total runtime: 0.106669 mins (789.301 cycles/s)
************
Performed 8000 out of 10000000 MC cycles
Polymer acceptance rate: 19.2392%
Total runtime: 0.122596 mins (1046.44 cycles/s)
************
Performed 9000 out of 10000000 MC cycles
Polymer acceptance rate: 19.0625%
Total runtime: 0.140721 mins (919.552 cycles/s)
************
Performed 10000 out of 10000000 MC cycles
Polymer acceptance rate: 19.0636%
Total runtime: 0.164166 mins (710.885 cycles/s)
************
Performed 11000 out of 10000000 MC cycles
Polymer acceptance rate: 18.9453%
Total runtime: 0.191938 mins (600.113 cycles/s)
************
Performed 12000 out of 10000000 MC cycles
Polymer acceptance rate: 19.2856%
Total runtime: 0.206391 mins (1153.21 cycles/s)
************
Performed 13000 out of 10000000 MC cycles
Polymer acceptance rate: 19.3286%
Total runtime: 0.234698 mins (588.778 cycles/s)
************
Performed 14000 out of 10000000 MC cycles
Polymer acceptance rate: 19.2356%
Total runtime: 0.246421 mins (1421.73 cycles/s)
************
Performed 15000 out of 10000000 MC cycles
Polymer acceptance rate: 19.4061%
Total runtime: 0.267712 mins (782.782 cycles/s)
************
Performed 16000 out of 10000000 MC cycles
Polymer acceptance rate: 19.3083%
Total runtime: 0.283428 mins (1060.48 cycles/s)
************
Performed 17000 out of 10000000 MC cycles
Polymer acceptance rate: 19.1675%
Total runtime: 0.290585 mins (2328.75 cycles/s)
************
Performed 18000 out of 10000000 MC cycles
Polymer acceptance rate: 18.7653%
Total runtime: 0.308183 mins (947.098 cycles/s)
************
Performed 19000 out of 10000000 MC cycles
Polymer acceptance rate: 19.6372%
Total runtime: 0.317801 mins (1732.87 cycles/s)
************
Performed 20000 out of 10000000 MC cycles
Polymer acceptance rate: 19.7344%
Total runtime: 0.331054 mins (1257.58 cycles/s)
************
Performed 21000 out of 10000000 MC cycles
Polymer acceptance rate: 18.8447%
Total runtime: 0.342942 mins (1401.99 cycles/s)
************
Performed 22000 out of 10000000 MC cycles
Polymer acceptance rate: 19.3442%
Total runtime: 0.362943 mins (833.268 cycles/s)
************
Performed 23000 out of 10000000 MC cycles
Polymer acceptance rate: 19.7261%
Total runtime: 0.372566 mins (1731.99 cycles/s)
************
Performed 24000 out of 10000000 MC cycles
Polymer acceptance rate: 19.2758%
Total runtime: 0.384829 mins (1359.11 cycles/s)
************
Performed 25000 out of 10000000 MC cycles
Polymer acceptance rate: 19.3558%
Total runtime: 0.396881 mins (1382.89 cycles/s)
************
Performed 26000 out of 10000000 MC cycles
Polymer acceptance rate: 19.1047%
Total runtime: 0.409067 mins (1367.72 cycles/s)
************
Performed 27000 out of 10000000 MC cycles
Polymer acceptance rate: 19.8275%
Total runtime: 0.425402 mins (1020.31 cycles/s)
************
Performed 28000 out of 10000000 MC cycles
Polymer acceptance rate: 19.9178%
Total runtime: 0.436758 mins (1467.64 cycles/s)
************
Performed 29000 out of 10000000 MC cycles
Polymer acceptance rate: 19.305%
Total runtime: 0.449488 mins (1309.25 cycles/s)
************
Performed 30000 out of 10000000 MC cycles
Polymer acceptance rate: 19.8172%
Total runtime: 0.464516 mins (1109.04 cycles/s)
************
Performed 31000 out of 10000000 MC cycles
Polymer acceptance rate: 19.915%
Total runtime: 0.475355 mins (1537.57 cycles/s)
************
Performed 32000 out of 10000000 MC cycles
Polymer acceptance rate: 19.3394%
Total runtime: 0.487232 mins (1403.32 cycles/s)
************
Performed 33000 out of 10000000 MC cycles
Polymer acceptance rate: 19.3864%
Total runtime: 0.500001 mins (1305.2 cycles/s)
************
Performed 34000 out of 10000000 MC cycles
Polymer acceptance rate: 20.1514%
Total runtime: 0.512658 mins (1316.85 cycles/s)
************
Performed 35000 out of 10000000 MC cycles
Polymer acceptance rate: 19.8247%
Total runtime: 0.524039 mins (1464.46 cycles/s)
************
Performed 36000 out of 10000000 MC cycles
Polymer acceptance rate: 19.8525%
Total runtime: 0.535076 mins (1510.09 cycles/s)
************
Performed 37000 out of 10000000 MC cycles
Polymer acceptance rate: 19.555%
Total runtime: 0.543641 mins (1945.71 cycles/s)
************
Performed 38000 out of 10000000 MC cycles
Polymer acceptance rate: 19.9114%
Total runtime: 0.554362 mins (1554.69 cycles/s)
************
Performed 39000 out of 10000000 MC cycles
Polymer acceptance rate: 19.5806%
Total runtime: 0.570865 mins (1009.92 cycles/s)
************
Performed 40000 out of 10000000 MC cycles
Polymer acceptance rate: 19.9458%
Total runtime: 0.58005 mins (1814.45 cycles/s)
************
Performed 41000 out of 10000000 MC cycles
Polymer acceptance rate: 20.1664%
Total runtime: 0.592034 mins (1390.75 cycles/s)
************
Performed 42000 out of 10000000 MC cycles
Polymer acceptance rate: 19.7969%
Total runtime: 0.603394 mins (1467.19 cycles/s)
************
Performed 43000 out of 10000000 MC cycles
Polymer acceptance rate: 19.7328%
Total runtime: 0.618909 mins (1074.19 cycles/s)
************
Performed 44000 out of 10000000 MC cycles
Polymer acceptance rate: 20.2439%
Total runtime: 0.631664 mins (1306.74 cycles/s)
************
Performed 45000 out of 10000000 MC cycles
Polymer acceptance rate: 20.0806%
Total runtime: 0.646815 mins (1099.99 cycles/s)
************
Performed 46000 out of 10000000 MC cycles
Polymer acceptance rate: 19.8111%
Total runtime: 0.662428 mins (1067.51 cycles/s)
************
Performed 47000 out of 10000000 MC cycles
Polymer acceptance rate: 19.3347%
Total runtime: 0.672999 mins (1576.7 cycles/s)
************
Performed 48000 out of 10000000 MC cycles
Polymer acceptance rate: 20%
Total runtime: 0.686301 mins (1252.89 cycles/s)
************
Performed 49000 out of 10000000 MC cycles
Polymer acceptance rate: 19.8192%
Total runtime: 0.69474 mins (1974.93 cycles/s)
************
Performed 50000 out of 10000000 MC cycles
Polymer acceptance rate: 19.7056%
Total runtime: 0.71054 mins (1054.9 cycles/s)
************
Performed 51000 out of 10000000 MC cycles
Polymer acceptance rate: 19.7692%
Total runtime: 0.719941 mins (1772.68 cycles/s)
************
Performed 52000 out of 10000000 MC cycles
Polymer acceptance rate: 19.0581%
Total runtime: 0.731385 mins (1456.4 cycles/s)
************
Performed 53000 out of 10000000 MC cycles
Polymer acceptance rate: 19.8672%
Total runtime: 0.746157 mins (1128.27 cycles/s)
************
Performed 54000 out of 10000000 MC cycles
Polymer acceptance rate: 19.3358%
Total runtime: 0.760429 mins (1167.79 cycles/s)
************
Performed 55000 out of 10000000 MC cycles
Polymer acceptance rate: 19.8639%
Total runtime: 0.784771 mins (684.684 cycles/s)
************
Performed 56000 out of 10000000 MC cycles
Polymer acceptance rate: 19.5542%
Total runtime: 0.8003 mins (1073.25 cycles/s)
************
Performed 57000 out of 10000000 MC cycles
Polymer acceptance rate: 19.4675%
Total runtime: 0.820628 mins (819.892 cycles/s)
************
Performed 58000 out of 10000000 MC cycles
Polymer acceptance rate: 20.0669%
Total runtime: 0.835224 mins (1141.86 cycles/s)
************
Performed 59000 out of 10000000 MC cycles
Polymer acceptance rate: 19.7706%
Total runtime: 0.854109 mins (882.565 cycles/s)
************
Performed 60000 out of 10000000 MC cycles
Polymer acceptance rate: 19.4931%
Total runtime: 0.894115 mins (416.6 cycles/s)
************
Performed 61000 out of 10000000 MC cycles
Polymer acceptance rate: 19.7206%
Total runtime: 0.912993 mins (882.858 cycles/s)
************
Performed 62000 out of 10000000 MC cycles
Polymer acceptance rate: 19.7756%
Total runtime: 0.927353 mins (1160.61 cycles/s)
************
Performed 63000 out of 10000000 MC cycles
Polymer acceptance rate: 19.8936%
Total runtime: 0.954908 mins (604.861 cycles/s)
************
Performed 64000 out of 10000000 MC cycles
Polymer acceptance rate: 19.755%
Total runtime: 0.980241 mins (657.888 cycles/s)
************
Performed 65000 out of 10000000 MC cycles
Polymer acceptance rate: 19.4903%
Total runtime: 0.992258 mins (1386.93 cycles/s)
************
Performed 66000 out of 10000000 MC cycles
Polymer acceptance rate: 19.3228%
Total runtime: 1.01516 mins (727.816 cycles/s)
************
Performed 67000 out of 10000000 MC cycles
Polymer acceptance rate: 19.9133%
Total runtime: 1.04267 mins (605.872 cycles/s)
************
Performed 68000 out of 10000000 MC cycles
Polymer acceptance rate: 19.8025%
Total runtime: 1.05785 mins (1097.59 cycles/s)
************
Performed 69000 out of 10000000 MC cycles
Polymer acceptance rate: 19.4636%
Total runtime: 1.07439 mins (1007.6 cycles/s)
************
Performed 70000 out of 10000000 MC cycles
Polymer acceptance rate: 19.6119%
Total runtime: 1.08211 mins (2159.09 cycles/s)
************
Performed 71000 out of 10000000 MC cycles
Polymer acceptance rate: 18.9328%
Total runtime: 1.10088 mins (888.035 cycles/s)
************
Performed 72000 out of 10000000 MC cycles
Polymer acceptance rate: 19.6144%
Total runtime: 1.11288 mins (1388.92 cycles/s)
************
Performed 73000 out of 10000000 MC cycles
Polymer acceptance rate: 19.8542%
Total runtime: 1.13421 mins (781.447 cycles/s)
************
Performed 74000 out of 10000000 MC cycles
Polymer acceptance rate: 19.6594%
Total runtime: 1.16373 mins (564.443 cycles/s)
************
Performed 75000 out of 10000000 MC cycles
Polymer acceptance rate: 19.6522%
Total runtime: 1.18148 mins (939.404 cycles/s)
************
Performed 76000 out of 10000000 MC cycles
Polymer acceptance rate: 19.0331%
Total runtime: 1.2065 mins (666.091 cycles/s)
************
Performed 77000 out of 10000000 MC cycles
Polymer acceptance rate: 19.6261%
Total runtime: 1.23222 mins (647.882 cycles/s)
************
Performed 78000 out of 10000000 MC cycles
Polymer acceptance rate: 19.21%
Total runtime: 1.25577 mins (707.781 cycles/s)
************
Performed 79000 out of 10000000 MC cycles
Polymer acceptance rate: 20.2097%
Total runtime: 1.26612 mins (1610.99 cycles/s)
************
Performed 80000 out of 10000000 MC cycles
Polymer acceptance rate: 19.7339%
Total runtime: 1.28795 mins (763.444 cycles/s)
************
Performed 81000 out of 10000000 MC cycles
Polymer acceptance rate: 20.3394%
Total runtime: 1.3099 mins (759.158 cycles/s)
************
Performed 82000 out of 10000000 MC cycles
Polymer acceptance rate: 20.0447%
Total runtime: 1.32786 mins (927.97 cycles/s)
************
Performed 83000 out of 10000000 MC cycles
Polymer acceptance rate: 19.7731%
Total runtime: 1.34587 mins (925.488 cycles/s)
************
Performed 84000 out of 10000000 MC cycles
Polymer acceptance rate: 19.6422%
Total runtime: 1.35916 mins (1254.5 cycles/s)
************
Performed 85000 out of 10000000 MC cycles
Polymer acceptance rate: 19.3758%
Total runtime: 1.37546 mins (1022.42 cycles/s)
************
Performed 86000 out of 10000000 MC cycles
Polymer acceptance rate: 19.715%
Total runtime: 1.3959 mins (815.211 cycles/s)
************
Performed 87000 out of 10000000 MC cycles
Polymer acceptance rate: 19.3714%
Total runtime: 1.40841 mins (1332.72 cycles/s)
************
Performed 88000 out of 10000000 MC cycles
Polymer acceptance rate: 19.7731%
Total runtime: 1.43322 mins (671.823 cycles/s)
************
Performed 89000 out of 10000000 MC cycles
Polymer acceptance rate: 19.4839%
Total runtime: 1.46022 mins (617.125 cycles/s)
************
Performed 90000 out of 10000000 MC cycles
Polymer acceptance rate: 19.4178%
Total runtime: 1.48125 mins (792.693 cycles/s)
************
Performed 91000 out of 10000000 MC cycles
Polymer acceptance rate: 19.5344%
Total runtime: 1.49533 mins (1183.21 cycles/s)
************
Performed 92000 out of 10000000 MC cycles
Polymer acceptance rate: 19.435%
Total runtime: 1.50996 mins (1139.5 cycles/s)
************
Performed 93000 out of 10000000 MC cycles
Polymer acceptance rate: 19.4533%
Total runtime: 1.53003 mins (830.459 cycles/s)
************
Performed 94000 out of 10000000 MC cycles
Polymer acceptance rate: 19.9883%
Total runtime: 1.55479 mins (673.052 cycles/s)
************
Performed 95000 out of 10000000 MC cycles
Polymer acceptance rate: 19.8978%
Total runtime: 1.57907 mins (686.555 cycles/s)
************
Performed 96000 out of 10000000 MC cycles
Polymer acceptance rate: 19.7697%
Total runtime: 1.59762 mins (898.207 cycles/s)
************
Performed 97000 out of 10000000 MC cycles
Polymer acceptance rate: 19.7131%
Total runtime: 1.61623 mins (895.79 cycles/s)
************
Performed 98000 out of 10000000 MC cycles
Polymer acceptance rate: 19.5064%
Total runtime: 1.64287 mins (625.701 cycles/s)
************
Performed 99000 out of 10000000 MC cycles
Polymer acceptance rate: 20.3511%
Total runtime: 1.66821 mins (657.639 cycles/s)
************
Performed 100000 out of 10000000 MC cycles
Polymer acceptance rate: 19.1817%
Total runtime: 1.69542 mins (612.485 cycles/s)
************
Performed 101000 out of 10000000 MC cycles
Polymer acceptance rate: 20.0247%
Total runtime: 1.7174 mins (758.246 cycles/s)
************
Performed 102000 out of 10000000 MC cycles
Polymer acceptance rate: 19.7339%
Total runtime: 1.74406 mins (625.155 cycles/s)
************
Performed 103000 out of 10000000 MC cycles
Polymer acceptance rate: 19.6528%
Total runtime: 1.76129 mins (967.232 cycles/s)
************
Performed 104000 out of 10000000 MC cycles
Polymer acceptance rate: 19.5628%
Total runtime: 1.78173 mins (815.67 cycles/s)
************
Performed 105000 out of 10000000 MC cycles
Polymer acceptance rate: 19.3839%
Total runtime: 1.80122 mins (854.764 cycles/s)
************
Performed 106000 out of 10000000 MC cycles
Polymer acceptance rate: 19.3347%
Total runtime: 1.81983 mins (895.564 cycles/s)
************
Performed 107000 out of 10000000 MC cycles
Polymer acceptance rate: 18.7106%
Total runtime: 1.83459 mins (1129.79 cycles/s)
************
Performed 108000 out of 10000000 MC cycles
Polymer acceptance rate: 19.2611%
Total runtime: 1.85273 mins (918.59 cycles/s)
************
Performed 109000 out of 10000000 MC cycles
Polymer acceptance rate: 19.2169%
Total runtime: 1.88135 mins (582.408 cycles/s)
************
Performed 110000 out of 10000000 MC cycles
Polymer acceptance rate: 19.5053%
Total runtime: 1.90495 mins (706.139 cycles/s)
************
Performed 111000 out of 10000000 MC cycles
Polymer acceptance rate: 18.9469%
Total runtime: 1.92951 mins (678.509 cycles/s)
************
Performed 112000 out of 10000000 MC cycles
Polymer acceptance rate: 19.4611%
Total runtime: 1.9389 mins (1775.12 cycles/s)
************
Performed 113000 out of 10000000 MC cycles
Polymer acceptance rate: 19.3497%
Total runtime: 1.9636 mins (674.728 cycles/s)
************
Performed 114000 out of 10000000 MC cycles
Polymer acceptance rate: 19.3867%
Total runtime: 1.9869 mins (715.377 cycles/s)
************
Performed 115000 out of 10000000 MC cycles
Polymer acceptance rate: 20.0983%
Total runtime: 2.01213 mins (660.508 cycles/s)
************
Performed 116000 out of 10000000 MC cycles
Polymer acceptance rate: 19.5536%
Total runtime: 2.02688 mins (1129.96 cycles/s)
************
Performed 117000 out of 10000000 MC cycles
Polymer acceptance rate: 19.64%
Total runtime: 2.11801 mins (182.904 cycles/s)
************
Performed 118000 out of 10000000 MC cycles
Polymer acceptance rate: 19.9292%
Total runtime: 2.13024 mins (1362.24 cycles/s)
************
Performed 119000 out of 10000000 MC cycles
Polymer acceptance rate: 19.4064%
Total runtime: 2.15981 mins (563.658 cycles/s)
************
Performed 120000 out of 10000000 MC cycles
Polymer acceptance rate: 19.3994%
Total runtime: 2.17672 mins (985.784 cycles/s)
************
Performed 121000 out of 10000000 MC cycles
Polymer acceptance rate: 19.7783%
Total runtime: 2.23045 mins (310.173 cycles/s)
************
Performed 122000 out of 10000000 MC cycles
Polymer acceptance rate: 19.5478%
Total runtime: 2.25521 mins (673.03 cycles/s)
************
Performed 123000 out of 10000000 MC cycles
Polymer acceptance rate: 19.8108%
Total runtime: 2.27448 mins (865.279 cycles/s)
************
Performed 124000 out of 10000000 MC cycles
Polymer acceptance rate: 20.1586%
Total runtime: 2.29867 mins (688.738 cycles/s)
