Using entropy-harvested random seed: 1212708222
Running with initial polymer density 0.000485979
Using 360 TADs, including main chain of length 360
************
Performed 1000 out of 10000000 MC cycles
Polymer acceptance rate: 15.3839%
Total runtime: 0.0129549 mins (1286.51 cycles/s)
************
Performed 2000 out of 10000000 MC cycles
Polymer acceptance rate: 17.8828%
Total runtime: 0.0252426 mins (1356.37 cycles/s)
************
Performed 3000 out of 10000000 MC cycles
Polymer acceptance rate: 18.7389%
Total runtime: 0.0351801 mins (1677.16 cycles/s)
************
Performed 4000 out of 10000000 MC cycles
Polymer acceptance rate: 18.4864%
Total runtime: 0.0474163 mins (1362.08 cycles/s)
************
Performed 5000 out of 10000000 MC cycles
Polymer acceptance rate: 19.6644%
Total runtime: 0.0600796 mins (1316.14 cycles/s)
************
Performed 6000 out of 10000000 MC cycles
Polymer acceptance rate: 18.5842%
Total runtime: 0.0813069 mins (785.151 cycles/s)
************
Performed 7000 out of 10000000 MC cycles
Polymer acceptance rate: 19.1925%
Total runtime: 0.0861737 mins (3424.54 cycles/s)
************
Performed 8000 out of 10000000 MC cycles
Polymer acceptance rate: 19.3975%
Total runtime: 0.110806 mins (676.622 cycles/s)
************
Performed 9000 out of 10000000 MC cycles
Polymer acceptance rate: 19.4269%
Total runtime: 0.133654 mins (729.468 cycles/s)
************
Performed 10000 out of 10000000 MC cycles
Polymer acceptance rate: 19.6122%
Total runtime: 0.168603 mins (476.877 cycles/s)
************
Performed 11000 out of 10000000 MC cycles
Polymer acceptance rate: 19.1167%
Total runtime: 0.18385 mins (1093.13 cycles/s)
************
Performed 12000 out of 10000000 MC cycles
Polymer acceptance rate: 19.2069%
Total runtime: 0.211052 mins (612.706 cycles/s)
************
Performed 13000 out of 10000000 MC cycles
Polymer acceptance rate: 19.8447%
Total runtime: 0.226415 mins (1084.84 cycles/s)
************
Performed 14000 out of 10000000 MC cycles
Polymer acceptance rate: 19.5492%
Total runtime: 0.25365 mins (611.943 cycles/s)
************
Performed 15000 out of 10000000 MC cycles
Polymer acceptance rate: 19.625%
Total runtime: 0.274422 mins (802.369 cycles/s)
************
Performed 16000 out of 10000000 MC cycles
Polymer acceptance rate: 19.2583%
Total runtime: 0.287336 mins (1290.58 cycles/s)
************
Performed 17000 out of 10000000 MC cycles
Polymer acceptance rate: 19.2183%
Total runtime: 0.300765 mins (1241.17 cycles/s)
************
Performed 18000 out of 10000000 MC cycles
Polymer acceptance rate: 19.8692%
Total runtime: 0.313171 mins (1343.41 cycles/s)
************
Performed 19000 out of 10000000 MC cycles
Polymer acceptance rate: 19.4928%
Total runtime: 0.328697 mins (1073.47 cycles/s)
************
Performed 20000 out of 10000000 MC cycles
Polymer acceptance rate: 19.4864%
Total runtime: 0.343223 mins (1147.37 cycles/s)
************
Performed 21000 out of 10000000 MC cycles
Polymer acceptance rate: 19.7578%
Total runtime: 0.354438 mins (1486.06 cycles/s)
************
Performed 22000 out of 10000000 MC cycles
Polymer acceptance rate: 19.605%
Total runtime: 0.366301 mins (1404.94 cycles/s)
************
Performed 23000 out of 10000000 MC cycles
Polymer acceptance rate: 19.7475%
Total runtime: 0.379157 mins (1296.42 cycles/s)
************
Performed 24000 out of 10000000 MC cycles
Polymer acceptance rate: 19.9964%
Total runtime: 0.389833 mins (1561.13 cycles/s)
************
Performed 25000 out of 10000000 MC cycles
Polymer acceptance rate: 19.4231%
Total runtime: 0.405002 mins (1098.72 cycles/s)
************
Performed 26000 out of 10000000 MC cycles
Polymer acceptance rate: 19.6839%
Total runtime: 0.41648 mins (1452.04 cycles/s)
************
Performed 27000 out of 10000000 MC cycles
Polymer acceptance rate: 19.0942%
Total runtime: 0.425131 mins (1926.63 cycles/s)
************
Performed 28000 out of 10000000 MC cycles
Polymer acceptance rate: 19.2561%
Total runtime: 0.44126 mins (1033.33 cycles/s)
************
Performed 29000 out of 10000000 MC cycles
Polymer acceptance rate: 19.4208%
Total runtime: 0.450613 mins (1781.92 cycles/s)
************
Performed 30000 out of 10000000 MC cycles
Polymer acceptance rate: 19.0478%
Total runtime: 0.463963 mins (1248.45 cycles/s)
************
Performed 31000 out of 10000000 MC cycles
Polymer acceptance rate: 19.2689%
Total runtime: 0.474515 mins (1579.5 cycles/s)
************
Performed 32000 out of 10000000 MC cycles
Polymer acceptance rate: 19.2036%
Total runtime: 0.48403 mins (1751.65 cycles/s)
************
Performed 33000 out of 10000000 MC cycles
Polymer acceptance rate: 19.305%
Total runtime: 0.497891 mins (1202.37 cycles/s)
************
Performed 34000 out of 10000000 MC cycles
Polymer acceptance rate: 19.1614%
Total runtime: 0.512026 mins (1179.17 cycles/s)
************
Performed 35000 out of 10000000 MC cycles
Polymer acceptance rate: 19.2517%
Total runtime: 0.522291 mins (1623.64 cycles/s)
************
Performed 36000 out of 10000000 MC cycles
Polymer acceptance rate: 19.2425%
Total runtime: 0.530759 mins (1968.01 cycles/s)
************
Performed 37000 out of 10000000 MC cycles
Polymer acceptance rate: 19.0636%
Total runtime: 0.5421 mins (1469.68 cycles/s)
************
Performed 38000 out of 10000000 MC cycles
Polymer acceptance rate: 19.4056%
Total runtime: 0.554863 mins (1305.83 cycles/s)
************
Performed 39000 out of 10000000 MC cycles
Polymer acceptance rate: 19.7272%
Total runtime: 0.569479 mins (1140.27 cycles/s)
************
Performed 40000 out of 10000000 MC cycles
Polymer acceptance rate: 19.3433%
Total runtime: 0.581566 mins (1378.95 cycles/s)
************
Performed 41000 out of 10000000 MC cycles
Polymer acceptance rate: 19.7908%
Total runtime: 0.594181 mins (1321.15 cycles/s)
************
Performed 42000 out of 10000000 MC cycles
Polymer acceptance rate: 19.3875%
Total runtime: 0.608517 mins (1162.59 cycles/s)
************
Performed 43000 out of 10000000 MC cycles
Polymer acceptance rate: 19.5517%
Total runtime: 0.618303 mins (1703.19 cycles/s)
************
Performed 44000 out of 10000000 MC cycles
Polymer acceptance rate: 19.1514%
Total runtime: 0.63642 mins (919.911 cycles/s)
************
Performed 45000 out of 10000000 MC cycles
Polymer acceptance rate: 19.0858%
Total runtime: 0.648151 mins (1420.73 cycles/s)
************
Performed 46000 out of 10000000 MC cycles
Polymer acceptance rate: 19.9972%
Total runtime: 0.659014 mins (1534.34 cycles/s)
************
Performed 47000 out of 10000000 MC cycles
Polymer acceptance rate: 19.5236%
Total runtime: 0.67307 mins (1185.67 cycles/s)
************
Performed 48000 out of 10000000 MC cycles
Polymer acceptance rate: 19.6675%
Total runtime: 0.68246 mins (1775.08 cycles/s)
************
Performed 49000 out of 10000000 MC cycles
Polymer acceptance rate: 19.6917%
Total runtime: 0.695996 mins (1231.25 cycles/s)
************
Performed 50000 out of 10000000 MC cycles
Polymer acceptance rate: 19.3592%
Total runtime: 0.707799 mins (1412.04 cycles/s)
************
Performed 51000 out of 10000000 MC cycles
Polymer acceptance rate: 19.8253%
Total runtime: 0.717397 mins (1736.43 cycles/s)
************
Performed 52000 out of 10000000 MC cycles
Polymer acceptance rate: 19.5672%
Total runtime: 0.732135 mins (1130.94 cycles/s)
************
Performed 53000 out of 10000000 MC cycles
Polymer acceptance rate: 19.2261%
Total runtime: 0.749497 mins (959.935 cycles/s)
************
Performed 54000 out of 10000000 MC cycles
Polymer acceptance rate: 19.8286%
Total runtime: 0.769627 mins (827.951 cycles/s)
************
Performed 55000 out of 10000000 MC cycles
Polymer acceptance rate: 19.7906%
Total runtime: 0.786722 mins (974.906 cycles/s)
************
Performed 56000 out of 10000000 MC cycles
Polymer acceptance rate: 19.3431%
Total runtime: 0.807436 mins (804.618 cycles/s)
************
Performed 57000 out of 10000000 MC cycles
Polymer acceptance rate: 19.8708%
Total runtime: 0.831073 mins (705.116 cycles/s)
************
Performed 58000 out of 10000000 MC cycles
Polymer acceptance rate: 20.2367%
Total runtime: 0.850195 mins (871.59 cycles/s)
************
Performed 59000 out of 10000000 MC cycles
Polymer acceptance rate: 19.3753%
Total runtime: 0.878981 mins (578.996 cycles/s)
************
Performed 60000 out of 10000000 MC cycles
Polymer acceptance rate: 19.6625%
Total runtime: 0.895362 mins (1017.43 cycles/s)
************
Performed 61000 out of 10000000 MC cycles
Polymer acceptance rate: 19.5344%
Total runtime: 0.91451 mins (870.42 cycles/s)
************
Performed 62000 out of 10000000 MC cycles
Polymer acceptance rate: 19.6558%
Total runtime: 0.934505 mins (833.544 cycles/s)
************
Performed 63000 out of 10000000 MC cycles
Polymer acceptance rate: 19.8442%
Total runtime: 0.958139 mins (705.196 cycles/s)
************
Performed 64000 out of 10000000 MC cycles
Polymer acceptance rate: 20.1272%
Total runtime: 0.968401 mins (1624.13 cycles/s)
************
Performed 65000 out of 10000000 MC cycles
Polymer acceptance rate: 19.5461%
Total runtime: 0.99475 mins (632.521 cycles/s)
************
Performed 66000 out of 10000000 MC cycles
Polymer acceptance rate: 19.3544%
Total runtime: 1.02073 mins (641.407 cycles/s)
************
Performed 67000 out of 10000000 MC cycles
Polymer acceptance rate: 19.4131%
Total runtime: 1.04238 mins (770.095 cycles/s)
************
Performed 68000 out of 10000000 MC cycles
Polymer acceptance rate: 19.5217%
Total runtime: 1.05939 mins (979.722 cycles/s)
************
Performed 69000 out of 10000000 MC cycles
Polymer acceptance rate: 20.0975%
Total runtime: 1.06889 mins (1754.52 cycles/s)
************
Performed 70000 out of 10000000 MC cycles
Polymer acceptance rate: 19.9453%
Total runtime: 1.08399 mins (1103.81 cycles/s)
************
Performed 71000 out of 10000000 MC cycles
Polymer acceptance rate: 19.6075%
Total runtime: 1.10722 mins (717.236 cycles/s)
************
Performed 72000 out of 10000000 MC cycles
Polymer acceptance rate: 19.1711%
Total runtime: 1.15112 mins (379.685 cycles/s)
************
Performed 73000 out of 10000000 MC cycles
Polymer acceptance rate: 19.7258%
Total runtime: 1.17504 mins (696.735 cycles/s)
************
Performed 74000 out of 10000000 MC cycles
Polymer acceptance rate: 19.0939%
Total runtime: 1.1973 mins (748.888 cycles/s)
************
Performed 75000 out of 10000000 MC cycles
Polymer acceptance rate: 19.3269%
Total runtime: 1.22249 mins (661.473 cycles/s)
************
Performed 76000 out of 10000000 MC cycles
Polymer acceptance rate: 19.1667%
Total runtime: 1.23721 mins (1132.87 cycles/s)
************
Performed 77000 out of 10000000 MC cycles
Polymer acceptance rate: 19.8306%
Total runtime: 1.25703 mins (840.745 cycles/s)
************
Performed 78000 out of 10000000 MC cycles
Polymer acceptance rate: 19.8281%
Total runtime: 1.27078 mins (1211.7 cycles/s)
************
Performed 79000 out of 10000000 MC cycles
Polymer acceptance rate: 19.3378%
Total runtime: 1.29542 mins (676.465 cycles/s)
************
Performed 80000 out of 10000000 MC cycles
Polymer acceptance rate: 19.9664%
Total runtime: 1.30817 mins (1307.26 cycles/s)
************
Performed 81000 out of 10000000 MC cycles
Polymer acceptance rate: 19.3894%
Total runtime: 1.32284 mins (1136.3 cycles/s)
************
Performed 82000 out of 10000000 MC cycles
Polymer acceptance rate: 20.0744%
Total runtime: 1.3316 mins (1902.74 cycles/s)
************
Performed 83000 out of 10000000 MC cycles
Polymer acceptance rate: 19.4331%
Total runtime: 1.34832 mins (996.914 cycles/s)
************
Performed 84000 out of 10000000 MC cycles
Polymer acceptance rate: 19.5392%
Total runtime: 1.36321 mins (1118.79 cycles/s)
************
Performed 85000 out of 10000000 MC cycles
Polymer acceptance rate: 19.5008%
Total runtime: 1.381 mins (936.865 cycles/s)
************
Performed 86000 out of 10000000 MC cycles
Polymer acceptance rate: 19.9492%
Total runtime: 1.39957 mins (897.553 cycles/s)
************
Performed 87000 out of 10000000 MC cycles
Polymer acceptance rate: 19.9161%
Total runtime: 1.41957 mins (833.574 cycles/s)
************
Performed 88000 out of 10000000 MC cycles
Polymer acceptance rate: 19.5703%
Total runtime: 1.44183 mins (748.64 cycles/s)
************
Performed 89000 out of 10000000 MC cycles
Polymer acceptance rate: 18.7347%
Total runtime: 1.46468 mins (729.44 cycles/s)
************
Performed 90000 out of 10000000 MC cycles
Polymer acceptance rate: 19.1383%
Total runtime: 1.47846 mins (1208.93 cycles/s)
************
Performed 91000 out of 10000000 MC cycles
Polymer acceptance rate: 19.3397%
Total runtime: 1.4935 mins (1108.77 cycles/s)
************
Performed 92000 out of 10000000 MC cycles
Polymer acceptance rate: 19.4217%
Total runtime: 1.50851 mins (1109.66 cycles/s)
************
Performed 93000 out of 10000000 MC cycles
Polymer acceptance rate: 19.6753%
Total runtime: 1.53515 mins (625.679 cycles/s)
************
Performed 94000 out of 10000000 MC cycles
Polymer acceptance rate: 19.6325%
Total runtime: 1.56321 mins (594.092 cycles/s)
************
Performed 95000 out of 10000000 MC cycles
Polymer acceptance rate: 19.5439%
Total runtime: 1.59108 mins (597.948 cycles/s)
************
Performed 96000 out of 10000000 MC cycles
Polymer acceptance rate: 20.1792%
Total runtime: 1.61473 mins (704.651 cycles/s)
************
Performed 97000 out of 10000000 MC cycles
Polymer acceptance rate: 19.5689%
Total runtime: 1.63861 mins (698.064 cycles/s)
************
Performed 98000 out of 10000000 MC cycles
Polymer acceptance rate: 19.8875%
Total runtime: 1.65592 mins (962.919 cycles/s)
************
Performed 99000 out of 10000000 MC cycles
Polymer acceptance rate: 19.6464%
Total runtime: 1.6764 mins (813.486 cycles/s)
************
Performed 100000 out of 10000000 MC cycles
Polymer acceptance rate: 19.415%
Total runtime: 1.69948 mins (722.263 cycles/s)
************
Performed 101000 out of 10000000 MC cycles
Polymer acceptance rate: 20.0106%
Total runtime: 1.72481 mins (658.01 cycles/s)
************
Performed 102000 out of 10000000 MC cycles
Polymer acceptance rate: 19.6961%
Total runtime: 1.75101 mins (636.189 cycles/s)
************
Performed 103000 out of 10000000 MC cycles
Polymer acceptance rate: 19.5153%
Total runtime: 1.76179 mins (1545.91 cycles/s)
************
Performed 104000 out of 10000000 MC cycles
Polymer acceptance rate: 19.2264%
Total runtime: 1.77797 mins (1029.71 cycles/s)
************
Performed 105000 out of 10000000 MC cycles
Polymer acceptance rate: 19.3117%
Total runtime: 1.79746 mins (855.435 cycles/s)
************
Performed 106000 out of 10000000 MC cycles
Polymer acceptance rate: 20.1969%
Total runtime: 1.83819 mins (409.118 cycles/s)
************
Performed 107000 out of 10000000 MC cycles
Polymer acceptance rate: 19.7531%
Total runtime: 1.85356 mins (1084.86 cycles/s)
************
Performed 108000 out of 10000000 MC cycles
Polymer acceptance rate: 19.3694%
Total runtime: 1.88053 mins (617.957 cycles/s)
************
Performed 109000 out of 10000000 MC cycles
Polymer acceptance rate: 19.7025%
Total runtime: 1.91023 mins (561.053 cycles/s)
************
Performed 110000 out of 10000000 MC cycles
Polymer acceptance rate: 19.8531%
Total runtime: 1.93248 mins (749.238 cycles/s)
************
Performed 111000 out of 10000000 MC cycles
Polymer acceptance rate: 19.4758%
Total runtime: 1.95377 mins (782.643 cycles/s)
************
Performed 112000 out of 10000000 MC cycles
Polymer acceptance rate: 19.3011%
Total runtime: 1.96958 mins (1054.28 cycles/s)
************
Performed 113000 out of 10000000 MC cycles
Polymer acceptance rate: 19.4047%
Total runtime: 1.99101 mins (777.887 cycles/s)
************
Performed 114000 out of 10000000 MC cycles
Polymer acceptance rate: 19.4444%
Total runtime: 2.08801 mins (171.812 cycles/s)
************
Performed 115000 out of 10000000 MC cycles
Polymer acceptance rate: 19.6886%
Total runtime: 2.12208 mins (489.179 cycles/s)
************
Performed 116000 out of 10000000 MC cycles
Polymer acceptance rate: 19.7117%
Total runtime: 2.13905 mins (982.451 cycles/s)
************
Performed 117000 out of 10000000 MC cycles
Polymer acceptance rate: 20.0144%
Total runtime: 2.15722 mins (917.183 cycles/s)
************
Performed 118000 out of 10000000 MC cycles
Polymer acceptance rate: 19.9317%
Total runtime: 2.19846 mins (404.171 cycles/s)
************
Performed 119000 out of 10000000 MC cycles
Polymer acceptance rate: 19.9733%
Total runtime: 2.21717 mins (890.793 cycles/s)
************
Performed 120000 out of 10000000 MC cycles
Polymer acceptance rate: 19.5886%
Total runtime: 2.22529 mins (2051.74 cycles/s)
************
Performed 121000 out of 10000000 MC cycles
Polymer acceptance rate: 19.3047%
Total runtime: 2.24801 mins (733.706 cycles/s)
************
Performed 122000 out of 10000000 MC cycles
Polymer acceptance rate: 20.3789%
Total runtime: 2.26079 mins (1303.83 cycles/s)
