Using entropy-harvested random seed: -891965479
Running with initial polymer density 0.000485979
Using 360 TADs, including main chain of length 360
************
Performed 1000 out of 10000000 MC cycles
Polymer acceptance rate: 16.0372%
Total runtime: 0.0267554 mins (622.927 cycles/s)
************
Performed 2000 out of 10000000 MC cycles
Polymer acceptance rate: 17.9542%
Total runtime: 0.0403315 mins (1227.65 cycles/s)
************
Performed 3000 out of 10000000 MC cycles
Polymer acceptance rate: 18.4692%
Total runtime: 0.0516358 mins (1474.37 cycles/s)
************
Performed 4000 out of 10000000 MC cycles
Polymer acceptance rate: 18.58%
Total runtime: 0.0615653 mins (1678.49 cycles/s)
************
Performed 5000 out of 10000000 MC cycles
Polymer acceptance rate: 18.9617%
Total runtime: 0.07908 mins (951.583 cycles/s)
************
Performed 6000 out of 10000000 MC cycles
Polymer acceptance rate: 18.8214%
Total runtime: 0.0957329 mins (1000.83 cycles/s)
************
Performed 7000 out of 10000000 MC cycles
Polymer acceptance rate: 19.6631%
Total runtime: 0.109487 mins (1211.75 cycles/s)
************
Performed 8000 out of 10000000 MC cycles
Polymer acceptance rate: 19.3797%
Total runtime: 0.127151 mins (943.534 cycles/s)
************
Performed 9000 out of 10000000 MC cycles
Polymer acceptance rate: 19.3267%
Total runtime: 0.138928 mins (1415.16 cycles/s)
************
Performed 10000 out of 10000000 MC cycles
Polymer acceptance rate: 19.2547%
Total runtime: 0.160616 mins (768.5 cycles/s)
************
Performed 11000 out of 10000000 MC cycles
Polymer acceptance rate: 19.5228%
Total runtime: 0.185706 mins (664.262 cycles/s)
************
Performed 12000 out of 10000000 MC cycles
Polymer acceptance rate: 19.2261%
Total runtime: 0.197067 mins (1467.01 cycles/s)
************
Performed 13000 out of 10000000 MC cycles
Polymer acceptance rate: 19.5028%
Total runtime: 0.213153 mins (1036.14 cycles/s)
************
Performed 14000 out of 10000000 MC cycles
Polymer acceptance rate: 19.0583%
Total runtime: 0.229689 mins (1007.85 cycles/s)
************
Performed 15000 out of 10000000 MC cycles
Polymer acceptance rate: 19.4439%
Total runtime: 0.247162 mins (953.864 cycles/s)
************
Performed 16000 out of 10000000 MC cycles
Polymer acceptance rate: 19.5014%
Total runtime: 0.272435 mins (659.473 cycles/s)
************
Performed 17000 out of 10000000 MC cycles
Polymer acceptance rate: 18.7642%
Total runtime: 0.285831 mins (1244.18 cycles/s)
************
Performed 18000 out of 10000000 MC cycles
Polymer acceptance rate: 19.6511%
Total runtime: 0.302386 mins (1006.74 cycles/s)
************
Performed 19000 out of 10000000 MC cycles
Polymer acceptance rate: 19.2953%
Total runtime: 0.315723 mins (1249.66 cycles/s)
************
Performed 20000 out of 10000000 MC cycles
Polymer acceptance rate: 19.2608%
Total runtime: 0.331546 mins (1053.31 cycles/s)
************
Performed 21000 out of 10000000 MC cycles
Polymer acceptance rate: 18.9758%
Total runtime: 0.339938 mins (1985.91 cycles/s)
************
Performed 22000 out of 10000000 MC cycles
Polymer acceptance rate: 19.395%
Total runtime: 0.357284 mins (960.844 cycles/s)
************
Performed 23000 out of 10000000 MC cycles
Polymer acceptance rate: 19.0364%
Total runtime: 0.368876 mins (1437.8 cycles/s)
************
Performed 24000 out of 10000000 MC cycles
Polymer acceptance rate: 19.18%
Total runtime: 0.380878 mins (1388.65 cycles/s)
************
Performed 25000 out of 10000000 MC cycles
Polymer acceptance rate: 19.2503%
Total runtime: 0.393572 mins (1312.96 cycles/s)
************
Performed 26000 out of 10000000 MC cycles
Polymer acceptance rate: 19.7067%
Total runtime: 0.405347 mins (1415.45 cycles/s)
************
Performed 27000 out of 10000000 MC cycles
Polymer acceptance rate: 19.4022%
Total runtime: 0.419108 mins (1211.12 cycles/s)
************
Performed 28000 out of 10000000 MC cycles
Polymer acceptance rate: 19.3861%
Total runtime: 0.432984 mins (1201.15 cycles/s)
************
Performed 29000 out of 10000000 MC cycles
Polymer acceptance rate: 19.2206%
Total runtime: 0.445482 mins (1333.48 cycles/s)
************
Performed 30000 out of 10000000 MC cycles
Polymer acceptance rate: 18.7547%
Total runtime: 0.460048 mins (1144.21 cycles/s)
************
Performed 31000 out of 10000000 MC cycles
Polymer acceptance rate: 19.4094%
Total runtime: 0.471903 mins (1405.89 cycles/s)
************
Performed 32000 out of 10000000 MC cycles
Polymer acceptance rate: 19.2908%
Total runtime: 0.483578 mins (1427.6 cycles/s)
************
Performed 33000 out of 10000000 MC cycles
Polymer acceptance rate: 19.5144%
Total runtime: 0.496854 mins (1255.37 cycles/s)
************
Performed 34000 out of 10000000 MC cycles
Polymer acceptance rate: 18.9728%
Total runtime: 0.507321 mins (1592.26 cycles/s)
************
Performed 35000 out of 10000000 MC cycles
Polymer acceptance rate: 19.5436%
Total runtime: 0.515841 mins (1956.29 cycles/s)
************
Performed 36000 out of 10000000 MC cycles
Polymer acceptance rate: 19.7219%
Total runtime: 0.527445 mins (1436.34 cycles/s)
************
Performed 37000 out of 10000000 MC cycles
Polymer acceptance rate: 19.8183%
Total runtime: 0.541089 mins (1221.5 cycles/s)
************
Performed 38000 out of 10000000 MC cycles
Polymer acceptance rate: 20.2342%
Total runtime: 0.550819 mins (1712.85 cycles/s)
************
Performed 39000 out of 10000000 MC cycles
Polymer acceptance rate: 19.7697%
Total runtime: 0.563361 mins (1328.95 cycles/s)
************
Performed 40000 out of 10000000 MC cycles
Polymer acceptance rate: 19.4639%
Total runtime: 0.575959 mins (1322.98 cycles/s)
************
Performed 41000 out of 10000000 MC cycles
Polymer acceptance rate: 19.7728%
Total runtime: 0.588936 mins (1284.23 cycles/s)
************
Performed 42000 out of 10000000 MC cycles
Polymer acceptance rate: 19.7128%
Total runtime: 0.597669 mins (1908.6 cycles/s)
************
Performed 43000 out of 10000000 MC cycles
Polymer acceptance rate: 20.1347%
Total runtime: 0.608626 mins (1521.1 cycles/s)
************
Performed 44000 out of 10000000 MC cycles
Polymer acceptance rate: 19.6931%
Total runtime: 0.626702 mins (922.039 cycles/s)
************
Performed 45000 out of 10000000 MC cycles
Polymer acceptance rate: 19.1697%
Total runtime: 0.63904 mins (1350.8 cycles/s)
************
Performed 46000 out of 10000000 MC cycles
Polymer acceptance rate: 18.9042%
Total runtime: 0.649917 mins (1532.33 cycles/s)
************
Performed 47000 out of 10000000 MC cycles
Polymer acceptance rate: 19.9739%
Total runtime: 0.660947 mins (1510.93 cycles/s)
************
Performed 48000 out of 10000000 MC cycles
Polymer acceptance rate: 19.8264%
Total runtime: 0.674718 mins (1210.27 cycles/s)
************
Performed 49000 out of 10000000 MC cycles
Polymer acceptance rate: 20.1522%
Total runtime: 0.688378 mins (1220.11 cycles/s)
************
Performed 50000 out of 10000000 MC cycles
Polymer acceptance rate: 20.1633%
Total runtime: 0.698669 mins (1619.59 cycles/s)
************
Performed 51000 out of 10000000 MC cycles
Polymer acceptance rate: 19.6589%
Total runtime: 0.709891 mins (1485.13 cycles/s)
************
Performed 52000 out of 10000000 MC cycles
Polymer acceptance rate: 19.8703%
Total runtime: 0.72246 mins (1326.05 cycles/s)
************
Performed 53000 out of 10000000 MC cycles
Polymer acceptance rate: 19.2714%
Total runtime: 0.733552 mins (1502.57 cycles/s)
************
Performed 54000 out of 10000000 MC cycles
Polymer acceptance rate: 19.7497%
Total runtime: 0.74178 mins (2025.59 cycles/s)
************
Performed 55000 out of 10000000 MC cycles
Polymer acceptance rate: 19.2094%
Total runtime: 0.754956 mins (1264.99 cycles/s)
************
Performed 56000 out of 10000000 MC cycles
Polymer acceptance rate: 19.3372%
Total runtime: 0.769393 mins (1154.43 cycles/s)
************
Performed 57000 out of 10000000 MC cycles
Polymer acceptance rate: 19.5928%
Total runtime: 0.791671 mins (748.116 cycles/s)
************
Performed 58000 out of 10000000 MC cycles
Polymer acceptance rate: 19.8094%
Total runtime: 0.810665 mins (877.477 cycles/s)
************
Performed 59000 out of 10000000 MC cycles
Polymer acceptance rate: 18.9194%
Total runtime: 0.82294 mins (1357.8 cycles/s)
************
Performed 60000 out of 10000000 MC cycles
Polymer acceptance rate: 19.7325%
Total runtime: 0.847503 mins (678.529 cycles/s)
************
Performed 61000 out of 10000000 MC cycles
Polymer acceptance rate: 19.4233%
Total runtime: 0.860571 mins (1275.34 cycles/s)
************
Performed 62000 out of 10000000 MC cycles
Polymer acceptance rate: 20.1639%
Total runtime: 0.896687 mins (461.479 cycles/s)
************
Performed 63000 out of 10000000 MC cycles
Polymer acceptance rate: 19.1917%
Total runtime: 0.898054 mins (12189.4 cycles/s)
************
Performed 64000 out of 10000000 MC cycles
Polymer acceptance rate: 19.1472%
Total runtime: 0.923912 mins (644.548 cycles/s)
************
Performed 65000 out of 10000000 MC cycles
Polymer acceptance rate: 19.9339%
Total runtime: 0.94295 mins (875.449 cycles/s)
************
Performed 66000 out of 10000000 MC cycles
Polymer acceptance rate: 19.5256%
Total runtime: 0.952516 mins (1742.23 cycles/s)
************
Performed 67000 out of 10000000 MC cycles
Polymer acceptance rate: 19.6625%
Total runtime: 0.971275 mins (888.47 cycles/s)
************
Performed 68000 out of 10000000 MC cycles
Polymer acceptance rate: 19.5503%
Total runtime: 0.988843 mins (948.682 cycles/s)
************
Performed 69000 out of 10000000 MC cycles
Polymer acceptance rate: 19.6228%
Total runtime: 1.00858 mins (844.627 cycles/s)
************
Performed 70000 out of 10000000 MC cycles
Polymer acceptance rate: 20.2156%
Total runtime: 1.03559 mins (617.03 cycles/s)
************
Performed 71000 out of 10000000 MC cycles
Polymer acceptance rate: 19.6175%
Total runtime: 1.04599 mins (1601.85 cycles/s)
************
Performed 72000 out of 10000000 MC cycles
Polymer acceptance rate: 19.1942%
Total runtime: 1.0713 mins (658.546 cycles/s)
************
Performed 73000 out of 10000000 MC cycles
Polymer acceptance rate: 19.1389%
Total runtime: 1.07498 mins (4526.82 cycles/s)
************
Performed 74000 out of 10000000 MC cycles
Polymer acceptance rate: 19.3103%
Total runtime: 1.09019 mins (1095.58 cycles/s)
************
Performed 75000 out of 10000000 MC cycles
Polymer acceptance rate: 19.9175%
Total runtime: 1.10217 mins (1392.14 cycles/s)
************
Performed 76000 out of 10000000 MC cycles
Polymer acceptance rate: 19.4172%
Total runtime: 1.12622 mins (692.985 cycles/s)
************
Performed 77000 out of 10000000 MC cycles
Polymer acceptance rate: 19.3292%
Total runtime: 1.1599 mins (494.754 cycles/s)
************
Performed 78000 out of 10000000 MC cycles
Polymer acceptance rate: 19.8417%
Total runtime: 1.18461 mins (674.66 cycles/s)
************
Performed 79000 out of 10000000 MC cycles
Polymer acceptance rate: 19.9058%
Total runtime: 1.20545 mins (799.461 cycles/s)
************
Performed 80000 out of 10000000 MC cycles
Polymer acceptance rate: 19.4786%
Total runtime: 1.2327 mins (611.791 cycles/s)
************
Performed 81000 out of 10000000 MC cycles
Polymer acceptance rate: 19.1869%
Total runtime: 1.24252 mins (1696.16 cycles/s)
************
Performed 82000 out of 10000000 MC cycles
Polymer acceptance rate: 19.7092%
Total runtime: 1.2643 mins (765.485 cycles/s)
************
Performed 83000 out of 10000000 MC cycles
Polymer acceptance rate: 19.5278%
Total runtime: 1.27881 mins (1148.05 cycles/s)
************
Performed 84000 out of 10000000 MC cycles
Polymer acceptance rate: 19.9408%
Total runtime: 1.29776 mins (879.669 cycles/s)
************
Performed 85000 out of 10000000 MC cycles
Polymer acceptance rate: 19.4292%
Total runtime: 1.32366 mins (643.502 cycles/s)
************
Performed 86000 out of 10000000 MC cycles
Polymer acceptance rate: 19.7767%
Total runtime: 1.33536 mins (1424.35 cycles/s)
************
Performed 87000 out of 10000000 MC cycles
Polymer acceptance rate: 19.4228%
Total runtime: 1.3513 mins (1045.56 cycles/s)
************
Performed 88000 out of 10000000 MC cycles
Polymer acceptance rate: 19.6631%
Total runtime: 1.36621 mins (1117.69 cycles/s)
************
Performed 89000 out of 10000000 MC cycles
Polymer acceptance rate: 19.3906%
Total runtime: 1.38166 mins (1079.22 cycles/s)
************
Performed 90000 out of 10000000 MC cycles
Polymer acceptance rate: 19.37%
Total runtime: 1.39357 mins (1398.82 cycles/s)
************
Performed 91000 out of 10000000 MC cycles
Polymer acceptance rate: 19.6261%
Total runtime: 1.41487 mins (782.439 cycles/s)
************
Performed 92000 out of 10000000 MC cycles
Polymer acceptance rate: 20.1381%
Total runtime: 1.42936 mins (1150.67 cycles/s)
************
Performed 93000 out of 10000000 MC cycles
Polymer acceptance rate: 19.4419%
Total runtime: 1.46154 mins (517.907 cycles/s)
************
Performed 94000 out of 10000000 MC cycles
Polymer acceptance rate: 19.3397%
Total runtime: 1.48021 mins (892.372 cycles/s)
************
Performed 95000 out of 10000000 MC cycles
Polymer acceptance rate: 20.1533%
Total runtime: 1.49717 mins (983.16 cycles/s)
************
Performed 96000 out of 10000000 MC cycles
Polymer acceptance rate: 19.6442%
Total runtime: 1.51331 mins (1032.29 cycles/s)
************
Performed 97000 out of 10000000 MC cycles
Polymer acceptance rate: 19.7533%
Total runtime: 1.52807 mins (1129.34 cycles/s)
************
Performed 98000 out of 10000000 MC cycles
Polymer acceptance rate: 19.6711%
Total runtime: 1.55124 mins (719.434 cycles/s)
************
Performed 99000 out of 10000000 MC cycles
Polymer acceptance rate: 19.4928%
Total runtime: 1.58249 mins (533.212 cycles/s)
************
Performed 100000 out of 10000000 MC cycles
Polymer acceptance rate: 19.5225%
Total runtime: 1.60668 mins (689.168 cycles/s)
************
Performed 101000 out of 10000000 MC cycles
Polymer acceptance rate: 19.3139%
Total runtime: 1.63579 mins (572.398 cycles/s)
************
Performed 102000 out of 10000000 MC cycles
Polymer acceptance rate: 19.6244%
Total runtime: 1.66105 mins (659.966 cycles/s)
************
Performed 103000 out of 10000000 MC cycles
Polymer acceptance rate: 19.4967%
Total runtime: 1.68215 mins (789.918 cycles/s)
************
Performed 104000 out of 10000000 MC cycles
Polymer acceptance rate: 19.6853%
Total runtime: 1.70271 mins (810.356 cycles/s)
************
Performed 105000 out of 10000000 MC cycles
Polymer acceptance rate: 19.8714%
Total runtime: 1.72734 mins (676.899 cycles/s)
************
Performed 106000 out of 10000000 MC cycles
Polymer acceptance rate: 19.5656%
Total runtime: 1.75208 mins (673.545 cycles/s)
************
Performed 107000 out of 10000000 MC cycles
Polymer acceptance rate: 19.4847%
Total runtime: 1.76394 mins (1405.17 cycles/s)
************
Performed 108000 out of 10000000 MC cycles
Polymer acceptance rate: 19.4189%
Total runtime: 1.78884 mins (669.472 cycles/s)
************
Performed 109000 out of 10000000 MC cycles
Polymer acceptance rate: 19.8236%
Total runtime: 1.81205 mins (718.039 cycles/s)
************
Performed 110000 out of 10000000 MC cycles
Polymer acceptance rate: 19.7103%
Total runtime: 1.83437 mins (746.772 cycles/s)
************
Performed 111000 out of 10000000 MC cycles
Polymer acceptance rate: 19.8822%
Total runtime: 1.86421 mins (558.538 cycles/s)
************
Performed 112000 out of 10000000 MC cycles
Polymer acceptance rate: 19.905%
Total runtime: 1.8991 mins (477.609 cycles/s)
************
Performed 113000 out of 10000000 MC cycles
Polymer acceptance rate: 19.7903%
Total runtime: 1.91641 mins (963.162 cycles/s)
************
Performed 114000 out of 10000000 MC cycles
Polymer acceptance rate: 19.1031%
Total runtime: 1.93909 mins (734.813 cycles/s)
************
Performed 115000 out of 10000000 MC cycles
Polymer acceptance rate: 19.3658%
Total runtime: 1.95342 mins (1162.99 cycles/s)
************
Performed 116000 out of 10000000 MC cycles
Polymer acceptance rate: 19.2372%
Total runtime: 1.96568 mins (1359.05 cycles/s)
************
Performed 117000 out of 10000000 MC cycles
Polymer acceptance rate: 19.2256%
Total runtime: 1.98628 mins (809.213 cycles/s)
************
Performed 118000 out of 10000000 MC cycles
Polymer acceptance rate: 19.07%
Total runtime: 2.00325 mins (982.285 cycles/s)
************
Performed 119000 out of 10000000 MC cycles
Polymer acceptance rate: 19.6411%
Total runtime: 2.01983 mins (1005.28 cycles/s)
************
Performed 120000 out of 10000000 MC cycles
Polymer acceptance rate: 20.0053%
Total runtime: 2.11717 mins (171.211 cycles/s)
************
Performed 121000 out of 10000000 MC cycles
Polymer acceptance rate: 19.7589%
Total runtime: 2.13918 mins (757.255 cycles/s)
************
Performed 122000 out of 10000000 MC cycles
Polymer acceptance rate: 19.7117%
Total runtime: 2.15784 mins (893.34 cycles/s)
************
Performed 123000 out of 10000000 MC cycles
Polymer acceptance rate: 19.6803%
Total runtime: 2.18543 mins (604.099 cycles/s)
************
Performed 124000 out of 10000000 MC cycles
Polymer acceptance rate: 19.3394%
Total runtime: 2.20355 mins (919.797 cycles/s)
************
Performed 125000 out of 10000000 MC cycles
Polymer acceptance rate: 19.3256%
Total runtime: 2.23694 mins (499.05 cycles/s)
************
Performed 126000 out of 10000000 MC cycles
Polymer acceptance rate: 19.6839%
Total runtime: 2.25594 mins (877.223 cycles/s)
************
Performed 127000 out of 10000000 MC cycles
Polymer acceptance rate: 19.1081%
Total runtime: 2.27573 mins (842.45 cycles/s)
************
Performed 128000 out of 10000000 MC cycles
Polymer acceptance rate: 19.5622%
Total runtime: 2.29805 mins (746.476 cycles/s)
