Using entropy-harvested random seed: -1786443219
Running with initial polymer density 0.000485979
Using 360 TADs, including main chain of length 360
************
Performed 1000 out of 10000000 MC cycles
Polymer acceptance rate: 15.6631%
Total runtime: 0.0224275 mins (743.134 cycles/s)
************
Performed 2000 out of 10000000 MC cycles
Polymer acceptance rate: 17.5308%
Total runtime: 0.0337342 mins (1474.05 cycles/s)
************
Performed 3000 out of 10000000 MC cycles
Polymer acceptance rate: 17.4861%
Total runtime: 0.0450028 mins (1479.04 cycles/s)
************
Performed 4000 out of 10000000 MC cycles
Polymer acceptance rate: 18.6053%
Total runtime: 0.0545264 mins (1750.04 cycles/s)
************
Performed 5000 out of 10000000 MC cycles
Polymer acceptance rate: 18.9753%
Total runtime: 0.0683998 mins (1201.34 cycles/s)
************
Performed 6000 out of 10000000 MC cycles
Polymer acceptance rate: 19.2206%
Total runtime: 0.0807789 mins (1346.35 cycles/s)
************
Performed 7000 out of 10000000 MC cycles
Polymer acceptance rate: 18.8419%
Total runtime: 0.10309 mins (747.02 cycles/s)
************
Performed 8000 out of 10000000 MC cycles
Polymer acceptance rate: 19.38%
Total runtime: 0.118979 mins (1048.96 cycles/s)
************
Performed 9000 out of 10000000 MC cycles
Polymer acceptance rate: 19.1806%
Total runtime: 0.138333 mins (861.126 cycles/s)
************
Performed 10000 out of 10000000 MC cycles
Polymer acceptance rate: 18.7033%
Total runtime: 0.159359 mins (792.684 cycles/s)
************
Performed 11000 out of 10000000 MC cycles
Polymer acceptance rate: 19.0547%
Total runtime: 0.17692 mins (949.042 cycles/s)
************
Performed 12000 out of 10000000 MC cycles
Polymer acceptance rate: 19.4494%
Total runtime: 0.197308 mins (817.493 cycles/s)
************
Performed 13000 out of 10000000 MC cycles
Polymer acceptance rate: 19.2133%
Total runtime: 0.211722 mins (1156.3 cycles/s)
************
Performed 14000 out of 10000000 MC cycles
Polymer acceptance rate: 19.6014%
Total runtime: 0.23471 mins (724.993 cycles/s)
************
Performed 15000 out of 10000000 MC cycles
Polymer acceptance rate: 19.3306%
Total runtime: 0.247715 mins (1281.54 cycles/s)
************
Performed 16000 out of 10000000 MC cycles
Polymer acceptance rate: 19.1822%
Total runtime: 0.273813 mins (638.625 cycles/s)
************
Performed 17000 out of 10000000 MC cycles
Polymer acceptance rate: 19.1278%
Total runtime: 0.287705 mins (1199.74 cycles/s)
************
Performed 18000 out of 10000000 MC cycles
Polymer acceptance rate: 19.5358%
Total runtime: 0.300734 mins (1279.25 cycles/s)
************
Performed 19000 out of 10000000 MC cycles
Polymer acceptance rate: 19.3631%
Total runtime: 0.3142 mins (1237.61 cycles/s)
************
Performed 20000 out of 10000000 MC cycles
Polymer acceptance rate: 19.6086%
Total runtime: 0.329123 mins (1116.87 cycles/s)
************
Performed 21000 out of 10000000 MC cycles
Polymer acceptance rate: 18.9611%
Total runtime: 0.342345 mins (1260.5 cycles/s)
************
Performed 22000 out of 10000000 MC cycles
Polymer acceptance rate: 18.8736%
Total runtime: 0.357302 mins (1114.34 cycles/s)
************
Performed 23000 out of 10000000 MC cycles
Polymer acceptance rate: 19.1761%
Total runtime: 0.368923 mins (1434.12 cycles/s)
************
Performed 24000 out of 10000000 MC cycles
Polymer acceptance rate: 19.595%
Total runtime: 0.380807 mins (1402.51 cycles/s)
************
Performed 25000 out of 10000000 MC cycles
Polymer acceptance rate: 19.9136%
Total runtime: 0.392882 mins (1380.19 cycles/s)
************
Performed 26000 out of 10000000 MC cycles
Polymer acceptance rate: 19.9%
Total runtime: 0.403722 mins (1537.5 cycles/s)
************
Performed 27000 out of 10000000 MC cycles
Polymer acceptance rate: 19.5217%
Total runtime: 0.419516 mins (1055.25 cycles/s)
************
Performed 28000 out of 10000000 MC cycles
Polymer acceptance rate: 19.5767%
Total runtime: 0.430795 mins (1477.7 cycles/s)
************
Performed 29000 out of 10000000 MC cycles
Polymer acceptance rate: 19.5706%
Total runtime: 0.441798 mins (1514.75 cycles/s)
************
Performed 30000 out of 10000000 MC cycles
Polymer acceptance rate: 19.515%
Total runtime: 0.456306 mins (1148.77 cycles/s)
************
Performed 31000 out of 10000000 MC cycles
Polymer acceptance rate: 19.7828%
Total runtime: 0.467801 mins (1449.92 cycles/s)
************
Performed 32000 out of 10000000 MC cycles
Polymer acceptance rate: 19.4861%
Total runtime: 0.477103 mins (1791.89 cycles/s)
************
Performed 33000 out of 10000000 MC cycles
Polymer acceptance rate: 19.3625%
Total runtime: 0.490237 mins (1268.92 cycles/s)
************
Performed 34000 out of 10000000 MC cycles
Polymer acceptance rate: 19.2056%
Total runtime: 0.499517 mins (1796.02 cycles/s)
************
Performed 35000 out of 10000000 MC cycles
Polymer acceptance rate: 19.2119%
Total runtime: 0.512329 mins (1300.81 cycles/s)
************
Performed 36000 out of 10000000 MC cycles
Polymer acceptance rate: 19.6606%
Total runtime: 0.530271 mins (928.91 cycles/s)
************
Performed 37000 out of 10000000 MC cycles
Polymer acceptance rate: 19.1697%
Total runtime: 0.540881 mins (1570.88 cycles/s)
************
Performed 38000 out of 10000000 MC cycles
Polymer acceptance rate: 19.6758%
Total runtime: 0.549891 mins (1849.87 cycles/s)
************
Performed 39000 out of 10000000 MC cycles
Polymer acceptance rate: 19.1842%
Total runtime: 0.563712 mins (1205.92 cycles/s)
************
Performed 40000 out of 10000000 MC cycles
Polymer acceptance rate: 19.3453%
Total runtime: 0.578243 mins (1146.93 cycles/s)
************
Performed 41000 out of 10000000 MC cycles
Polymer acceptance rate: 18.8919%
Total runtime: 0.588476 mins (1628.82 cycles/s)
************
Performed 42000 out of 10000000 MC cycles
Polymer acceptance rate: 19.695%
Total runtime: 0.60031 mins (1408.33 cycles/s)
************
Performed 43000 out of 10000000 MC cycles
Polymer acceptance rate: 19.5733%
Total runtime: 0.616679 mins (1018.19 cycles/s)
************
Performed 44000 out of 10000000 MC cycles
Polymer acceptance rate: 19.6642%
Total runtime: 0.625327 mins (1927.23 cycles/s)
************
Performed 45000 out of 10000000 MC cycles
Polymer acceptance rate: 19.1167%
Total runtime: 0.642864 mins (950.339 cycles/s)
************
Performed 46000 out of 10000000 MC cycles
Polymer acceptance rate: 19.3836%
Total runtime: 0.657363 mins (1149.55 cycles/s)
************
Performed 47000 out of 10000000 MC cycles
Polymer acceptance rate: 19.3531%
Total runtime: 0.670441 mins (1274.39 cycles/s)
************
Performed 48000 out of 10000000 MC cycles
Polymer acceptance rate: 19.7728%
Total runtime: 0.679142 mins (1915.41 cycles/s)
************
Performed 49000 out of 10000000 MC cycles
Polymer acceptance rate: 19.6819%
Total runtime: 0.697862 mins (890.316 cycles/s)
************
Performed 50000 out of 10000000 MC cycles
Polymer acceptance rate: 19.5644%
Total runtime: 0.709188 mins (1471.56 cycles/s)
************
Performed 51000 out of 10000000 MC cycles
Polymer acceptance rate: 19.57%
Total runtime: 0.719841 mins (1564.49 cycles/s)
************
Performed 52000 out of 10000000 MC cycles
Polymer acceptance rate: 19.6172%
Total runtime: 0.732144 mins (1354.66 cycles/s)
************
Performed 53000 out of 10000000 MC cycles
Polymer acceptance rate: 20.2678%
Total runtime: 0.743439 mins (1475.63 cycles/s)
************
Performed 54000 out of 10000000 MC cycles
Polymer acceptance rate: 19.8608%
Total runtime: 0.76567 mins (749.705 cycles/s)
************
Performed 55000 out of 10000000 MC cycles
Polymer acceptance rate: 19.2833%
Total runtime: 0.77749 mins (1410.04 cycles/s)
************
Performed 56000 out of 10000000 MC cycles
Polymer acceptance rate: 19.3164%
Total runtime: 0.798093 mins (808.927 cycles/s)
************
Performed 57000 out of 10000000 MC cycles
Polymer acceptance rate: 19.5544%
Total runtime: 0.814359 mins (1024.64 cycles/s)
************
Performed 58000 out of 10000000 MC cycles
Polymer acceptance rate: 19.7931%
Total runtime: 0.840777 mins (630.883 cycles/s)
************
Performed 59000 out of 10000000 MC cycles
Polymer acceptance rate: 19.9325%
Total runtime: 0.865226 mins (681.691 cycles/s)
************
Performed 60000 out of 10000000 MC cycles
Polymer acceptance rate: 19.9561%
Total runtime: 0.892085 mins (620.523 cycles/s)
************
Performed 61000 out of 10000000 MC cycles
Polymer acceptance rate: 20.1281%
Total runtime: 0.918612 mins (628.3 cycles/s)
************
Performed 62000 out of 10000000 MC cycles
Polymer acceptance rate: 19.8406%
Total runtime: 0.929461 mins (1536.26 cycles/s)
************
Performed 63000 out of 10000000 MC cycles
Polymer acceptance rate: 19.6844%
Total runtime: 0.948665 mins (867.87 cycles/s)
************
Performed 64000 out of 10000000 MC cycles
Polymer acceptance rate: 19.78%
Total runtime: 0.974133 mins (654.405 cycles/s)
************
Performed 65000 out of 10000000 MC cycles
Polymer acceptance rate: 19.9122%
Total runtime: 0.987957 mins (1205.67 cycles/s)
************
Performed 66000 out of 10000000 MC cycles
Polymer acceptance rate: 20.0558%
Total runtime: 1.01852 mins (545.291 cycles/s)
************
Performed 67000 out of 10000000 MC cycles
Polymer acceptance rate: 19.5019%
Total runtime: 1.03601 mins (953.288 cycles/s)
************
Performed 68000 out of 10000000 MC cycles
Polymer acceptance rate: 19.585%
Total runtime: 1.05186 mins (1051.48 cycles/s)
************
Performed 69000 out of 10000000 MC cycles
Polymer acceptance rate: 20.0614%
Total runtime: 1.07235 mins (813.133 cycles/s)
************
Performed 70000 out of 10000000 MC cycles
Polymer acceptance rate: 19.7086%
Total runtime: 1.08432 mins (1393.13 cycles/s)
************
Performed 71000 out of 10000000 MC cycles
Polymer acceptance rate: 19.9917%
Total runtime: 1.0981 mins (1208.88 cycles/s)
************
Performed 72000 out of 10000000 MC cycles
Polymer acceptance rate: 19.1917%
Total runtime: 1.11466 mins (1006.85 cycles/s)
************
Performed 73000 out of 10000000 MC cycles
Polymer acceptance rate: 19.8086%
Total runtime: 1.12711 mins (1338.23 cycles/s)
************
Performed 74000 out of 10000000 MC cycles
Polymer acceptance rate: 19.8986%
Total runtime: 1.14463 mins (951.115 cycles/s)
************
Performed 75000 out of 10000000 MC cycles
Polymer acceptance rate: 19.4953%
Total runtime: 1.17597 mins (531.863 cycles/s)
************
Performed 76000 out of 10000000 MC cycles
Polymer acceptance rate: 19.5956%
Total runtime: 1.19443 mins (902.981 cycles/s)
************
Performed 77000 out of 10000000 MC cycles
Polymer acceptance rate: 19.9561%
Total runtime: 1.21308 mins (893.515 cycles/s)
************
Performed 78000 out of 10000000 MC cycles
Polymer acceptance rate: 19.0578%
Total runtime: 1.22883 mins (1058.32 cycles/s)
************
Performed 79000 out of 10000000 MC cycles
Polymer acceptance rate: 19.6414%
Total runtime: 1.2534 mins (678.305 cycles/s)
************
Performed 80000 out of 10000000 MC cycles
Polymer acceptance rate: 19.51%
Total runtime: 1.2716 mins (915.759 cycles/s)
************
Performed 81000 out of 10000000 MC cycles
Polymer acceptance rate: 19.3089%
Total runtime: 1.28784 mins (1026.55 cycles/s)
************
Performed 82000 out of 10000000 MC cycles
Polymer acceptance rate: 19.7825%
Total runtime: 1.30862 mins (801.93 cycles/s)
************
Performed 83000 out of 10000000 MC cycles
Polymer acceptance rate: 19.1561%
Total runtime: 1.32351 mins (1119.06 cycles/s)
************
Performed 84000 out of 10000000 MC cycles
Polymer acceptance rate: 19.65%
Total runtime: 1.33783 mins (1164.15 cycles/s)
************
Performed 85000 out of 10000000 MC cycles
Polymer acceptance rate: 19.6136%
Total runtime: 1.35262 mins (1126.52 cycles/s)
************
Performed 86000 out of 10000000 MC cycles
Polymer acceptance rate: 19.3403%
Total runtime: 1.36628 mins (1219.95 cycles/s)
************
Performed 87000 out of 10000000 MC cycles
Polymer acceptance rate: 19.4631%
Total runtime: 1.38492 mins (894.419 cycles/s)
************
Performed 88000 out of 10000000 MC cycles
Polymer acceptance rate: 19.8406%
Total runtime: 1.40174 mins (990.823 cycles/s)
************
Performed 89000 out of 10000000 MC cycles
Polymer acceptance rate: 18.8883%
Total runtime: 1.417 mins (1092.08 cycles/s)
************
Performed 90000 out of 10000000 MC cycles
Polymer acceptance rate: 19.1589%
Total runtime: 1.43528 mins (911.677 cycles/s)
************
Performed 91000 out of 10000000 MC cycles
Polymer acceptance rate: 18.9967%
Total runtime: 1.46078 mins (653.554 cycles/s)
************
Performed 92000 out of 10000000 MC cycles
Polymer acceptance rate: 19.2169%
Total runtime: 1.48339 mins (737.144 cycles/s)
************
Performed 93000 out of 10000000 MC cycles
Polymer acceptance rate: 19.8919%
Total runtime: 1.49878 mins (1083.36 cycles/s)
************
Performed 94000 out of 10000000 MC cycles
Polymer acceptance rate: 19.6628%
Total runtime: 1.5218 mins (724.025 cycles/s)
************
Performed 95000 out of 10000000 MC cycles
Polymer acceptance rate: 19.8661%
Total runtime: 1.54659 mins (672.149 cycles/s)
************
Performed 96000 out of 10000000 MC cycles
Polymer acceptance rate: 19.6939%
Total runtime: 1.57385 mins (611.55 cycles/s)
************
Performed 97000 out of 10000000 MC cycles
Polymer acceptance rate: 18.7167%
Total runtime: 1.5861 mins (1360.41 cycles/s)
************
Performed 98000 out of 10000000 MC cycles
Polymer acceptance rate: 19.62%
Total runtime: 1.60982 mins (702.492 cycles/s)
************
Performed 99000 out of 10000000 MC cycles
Polymer acceptance rate: 20.0194%
Total runtime: 1.62669 mins (988.248 cycles/s)
************
Performed 100000 out of 10000000 MC cycles
Polymer acceptance rate: 20.0953%
Total runtime: 1.64836 mins (768.892 cycles/s)
************
Performed 101000 out of 10000000 MC cycles
Polymer acceptance rate: 18.7636%
Total runtime: 1.67425 mins (643.941 cycles/s)
************
Performed 102000 out of 10000000 MC cycles
Polymer acceptance rate: 18.8889%
Total runtime: 1.69699 mins (732.779 cycles/s)
************
Performed 103000 out of 10000000 MC cycles
Polymer acceptance rate: 19.0689%
Total runtime: 1.72471 mins (601.177 cycles/s)
************
Performed 104000 out of 10000000 MC cycles
Polymer acceptance rate: 19.5717%
Total runtime: 1.74453 mins (840.972 cycles/s)
************
Performed 105000 out of 10000000 MC cycles
Polymer acceptance rate: 19.7083%
Total runtime: 1.77436 mins (558.825 cycles/s)
************
Performed 106000 out of 10000000 MC cycles
Polymer acceptance rate: 19.3711%
Total runtime: 1.78929 mins (1115.78 cycles/s)
************
Performed 107000 out of 10000000 MC cycles
Polymer acceptance rate: 19.9611%
Total runtime: 1.80891 mins (849.73 cycles/s)
************
Performed 108000 out of 10000000 MC cycles
Polymer acceptance rate: 19.4922%
Total runtime: 1.83459 mins (648.873 cycles/s)
************
Performed 109000 out of 10000000 MC cycles
Polymer acceptance rate: 19.3272%
Total runtime: 1.85431 mins (845.352 cycles/s)
************
Performed 110000 out of 10000000 MC cycles
Polymer acceptance rate: 19.3667%
Total runtime: 1.88411 mins (559.325 cycles/s)
************
Performed 111000 out of 10000000 MC cycles
Polymer acceptance rate: 19.4094%
Total runtime: 1.91607 mins (521.475 cycles/s)
************
Performed 112000 out of 10000000 MC cycles
Polymer acceptance rate: 18.9172%
Total runtime: 1.93402 mins (928.372 cycles/s)
************
Performed 113000 out of 10000000 MC cycles
Polymer acceptance rate: 19.2272%
Total runtime: 1.95249 mins (902.524 cycles/s)
************
Performed 114000 out of 10000000 MC cycles
Polymer acceptance rate: 19.5842%
Total runtime: 1.98036 mins (597.903 cycles/s)
************
Performed 115000 out of 10000000 MC cycles
Polymer acceptance rate: 19.7397%
Total runtime: 2.0015 mins (788.626 cycles/s)
************
Performed 116000 out of 10000000 MC cycles
Polymer acceptance rate: 19.0178%
Total runtime: 2.01326 mins (1416.5 cycles/s)
************
Performed 117000 out of 10000000 MC cycles
Polymer acceptance rate: 18.9778%
Total runtime: 2.11709 mins (160.521 cycles/s)
************
Performed 118000 out of 10000000 MC cycles
Polymer acceptance rate: 19.5494%
Total runtime: 2.12985 mins (1306.15 cycles/s)
************
Performed 119000 out of 10000000 MC cycles
Polymer acceptance rate: 18.9344%
Total runtime: 2.15961 mins (560.071 cycles/s)
************
Performed 120000 out of 10000000 MC cycles
Polymer acceptance rate: 19.1928%
Total runtime: 2.21594 mins (295.848 cycles/s)
************
Performed 121000 out of 10000000 MC cycles
Polymer acceptance rate: 19.4539%
Total runtime: 2.24053 mins (678.017 cycles/s)
************
Performed 122000 out of 10000000 MC cycles
Polymer acceptance rate: 19.3153%
Total runtime: 2.26758 mins (616.027 cycles/s)
************
Performed 123000 out of 10000000 MC cycles
Polymer acceptance rate: 19.86%
Total runtime: 2.28791 mins (819.873 cycles/s)
************
Performed 124000 out of 10000000 MC cycles
Polymer acceptance rate: 19.7781%
Total runtime: 2.29673 mins (1890.05 cycles/s)
