Using entropy-harvested random seed: 253516610
Running with initial polymer density 0.000485979
Using 360 TADs, including main chain of length 360
************
Performed 1000 out of 10000000 MC cycles
Polymer acceptance rate: 16.4147%
Total runtime: 0.0201321 mins (827.867 cycles/s)
************
Performed 2000 out of 10000000 MC cycles
Polymer acceptance rate: 17.9739%
Total runtime: 0.0349802 mins (1122.48 cycles/s)
************
Performed 3000 out of 10000000 MC cycles
Polymer acceptance rate: 18.4533%
Total runtime: 0.046545 mins (1441.15 cycles/s)
************
Performed 4000 out of 10000000 MC cycles
Polymer acceptance rate: 19.1678%
Total runtime: 0.0609968 mins (1153.26 cycles/s)
************
Performed 5000 out of 10000000 MC cycles
Polymer acceptance rate: 19.0603%
Total runtime: 0.0703328 mins (1785.21 cycles/s)
************
Performed 6000 out of 10000000 MC cycles
Polymer acceptance rate: 19.2706%
Total runtime: 0.0837001 mins (1246.82 cycles/s)
************
Performed 7000 out of 10000000 MC cycles
Polymer acceptance rate: 19.6731%
Total runtime: 0.101766 mins (922.57 cycles/s)
************
Performed 8000 out of 10000000 MC cycles
Polymer acceptance rate: 19.5844%
Total runtime: 0.120637 mins (883.177 cycles/s)
************
Performed 9000 out of 10000000 MC cycles
Polymer acceptance rate: 19.4883%
Total runtime: 0.140479 mins (839.951 cycles/s)
************
Performed 10000 out of 10000000 MC cycles
Polymer acceptance rate: 19.5489%
Total runtime: 0.158939 mins (902.847 cycles/s)
************
Performed 11000 out of 10000000 MC cycles
Polymer acceptance rate: 19.2539%
Total runtime: 0.181026 mins (754.591 cycles/s)
************
Performed 12000 out of 10000000 MC cycles
Polymer acceptance rate: 19.3586%
Total runtime: 0.196755 mins (1059.67 cycles/s)
************
Performed 13000 out of 10000000 MC cycles
Polymer acceptance rate: 19.4322%
Total runtime: 0.215441 mins (891.91 cycles/s)
************
Performed 14000 out of 10000000 MC cycles
Polymer acceptance rate: 19.7569%
Total runtime: 0.241624 mins (636.543 cycles/s)
************
Performed 15000 out of 10000000 MC cycles
Polymer acceptance rate: 19.2867%
Total runtime: 0.251715 mins (1651.58 cycles/s)
************
Performed 16000 out of 10000000 MC cycles
Polymer acceptance rate: 19.5358%
Total runtime: 0.280071 mins (587.777 cycles/s)
************
Performed 17000 out of 10000000 MC cycles
Polymer acceptance rate: 19.4861%
Total runtime: 0.299076 mins (876.955 cycles/s)
************
Performed 18000 out of 10000000 MC cycles
Polymer acceptance rate: 19.3906%
Total runtime: 0.311963 mins (1293.26 cycles/s)
************
Performed 19000 out of 10000000 MC cycles
Polymer acceptance rate: 19.7367%
Total runtime: 0.323444 mins (1451.78 cycles/s)
************
Performed 20000 out of 10000000 MC cycles
Polymer acceptance rate: 19.5878%
Total runtime: 0.336628 mins (1264.15 cycles/s)
************
Performed 21000 out of 10000000 MC cycles
Polymer acceptance rate: 19.1997%
Total runtime: 0.34822 mins (1437.67 cycles/s)
************
Performed 22000 out of 10000000 MC cycles
Polymer acceptance rate: 19.8994%
Total runtime: 0.361046 mins (1299.49 cycles/s)
************
Performed 23000 out of 10000000 MC cycles
Polymer acceptance rate: 19.6017%
Total runtime: 0.37275 mins (1424.04 cycles/s)
************
Performed 24000 out of 10000000 MC cycles
Polymer acceptance rate: 20.06%
Total runtime: 0.386903 mins (1177.62 cycles/s)
************
Performed 25000 out of 10000000 MC cycles
Polymer acceptance rate: 19.6133%
Total runtime: 0.399017 mins (1375.75 cycles/s)
************
Performed 26000 out of 10000000 MC cycles
Polymer acceptance rate: 19.0425%
Total runtime: 0.409678 mins (1563.31 cycles/s)
************
Performed 27000 out of 10000000 MC cycles
Polymer acceptance rate: 19.7019%
Total runtime: 0.425726 mins (1038.6 cycles/s)
************
Performed 28000 out of 10000000 MC cycles
Polymer acceptance rate: 19.9089%
Total runtime: 0.438167 mins (1339.68 cycles/s)
************
Performed 29000 out of 10000000 MC cycles
Polymer acceptance rate: 19.9056%
Total runtime: 0.448364 mins (1634.38 cycles/s)
************
Performed 30000 out of 10000000 MC cycles
Polymer acceptance rate: 19.7919%
Total runtime: 0.462107 mins (1212.72 cycles/s)
************
Performed 31000 out of 10000000 MC cycles
Polymer acceptance rate: 19.0281%
Total runtime: 0.474482 mins (1346.83 cycles/s)
************
Performed 32000 out of 10000000 MC cycles
Polymer acceptance rate: 19.0978%
Total runtime: 0.487245 mins (1305.83 cycles/s)
************
Performed 33000 out of 10000000 MC cycles
Polymer acceptance rate: 19.4336%
Total runtime: 0.500298 mins (1276.83 cycles/s)
************
Performed 34000 out of 10000000 MC cycles
Polymer acceptance rate: 19.095%
Total runtime: 0.51312 mins (1299.85 cycles/s)
************
Performed 35000 out of 10000000 MC cycles
Polymer acceptance rate: 19.7961%
Total runtime: 0.523911 mins (1544.59 cycles/s)
************
Performed 36000 out of 10000000 MC cycles
Polymer acceptance rate: 19.2158%
Total runtime: 0.536769 mins (1296.18 cycles/s)
************
Performed 37000 out of 10000000 MC cycles
Polymer acceptance rate: 19.4378%
Total runtime: 0.547979 mins (1486.74 cycles/s)
************
Performed 38000 out of 10000000 MC cycles
Polymer acceptance rate: 19.3683%
Total runtime: 0.561145 mins (1265.91 cycles/s)
************
Performed 39000 out of 10000000 MC cycles
Polymer acceptance rate: 19.9467%
Total runtime: 0.573983 mins (1298.26 cycles/s)
************
Performed 40000 out of 10000000 MC cycles
Polymer acceptance rate: 19.8081%
Total runtime: 0.581159 mins (2322.35 cycles/s)
************
Performed 41000 out of 10000000 MC cycles
Polymer acceptance rate: 19.8758%
Total runtime: 0.594419 mins (1256.97 cycles/s)
************
Performed 42000 out of 10000000 MC cycles
Polymer acceptance rate: 19.7125%
Total runtime: 0.606949 mins (1330.1 cycles/s)
************
Performed 43000 out of 10000000 MC cycles
Polymer acceptance rate: 19.6703%
Total runtime: 0.62264 mins (1062.17 cycles/s)
************
Performed 44000 out of 10000000 MC cycles
Polymer acceptance rate: 19.9664%
Total runtime: 0.637451 mins (1125.35 cycles/s)
************
Performed 45000 out of 10000000 MC cycles
Polymer acceptance rate: 19.6933%
Total runtime: 0.648343 mins (1530.1 cycles/s)
************
Performed 46000 out of 10000000 MC cycles
Polymer acceptance rate: 19.5053%
Total runtime: 0.663374 mins (1108.84 cycles/s)
************
Performed 47000 out of 10000000 MC cycles
Polymer acceptance rate: 19.5619%
Total runtime: 0.676326 mins (1286.82 cycles/s)
************
Performed 48000 out of 10000000 MC cycles
Polymer acceptance rate: 19.0775%
Total runtime: 0.689835 mins (1233.71 cycles/s)
************
Performed 49000 out of 10000000 MC cycles
Polymer acceptance rate: 19.2181%
Total runtime: 0.702668 mins (1298.78 cycles/s)
************
Performed 50000 out of 10000000 MC cycles
Polymer acceptance rate: 19.5922%
Total runtime: 0.714636 mins (1392.51 cycles/s)
************
Performed 51000 out of 10000000 MC cycles
Polymer acceptance rate: 19.2125%
Total runtime: 0.724141 mins (1753.62 cycles/s)
************
Performed 52000 out of 10000000 MC cycles
Polymer acceptance rate: 19.8128%
Total runtime: 0.737192 mins (1276.99 cycles/s)
************
Performed 53000 out of 10000000 MC cycles
Polymer acceptance rate: 19.5111%
Total runtime: 0.743419 mins (2676.36 cycles/s)
************
Performed 54000 out of 10000000 MC cycles
Polymer acceptance rate: 19.8028%
Total runtime: 0.767518 mins (691.607 cycles/s)
************
Performed 55000 out of 10000000 MC cycles
Polymer acceptance rate: 19.3583%
Total runtime: 0.783112 mins (1068.77 cycles/s)
************
Performed 56000 out of 10000000 MC cycles
Polymer acceptance rate: 19.7317%
Total runtime: 0.803322 mins (824.667 cycles/s)
************
Performed 57000 out of 10000000 MC cycles
Polymer acceptance rate: 19.7281%
Total runtime: 0.819325 mins (1041.48 cycles/s)
************
Performed 58000 out of 10000000 MC cycles
Polymer acceptance rate: 19.7572%
Total runtime: 0.840162 mins (799.863 cycles/s)
************
Performed 59000 out of 10000000 MC cycles
Polymer acceptance rate: 19.5467%
Total runtime: 0.85728 mins (973.636 cycles/s)
************
Performed 60000 out of 10000000 MC cycles
Polymer acceptance rate: 19.3847%
Total runtime: 0.886313 mins (574.051 cycles/s)
************
Performed 61000 out of 10000000 MC cycles
Polymer acceptance rate: 18.9725%
Total runtime: 0.910846 mins (679.379 cycles/s)
************
Performed 62000 out of 10000000 MC cycles
Polymer acceptance rate: 19.2522%
Total runtime: 0.933218 mins (744.973 cycles/s)
************
Performed 63000 out of 10000000 MC cycles
Polymer acceptance rate: 19.7328%
Total runtime: 0.956154 mins (726.661 cycles/s)
************
Performed 64000 out of 10000000 MC cycles
Polymer acceptance rate: 19.0756%
Total runtime: 0.971609 mins (1078.4 cycles/s)
************
Performed 65000 out of 10000000 MC cycles
Polymer acceptance rate: 19.6403%
Total runtime: 0.992401 mins (801.574 cycles/s)
************
Performed 66000 out of 10000000 MC cycles
Polymer acceptance rate: 19.7408%
Total runtime: 1.01374 mins (781.081 cycles/s)
************
Performed 67000 out of 10000000 MC cycles
Polymer acceptance rate: 19.4967%
Total runtime: 1.02533 mins (1437.33 cycles/s)
************
Performed 68000 out of 10000000 MC cycles
Polymer acceptance rate: 19.5936%
Total runtime: 1.04367 mins (909.137 cycles/s)
************
Performed 69000 out of 10000000 MC cycles
Polymer acceptance rate: 20.0767%
Total runtime: 1.05861 mins (1115.09 cycles/s)
************
Performed 70000 out of 10000000 MC cycles
Polymer acceptance rate: 19.4933%
Total runtime: 1.07173 mins (1270.37 cycles/s)
************
Performed 71000 out of 10000000 MC cycles
Polymer acceptance rate: 18.9492%
Total runtime: 1.08917 mins (955.952 cycles/s)
************
Performed 72000 out of 10000000 MC cycles
Polymer acceptance rate: 19.5067%
Total runtime: 1.10492 mins (1057.94 cycles/s)
************
Performed 73000 out of 10000000 MC cycles
Polymer acceptance rate: 19.0506%
Total runtime: 1.12278 mins (933.372 cycles/s)
************
Performed 74000 out of 10000000 MC cycles
Polymer acceptance rate: 19.1553%
Total runtime: 1.15956 mins (453.079 cycles/s)
************
Performed 75000 out of 10000000 MC cycles
Polymer acceptance rate: 19.1369%
Total runtime: 1.18381 mins (687.314 cycles/s)
************
Performed 76000 out of 10000000 MC cycles
Polymer acceptance rate: 19.0861%
Total runtime: 1.20593 mins (753.46 cycles/s)
************
Performed 77000 out of 10000000 MC cycles
Polymer acceptance rate: 19.3644%
Total runtime: 1.21608 mins (1641.8 cycles/s)
************
Performed 78000 out of 10000000 MC cycles
Polymer acceptance rate: 19.7308%
Total runtime: 1.23853 mins (742.554 cycles/s)
************
Performed 79000 out of 10000000 MC cycles
Polymer acceptance rate: 19.6769%
Total runtime: 1.25493 mins (1016.33 cycles/s)
************
Performed 80000 out of 10000000 MC cycles
Polymer acceptance rate: 19.7322%
Total runtime: 1.27195 mins (979.083 cycles/s)
************
Performed 81000 out of 10000000 MC cycles
Polymer acceptance rate: 19.5067%
Total runtime: 1.28371 mins (1417.59 cycles/s)
************
Performed 82000 out of 10000000 MC cycles
Polymer acceptance rate: 19.6664%
Total runtime: 1.30844 mins (673.782 cycles/s)
************
Performed 83000 out of 10000000 MC cycles
Polymer acceptance rate: 19.9708%
Total runtime: 1.32339 mins (1114.84 cycles/s)
************
Performed 84000 out of 10000000 MC cycles
Polymer acceptance rate: 19.8117%
Total runtime: 1.33731 mins (1197.89 cycles/s)
************
Performed 85000 out of 10000000 MC cycles
Polymer acceptance rate: 19.4061%
Total runtime: 1.35234 mins (1108.38 cycles/s)
************
Performed 86000 out of 10000000 MC cycles
Polymer acceptance rate: 19.7539%
Total runtime: 1.3662 mins (1203.19 cycles/s)
************
Performed 87000 out of 10000000 MC cycles
Polymer acceptance rate: 19.9514%
Total runtime: 1.38011 mins (1197.93 cycles/s)
************
Performed 88000 out of 10000000 MC cycles
Polymer acceptance rate: 19.6122%
Total runtime: 1.39879 mins (892.154 cycles/s)
************
Performed 89000 out of 10000000 MC cycles
Polymer acceptance rate: 19.8783%
Total runtime: 1.41927 mins (813.719 cycles/s)
************
Performed 90000 out of 10000000 MC cycles
Polymer acceptance rate: 19.9442%
Total runtime: 1.44106 mins (765.092 cycles/s)
************
Performed 91000 out of 10000000 MC cycles
Polymer acceptance rate: 20.1431%
Total runtime: 1.46354 mins (741.294 cycles/s)
************
Performed 92000 out of 10000000 MC cycles
Polymer acceptance rate: 20.0681%
Total runtime: 1.48244 mins (881.72 cycles/s)
************
Performed 93000 out of 10000000 MC cycles
Polymer acceptance rate: 19.3619%
Total runtime: 1.49367 mins (1483.75 cycles/s)
************
Performed 94000 out of 10000000 MC cycles
Polymer acceptance rate: 19.9742%
Total runtime: 1.51357 mins (837.857 cycles/s)
************
Performed 95000 out of 10000000 MC cycles
Polymer acceptance rate: 19.6939%
Total runtime: 1.53428 mins (804.639 cycles/s)
************
Performed 96000 out of 10000000 MC cycles
Polymer acceptance rate: 19.6517%
Total runtime: 1.54891 mins (1139.46 cycles/s)
************
Performed 97000 out of 10000000 MC cycles
Polymer acceptance rate: 19.5758%
Total runtime: 1.56313 mins (1171.41 cycles/s)
************
Performed 98000 out of 10000000 MC cycles
Polymer acceptance rate: 19.6444%
Total runtime: 1.57099 mins (2121.01 cycles/s)
************
Performed 99000 out of 10000000 MC cycles
Polymer acceptance rate: 19.4072%
Total runtime: 1.60606 mins (475.273 cycles/s)
************
Performed 100000 out of 10000000 MC cycles
Polymer acceptance rate: 19.6878%
Total runtime: 1.63467 mins (582.644 cycles/s)
************
Performed 101000 out of 10000000 MC cycles
Polymer acceptance rate: 19.8983%
Total runtime: 1.65246 mins (936.787 cycles/s)
************
Performed 102000 out of 10000000 MC cycles
Polymer acceptance rate: 19.7972%
Total runtime: 1.66814 mins (1062.39 cycles/s)
************
Performed 103000 out of 10000000 MC cycles
Polymer acceptance rate: 20.1272%
Total runtime: 1.69588 mins (600.836 cycles/s)
************
Performed 104000 out of 10000000 MC cycles
Polymer acceptance rate: 19.9544%
Total runtime: 1.70621 mins (1614.4 cycles/s)
************
Performed 105000 out of 10000000 MC cycles
Polymer acceptance rate: 19.6283%
Total runtime: 1.73145 mins (660.26 cycles/s)
************
Performed 106000 out of 10000000 MC cycles
Polymer acceptance rate: 19.5572%
Total runtime: 1.74996 mins (900.258 cycles/s)
************
Performed 107000 out of 10000000 MC cycles
Polymer acceptance rate: 19.8936%
Total runtime: 1.77226 mins (747.347 cycles/s)
************
Performed 108000 out of 10000000 MC cycles
Polymer acceptance rate: 19.5369%
Total runtime: 1.79521 mins (726.395 cycles/s)
************
Performed 109000 out of 10000000 MC cycles
Polymer acceptance rate: 19.5586%
Total runtime: 1.81994 mins (673.803 cycles/s)
************
Performed 110000 out of 10000000 MC cycles
Polymer acceptance rate: 19.6383%
Total runtime: 1.85027 mins (549.528 cycles/s)
************
Performed 111000 out of 10000000 MC cycles
Polymer acceptance rate: 19.7072%
Total runtime: 1.87952 mins (569.949 cycles/s)
************
Performed 112000 out of 10000000 MC cycles
Polymer acceptance rate: 19.8197%
Total runtime: 1.90928 mins (559.999 cycles/s)
************
Performed 113000 out of 10000000 MC cycles
Polymer acceptance rate: 19.5869%
Total runtime: 1.93784 mins (583.466 cycles/s)
************
Performed 114000 out of 10000000 MC cycles
Polymer acceptance rate: 19.6947%
Total runtime: 1.9481 mins (1624.62 cycles/s)
************
Performed 115000 out of 10000000 MC cycles
Polymer acceptance rate: 19.4011%
Total runtime: 1.95891 mins (1542.56 cycles/s)
************
Performed 116000 out of 10000000 MC cycles
Polymer acceptance rate: 19.0619%
Total runtime: 1.97889 mins (833.948 cycles/s)
************
Performed 117000 out of 10000000 MC cycles
Polymer acceptance rate: 19.3381%
Total runtime: 2.00019 mins (782.332 cycles/s)
************
Performed 118000 out of 10000000 MC cycles
Polymer acceptance rate: 19.8444%
Total runtime: 2.01518 mins (1112.25 cycles/s)
************
Performed 119000 out of 10000000 MC cycles
Polymer acceptance rate: 20.0236%
Total runtime: 2.10837 mins (178.838 cycles/s)
************
Performed 120000 out of 10000000 MC cycles
Polymer acceptance rate: 19.6722%
Total runtime: 2.15032 mins (397.325 cycles/s)
************
Performed 121000 out of 10000000 MC cycles
Polymer acceptance rate: 19.2156%
Total runtime: 2.17664 mins (633.165 cycles/s)
************
Performed 122000 out of 10000000 MC cycles
Polymer acceptance rate: 19.4342%
Total runtime: 2.21931 mins (390.659 cycles/s)
************
Performed 123000 out of 10000000 MC cycles
Polymer acceptance rate: 19.4792%
Total runtime: 2.24499 mins (649.003 cycles/s)
************
Performed 124000 out of 10000000 MC cycles
Polymer acceptance rate: 19.5589%
Total runtime: 2.25879 mins (1207.77 cycles/s)
************
Performed 125000 out of 10000000 MC cycles
Polymer acceptance rate: 19.7422%
Total runtime: 2.28664 mins (598.404 cycles/s)
