Using entropy-harvested random seed: -1677301824
Running with initial polymer density 0.000485979
Using 360 TADs, including main chain of length 360
************
Performed 1000 out of 10000000 MC cycles
Polymer acceptance rate: 15.6044%
Total runtime: 0.0352753 mins (472.474 cycles/s)
************
Performed 2000 out of 10000000 MC cycles
Polymer acceptance rate: 18.0581%
Total runtime: 0.0595731 mins (685.934 cycles/s)
************
Performed 3000 out of 10000000 MC cycles
Polymer acceptance rate: 18.6511%
Total runtime: 0.0740642 mins (1150.13 cycles/s)
************
Performed 4000 out of 10000000 MC cycles
Polymer acceptance rate: 19.2931%
Total runtime: 0.0863081 mins (1361.23 cycles/s)
************
Performed 5000 out of 10000000 MC cycles
Polymer acceptance rate: 19.1417%
Total runtime: 0.0955812 mins (1797.32 cycles/s)
************
Performed 6000 out of 10000000 MC cycles
Polymer acceptance rate: 19.3114%
Total runtime: 0.108288 mins (1311.58 cycles/s)
************
Performed 7000 out of 10000000 MC cycles
Polymer acceptance rate: 19.4358%
Total runtime: 0.123807 mins (1074 cycles/s)
************
Performed 8000 out of 10000000 MC cycles
Polymer acceptance rate: 19.6728%
Total runtime: 0.142535 mins (889.923 cycles/s)
************
Performed 9000 out of 10000000 MC cycles
Polymer acceptance rate: 18.7725%
Total runtime: 0.155513 mins (1284.25 cycles/s)
************
Performed 10000 out of 10000000 MC cycles
Polymer acceptance rate: 19.2122%
Total runtime: 0.175285 mins (842.946 cycles/s)
************
Performed 11000 out of 10000000 MC cycles
Polymer acceptance rate: 20.1078%
Total runtime: 0.19818 mins (727.933 cycles/s)
************
Performed 12000 out of 10000000 MC cycles
Polymer acceptance rate: 19.5033%
Total runtime: 0.220431 mins (749.039 cycles/s)
************
Performed 13000 out of 10000000 MC cycles
Polymer acceptance rate: 19.6208%
Total runtime: 0.234083 mins (1220.88 cycles/s)
************
Performed 14000 out of 10000000 MC cycles
Polymer acceptance rate: 19.6067%
Total runtime: 0.247123 mins (1278.07 cycles/s)
************
Performed 15000 out of 10000000 MC cycles
Polymer acceptance rate: 20.2858%
Total runtime: 0.278455 mins (531.931 cycles/s)
************
Performed 16000 out of 10000000 MC cycles
Polymer acceptance rate: 19.7903%
Total runtime: 0.29903 mins (810.072 cycles/s)
************
Performed 17000 out of 10000000 MC cycles
Polymer acceptance rate: 19.6317%
Total runtime: 0.31904 mins (832.899 cycles/s)
************
Performed 18000 out of 10000000 MC cycles
Polymer acceptance rate: 19.5261%
Total runtime: 0.333779 mins (1130.78 cycles/s)
************
Performed 19000 out of 10000000 MC cycles
Polymer acceptance rate: 18.5586%
Total runtime: 0.348227 mins (1153.58 cycles/s)
************
Performed 20000 out of 10000000 MC cycles
Polymer acceptance rate: 19.0197%
Total runtime: 0.359531 mins (1474.45 cycles/s)
************
Performed 21000 out of 10000000 MC cycles
Polymer acceptance rate: 19.8814%
Total runtime: 0.372418 mins (1293.29 cycles/s)
************
Performed 22000 out of 10000000 MC cycles
Polymer acceptance rate: 19.4525%
Total runtime: 0.387035 mins (1140.24 cycles/s)
************
Performed 23000 out of 10000000 MC cycles
Polymer acceptance rate: 19.2806%
Total runtime: 0.404149 mins (973.843 cycles/s)
************
Performed 24000 out of 10000000 MC cycles
Polymer acceptance rate: 19.1303%
Total runtime: 0.412936 mins (1896.75 cycles/s)
************
Performed 25000 out of 10000000 MC cycles
Polymer acceptance rate: 19.4197%
Total runtime: 0.422478 mins (1746.7 cycles/s)
************
Performed 26000 out of 10000000 MC cycles
Polymer acceptance rate: 19.5531%
Total runtime: 0.436474 mins (1190.84 cycles/s)
************
Performed 27000 out of 10000000 MC cycles
Polymer acceptance rate: 19.4928%
Total runtime: 0.450532 mins (1185.54 cycles/s)
************
Performed 28000 out of 10000000 MC cycles
Polymer acceptance rate: 19.2553%
Total runtime: 0.458961 mins (1977.3 cycles/s)
************
Performed 29000 out of 10000000 MC cycles
Polymer acceptance rate: 19.1647%
Total runtime: 0.471529 mins (1326.06 cycles/s)
************
Performed 30000 out of 10000000 MC cycles
Polymer acceptance rate: 19.1369%
Total runtime: 0.478138 mins (2521.87 cycles/s)
************
Performed 31000 out of 10000000 MC cycles
Polymer acceptance rate: 18.66%
Total runtime: 0.489113 mins (1518.67 cycles/s)
************
Performed 32000 out of 10000000 MC cycles
Polymer acceptance rate: 19.6519%
Total runtime: 0.501121 mins (1387.95 cycles/s)
************
Performed 33000 out of 10000000 MC cycles
Polymer acceptance rate: 19.1925%
Total runtime: 0.511914 mins (1544.23 cycles/s)
************
Performed 34000 out of 10000000 MC cycles
Polymer acceptance rate: 19.5611%
Total runtime: 0.523717 mins (1412.08 cycles/s)
************
Performed 35000 out of 10000000 MC cycles
Polymer acceptance rate: 19.4406%
Total runtime: 0.537544 mins (1205.36 cycles/s)
************
Performed 36000 out of 10000000 MC cycles
Polymer acceptance rate: 19.8156%
Total runtime: 0.550246 mins (1312.08 cycles/s)
************
Performed 37000 out of 10000000 MC cycles
Polymer acceptance rate: 19.9217%
Total runtime: 0.560209 mins (1672.93 cycles/s)
************
Performed 38000 out of 10000000 MC cycles
Polymer acceptance rate: 19.6167%
Total runtime: 0.567536 mins (2274.57 cycles/s)
************
Performed 39000 out of 10000000 MC cycles
Polymer acceptance rate: 19.5672%
Total runtime: 0.580455 mins (1290.08 cycles/s)
************
Performed 40000 out of 10000000 MC cycles
Polymer acceptance rate: 19.8253%
Total runtime: 0.590661 mins (1633.06 cycles/s)
************
Performed 41000 out of 10000000 MC cycles
Polymer acceptance rate: 18.9386%
Total runtime: 0.597813 mins (2330.49 cycles/s)
************
Performed 42000 out of 10000000 MC cycles
Polymer acceptance rate: 19.8489%
Total runtime: 0.606144 mins (2000.39 cycles/s)
************
Performed 43000 out of 10000000 MC cycles
Polymer acceptance rate: 20.0586%
Total runtime: 0.618027 mins (1402.57 cycles/s)
************
Performed 44000 out of 10000000 MC cycles
Polymer acceptance rate: 19.9858%
Total runtime: 0.631159 mins (1269.17 cycles/s)
************
Performed 45000 out of 10000000 MC cycles
Polymer acceptance rate: 19.5147%
Total runtime: 0.647832 mins (999.631 cycles/s)
************
Performed 46000 out of 10000000 MC cycles
Polymer acceptance rate: 19.5961%
Total runtime: 0.65694 mins (1829.88 cycles/s)
************
Performed 47000 out of 10000000 MC cycles
Polymer acceptance rate: 19.5108%
Total runtime: 0.67175 mins (1125.42 cycles/s)
************
Performed 48000 out of 10000000 MC cycles
Polymer acceptance rate: 18.865%
Total runtime: 0.680442 mins (1917.41 cycles/s)
************
Performed 49000 out of 10000000 MC cycles
Polymer acceptance rate: 20.0961%
Total runtime: 0.697244 mins (991.962 cycles/s)
************
Performed 50000 out of 10000000 MC cycles
Polymer acceptance rate: 20.5042%
Total runtime: 0.708206 mins (1520.28 cycles/s)
************
Performed 51000 out of 10000000 MC cycles
Polymer acceptance rate: 19.7136%
Total runtime: 0.720795 mins (1323.98 cycles/s)
************
Performed 52000 out of 10000000 MC cycles
Polymer acceptance rate: 19.655%
Total runtime: 0.736504 mins (1060.94 cycles/s)
************
Performed 53000 out of 10000000 MC cycles
Polymer acceptance rate: 19.7269%
Total runtime: 0.741414 mins (3394.29 cycles/s)
************
Performed 54000 out of 10000000 MC cycles
Polymer acceptance rate: 19.3325%
Total runtime: 0.756155 mins (1130.65 cycles/s)
************
Performed 55000 out of 10000000 MC cycles
Polymer acceptance rate: 19.4197%
Total runtime: 0.767654 mins (1449.36 cycles/s)
************
Performed 56000 out of 10000000 MC cycles
Polymer acceptance rate: 19.4442%
Total runtime: 0.779197 mins (1443.95 cycles/s)
************
Performed 57000 out of 10000000 MC cycles
Polymer acceptance rate: 19.6106%
Total runtime: 0.797691 mins (901.208 cycles/s)
************
Performed 58000 out of 10000000 MC cycles
Polymer acceptance rate: 19.895%
Total runtime: 0.812308 mins (1140.18 cycles/s)
************
Performed 59000 out of 10000000 MC cycles
Polymer acceptance rate: 19.8031%
Total runtime: 0.834537 mins (749.787 cycles/s)
************
Performed 60000 out of 10000000 MC cycles
Polymer acceptance rate: 19.5544%
Total runtime: 0.850724 mins (1029.63 cycles/s)
************
Performed 61000 out of 10000000 MC cycles
Polymer acceptance rate: 19.065%
Total runtime: 0.862215 mins (1450.39 cycles/s)
************
Performed 62000 out of 10000000 MC cycles
Polymer acceptance rate: 19.0917%
Total runtime: 0.882861 mins (807.273 cycles/s)
************
Performed 63000 out of 10000000 MC cycles
Polymer acceptance rate: 19.4167%
Total runtime: 0.900993 mins (919.165 cycles/s)
************
Performed 64000 out of 10000000 MC cycles
Polymer acceptance rate: 19.1331%
Total runtime: 0.941878 mins (407.652 cycles/s)
************
Performed 65000 out of 10000000 MC cycles
Polymer acceptance rate: 19.5264%
Total runtime: 0.964022 mins (752.629 cycles/s)
************
Performed 66000 out of 10000000 MC cycles
Polymer acceptance rate: 19.8019%
Total runtime: 0.983993 mins (834.557 cycles/s)
************
Performed 67000 out of 10000000 MC cycles
Polymer acceptance rate: 19.6067%
Total runtime: 1.00715 mins (719.738 cycles/s)
************
Performed 68000 out of 10000000 MC cycles
Polymer acceptance rate: 19.8978%
Total runtime: 1.02221 mins (1106.75 cycles/s)
************
Performed 69000 out of 10000000 MC cycles
Polymer acceptance rate: 20.1414%
Total runtime: 1.04798 mins (646.795 cycles/s)
************
Performed 70000 out of 10000000 MC cycles
Polymer acceptance rate: 19.6072%
Total runtime: 1.06176 mins (1209.2 cycles/s)
************
Performed 71000 out of 10000000 MC cycles
Polymer acceptance rate: 20.0219%
Total runtime: 1.08976 mins (595.145 cycles/s)
************
Performed 72000 out of 10000000 MC cycles
Polymer acceptance rate: 19.6242%
Total runtime: 1.10599 mins (1027 cycles/s)
************
Performed 73000 out of 10000000 MC cycles
Polymer acceptance rate: 20.0072%
Total runtime: 1.11935 mins (1247.51 cycles/s)
************
Performed 74000 out of 10000000 MC cycles
Polymer acceptance rate: 19.9264%
Total runtime: 1.13503 mins (1063.26 cycles/s)
************
Performed 75000 out of 10000000 MC cycles
Polymer acceptance rate: 19.9964%
Total runtime: 1.15316 mins (919.225 cycles/s)
************
Performed 76000 out of 10000000 MC cycles
Polymer acceptance rate: 19.6478%
Total runtime: 1.1929 mins (419.346 cycles/s)
************
Performed 77000 out of 10000000 MC cycles
Polymer acceptance rate: 19.9731%
Total runtime: 1.21871 mins (645.865 cycles/s)
************
Performed 78000 out of 10000000 MC cycles
Polymer acceptance rate: 19.8583%
Total runtime: 1.23203 mins (1251.24 cycles/s)
************
Performed 79000 out of 10000000 MC cycles
Polymer acceptance rate: 19.5719%
Total runtime: 1.25091 mins (882.626 cycles/s)
************
Performed 80000 out of 10000000 MC cycles
Polymer acceptance rate: 19.5022%
Total runtime: 1.27603 mins (663.637 cycles/s)
************
Performed 81000 out of 10000000 MC cycles
Polymer acceptance rate: 19.28%
Total runtime: 1.27694 mins (18320.5 cycles/s)
************
Performed 82000 out of 10000000 MC cycles
Polymer acceptance rate: 19.9767%
Total runtime: 1.30076 mins (699.552 cycles/s)
************
Performed 83000 out of 10000000 MC cycles
Polymer acceptance rate: 19.4403%
Total runtime: 1.3255 mins (673.66 cycles/s)
************
Performed 84000 out of 10000000 MC cycles
Polymer acceptance rate: 19.8908%
Total runtime: 1.34819 mins (734.616 cycles/s)
************
Performed 85000 out of 10000000 MC cycles
Polymer acceptance rate: 19.0344%
Total runtime: 1.3572 mins (1850.36 cycles/s)
************
Performed 86000 out of 10000000 MC cycles
Polymer acceptance rate: 19.8839%
Total runtime: 1.37361 mins (1015.6 cycles/s)
************
Performed 87000 out of 10000000 MC cycles
Polymer acceptance rate: 19.4631%
Total runtime: 1.38982 mins (1027.68 cycles/s)
************
Performed 88000 out of 10000000 MC cycles
Polymer acceptance rate: 19.5922%
Total runtime: 1.4045 mins (1135.41 cycles/s)
************
Performed 89000 out of 10000000 MC cycles
Polymer acceptance rate: 19.9503%
Total runtime: 1.41469 mins (1636.27 cycles/s)
************
Performed 90000 out of 10000000 MC cycles
Polymer acceptance rate: 19.6919%
Total runtime: 1.4346 mins (837.095 cycles/s)
************
Performed 91000 out of 10000000 MC cycles
Polymer acceptance rate: 19.2425%
Total runtime: 1.45494 mins (819.365 cycles/s)
************
Performed 92000 out of 10000000 MC cycles
Polymer acceptance rate: 19.9942%
Total runtime: 1.47293 mins (926.327 cycles/s)
************
Performed 93000 out of 10000000 MC cycles
Polymer acceptance rate: 20.0453%
Total runtime: 1.49847 mins (652.562 cycles/s)
************
Performed 94000 out of 10000000 MC cycles
Polymer acceptance rate: 19.4172%
Total runtime: 1.51608 mins (946.406 cycles/s)
************
Performed 95000 out of 10000000 MC cycles
Polymer acceptance rate: 19.83%
Total runtime: 1.53244 mins (1019.15 cycles/s)
************
Performed 96000 out of 10000000 MC cycles
Polymer acceptance rate: 19.5619%
Total runtime: 1.54572 mins (1254.97 cycles/s)
************
Performed 97000 out of 10000000 MC cycles
Polymer acceptance rate: 19.9844%
Total runtime: 1.55859 mins (1295.09 cycles/s)
************
Performed 98000 out of 10000000 MC cycles
Polymer acceptance rate: 20.1342%
Total runtime: 1.58508 mins (629.096 cycles/s)
************
Performed 99000 out of 10000000 MC cycles
Polymer acceptance rate: 19.7958%
Total runtime: 1.61681 mins (525.17 cycles/s)
************
Performed 100000 out of 10000000 MC cycles
Polymer acceptance rate: 20.1464%
Total runtime: 1.6274 mins (1574.65 cycles/s)
************
Performed 101000 out of 10000000 MC cycles
Polymer acceptance rate: 20.3072%
Total runtime: 1.63929 mins (1401.72 cycles/s)
************
Performed 102000 out of 10000000 MC cycles
Polymer acceptance rate: 19.8331%
Total runtime: 1.66473 mins (655.167 cycles/s)
************
Performed 103000 out of 10000000 MC cycles
Polymer acceptance rate: 20.345%
Total runtime: 1.68511 mins (817.887 cycles/s)
************
Performed 104000 out of 10000000 MC cycles
Polymer acceptance rate: 19.8814%
Total runtime: 1.7184 mins (500.637 cycles/s)
************
Performed 105000 out of 10000000 MC cycles
Polymer acceptance rate: 19.6594%
Total runtime: 1.73925 mins (799.359 cycles/s)
************
Performed 106000 out of 10000000 MC cycles
Polymer acceptance rate: 19.4419%
Total runtime: 1.76407 mins (671.435 cycles/s)
************
Performed 107000 out of 10000000 MC cycles
Polymer acceptance rate: 20.0194%
Total runtime: 1.78629 mins (750.016 cycles/s)
************
Performed 108000 out of 10000000 MC cycles
Polymer acceptance rate: 19.9569%
Total runtime: 1.79038 mins (4071.9 cycles/s)
************
Performed 109000 out of 10000000 MC cycles
Polymer acceptance rate: 19.5917%
Total runtime: 1.82106 mins (543.378 cycles/s)
************
Performed 110000 out of 10000000 MC cycles
Polymer acceptance rate: 19.8617%
Total runtime: 1.83586 mins (1126.02 cycles/s)
************
Performed 111000 out of 10000000 MC cycles
Polymer acceptance rate: 20.1178%
Total runtime: 1.8679 mins (520.091 cycles/s)
************
Performed 112000 out of 10000000 MC cycles
Polymer acceptance rate: 20.0164%
Total runtime: 1.89287 mins (667.445 cycles/s)
************
Performed 113000 out of 10000000 MC cycles
Polymer acceptance rate: 19.9956%
Total runtime: 1.92266 mins (559.626 cycles/s)
************
Performed 114000 out of 10000000 MC cycles
Polymer acceptance rate: 19.7336%
Total runtime: 1.94972 mins (615.836 cycles/s)
************
Performed 115000 out of 10000000 MC cycles
Polymer acceptance rate: 19.9897%
Total runtime: 1.97202 mins (747.444 cycles/s)
************
Performed 116000 out of 10000000 MC cycles
Polymer acceptance rate: 19.2633%
Total runtime: 1.99576 mins (701.96 cycles/s)
************
Performed 117000 out of 10000000 MC cycles
Polymer acceptance rate: 19.9525%
Total runtime: 2.02274 mins (617.673 cycles/s)
************
Performed 118000 out of 10000000 MC cycles
Polymer acceptance rate: 20.1494%
Total runtime: 2.04116 mins (905.144 cycles/s)
************
Performed 119000 out of 10000000 MC cycles
Polymer acceptance rate: 19.6756%
Total runtime: 2.05328 mins (1375.25 cycles/s)
************
Performed 120000 out of 10000000 MC cycles
Polymer acceptance rate: 19.8503%
Total runtime: 2.16686 mins (146.741 cycles/s)
************
Performed 121000 out of 10000000 MC cycles
Polymer acceptance rate: 19.2172%
Total runtime: 2.19228 mins (655.432 cycles/s)
************
Performed 122000 out of 10000000 MC cycles
Polymer acceptance rate: 19.4942%
Total runtime: 2.22561 mins (500.136 cycles/s)
************
Performed 123000 out of 10000000 MC cycles
Polymer acceptance rate: 19.9614%
Total runtime: 2.27435 mins (341.947 cycles/s)
************
Performed 124000 out of 10000000 MC cycles
Polymer acceptance rate: 20.16%
Total runtime: 2.30544 mins (536.015 cycles/s)
************
Performed 125000 out of 10000000 MC cycles
Polymer acceptance rate: 19.41%
Total runtime: 2.32562 mins (825.786 cycles/s)
