Using entropy-harvested random seed: -2102749435
Running with initial polymer density 0.000485979
Using 360 TADs, including main chain of length 360
************
Performed 1000 out of 10000000 MC cycles
Polymer acceptance rate: 15.9083%
Total runtime: 0.0229489 mins (726.25 cycles/s)
************
Performed 2000 out of 10000000 MC cycles
Polymer acceptance rate: 18.3367%
Total runtime: 0.0352095 mins (1359.37 cycles/s)
************
Performed 3000 out of 10000000 MC cycles
Polymer acceptance rate: 19.0717%
Total runtime: 0.0461475 mins (1523.74 cycles/s)
************
Performed 4000 out of 10000000 MC cycles
Polymer acceptance rate: 18.8425%
Total runtime: 0.0570737 mins (1525.39 cycles/s)
************
Performed 5000 out of 10000000 MC cycles
Polymer acceptance rate: 18.6972%
Total runtime: 0.0695527 mins (1335.58 cycles/s)
************
Performed 6000 out of 10000000 MC cycles
Polymer acceptance rate: 19.2658%
Total runtime: 0.0807462 mins (1488.96 cycles/s)
************
Performed 7000 out of 10000000 MC cycles
Polymer acceptance rate: 18.7267%
Total runtime: 0.0939777 mins (1259.61 cycles/s)
************
Performed 8000 out of 10000000 MC cycles
Polymer acceptance rate: 19.2733%
Total runtime: 0.111804 mins (934.957 cycles/s)
************
Performed 9000 out of 10000000 MC cycles
Polymer acceptance rate: 19.0169%
Total runtime: 0.126997 mins (1096.96 cycles/s)
************
Performed 10000 out of 10000000 MC cycles
Polymer acceptance rate: 18.9022%
Total runtime: 0.151932 mins (668.418 cycles/s)
************
Performed 11000 out of 10000000 MC cycles
Polymer acceptance rate: 19.4514%
Total runtime: 0.178261 mins (633.014 cycles/s)
************
Performed 12000 out of 10000000 MC cycles
Polymer acceptance rate: 19.9558%
Total runtime: 0.197183 mins (880.827 cycles/s)
************
Performed 13000 out of 10000000 MC cycles
Polymer acceptance rate: 19.9247%
Total runtime: 0.212242 mins (1106.71 cycles/s)
************
Performed 14000 out of 10000000 MC cycles
Polymer acceptance rate: 19.8142%
Total runtime: 0.242212 mins (556.116 cycles/s)
************
Performed 15000 out of 10000000 MC cycles
Polymer acceptance rate: 19.0267%
Total runtime: 0.267503 mins (659 cycles/s)
************
Performed 16000 out of 10000000 MC cycles
Polymer acceptance rate: 19.6883%
Total runtime: 0.279871 mins (1347.56 cycles/s)
************
Performed 17000 out of 10000000 MC cycles
Polymer acceptance rate: 19.2886%
Total runtime: 0.298159 mins (911.332 cycles/s)
************
Performed 18000 out of 10000000 MC cycles
Polymer acceptance rate: 19.4606%
Total runtime: 0.310255 mins (1377.91 cycles/s)
************
Performed 19000 out of 10000000 MC cycles
Polymer acceptance rate: 19.5806%
Total runtime: 0.326281 mins (1039.97 cycles/s)
************
Performed 20000 out of 10000000 MC cycles
Polymer acceptance rate: 19.2233%
Total runtime: 0.33957 mins (1254.14 cycles/s)
************
Performed 21000 out of 10000000 MC cycles
Polymer acceptance rate: 19.2067%
Total runtime: 0.353314 mins (1212.62 cycles/s)
************
Performed 22000 out of 10000000 MC cycles
Polymer acceptance rate: 19.2031%
Total runtime: 0.368262 mins (1114.99 cycles/s)
************
Performed 23000 out of 10000000 MC cycles
Polymer acceptance rate: 19.8644%
Total runtime: 0.379506 mins (1482.26 cycles/s)
************
Performed 24000 out of 10000000 MC cycles
Polymer acceptance rate: 19.1358%
Total runtime: 0.392064 mins (1327.18 cycles/s)
************
Performed 25000 out of 10000000 MC cycles
Polymer acceptance rate: 19.6228%
Total runtime: 0.402797 mins (1552.91 cycles/s)
************
Performed 26000 out of 10000000 MC cycles
Polymer acceptance rate: 19.8356%
Total runtime: 0.416896 mins (1182.14 cycles/s)
************
Performed 27000 out of 10000000 MC cycles
Polymer acceptance rate: 19.4969%
Total runtime: 0.425282 mins (1987.31 cycles/s)
************
Performed 28000 out of 10000000 MC cycles
Polymer acceptance rate: 19.2403%
Total runtime: 0.440065 mins (1127.46 cycles/s)
************
Performed 29000 out of 10000000 MC cycles
Polymer acceptance rate: 19.39%
Total runtime: 0.454763 mins (1133.89 cycles/s)
************
Performed 30000 out of 10000000 MC cycles
Polymer acceptance rate: 19.7508%
Total runtime: 0.465302 mins (1581.54 cycles/s)
************
Performed 31000 out of 10000000 MC cycles
Polymer acceptance rate: 19.6756%
Total runtime: 0.473266 mins (2092.73 cycles/s)
************
Performed 32000 out of 10000000 MC cycles
Polymer acceptance rate: 19.3744%
Total runtime: 0.486626 mins (1247.43 cycles/s)
************
Performed 33000 out of 10000000 MC cycles
Polymer acceptance rate: 19.9728%
Total runtime: 0.498768 mins (1372.67 cycles/s)
************
Performed 34000 out of 10000000 MC cycles
Polymer acceptance rate: 19.8025%
Total runtime: 0.512562 mins (1208.28 cycles/s)
************
Performed 35000 out of 10000000 MC cycles
Polymer acceptance rate: 19.1572%
Total runtime: 0.525149 mins (1324.07 cycles/s)
************
Performed 36000 out of 10000000 MC cycles
Polymer acceptance rate: 19.5511%
Total runtime: 0.538717 mins (1228.38 cycles/s)
************
Performed 37000 out of 10000000 MC cycles
Polymer acceptance rate: 19.1894%
Total runtime: 0.550569 mins (1406.31 cycles/s)
************
Performed 38000 out of 10000000 MC cycles
Polymer acceptance rate: 19.0731%
Total runtime: 0.556722 mins (2708.6 cycles/s)
************
Performed 39000 out of 10000000 MC cycles
Polymer acceptance rate: 19.0692%
Total runtime: 0.571402 mins (1135.35 cycles/s)
************
Performed 40000 out of 10000000 MC cycles
Polymer acceptance rate: 19.2314%
Total runtime: 0.582359 mins (1521 cycles/s)
************
Performed 41000 out of 10000000 MC cycles
Polymer acceptance rate: 19.0881%
Total runtime: 0.595205 mins (1297.42 cycles/s)
************
Performed 42000 out of 10000000 MC cycles
Polymer acceptance rate: 18.8169%
Total runtime: 0.60756 mins (1349.07 cycles/s)
************
Performed 43000 out of 10000000 MC cycles
Polymer acceptance rate: 19.1131%
Total runtime: 0.621019 mins (1238.3 cycles/s)
************
Performed 44000 out of 10000000 MC cycles
Polymer acceptance rate: 18.9917%
Total runtime: 0.633292 mins (1357.99 cycles/s)
************
Performed 45000 out of 10000000 MC cycles
Polymer acceptance rate: 19.4161%
Total runtime: 0.645303 mins (1387.62 cycles/s)
************
Performed 46000 out of 10000000 MC cycles
Polymer acceptance rate: 19.2925%
Total runtime: 0.659793 mins (1150.24 cycles/s)
************
Performed 47000 out of 10000000 MC cycles
Polymer acceptance rate: 19.1706%
Total runtime: 0.671701 mins (1399.52 cycles/s)
************
Performed 48000 out of 10000000 MC cycles
Polymer acceptance rate: 19.3561%
Total runtime: 0.681686 mins (1669.21 cycles/s)
************
Performed 49000 out of 10000000 MC cycles
Polymer acceptance rate: 19.1644%
Total runtime: 0.700104 mins (904.921 cycles/s)
************
Performed 50000 out of 10000000 MC cycles
Polymer acceptance rate: 19.29%
Total runtime: 0.708944 mins (1885.4 cycles/s)
************
Performed 51000 out of 10000000 MC cycles
Polymer acceptance rate: 19.3547%
Total runtime: 0.721639 mins (1312.85 cycles/s)
************
Performed 52000 out of 10000000 MC cycles
Polymer acceptance rate: 19.3522%
Total runtime: 0.735166 mins (1232.13 cycles/s)
************
Performed 53000 out of 10000000 MC cycles
Polymer acceptance rate: 18.9633%
Total runtime: 0.746375 mins (1486.79 cycles/s)
************
Performed 54000 out of 10000000 MC cycles
Polymer acceptance rate: 19.1778%
Total runtime: 0.764012 mins (944.982 cycles/s)
************
Performed 55000 out of 10000000 MC cycles
Polymer acceptance rate: 19.2681%
Total runtime: 0.789182 mins (662.178 cycles/s)
************
Performed 56000 out of 10000000 MC cycles
Polymer acceptance rate: 19.0486%
Total runtime: 0.802914 mins (1213.71 cycles/s)
************
Performed 57000 out of 10000000 MC cycles
Polymer acceptance rate: 18.6194%
Total runtime: 0.819329 mins (1015.32 cycles/s)
************
Performed 58000 out of 10000000 MC cycles
Polymer acceptance rate: 18.8306%
Total runtime: 0.836579 mins (966.193 cycles/s)
************
Performed 59000 out of 10000000 MC cycles
Polymer acceptance rate: 18.6408%
Total runtime: 0.853951 mins (959.395 cycles/s)
************
Performed 60000 out of 10000000 MC cycles
Polymer acceptance rate: 19.0169%
Total runtime: 0.873969 mins (832.573 cycles/s)
************
Performed 61000 out of 10000000 MC cycles
Polymer acceptance rate: 19.0283%
Total runtime: 0.91 mins (462.566 cycles/s)
************
Performed 62000 out of 10000000 MC cycles
Polymer acceptance rate: 18.7767%
Total runtime: 0.934355 mins (684.324 cycles/s)
************
Performed 63000 out of 10000000 MC cycles
Polymer acceptance rate: 18.855%
Total runtime: 0.952305 mins (928.499 cycles/s)
************
Performed 64000 out of 10000000 MC cycles
Polymer acceptance rate: 18.7681%
Total runtime: 0.969238 mins (984.277 cycles/s)
************
Performed 65000 out of 10000000 MC cycles
Polymer acceptance rate: 18.9444%
Total runtime: 0.990129 mins (797.806 cycles/s)
************
Performed 66000 out of 10000000 MC cycles
Polymer acceptance rate: 18.705%
Total runtime: 1.00847 mins (908.465 cycles/s)
************
Performed 67000 out of 10000000 MC cycles
Polymer acceptance rate: 19.6539%
Total runtime: 1.02973 mins (783.942 cycles/s)
************
Performed 68000 out of 10000000 MC cycles
Polymer acceptance rate: 19.65%
Total runtime: 1.05472 mins (667.15 cycles/s)
************
Performed 69000 out of 10000000 MC cycles
Polymer acceptance rate: 19.2011%
Total runtime: 1.07097 mins (1025.45 cycles/s)
************
Performed 70000 out of 10000000 MC cycles
Polymer acceptance rate: 19.2703%
Total runtime: 1.08674 mins (1056.7 cycles/s)
************
Performed 71000 out of 10000000 MC cycles
Polymer acceptance rate: 18.7633%
Total runtime: 1.09959 mins (1297.57 cycles/s)
************
Performed 72000 out of 10000000 MC cycles
Polymer acceptance rate: 18.9308%
Total runtime: 1.12207 mins (741.153 cycles/s)
************
Performed 73000 out of 10000000 MC cycles
Polymer acceptance rate: 19.3892%
Total runtime: 1.15688 mins (478.792 cycles/s)
************
Performed 74000 out of 10000000 MC cycles
Polymer acceptance rate: 18.7928%
Total runtime: 1.17854 mins (769.668 cycles/s)
************
Performed 75000 out of 10000000 MC cycles
Polymer acceptance rate: 19.3142%
Total runtime: 1.19325 mins (1132.64 cycles/s)
************
Performed 76000 out of 10000000 MC cycles
Polymer acceptance rate: 20.1675%
Total runtime: 1.21952 mins (634.63 cycles/s)
************
Performed 77000 out of 10000000 MC cycles
Polymer acceptance rate: 19.14%
Total runtime: 1.25001 mins (546.471 cycles/s)
************
Performed 78000 out of 10000000 MC cycles
Polymer acceptance rate: 19.5381%
Total runtime: 1.26588 mins (1050.16 cycles/s)
************
Performed 79000 out of 10000000 MC cycles
Polymer acceptance rate: 20.2856%
Total runtime: 1.28895 mins (722.73 cycles/s)
************
Performed 80000 out of 10000000 MC cycles
Polymer acceptance rate: 19.4503%
Total runtime: 1.30367 mins (1131.9 cycles/s)
************
Performed 81000 out of 10000000 MC cycles
Polymer acceptance rate: 19.5469%
Total runtime: 1.324 mins (819.865 cycles/s)
************
Performed 82000 out of 10000000 MC cycles
Polymer acceptance rate: 20.1658%
Total runtime: 1.33973 mins (1059.45 cycles/s)
************
Performed 83000 out of 10000000 MC cycles
Polymer acceptance rate: 20.0617%
Total runtime: 1.35304 mins (1252.46 cycles/s)
************
Performed 84000 out of 10000000 MC cycles
Polymer acceptance rate: 19.1789%
Total runtime: 1.35887 mins (2858.7 cycles/s)
************
Performed 85000 out of 10000000 MC cycles
Polymer acceptance rate: 19.5508%
Total runtime: 1.37255 mins (1217.8 cycles/s)
************
Performed 86000 out of 10000000 MC cycles
Polymer acceptance rate: 19.2817%
Total runtime: 1.39473 mins (751.64 cycles/s)
************
Performed 87000 out of 10000000 MC cycles
Polymer acceptance rate: 19.3056%
Total runtime: 1.40256 mins (2126.33 cycles/s)
************
Performed 88000 out of 10000000 MC cycles
Polymer acceptance rate: 19.8897%
Total runtime: 1.42684 mins (686.512 cycles/s)
************
Performed 89000 out of 10000000 MC cycles
Polymer acceptance rate: 19.5658%
Total runtime: 1.44818 mins (781.011 cycles/s)
************
Performed 90000 out of 10000000 MC cycles
Polymer acceptance rate: 19.0878%
Total runtime: 1.47294 mins (673.089 cycles/s)
************
Performed 91000 out of 10000000 MC cycles
Polymer acceptance rate: 19.5053%
Total runtime: 1.49263 mins (846.396 cycles/s)
************
Performed 92000 out of 10000000 MC cycles
Polymer acceptance rate: 19.5464%
Total runtime: 1.50424 mins (1436.35 cycles/s)
************
Performed 93000 out of 10000000 MC cycles
Polymer acceptance rate: 20.0389%
Total runtime: 1.51863 mins (1158 cycles/s)
************
Performed 94000 out of 10000000 MC cycles
Polymer acceptance rate: 19.8303%
Total runtime: 1.53941 mins (802.151 cycles/s)
************
Performed 95000 out of 10000000 MC cycles
Polymer acceptance rate: 20.0169%
Total runtime: 1.56331 mins (697.276 cycles/s)
************
Performed 96000 out of 10000000 MC cycles
Polymer acceptance rate: 19.6297%
Total runtime: 1.58886 mins (652.338 cycles/s)
************
Performed 97000 out of 10000000 MC cycles
Polymer acceptance rate: 19.61%
Total runtime: 1.60239 mins (1231.97 cycles/s)
************
Performed 98000 out of 10000000 MC cycles
Polymer acceptance rate: 19.3547%
Total runtime: 1.62688 mins (680.463 cycles/s)
************
Performed 99000 out of 10000000 MC cycles
Polymer acceptance rate: 19.0781%
Total runtime: 1.63814 mins (1480.46 cycles/s)
************
Performed 100000 out of 10000000 MC cycles
Polymer acceptance rate: 19.1664%
Total runtime: 1.65521 mins (976.367 cycles/s)
************
Performed 101000 out of 10000000 MC cycles
Polymer acceptance rate: 18.7636%
Total runtime: 1.66974 mins (1146.66 cycles/s)
************
Performed 102000 out of 10000000 MC cycles
Polymer acceptance rate: 19.7772%
Total runtime: 1.69723 mins (606.29 cycles/s)
************
Performed 103000 out of 10000000 MC cycles
Polymer acceptance rate: 19.8675%
Total runtime: 1.72224 mins (666.566 cycles/s)
************
Performed 104000 out of 10000000 MC cycles
Polymer acceptance rate: 19.3492%
Total runtime: 1.74017 mins (929.579 cycles/s)
************
Performed 105000 out of 10000000 MC cycles
Polymer acceptance rate: 20.0378%
Total runtime: 1.76174 mins (772.467 cycles/s)
************
Performed 106000 out of 10000000 MC cycles
Polymer acceptance rate: 19.0547%
Total runtime: 1.78708 mins (657.818 cycles/s)
************
Performed 107000 out of 10000000 MC cycles
Polymer acceptance rate: 19.0097%
Total runtime: 1.80049 mins (1242.95 cycles/s)
************
Performed 108000 out of 10000000 MC cycles
Polymer acceptance rate: 19.2622%
Total runtime: 1.8088 mins (2004.28 cycles/s)
************
Performed 109000 out of 10000000 MC cycles
Polymer acceptance rate: 19.8892%
Total runtime: 1.83198 mins (719.091 cycles/s)
************
Performed 110000 out of 10000000 MC cycles
Polymer acceptance rate: 19.8981%
Total runtime: 1.86172 mins (560.51 cycles/s)
************
Performed 111000 out of 10000000 MC cycles
Polymer acceptance rate: 19.8203%
Total runtime: 1.88547 mins (701.531 cycles/s)
************
Performed 112000 out of 10000000 MC cycles
Polymer acceptance rate: 19.2733%
Total runtime: 1.90895 mins (709.789 cycles/s)
************
Performed 113000 out of 10000000 MC cycles
Polymer acceptance rate: 18.9661%
Total runtime: 1.9246 mins (1065.5 cycles/s)
************
Performed 114000 out of 10000000 MC cycles
Polymer acceptance rate: 19.2058%
Total runtime: 1.94426 mins (847.531 cycles/s)
************
Performed 115000 out of 10000000 MC cycles
Polymer acceptance rate: 19.6525%
Total runtime: 1.9512 mins (2401.35 cycles/s)
************
Performed 116000 out of 10000000 MC cycles
Polymer acceptance rate: 19.4722%
Total runtime: 1.98341 mins (517.438 cycles/s)
************
Performed 117000 out of 10000000 MC cycles
Polymer acceptance rate: 19.8439%
Total runtime: 2.00436 mins (795.472 cycles/s)
************
Performed 118000 out of 10000000 MC cycles
Polymer acceptance rate: 19.585%
Total runtime: 2.02833 mins (695.32 cycles/s)
************
Performed 119000 out of 10000000 MC cycles
Polymer acceptance rate: 19.5483%
Total runtime: 2.12517 mins (172.104 cycles/s)
************
Performed 120000 out of 10000000 MC cycles
Polymer acceptance rate: 19.1081%
Total runtime: 2.15509 mins (557.039 cycles/s)
************
Performed 121000 out of 10000000 MC cycles
Polymer acceptance rate: 19.3622%
Total runtime: 2.17961 mins (679.901 cycles/s)
************
Performed 122000 out of 10000000 MC cycles
Polymer acceptance rate: 19.2275%
Total runtime: 2.20136 mins (766.213 cycles/s)
************
Performed 123000 out of 10000000 MC cycles
Polymer acceptance rate: 19.4364%
Total runtime: 2.2385 mins (448.77 cycles/s)
************
Performed 124000 out of 10000000 MC cycles
Polymer acceptance rate: 19.1417%
Total runtime: 2.26693 mins (586.234 cycles/s)
************
Performed 125000 out of 10000000 MC cycles
Polymer acceptance rate: 18.8683%
Total runtime: 2.28872 mins (764.887 cycles/s)
