Using entropy-harvested random seed: 241759426
Running with initial polymer density 0.000485979
Using 360 TADs, including main chain of length 360
************
Performed 1000 out of 10000000 MC cycles
Polymer acceptance rate: 15.7994%
Total runtime: 0.00847799 mins (1965.88 cycles/s)
************
Performed 2000 out of 10000000 MC cycles
Polymer acceptance rate: 17.9781%
Total runtime: 0.0297163 mins (784.746 cycles/s)
************
Performed 3000 out of 10000000 MC cycles
Polymer acceptance rate: 18.955%
Total runtime: 0.0428246 mins (1271.45 cycles/s)
************
Performed 4000 out of 10000000 MC cycles
Polymer acceptance rate: 18.9256%
Total runtime: 0.0547902 mins (1392.89 cycles/s)
************
Performed 5000 out of 10000000 MC cycles
Polymer acceptance rate: 18.9486%
Total runtime: 0.0683084 mins (1232.91 cycles/s)
************
Performed 6000 out of 10000000 MC cycles
Polymer acceptance rate: 19.0431%
Total runtime: 0.0808273 mins (1331.32 cycles/s)
************
Performed 7000 out of 10000000 MC cycles
Polymer acceptance rate: 19.1736%
Total runtime: 0.102391 mins (772.919 cycles/s)
************
Performed 8000 out of 10000000 MC cycles
Polymer acceptance rate: 19.2322%
Total runtime: 0.113449 mins (1507.09 cycles/s)
************
Performed 9000 out of 10000000 MC cycles
Polymer acceptance rate: 19.6786%
Total runtime: 0.131465 mins (925.116 cycles/s)
************
Performed 10000 out of 10000000 MC cycles
Polymer acceptance rate: 19.4744%
Total runtime: 0.141234 mins (1706.08 cycles/s)
************
Performed 11000 out of 10000000 MC cycles
Polymer acceptance rate: 19.2794%
Total runtime: 0.152424 mins (1489.48 cycles/s)
************
Performed 12000 out of 10000000 MC cycles
Polymer acceptance rate: 19.4272%
Total runtime: 0.183717 mins (532.601 cycles/s)
************
Performed 13000 out of 10000000 MC cycles
Polymer acceptance rate: 19.5308%
Total runtime: 0.19761 mins (1199.65 cycles/s)
************
Performed 14000 out of 10000000 MC cycles
Polymer acceptance rate: 19.2753%
Total runtime: 0.2122 mins (1142.29 cycles/s)
************
Performed 15000 out of 10000000 MC cycles
Polymer acceptance rate: 18.985%
Total runtime: 0.236483 mins (686.367 cycles/s)
************
Performed 16000 out of 10000000 MC cycles
Polymer acceptance rate: 19.0719%
Total runtime: 0.263791 mins (610.308 cycles/s)
************
Performed 17000 out of 10000000 MC cycles
Polymer acceptance rate: 18.8772%
Total runtime: 0.281547 mins (938.65 cycles/s)
************
Performed 18000 out of 10000000 MC cycles
Polymer acceptance rate: 18.7467%
Total runtime: 0.296137 mins (1142.32 cycles/s)
************
Performed 19000 out of 10000000 MC cycles
Polymer acceptance rate: 19.1367%
Total runtime: 0.309806 mins (1219.38 cycles/s)
************
Performed 20000 out of 10000000 MC cycles
Polymer acceptance rate: 19.7139%
Total runtime: 0.324311 mins (1149.03 cycles/s)
************
Performed 21000 out of 10000000 MC cycles
Polymer acceptance rate: 19.4814%
Total runtime: 0.336136 mins (1409.44 cycles/s)
************
Performed 22000 out of 10000000 MC cycles
Polymer acceptance rate: 19.6622%
Total runtime: 0.3512 mins (1106.38 cycles/s)
************
Performed 23000 out of 10000000 MC cycles
Polymer acceptance rate: 19.8722%
Total runtime: 0.364056 mins (1296.42 cycles/s)
************
Performed 24000 out of 10000000 MC cycles
Polymer acceptance rate: 19.8731%
Total runtime: 0.374311 mins (1625.22 cycles/s)
************
Performed 25000 out of 10000000 MC cycles
Polymer acceptance rate: 19.9172%
Total runtime: 0.385447 mins (1496.64 cycles/s)
************
Performed 26000 out of 10000000 MC cycles
Polymer acceptance rate: 19.7967%
Total runtime: 0.392278 mins (2439.6 cycles/s)
************
Performed 27000 out of 10000000 MC cycles
Polymer acceptance rate: 19.5544%
Total runtime: 0.406807 mins (1147.15 cycles/s)
************
Performed 28000 out of 10000000 MC cycles
Polymer acceptance rate: 19.4292%
Total runtime: 0.417651 mins (1536.93 cycles/s)
************
Performed 29000 out of 10000000 MC cycles
Polymer acceptance rate: 18.7603%
Total runtime: 0.430884 mins (1259.54 cycles/s)
************
Performed 30000 out of 10000000 MC cycles
Polymer acceptance rate: 19.7047%
Total runtime: 0.443022 mins (1373.09 cycles/s)
************
Performed 31000 out of 10000000 MC cycles
Polymer acceptance rate: 19.8356%
Total runtime: 0.45482 mins (1412.63 cycles/s)
************
Performed 32000 out of 10000000 MC cycles
Polymer acceptance rate: 19.6786%
Total runtime: 0.465524 mins (1557.06 cycles/s)
************
Performed 33000 out of 10000000 MC cycles
Polymer acceptance rate: 19.3033%
Total runtime: 0.47577 mins (1626.6 cycles/s)
************
Performed 34000 out of 10000000 MC cycles
Polymer acceptance rate: 19.6597%
Total runtime: 0.487744 mins (1391.92 cycles/s)
************
Performed 35000 out of 10000000 MC cycles
Polymer acceptance rate: 19.3917%
Total runtime: 0.49852 mins (1546.68 cycles/s)
************
Performed 36000 out of 10000000 MC cycles
Polymer acceptance rate: 19.2094%
Total runtime: 0.508993 mins (1591.38 cycles/s)
************
Performed 37000 out of 10000000 MC cycles
Polymer acceptance rate: 19.9467%
Total runtime: 0.522081 mins (1273.45 cycles/s)
************
Performed 38000 out of 10000000 MC cycles
Polymer acceptance rate: 19.1081%
Total runtime: 0.534698 mins (1320.96 cycles/s)
************
Performed 39000 out of 10000000 MC cycles
Polymer acceptance rate: 19.4161%
Total runtime: 0.541448 mins (2469.24 cycles/s)
************
Performed 40000 out of 10000000 MC cycles
Polymer acceptance rate: 20.2053%
Total runtime: 0.554766 mins (1251.4 cycles/s)
************
Performed 41000 out of 10000000 MC cycles
Polymer acceptance rate: 19.6236%
Total runtime: 0.56303 mins (2016.87 cycles/s)
************
Performed 42000 out of 10000000 MC cycles
Polymer acceptance rate: 19.2886%
Total runtime: 0.575544 mins (1331.79 cycles/s)
************
Performed 43000 out of 10000000 MC cycles
Polymer acceptance rate: 19.2042%
Total runtime: 0.588623 mins (1274.33 cycles/s)
************
Performed 44000 out of 10000000 MC cycles
Polymer acceptance rate: 20.0939%
Total runtime: 0.597755 mins (1825 cycles/s)
************
Performed 45000 out of 10000000 MC cycles
Polymer acceptance rate: 19.9478%
Total runtime: 0.609423 mins (1428.4 cycles/s)
************
Performed 46000 out of 10000000 MC cycles
Polymer acceptance rate: 19.9167%
Total runtime: 0.621277 mins (1406.1 cycles/s)
************
Performed 47000 out of 10000000 MC cycles
Polymer acceptance rate: 19.9639%
Total runtime: 0.636981 mins (1061.29 cycles/s)
************
Performed 48000 out of 10000000 MC cycles
Polymer acceptance rate: 19.8586%
Total runtime: 0.652024 mins (1107.91 cycles/s)
************
Performed 49000 out of 10000000 MC cycles
Polymer acceptance rate: 19.605%
Total runtime: 0.660932 mins (1870.99 cycles/s)
************
Performed 50000 out of 10000000 MC cycles
Polymer acceptance rate: 19.7369%
Total runtime: 0.670731 mins (1700.91 cycles/s)
************
Performed 51000 out of 10000000 MC cycles
Polymer acceptance rate: 20.0517%
Total runtime: 0.682278 mins (1443.33 cycles/s)
************
Performed 52000 out of 10000000 MC cycles
Polymer acceptance rate: 19.58%
Total runtime: 0.695494 mins (1261.11 cycles/s)
************
Performed 53000 out of 10000000 MC cycles
Polymer acceptance rate: 19.3269%
Total runtime: 0.707839 mins (1349.99 cycles/s)
************
Performed 54000 out of 10000000 MC cycles
Polymer acceptance rate: 19.7875%
Total runtime: 0.720735 mins (1292.41 cycles/s)
************
Performed 55000 out of 10000000 MC cycles
Polymer acceptance rate: 20.2144%
Total runtime: 0.731971 mins (1483.43 cycles/s)
************
Performed 56000 out of 10000000 MC cycles
Polymer acceptance rate: 19.9367%
Total runtime: 0.742793 mins (1539.99 cycles/s)
************
Performed 57000 out of 10000000 MC cycles
Polymer acceptance rate: 19.5986%
Total runtime: 0.764141 mins (780.724 cycles/s)
************
Performed 58000 out of 10000000 MC cycles
Polymer acceptance rate: 19.4442%
Total runtime: 0.778552 mins (1156.48 cycles/s)
************
Performed 59000 out of 10000000 MC cycles
Polymer acceptance rate: 19.345%
Total runtime: 0.799938 mins (779.331 cycles/s)
************
Performed 60000 out of 10000000 MC cycles
Polymer acceptance rate: 19.4756%
Total runtime: 0.81458 mins (1138.26 cycles/s)
************
Performed 61000 out of 10000000 MC cycles
Polymer acceptance rate: 19.6767%
Total runtime: 0.82911 mins (1147.05 cycles/s)
************
Performed 62000 out of 10000000 MC cycles
Polymer acceptance rate: 19.6997%
Total runtime: 0.846571 mins (954.531 cycles/s)
************
Performed 63000 out of 10000000 MC cycles
Polymer acceptance rate: 19.2128%
Total runtime: 0.862927 mins (1019.01 cycles/s)
************
Performed 64000 out of 10000000 MC cycles
Polymer acceptance rate: 19.7069%
Total runtime: 0.896047 mins (503.22 cycles/s)
************
Performed 65000 out of 10000000 MC cycles
Polymer acceptance rate: 19.605%
Total runtime: 0.91678 mins (803.865 cycles/s)
************
Performed 66000 out of 10000000 MC cycles
Polymer acceptance rate: 19.3981%
Total runtime: 0.939843 mins (722.658 cycles/s)
************
Performed 67000 out of 10000000 MC cycles
Polymer acceptance rate: 19.5125%
Total runtime: 0.955596 mins (1057.98 cycles/s)
************
Performed 68000 out of 10000000 MC cycles
Polymer acceptance rate: 19.2889%
Total runtime: 0.972588 mins (980.849 cycles/s)
************
Performed 69000 out of 10000000 MC cycles
Polymer acceptance rate: 19.6522%
Total runtime: 0.989393 mins (991.777 cycles/s)
************
Performed 70000 out of 10000000 MC cycles
Polymer acceptance rate: 19.5661%
Total runtime: 1.01167 mins (748.315 cycles/s)
************
Performed 71000 out of 10000000 MC cycles
Polymer acceptance rate: 19.5892%
Total runtime: 1.02673 mins (1106.14 cycles/s)
************
Performed 72000 out of 10000000 MC cycles
Polymer acceptance rate: 19.6581%
Total runtime: 1.02763 mins (18676.1 cycles/s)
************
Performed 73000 out of 10000000 MC cycles
Polymer acceptance rate: 19.2797%
Total runtime: 1.04593 mins (910.714 cycles/s)
************
Performed 74000 out of 10000000 MC cycles
Polymer acceptance rate: 19.7042%
Total runtime: 1.06735 mins (777.993 cycles/s)
************
Performed 75000 out of 10000000 MC cycles
Polymer acceptance rate: 19.7053%
Total runtime: 1.08164 mins (1165.97 cycles/s)
************
Performed 76000 out of 10000000 MC cycles
Polymer acceptance rate: 19.635%
Total runtime: 1.09392 mins (1357.48 cycles/s)
************
Performed 77000 out of 10000000 MC cycles
Polymer acceptance rate: 19.7797%
Total runtime: 1.10528 mins (1466.92 cycles/s)
************
Performed 78000 out of 10000000 MC cycles
Polymer acceptance rate: 19.9758%
Total runtime: 1.12998 mins (674.943 cycles/s)
************
Performed 79000 out of 10000000 MC cycles
Polymer acceptance rate: 19.9889%
Total runtime: 1.16063 mins (543.66 cycles/s)
************
Performed 80000 out of 10000000 MC cycles
Polymer acceptance rate: 20.2061%
Total runtime: 1.17918 mins (898.555 cycles/s)
************
Performed 81000 out of 10000000 MC cycles
Polymer acceptance rate: 20.1533%
Total runtime: 1.20026 mins (790.56 cycles/s)
************
Performed 82000 out of 10000000 MC cycles
Polymer acceptance rate: 20.0894%
Total runtime: 1.2085 mins (2023.66 cycles/s)
************
Performed 83000 out of 10000000 MC cycles
Polymer acceptance rate: 19.855%
Total runtime: 1.23332 mins (671.354 cycles/s)
************
Performed 84000 out of 10000000 MC cycles
Polymer acceptance rate: 19.4789%
Total runtime: 1.25285 mins (853.351 cycles/s)
************
Performed 85000 out of 10000000 MC cycles
Polymer acceptance rate: 19.2919%
Total runtime: 1.26453 mins (1426.89 cycles/s)
************
Performed 86000 out of 10000000 MC cycles
Polymer acceptance rate: 19.7872%
Total runtime: 1.28231 mins (937.471 cycles/s)
************
Performed 87000 out of 10000000 MC cycles
Polymer acceptance rate: 20.0267%
Total runtime: 1.30197 mins (847.752 cycles/s)
************
Performed 88000 out of 10000000 MC cycles
Polymer acceptance rate: 19.8339%
Total runtime: 1.32546 mins (709.752 cycles/s)
************
Performed 89000 out of 10000000 MC cycles
Polymer acceptance rate: 19.4178%
Total runtime: 1.33962 mins (1176.92 cycles/s)
************
Performed 90000 out of 10000000 MC cycles
Polymer acceptance rate: 19.3433%
Total runtime: 1.35379 mins (1175.62 cycles/s)
************
Performed 91000 out of 10000000 MC cycles
Polymer acceptance rate: 18.9069%
Total runtime: 1.3707 mins (986.035 cycles/s)
************
Performed 92000 out of 10000000 MC cycles
Polymer acceptance rate: 19.2342%
Total runtime: 1.38811 mins (957.054 cycles/s)
************
Performed 93000 out of 10000000 MC cycles
Polymer acceptance rate: 19.5939%
Total runtime: 1.40376 mins (1064.76 cycles/s)
************
Performed 94000 out of 10000000 MC cycles
Polymer acceptance rate: 19.4278%
Total runtime: 1.41727 mins (1233.68 cycles/s)
************
Performed 95000 out of 10000000 MC cycles
Polymer acceptance rate: 19.6794%
Total runtime: 1.42871 mins (1457.82 cycles/s)
************
Performed 96000 out of 10000000 MC cycles
Polymer acceptance rate: 19.54%
Total runtime: 1.45301 mins (685.85 cycles/s)
************
Performed 97000 out of 10000000 MC cycles
Polymer acceptance rate: 19.7278%
Total runtime: 1.47548 mins (741.704 cycles/s)
************
Performed 98000 out of 10000000 MC cycles
Polymer acceptance rate: 19.6614%
Total runtime: 1.48855 mins (1275.13 cycles/s)
************
Performed 99000 out of 10000000 MC cycles
Polymer acceptance rate: 20.1131%
Total runtime: 1.50262 mins (1184.24 cycles/s)
************
Performed 100000 out of 10000000 MC cycles
Polymer acceptance rate: 19.4697%
Total runtime: 1.52071 mins (921.399 cycles/s)
************
Performed 101000 out of 10000000 MC cycles
Polymer acceptance rate: 19.9353%
Total runtime: 1.5387 mins (926.236 cycles/s)
************
Performed 102000 out of 10000000 MC cycles
Polymer acceptance rate: 19.5186%
Total runtime: 1.56308 mins (683.733 cycles/s)
************
Performed 103000 out of 10000000 MC cycles
Polymer acceptance rate: 19.6461%
Total runtime: 1.57998 mins (985.961 cycles/s)
************
Performed 104000 out of 10000000 MC cycles
Polymer acceptance rate: 19.3436%
Total runtime: 1.60006 mins (830.032 cycles/s)
************
Performed 105000 out of 10000000 MC cycles
Polymer acceptance rate: 19.4258%
Total runtime: 1.62781 mins (600.653 cycles/s)
************
Performed 106000 out of 10000000 MC cycles
Polymer acceptance rate: 19.8414%
Total runtime: 1.6432 mins (1083.22 cycles/s)
************
Performed 107000 out of 10000000 MC cycles
Polymer acceptance rate: 19.5989%
Total runtime: 1.66193 mins (889.537 cycles/s)
************
Performed 108000 out of 10000000 MC cycles
Polymer acceptance rate: 19.8517%
Total runtime: 1.69526 mins (500.062 cycles/s)
************
Performed 109000 out of 10000000 MC cycles
Polymer acceptance rate: 20.0422%
Total runtime: 1.71171 mins (1013.18 cycles/s)
************
Performed 110000 out of 10000000 MC cycles
Polymer acceptance rate: 19.5281%
Total runtime: 1.7416 mins (557.701 cycles/s)
************
Performed 111000 out of 10000000 MC cycles
Polymer acceptance rate: 19.7942%
Total runtime: 1.75548 mins (1200.23 cycles/s)
************
Performed 112000 out of 10000000 MC cycles
Polymer acceptance rate: 19.3144%
Total runtime: 1.77681 mins (781.372 cycles/s)
************
Performed 113000 out of 10000000 MC cycles
Polymer acceptance rate: 18.8583%
Total runtime: 1.7926 mins (1055.85 cycles/s)
************
Performed 114000 out of 10000000 MC cycles
Polymer acceptance rate: 19.5169%
Total runtime: 1.80378 mins (1490.08 cycles/s)
************
Performed 115000 out of 10000000 MC cycles
Polymer acceptance rate: 19.8419%
Total runtime: 1.82444 mins (806.894 cycles/s)
************
Performed 116000 out of 10000000 MC cycles
Polymer acceptance rate: 19.5269%
Total runtime: 1.84703 mins (737.822 cycles/s)
************
Performed 117000 out of 10000000 MC cycles
Polymer acceptance rate: 19.3703%
Total runtime: 1.86424 mins (968.467 cycles/s)
************
Performed 118000 out of 10000000 MC cycles
Polymer acceptance rate: 20.1292%
Total runtime: 1.88832 mins (692.07 cycles/s)
************
Performed 119000 out of 10000000 MC cycles
Polymer acceptance rate: 19.5044%
Total runtime: 1.9039 mins (1069.47 cycles/s)
************
Performed 120000 out of 10000000 MC cycles
Polymer acceptance rate: 19.8383%
Total runtime: 1.93732 mins (498.697 cycles/s)
************
Performed 121000 out of 10000000 MC cycles
Polymer acceptance rate: 19.7606%
Total runtime: 1.95388 mins (1006.93 cycles/s)
************
Performed 122000 out of 10000000 MC cycles
Polymer acceptance rate: 19.5328%
Total runtime: 1.96938 mins (1075.03 cycles/s)
************
Performed 123000 out of 10000000 MC cycles
Polymer acceptance rate: 19.6606%
Total runtime: 1.97946 mins (1652.84 cycles/s)
************
Performed 124000 out of 10000000 MC cycles
Polymer acceptance rate: 19.5797%
Total runtime: 1.99478 mins (1088.5 cycles/s)
************
Performed 125000 out of 10000000 MC cycles
Polymer acceptance rate: 20.1211%
Total runtime: 2.01804 mins (716.257 cycles/s)
************
Performed 126000 out of 10000000 MC cycles
Polymer acceptance rate: 19.8428%
Total runtime: 2.02718 mins (1825.12 cycles/s)
************
Performed 127000 out of 10000000 MC cycles
Polymer acceptance rate: 19.2294%
Total runtime: 2.12891 mins (163.83 cycles/s)
************
Performed 128000 out of 10000000 MC cycles
Polymer acceptance rate: 19.7386%
Total runtime: 2.15648 mins (604.39 cycles/s)
************
Performed 129000 out of 10000000 MC cycles
Polymer acceptance rate: 19.6592%
Total runtime: 2.17371 mins (967.691 cycles/s)
************
Performed 130000 out of 10000000 MC cycles
Polymer acceptance rate: 19.7119%
Total runtime: 2.22799 mins (307.019 cycles/s)
************
Performed 131000 out of 10000000 MC cycles
Polymer acceptance rate: 19.5622%
Total runtime: 2.25104 mins (723.125 cycles/s)
************
Performed 132000 out of 10000000 MC cycles
Polymer acceptance rate: 19.9264%
Total runtime: 2.27364 mins (737.353 cycles/s)
************
Performed 133000 out of 10000000 MC cycles
Polymer acceptance rate: 19.7639%
Total runtime: 2.29332 mins (847.254 cycles/s)
