Using entropy-harvested random seed: -1409728835
Running with initial polymer density 0.000485979
Using 360 TADs, including main chain of length 360
************
Performed 1000 out of 10000000 MC cycles
Polymer acceptance rate: 16.2486%
Total runtime: 0.0239703 mins (695.306 cycles/s)
************
Performed 2000 out of 10000000 MC cycles
Polymer acceptance rate: 18.0894%
Total runtime: 0.0338908 mins (1680.01 cycles/s)
************
Performed 3000 out of 10000000 MC cycles
Polymer acceptance rate: 18.7494%
Total runtime: 0.0463437 mins (1338.38 cycles/s)
************
Performed 4000 out of 10000000 MC cycles
Polymer acceptance rate: 18.2469%
Total runtime: 0.0595144 mins (1265.44 cycles/s)
************
Performed 5000 out of 10000000 MC cycles
Polymer acceptance rate: 18.7958%
Total runtime: 0.072398 mins (1293.64 cycles/s)
************
Performed 6000 out of 10000000 MC cycles
Polymer acceptance rate: 18.9528%
Total runtime: 0.0764882 mins (4074.71 cycles/s)
************
Performed 7000 out of 10000000 MC cycles
Polymer acceptance rate: 18.7172%
Total runtime: 0.091079 mins (1142.27 cycles/s)
************
Performed 8000 out of 10000000 MC cycles
Polymer acceptance rate: 18.8764%
Total runtime: 0.109206 mins (919.456 cycles/s)
************
Performed 9000 out of 10000000 MC cycles
Polymer acceptance rate: 18.9797%
Total runtime: 0.119724 mins (1584.54 cycles/s)
************
Performed 10000 out of 10000000 MC cycles
Polymer acceptance rate: 18.8278%
Total runtime: 0.136977 mins (966.029 cycles/s)
************
Performed 11000 out of 10000000 MC cycles
Polymer acceptance rate: 19.7114%
Total runtime: 0.158114 mins (788.516 cycles/s)
************
Performed 12000 out of 10000000 MC cycles
Polymer acceptance rate: 19.8756%
Total runtime: 0.191093 mins (505.357 cycles/s)
************
Performed 13000 out of 10000000 MC cycles
Polymer acceptance rate: 19.6342%
Total runtime: 0.203182 mins (1378.7 cycles/s)
************
Performed 14000 out of 10000000 MC cycles
Polymer acceptance rate: 19.5794%
Total runtime: 0.229943 mins (622.807 cycles/s)
************
Performed 15000 out of 10000000 MC cycles
Polymer acceptance rate: 19.2436%
Total runtime: 0.243037 mins (1272.82 cycles/s)
************
Performed 16000 out of 10000000 MC cycles
Polymer acceptance rate: 19.0983%
Total runtime: 0.270371 mins (609.737 cycles/s)
************
Performed 17000 out of 10000000 MC cycles
Polymer acceptance rate: 19.7414%
Total runtime: 0.282668 mins (1355.34 cycles/s)
************
Performed 18000 out of 10000000 MC cycles
Polymer acceptance rate: 19.9253%
Total runtime: 0.304356 mins (768.488 cycles/s)
************
Performed 19000 out of 10000000 MC cycles
Polymer acceptance rate: 19.2503%
Total runtime: 0.316273 mins (1398.55 cycles/s)
************
Performed 20000 out of 10000000 MC cycles
Polymer acceptance rate: 19.3519%
Total runtime: 0.330048 mins (1209.91 cycles/s)
************
Performed 21000 out of 10000000 MC cycles
Polymer acceptance rate: 19.8767%
Total runtime: 0.339546 mins (1754.69 cycles/s)
************
Performed 22000 out of 10000000 MC cycles
Polymer acceptance rate: 19.4892%
Total runtime: 0.352357 mins (1300.99 cycles/s)
************
Performed 23000 out of 10000000 MC cycles
Polymer acceptance rate: 19.24%
Total runtime: 0.364091 mins (1420.43 cycles/s)
************
Performed 24000 out of 10000000 MC cycles
Polymer acceptance rate: 19.4942%
Total runtime: 0.377386 mins (1253.57 cycles/s)
************
Performed 25000 out of 10000000 MC cycles
Polymer acceptance rate: 19.5381%
Total runtime: 0.38781 mins (1598.88 cycles/s)
************
Performed 26000 out of 10000000 MC cycles
Polymer acceptance rate: 19.885%
Total runtime: 0.399191 mins (1464.4 cycles/s)
************
Performed 27000 out of 10000000 MC cycles
Polymer acceptance rate: 19.6256%
Total runtime: 0.415803 mins (1003.31 cycles/s)
************
Performed 28000 out of 10000000 MC cycles
Polymer acceptance rate: 19.6289%
Total runtime: 0.419858 mins (4110.59 cycles/s)
************
Performed 29000 out of 10000000 MC cycles
Polymer acceptance rate: 19.7433%
Total runtime: 0.432812 mins (1286.57 cycles/s)
************
Performed 30000 out of 10000000 MC cycles
Polymer acceptance rate: 20.2686%
Total runtime: 0.443065 mins (1625.47 cycles/s)
************
Performed 31000 out of 10000000 MC cycles
Polymer acceptance rate: 19.3558%
Total runtime: 0.455161 mins (1377.95 cycles/s)
************
Performed 32000 out of 10000000 MC cycles
Polymer acceptance rate: 19.1889%
Total runtime: 0.466092 mins (1524.6 cycles/s)
************
Performed 33000 out of 10000000 MC cycles
Polymer acceptance rate: 19.4686%
Total runtime: 0.481949 mins (1051.1 cycles/s)
************
Performed 34000 out of 10000000 MC cycles
Polymer acceptance rate: 19.5211%
Total runtime: 0.495226 mins (1255.26 cycles/s)
************
Performed 35000 out of 10000000 MC cycles
Polymer acceptance rate: 19.5292%
Total runtime: 0.506186 mins (1520.72 cycles/s)
************
Performed 36000 out of 10000000 MC cycles
Polymer acceptance rate: 19.3386%
Total runtime: 0.518746 mins (1326.99 cycles/s)
************
Performed 37000 out of 10000000 MC cycles
Polymer acceptance rate: 19.1367%
Total runtime: 0.535463 mins (996.957 cycles/s)
************
Performed 38000 out of 10000000 MC cycles
Polymer acceptance rate: 19.7892%
Total runtime: 0.547046 mins (1438.99 cycles/s)
************
Performed 39000 out of 10000000 MC cycles
Polymer acceptance rate: 19.8019%
Total runtime: 0.559226 mins (1368.35 cycles/s)
************
Performed 40000 out of 10000000 MC cycles
Polymer acceptance rate: 19.8525%
Total runtime: 0.57181 mins (1324.43 cycles/s)
************
Performed 41000 out of 10000000 MC cycles
Polymer acceptance rate: 19.5033%
Total runtime: 0.583239 mins (1458.21 cycles/s)
************
Performed 42000 out of 10000000 MC cycles
Polymer acceptance rate: 20.0736%
Total runtime: 0.595234 mins (1389.45 cycles/s)
************
Performed 43000 out of 10000000 MC cycles
Polymer acceptance rate: 19.58%
Total runtime: 0.607644 mins (1343.04 cycles/s)
************
Performed 44000 out of 10000000 MC cycles
Polymer acceptance rate: 19.5231%
Total runtime: 0.622757 mins (1102.82 cycles/s)
************
Performed 45000 out of 10000000 MC cycles
Polymer acceptance rate: 19.2194%
Total runtime: 0.64157 mins (885.894 cycles/s)
************
Performed 46000 out of 10000000 MC cycles
Polymer acceptance rate: 19.1864%
Total runtime: 0.653631 mins (1381.86 cycles/s)
************
Performed 47000 out of 10000000 MC cycles
Polymer acceptance rate: 19.8739%
Total runtime: 0.664584 mins (1521.66 cycles/s)
************
Performed 48000 out of 10000000 MC cycles
Polymer acceptance rate: 19.4244%
Total runtime: 0.677375 mins (1303 cycles/s)
************
Performed 49000 out of 10000000 MC cycles
Polymer acceptance rate: 19.32%
Total runtime: 0.690408 mins (1278.82 cycles/s)
************
Performed 50000 out of 10000000 MC cycles
Polymer acceptance rate: 19.8083%
Total runtime: 0.703801 mins (1244.41 cycles/s)
************
Performed 51000 out of 10000000 MC cycles
Polymer acceptance rate: 19.6742%
Total runtime: 0.716119 mins (1353.1 cycles/s)
************
Performed 52000 out of 10000000 MC cycles
Polymer acceptance rate: 19.4761%
Total runtime: 0.726416 mins (1618.56 cycles/s)
************
Performed 53000 out of 10000000 MC cycles
Polymer acceptance rate: 19.6639%
Total runtime: 0.738985 mins (1326.03 cycles/s)
************
Performed 54000 out of 10000000 MC cycles
Polymer acceptance rate: 19.7692%
Total runtime: 0.752037 mins (1276.89 cycles/s)
************
Performed 55000 out of 10000000 MC cycles
Polymer acceptance rate: 19.4072%
Total runtime: 0.773433 mins (778.984 cycles/s)
************
Performed 56000 out of 10000000 MC cycles
Polymer acceptance rate: 20.0772%
Total runtime: 0.79324 mins (841.435 cycles/s)
************
Performed 57000 out of 10000000 MC cycles
Polymer acceptance rate: 19.4194%
Total runtime: 0.811938 mins (891.367 cycles/s)
************
Performed 58000 out of 10000000 MC cycles
Polymer acceptance rate: 19.2608%
Total runtime: 0.827787 mins (1051.61 cycles/s)
************
Performed 59000 out of 10000000 MC cycles
Polymer acceptance rate: 19.0819%
Total runtime: 0.842639 mins (1122.17 cycles/s)
************
Performed 60000 out of 10000000 MC cycles
Polymer acceptance rate: 19.4567%
Total runtime: 0.864616 mins (758.367 cycles/s)
************
Performed 61000 out of 10000000 MC cycles
Polymer acceptance rate: 19.3953%
Total runtime: 0.88387 mins (865.633 cycles/s)
************
Performed 62000 out of 10000000 MC cycles
Polymer acceptance rate: 19.9486%
Total runtime: 0.897472 mins (1225.27 cycles/s)
************
Performed 63000 out of 10000000 MC cycles
Polymer acceptance rate: 19.7903%
Total runtime: 0.927037 mins (563.738 cycles/s)
************
Performed 64000 out of 10000000 MC cycles
Polymer acceptance rate: 19.4467%
Total runtime: 0.949047 mins (757.209 cycles/s)
************
Performed 65000 out of 10000000 MC cycles
Polymer acceptance rate: 19.3678%
Total runtime: 0.960182 mins (1496.75 cycles/s)
************
Performed 66000 out of 10000000 MC cycles
Polymer acceptance rate: 19.0953%
Total runtime: 0.990103 mins (557.028 cycles/s)
************
Performed 67000 out of 10000000 MC cycles
Polymer acceptance rate: 18.9344%
Total runtime: 1.01461 mins (680.194 cycles/s)
************
Performed 68000 out of 10000000 MC cycles
Polymer acceptance rate: 18.9886%
Total runtime: 1.03672 mins (753.81 cycles/s)
************
Performed 69000 out of 10000000 MC cycles
Polymer acceptance rate: 19.4533%
Total runtime: 1.05444 mins (940.39 cycles/s)
************
Performed 70000 out of 10000000 MC cycles
Polymer acceptance rate: 19.1653%
Total runtime: 1.07342 mins (878.216 cycles/s)
************
Performed 71000 out of 10000000 MC cycles
Polymer acceptance rate: 19.1444%
Total runtime: 1.08371 mins (1618.97 cycles/s)
************
Performed 72000 out of 10000000 MC cycles
Polymer acceptance rate: 19.4089%
Total runtime: 1.10303 mins (862.819 cycles/s)
************
Performed 73000 out of 10000000 MC cycles
Polymer acceptance rate: 19.0311%
Total runtime: 1.10738 mins (3830.69 cycles/s)
************
Performed 74000 out of 10000000 MC cycles
Polymer acceptance rate: 19.2044%
Total runtime: 1.14652 mins (425.769 cycles/s)
************
Performed 75000 out of 10000000 MC cycles
Polymer acceptance rate: 19.7556%
Total runtime: 1.16457 mins (923.749 cycles/s)
************
Performed 76000 out of 10000000 MC cycles
Polymer acceptance rate: 19.3128%
Total runtime: 1.19256 mins (595.375 cycles/s)
************
Performed 77000 out of 10000000 MC cycles
Polymer acceptance rate: 19.7722%
Total runtime: 1.20923 mins (999.756 cycles/s)
************
Performed 78000 out of 10000000 MC cycles
Polymer acceptance rate: 19.2878%
Total runtime: 1.21668 mins (2238.39 cycles/s)
************
Performed 79000 out of 10000000 MC cycles
Polymer acceptance rate: 19.8519%
Total runtime: 1.24067 mins (694.7 cycles/s)
************
Performed 80000 out of 10000000 MC cycles
Polymer acceptance rate: 19.5392%
Total runtime: 1.25392 mins (1257.88 cycles/s)
************
Performed 81000 out of 10000000 MC cycles
Polymer acceptance rate: 19.4492%
Total runtime: 1.27543 mins (774.615 cycles/s)
************
Performed 82000 out of 10000000 MC cycles
Polymer acceptance rate: 19.3267%
Total runtime: 1.29496 mins (853.418 cycles/s)
************
Performed 83000 out of 10000000 MC cycles
Polymer acceptance rate: 19.265%
Total runtime: 1.31708 mins (753.684 cycles/s)
************
Performed 84000 out of 10000000 MC cycles
Polymer acceptance rate: 19.4861%
Total runtime: 1.33111 mins (1187.47 cycles/s)
************
Performed 85000 out of 10000000 MC cycles
Polymer acceptance rate: 19.84%
Total runtime: 1.34327 mins (1370.35 cycles/s)
************
Performed 86000 out of 10000000 MC cycles
Polymer acceptance rate: 19.6811%
Total runtime: 1.35795 mins (1135.5 cycles/s)
************
Performed 87000 out of 10000000 MC cycles
Polymer acceptance rate: 19.1122%
Total runtime: 1.37233 mins (1159.53 cycles/s)
************
Performed 88000 out of 10000000 MC cycles
Polymer acceptance rate: 19.2511%
Total runtime: 1.38233 mins (1665.47 cycles/s)
************
Performed 89000 out of 10000000 MC cycles
Polymer acceptance rate: 19.8486%
Total runtime: 1.40087 mins (899.293 cycles/s)
************
Performed 90000 out of 10000000 MC cycles
Polymer acceptance rate: 19.3931%
Total runtime: 1.42226 mins (778.933 cycles/s)
************
Performed 91000 out of 10000000 MC cycles
Polymer acceptance rate: 20.1022%
Total runtime: 1.43388 mins (1434.45 cycles/s)
************
Performed 92000 out of 10000000 MC cycles
Polymer acceptance rate: 19.3172%
Total runtime: 1.45368 mins (842.018 cycles/s)
************
Performed 93000 out of 10000000 MC cycles
Polymer acceptance rate: 19.77%
Total runtime: 1.47059 mins (985.151 cycles/s)
************
Performed 94000 out of 10000000 MC cycles
Polymer acceptance rate: 19.7844%
Total runtime: 1.48625 mins (1064.77 cycles/s)
************
Performed 95000 out of 10000000 MC cycles
Polymer acceptance rate: 20.1064%
Total runtime: 1.50892 mins (735.042 cycles/s)
************
Performed 96000 out of 10000000 MC cycles
Polymer acceptance rate: 19.3781%
Total runtime: 1.52245 mins (1231.89 cycles/s)
************
Performed 97000 out of 10000000 MC cycles
Polymer acceptance rate: 19.6189%
Total runtime: 1.54356 mins (789.481 cycles/s)
************
Performed 98000 out of 10000000 MC cycles
Polymer acceptance rate: 19.5558%
Total runtime: 1.56718 mins (705.594 cycles/s)
************
Performed 99000 out of 10000000 MC cycles
Polymer acceptance rate: 20.1581%
Total runtime: 1.59294 mins (647.021 cycles/s)
************
Performed 100000 out of 10000000 MC cycles
Polymer acceptance rate: 19.4642%
Total runtime: 1.61651 mins (706.976 cycles/s)
************
Performed 101000 out of 10000000 MC cycles
Polymer acceptance rate: 19.6878%
Total runtime: 1.63562 mins (872.375 cycles/s)
************
Performed 102000 out of 10000000 MC cycles
Polymer acceptance rate: 19.4861%
Total runtime: 1.64722 mins (1436.42 cycles/s)
************
Performed 103000 out of 10000000 MC cycles
Polymer acceptance rate: 19.3372%
Total runtime: 1.67519 mins (595.975 cycles/s)
************
Performed 104000 out of 10000000 MC cycles
Polymer acceptance rate: 20.16%
Total runtime: 1.69726 mins (755.092 cycles/s)
************
Performed 105000 out of 10000000 MC cycles
Polymer acceptance rate: 19.7483%
Total runtime: 1.72381 mins (627.681 cycles/s)
************
Performed 106000 out of 10000000 MC cycles
Polymer acceptance rate: 19.7253%
Total runtime: 1.75935 mins (468.934 cycles/s)
************
Performed 107000 out of 10000000 MC cycles
Polymer acceptance rate: 19.7058%
Total runtime: 1.78341 mins (692.928 cycles/s)
************
Performed 108000 out of 10000000 MC cycles
Polymer acceptance rate: 19.7572%
Total runtime: 1.79667 mins (1257.14 cycles/s)
************
Performed 109000 out of 10000000 MC cycles
Polymer acceptance rate: 19.5511%
Total runtime: 1.82493 mins (589.679 cycles/s)
************
Performed 110000 out of 10000000 MC cycles
Polymer acceptance rate: 19.1217%
Total runtime: 1.84695 mins (756.804 cycles/s)
************
Performed 111000 out of 10000000 MC cycles
Polymer acceptance rate: 19.8861%
Total runtime: 1.86961 mins (735.478 cycles/s)
************
Performed 112000 out of 10000000 MC cycles
Polymer acceptance rate: 19.8767%
Total runtime: 1.89023 mins (808.557 cycles/s)
************
Performed 113000 out of 10000000 MC cycles
Polymer acceptance rate: 20.2242%
Total runtime: 1.90792 mins (941.97 cycles/s)
************
Performed 114000 out of 10000000 MC cycles
Polymer acceptance rate: 19.7186%
Total runtime: 1.9364 mins (585.241 cycles/s)
************
Performed 115000 out of 10000000 MC cycles
Polymer acceptance rate: 19.7264%
Total runtime: 1.95333 mins (984.543 cycles/s)
************
Performed 116000 out of 10000000 MC cycles
Polymer acceptance rate: 19.5642%
Total runtime: 1.97379 mins (814.327 cycles/s)
************
Performed 117000 out of 10000000 MC cycles
Polymer acceptance rate: 19.8167%
Total runtime: 1.9937 mins (837.375 cycles/s)
************
Performed 118000 out of 10000000 MC cycles
Polymer acceptance rate: 19.9672%
Total runtime: 2.01475 mins (791.741 cycles/s)
************
Performed 119000 out of 10000000 MC cycles
Polymer acceptance rate: 19.8056%
Total runtime: 2.11929 mins (159.429 cycles/s)
************
Performed 120000 out of 10000000 MC cycles
Polymer acceptance rate: 19.8256%
Total runtime: 2.14907 mins (559.627 cycles/s)
************
Performed 121000 out of 10000000 MC cycles
Polymer acceptance rate: 19.2331%
Total runtime: 2.16591 mins (989.841 cycles/s)
************
Performed 122000 out of 10000000 MC cycles
Polymer acceptance rate: 19.4586%
Total runtime: 2.22732 mins (271.366 cycles/s)
************
Performed 123000 out of 10000000 MC cycles
Polymer acceptance rate: 19.0289%
Total runtime: 2.25044 mins (720.915 cycles/s)
************
Performed 124000 out of 10000000 MC cycles
Polymer acceptance rate: 19.7639%
Total runtime: 2.27377 mins (714.31 cycles/s)
************
Performed 125000 out of 10000000 MC cycles
Polymer acceptance rate: 19.9383%
Total runtime: 2.29816 mins (683.584 cycles/s)
