Using entropy-harvested random seed: -1572355952
Running with initial polymer density 0.000485979
Using 360 TADs, including main chain of length 360
************
Performed 1000 out of 10000000 MC cycles
Polymer acceptance rate: 15.5583%
Total runtime: 0.0142968 mins (1165.76 cycles/s)
************
Performed 2000 out of 10000000 MC cycles
Polymer acceptance rate: 17.6953%
Total runtime: 0.0276046 mins (1252.39 cycles/s)
************
Performed 3000 out of 10000000 MC cycles
Polymer acceptance rate: 19.1381%
Total runtime: 0.0403926 mins (1303.31 cycles/s)
************
Performed 4000 out of 10000000 MC cycles
Polymer acceptance rate: 18.9606%
Total runtime: 0.049403 mins (1849.71 cycles/s)
************
Performed 5000 out of 10000000 MC cycles
Polymer acceptance rate: 18.85%
Total runtime: 0.0639175 mins (1148.27 cycles/s)
************
Performed 6000 out of 10000000 MC cycles
Polymer acceptance rate: 18.5367%
Total runtime: 0.0815072 mins (947.529 cycles/s)
************
Performed 7000 out of 10000000 MC cycles
Polymer acceptance rate: 19.46%
Total runtime: 0.097804 mins (1022.69 cycles/s)
************
Performed 8000 out of 10000000 MC cycles
Polymer acceptance rate: 19.5728%
Total runtime: 0.117027 mins (867.015 cycles/s)
************
Performed 9000 out of 10000000 MC cycles
Polymer acceptance rate: 18.9856%
Total runtime: 0.13451 mins (953.299 cycles/s)
************
Performed 10000 out of 10000000 MC cycles
Polymer acceptance rate: 19.5089%
Total runtime: 0.16865 mins (488.183 cycles/s)
************
Performed 11000 out of 10000000 MC cycles
Polymer acceptance rate: 18.6828%
Total runtime: 0.185293 mins (1001.42 cycles/s)
************
Performed 12000 out of 10000000 MC cycles
Polymer acceptance rate: 19.2775%
Total runtime: 0.198633 mins (1249.41 cycles/s)
************
Performed 13000 out of 10000000 MC cycles
Polymer acceptance rate: 18.9753%
Total runtime: 0.220402 mins (765.603 cycles/s)
************
Performed 14000 out of 10000000 MC cycles
Polymer acceptance rate: 19.0306%
Total runtime: 0.249744 mins (568.017 cycles/s)
************
Performed 15000 out of 10000000 MC cycles
Polymer acceptance rate: 19.0767%
Total runtime: 0.268053 mins (910.312 cycles/s)
************
Performed 16000 out of 10000000 MC cycles
Polymer acceptance rate: 18.6172%
Total runtime: 0.279517 mins (1453.85 cycles/s)
************
Performed 17000 out of 10000000 MC cycles
Polymer acceptance rate: 18.7686%
Total runtime: 0.293338 mins (1205.91 cycles/s)
************
Performed 18000 out of 10000000 MC cycles
Polymer acceptance rate: 18.9819%
Total runtime: 0.30863 mins (1089.83 cycles/s)
************
Performed 19000 out of 10000000 MC cycles
Polymer acceptance rate: 19.33%
Total runtime: 0.321239 mins (1321.86 cycles/s)
************
Performed 20000 out of 10000000 MC cycles
Polymer acceptance rate: 19.1433%
Total runtime: 0.33611 mins (1120.76 cycles/s)
************
Performed 21000 out of 10000000 MC cycles
Polymer acceptance rate: 19.3633%
Total runtime: 0.35197 mins (1050.82 cycles/s)
************
Performed 22000 out of 10000000 MC cycles
Polymer acceptance rate: 19.4631%
Total runtime: 0.363147 mins (1491.28 cycles/s)
************
Performed 23000 out of 10000000 MC cycles
Polymer acceptance rate: 19.33%
Total runtime: 0.375999 mins (1296.73 cycles/s)
************
Performed 24000 out of 10000000 MC cycles
Polymer acceptance rate: 19.3261%
Total runtime: 0.382116 mins (2724.7 cycles/s)
************
Performed 25000 out of 10000000 MC cycles
Polymer acceptance rate: 19.4992%
Total runtime: 0.398772 mins (1000.67 cycles/s)
************
Performed 26000 out of 10000000 MC cycles
Polymer acceptance rate: 19.6642%
Total runtime: 0.413956 mins (1097.67 cycles/s)
************
Performed 27000 out of 10000000 MC cycles
Polymer acceptance rate: 19.5928%
Total runtime: 0.425592 mins (1432.32 cycles/s)
************
Performed 28000 out of 10000000 MC cycles
Polymer acceptance rate: 19.2344%
Total runtime: 0.441482 mins (1048.85 cycles/s)
************
Performed 29000 out of 10000000 MC cycles
Polymer acceptance rate: 19.0719%
Total runtime: 0.45119 mins (1716.76 cycles/s)
************
Performed 30000 out of 10000000 MC cycles
Polymer acceptance rate: 18.9822%
Total runtime: 0.463586 mins (1344.58 cycles/s)
************
Performed 31000 out of 10000000 MC cycles
Polymer acceptance rate: 19.7319%
Total runtime: 0.4766 mins (1280.63 cycles/s)
************
Performed 32000 out of 10000000 MC cycles
Polymer acceptance rate: 19.4497%
Total runtime: 0.486214 mins (1733.66 cycles/s)
************
Performed 33000 out of 10000000 MC cycles
Polymer acceptance rate: 20.0906%
Total runtime: 0.49976 mins (1230.36 cycles/s)
************
Performed 34000 out of 10000000 MC cycles
Polymer acceptance rate: 18.9761%
Total runtime: 0.514341 mins (1143.07 cycles/s)
************
Performed 35000 out of 10000000 MC cycles
Polymer acceptance rate: 19.6794%
Total runtime: 0.518357 mins (4150.23 cycles/s)
************
Performed 36000 out of 10000000 MC cycles
Polymer acceptance rate: 19.4483%
Total runtime: 0.532261 mins (1198.66 cycles/s)
************
Performed 37000 out of 10000000 MC cycles
Polymer acceptance rate: 19.9322%
Total runtime: 0.543492 mins (1483.93 cycles/s)
************
Performed 38000 out of 10000000 MC cycles
Polymer acceptance rate: 19.4075%
Total runtime: 0.559187 mins (1061.93 cycles/s)
************
Performed 39000 out of 10000000 MC cycles
Polymer acceptance rate: 19.5089%
Total runtime: 0.57064 mins (1455.22 cycles/s)
************
Performed 40000 out of 10000000 MC cycles
Polymer acceptance rate: 19.4147%
Total runtime: 0.582656 mins (1387.08 cycles/s)
************
Performed 41000 out of 10000000 MC cycles
Polymer acceptance rate: 20.4019%
Total runtime: 0.59829 mins (1066.06 cycles/s)
************
Performed 42000 out of 10000000 MC cycles
Polymer acceptance rate: 19.4128%
Total runtime: 0.61041 mins (1375.07 cycles/s)
************
Performed 43000 out of 10000000 MC cycles
Polymer acceptance rate: 19.3814%
Total runtime: 0.625084 mins (1135.83 cycles/s)
************
Performed 44000 out of 10000000 MC cycles
Polymer acceptance rate: 19.3111%
Total runtime: 0.637433 mins (1349.58 cycles/s)
************
Performed 45000 out of 10000000 MC cycles
Polymer acceptance rate: 19.4897%
Total runtime: 0.649896 mins (1337.34 cycles/s)
************
Performed 46000 out of 10000000 MC cycles
Polymer acceptance rate: 19.3736%
Total runtime: 0.660001 mins (1649.37 cycles/s)
************
Performed 47000 out of 10000000 MC cycles
Polymer acceptance rate: 19.9575%
Total runtime: 0.670329 mins (1613.68 cycles/s)
************
Performed 48000 out of 10000000 MC cycles
Polymer acceptance rate: 20.265%
Total runtime: 0.685213 mins (1119.78 cycles/s)
************
Performed 49000 out of 10000000 MC cycles
Polymer acceptance rate: 19.5903%
Total runtime: 0.70108 mins (1050.36 cycles/s)
************
Performed 50000 out of 10000000 MC cycles
Polymer acceptance rate: 19.7547%
Total runtime: 0.710274 mins (1812.97 cycles/s)
************
Performed 51000 out of 10000000 MC cycles
Polymer acceptance rate: 19.1556%
Total runtime: 0.720658 mins (1604.91 cycles/s)
************
Performed 52000 out of 10000000 MC cycles
Polymer acceptance rate: 19.8111%
Total runtime: 0.733906 mins (1258.1 cycles/s)
************
Performed 53000 out of 10000000 MC cycles
Polymer acceptance rate: 19.4597%
Total runtime: 0.758594 mins (675.081 cycles/s)
************
Performed 54000 out of 10000000 MC cycles
Polymer acceptance rate: 19.6644%
Total runtime: 0.775813 mins (967.913 cycles/s)
************
Performed 55000 out of 10000000 MC cycles
Polymer acceptance rate: 19.6117%
Total runtime: 0.798173 mins (745.401 cycles/s)
************
Performed 56000 out of 10000000 MC cycles
Polymer acceptance rate: 19.3644%
Total runtime: 0.808861 mins (1559.37 cycles/s)
************
Performed 57000 out of 10000000 MC cycles
Polymer acceptance rate: 19.1664%
Total runtime: 0.830839 mins (758.327 cycles/s)
************
Performed 58000 out of 10000000 MC cycles
Polymer acceptance rate: 19.7556%
Total runtime: 0.852341 mins (775.123 cycles/s)
************
Performed 59000 out of 10000000 MC cycles
Polymer acceptance rate: 19.4833%
Total runtime: 0.878275 mins (642.664 cycles/s)
************
Performed 60000 out of 10000000 MC cycles
Polymer acceptance rate: 19.5894%
Total runtime: 0.902393 mins (691.032 cycles/s)
************
Performed 61000 out of 10000000 MC cycles
Polymer acceptance rate: 18.9272%
Total runtime: 0.919424 mins (978.642 cycles/s)
************
Performed 62000 out of 10000000 MC cycles
Polymer acceptance rate: 19.98%
Total runtime: 0.943215 mins (700.541 cycles/s)
************
Performed 63000 out of 10000000 MC cycles
Polymer acceptance rate: 19.3883%
Total runtime: 0.956108 mins (1292.67 cycles/s)
************
Performed 64000 out of 10000000 MC cycles
Polymer acceptance rate: 19.3353%
Total runtime: 0.979096 mins (725.005 cycles/s)
************
Performed 65000 out of 10000000 MC cycles
Polymer acceptance rate: 19.3633%
Total runtime: 1.00191 mins (730.542 cycles/s)
************
Performed 66000 out of 10000000 MC cycles
Polymer acceptance rate: 19.2525%
Total runtime: 1.02557 mins (704.49 cycles/s)
************
Performed 67000 out of 10000000 MC cycles
Polymer acceptance rate: 19.0836%
Total runtime: 1.04027 mins (1133.77 cycles/s)
************
Performed 68000 out of 10000000 MC cycles
Polymer acceptance rate: 19.1614%
Total runtime: 1.05144 mins (1491.94 cycles/s)
************
Performed 69000 out of 10000000 MC cycles
Polymer acceptance rate: 19.3411%
Total runtime: 1.06432 mins (1294.26 cycles/s)
************
Performed 70000 out of 10000000 MC cycles
Polymer acceptance rate: 19.6906%
Total runtime: 1.0769 mins (1324.4 cycles/s)
************
Performed 71000 out of 10000000 MC cycles
Polymer acceptance rate: 19.5417%
Total runtime: 1.08566 mins (1903.13 cycles/s)
************
Performed 72000 out of 10000000 MC cycles
Polymer acceptance rate: 19.8919%
Total runtime: 1.11292 mins (611.457 cycles/s)
************
Performed 73000 out of 10000000 MC cycles
Polymer acceptance rate: 19.7061%
Total runtime: 1.14738 mins (483.552 cycles/s)
************
Performed 74000 out of 10000000 MC cycles
Polymer acceptance rate: 19.5067%
Total runtime: 1.17653 mins (571.909 cycles/s)
************
Performed 75000 out of 10000000 MC cycles
Polymer acceptance rate: 19.7414%
Total runtime: 1.19411 mins (947.594 cycles/s)
************
Performed 76000 out of 10000000 MC cycles
Polymer acceptance rate: 19.11%
Total runtime: 1.22026 mins (637.354 cycles/s)
************
Performed 77000 out of 10000000 MC cycles
Polymer acceptance rate: 19.6953%
Total runtime: 1.23562 mins (1085.46 cycles/s)
************
Performed 78000 out of 10000000 MC cycles
Polymer acceptance rate: 19.6594%
Total runtime: 1.24977 mins (1177.42 cycles/s)
************
Performed 79000 out of 10000000 MC cycles
Polymer acceptance rate: 19.6333%
Total runtime: 1.27092 mins (787.979 cycles/s)
************
Performed 80000 out of 10000000 MC cycles
Polymer acceptance rate: 19.475%
Total runtime: 1.27671 mins (2880.62 cycles/s)
************
Performed 81000 out of 10000000 MC cycles
Polymer acceptance rate: 19.0781%
Total runtime: 1.30513 mins (586.504 cycles/s)
************
Performed 82000 out of 10000000 MC cycles
Polymer acceptance rate: 19.5269%
Total runtime: 1.32121 mins (1036.54 cycles/s)
************
Performed 83000 out of 10000000 MC cycles
Polymer acceptance rate: 19.6789%
Total runtime: 1.33322 mins (1387.4 cycles/s)
************
Performed 84000 out of 10000000 MC cycles
Polymer acceptance rate: 19.1781%
Total runtime: 1.34735 mins (1179.46 cycles/s)
************
Performed 85000 out of 10000000 MC cycles
Polymer acceptance rate: 19.3161%
Total runtime: 1.35518 mins (2127.82 cycles/s)
************
Performed 86000 out of 10000000 MC cycles
Polymer acceptance rate: 19.4364%
Total runtime: 1.37511 mins (836.534 cycles/s)
************
Performed 87000 out of 10000000 MC cycles
Polymer acceptance rate: 19.3142%
Total runtime: 1.39329 mins (916.535 cycles/s)
************
Performed 88000 out of 10000000 MC cycles
Polymer acceptance rate: 19.8594%
Total runtime: 1.41289 mins (850.313 cycles/s)
************
Performed 89000 out of 10000000 MC cycles
Polymer acceptance rate: 19.6753%
Total runtime: 1.43599 mins (721.391 cycles/s)
************
Performed 90000 out of 10000000 MC cycles
Polymer acceptance rate: 19.3364%
Total runtime: 1.45903 mins (723.605 cycles/s)
************
Performed 91000 out of 10000000 MC cycles
Polymer acceptance rate: 19.2778%
Total runtime: 1.47611 mins (975.819 cycles/s)
************
Performed 92000 out of 10000000 MC cycles
Polymer acceptance rate: 19.4303%
Total runtime: 1.49068 mins (1143.84 cycles/s)
************
Performed 93000 out of 10000000 MC cycles
Polymer acceptance rate: 19.7442%
Total runtime: 1.50573 mins (1107.6 cycles/s)
************
Performed 94000 out of 10000000 MC cycles
Polymer acceptance rate: 20.0047%
Total runtime: 1.52592 mins (825.377 cycles/s)
************
Performed 95000 out of 10000000 MC cycles
Polymer acceptance rate: 19.1517%
Total runtime: 1.54917 mins (716.754 cycles/s)
************
Performed 96000 out of 10000000 MC cycles
Polymer acceptance rate: 19.8975%
Total runtime: 1.5631 mins (1196.84 cycles/s)
************
Performed 97000 out of 10000000 MC cycles
Polymer acceptance rate: 19.2575%
Total runtime: 1.59871 mins (467.941 cycles/s)
************
Performed 98000 out of 10000000 MC cycles
Polymer acceptance rate: 19.8103%
Total runtime: 1.61364 mins (1116.87 cycles/s)
************
Performed 99000 out of 10000000 MC cycles
Polymer acceptance rate: 19.8428%
Total runtime: 1.6316 mins (927.648 cycles/s)
************
Performed 100000 out of 10000000 MC cycles
Polymer acceptance rate: 18.9583%
Total runtime: 1.66776 mins (460.903 cycles/s)
************
Performed 101000 out of 10000000 MC cycles
Polymer acceptance rate: 19.5825%
Total runtime: 1.69269 mins (668.651 cycles/s)
************
Performed 102000 out of 10000000 MC cycles
Polymer acceptance rate: 19.5703%
Total runtime: 1.71408 mins (779.343 cycles/s)
************
Performed 103000 out of 10000000 MC cycles
Polymer acceptance rate: 19.4297%
Total runtime: 1.7405 mins (630.61 cycles/s)
************
Performed 104000 out of 10000000 MC cycles
Polymer acceptance rate: 20.1508%
Total runtime: 1.76409 mins (706.536 cycles/s)
************
Performed 105000 out of 10000000 MC cycles
Polymer acceptance rate: 19.6028%
Total runtime: 1.7835 mins (858.674 cycles/s)
************
Performed 106000 out of 10000000 MC cycles
Polymer acceptance rate: 19.6378%
Total runtime: 1.80222 mins (890.67 cycles/s)
************
Performed 107000 out of 10000000 MC cycles
Polymer acceptance rate: 19.3283%
Total runtime: 1.81254 mins (1614.94 cycles/s)
************
Performed 108000 out of 10000000 MC cycles
Polymer acceptance rate: 19.0164%
Total runtime: 1.84117 mins (582.143 cycles/s)
************
Performed 109000 out of 10000000 MC cycles
Polymer acceptance rate: 19.2019%
Total runtime: 1.86501 mins (698.926 cycles/s)
************
Performed 110000 out of 10000000 MC cycles
Polymer acceptance rate: 19.5417%
Total runtime: 1.88581 mins (801.533 cycles/s)
************
Performed 111000 out of 10000000 MC cycles
Polymer acceptance rate: 19.5364%
Total runtime: 1.90835 mins (739.201 cycles/s)
************
Performed 112000 out of 10000000 MC cycles
Polymer acceptance rate: 19.975%
Total runtime: 1.92735 mins (877.128 cycles/s)
************
Performed 113000 out of 10000000 MC cycles
Polymer acceptance rate: 19.9881%
Total runtime: 1.95177 mins (682.659 cycles/s)
************
Performed 114000 out of 10000000 MC cycles
Polymer acceptance rate: 19.3172%
Total runtime: 1.97151 mins (844.133 cycles/s)
************
Performed 115000 out of 10000000 MC cycles
Polymer acceptance rate: 19.575%
Total runtime: 1.98594 mins (1154.85 cycles/s)
************
Performed 116000 out of 10000000 MC cycles
Polymer acceptance rate: 19.9667%
Total runtime: 2.01291 mins (618.042 cycles/s)
************
Performed 117000 out of 10000000 MC cycles
Polymer acceptance rate: 20.3497%
Total runtime: 2.10777 mins (175.694 cycles/s)
************
Performed 118000 out of 10000000 MC cycles
Polymer acceptance rate: 19.5558%
Total runtime: 2.14155 mins (493.422 cycles/s)
************
Performed 119000 out of 10000000 MC cycles
Polymer acceptance rate: 19.3406%
Total runtime: 2.19452 mins (314.631 cycles/s)
************
Performed 120000 out of 10000000 MC cycles
Polymer acceptance rate: 19.1819%
Total runtime: 2.20749 mins (1285.58 cycles/s)
************
Performed 121000 out of 10000000 MC cycles
Polymer acceptance rate: 19.4769%
Total runtime: 2.23663 mins (571.858 cycles/s)
************
Performed 122000 out of 10000000 MC cycles
Polymer acceptance rate: 19.8103%
Total runtime: 2.25268 mins (1038.64 cycles/s)
************
Performed 123000 out of 10000000 MC cycles
Polymer acceptance rate: 19.7781%
Total runtime: 2.2656 mins (1290.08 cycles/s)
