Using entropy-harvested random seed: -641904675
Running with initial polymer density 0.000485979
Using 360 TADs, including main chain of length 360
************
Performed 1000 out of 10000000 MC cycles
Polymer acceptance rate: 15.7411%
Total runtime: 0.0422225 mins (394.735 cycles/s)
************
Performed 2000 out of 10000000 MC cycles
Polymer acceptance rate: 18.0414%
Total runtime: 0.0610158 mins (886.839 cycles/s)
************
Performed 3000 out of 10000000 MC cycles
Polymer acceptance rate: 19.6047%
Total runtime: 0.0703103 mins (1793.17 cycles/s)
************
Performed 4000 out of 10000000 MC cycles
Polymer acceptance rate: 18.9056%
Total runtime: 0.0828005 mins (1334.38 cycles/s)
************
Performed 5000 out of 10000000 MC cycles
Polymer acceptance rate: 19.1811%
Total runtime: 0.0952949 mins (1333.93 cycles/s)
************
Performed 6000 out of 10000000 MC cycles
Polymer acceptance rate: 18.6933%
Total runtime: 0.107797 mins (1333.15 cycles/s)
************
Performed 7000 out of 10000000 MC cycles
Polymer acceptance rate: 19.2097%
Total runtime: 0.119698 mins (1400.43 cycles/s)
************
Performed 8000 out of 10000000 MC cycles
Polymer acceptance rate: 19.2075%
Total runtime: 0.138009 mins (910.201 cycles/s)
************
Performed 9000 out of 10000000 MC cycles
Polymer acceptance rate: 18.6972%
Total runtime: 0.150902 mins (1292.68 cycles/s)
************
Performed 10000 out of 10000000 MC cycles
Polymer acceptance rate: 19.4003%
Total runtime: 0.164384 mins (1236.21 cycles/s)
************
Performed 11000 out of 10000000 MC cycles
Polymer acceptance rate: 19.1525%
Total runtime: 0.185285 mins (797.423 cycles/s)
************
Performed 12000 out of 10000000 MC cycles
Polymer acceptance rate: 19.0958%
Total runtime: 0.216675 mins (530.945 cycles/s)
************
Performed 13000 out of 10000000 MC cycles
Polymer acceptance rate: 19.6928%
Total runtime: 0.233724 mins (977.57 cycles/s)
************
Performed 14000 out of 10000000 MC cycles
Polymer acceptance rate: 19.6728%
Total runtime: 0.256152 mins (743.135 cycles/s)
************
Performed 15000 out of 10000000 MC cycles
Polymer acceptance rate: 19.5911%
Total runtime: 0.274622 mins (902.355 cycles/s)
************
Performed 16000 out of 10000000 MC cycles
Polymer acceptance rate: 19.5133%
Total runtime: 0.305374 mins (541.977 cycles/s)
************
Performed 17000 out of 10000000 MC cycles
Polymer acceptance rate: 19.6558%
Total runtime: 0.32433 mins (879.228 cycles/s)
************
Performed 18000 out of 10000000 MC cycles
Polymer acceptance rate: 19.5794%
Total runtime: 0.339098 mins (1128.5 cycles/s)
************
Performed 19000 out of 10000000 MC cycles
Polymer acceptance rate: 19.4164%
Total runtime: 0.351545 mins (1339.09 cycles/s)
************
Performed 20000 out of 10000000 MC cycles
Polymer acceptance rate: 19.7336%
Total runtime: 0.364313 mins (1305.29 cycles/s)
************
Performed 21000 out of 10000000 MC cycles
Polymer acceptance rate: 19.5042%
Total runtime: 0.373444 mins (1825.37 cycles/s)
************
Performed 22000 out of 10000000 MC cycles
Polymer acceptance rate: 19.7303%
Total runtime: 0.391446 mins (925.81 cycles/s)
************
Performed 23000 out of 10000000 MC cycles
Polymer acceptance rate: 19.0986%
Total runtime: 0.403297 mins (1406.41 cycles/s)
************
Performed 24000 out of 10000000 MC cycles
Polymer acceptance rate: 19.1886%
Total runtime: 0.414624 mins (1471.36 cycles/s)
************
Performed 25000 out of 10000000 MC cycles
Polymer acceptance rate: 19.6961%
Total runtime: 0.42612 mins (1449.75 cycles/s)
************
Performed 26000 out of 10000000 MC cycles
Polymer acceptance rate: 18.9961%
Total runtime: 0.439191 mins (1275.11 cycles/s)
************
Performed 27000 out of 10000000 MC cycles
Polymer acceptance rate: 19.1986%
Total runtime: 0.451413 mins (1363.62 cycles/s)
************
Performed 28000 out of 10000000 MC cycles
Polymer acceptance rate: 19.0936%
Total runtime: 0.465769 mins (1161 cycles/s)
************
Performed 29000 out of 10000000 MC cycles
Polymer acceptance rate: 19.3775%
Total runtime: 0.475797 mins (1662.03 cycles/s)
************
Performed 30000 out of 10000000 MC cycles
Polymer acceptance rate: 19.1153%
Total runtime: 0.491284 mins (1076.12 cycles/s)
************
Performed 31000 out of 10000000 MC cycles
Polymer acceptance rate: 19.4211%
Total runtime: 0.501659 mins (1606.53 cycles/s)
************
Performed 32000 out of 10000000 MC cycles
Polymer acceptance rate: 19.3694%
Total runtime: 0.51299 mins (1470.9 cycles/s)
************
Performed 33000 out of 10000000 MC cycles
Polymer acceptance rate: 19.2089%
Total runtime: 0.525808 mins (1300.17 cycles/s)
************
Performed 34000 out of 10000000 MC cycles
Polymer acceptance rate: 19.4431%
Total runtime: 0.537976 mins (1369.78 cycles/s)
************
Performed 35000 out of 10000000 MC cycles
Polymer acceptance rate: 18.9431%
Total runtime: 0.55186 mins (1200.4 cycles/s)
************
Performed 36000 out of 10000000 MC cycles
Polymer acceptance rate: 19.5347%
Total runtime: 0.566556 mins (1134.11 cycles/s)
************
Performed 37000 out of 10000000 MC cycles
Polymer acceptance rate: 20.0183%
Total runtime: 0.578226 mins (1428.13 cycles/s)
************
Performed 38000 out of 10000000 MC cycles
Polymer acceptance rate: 19.1511%
Total runtime: 0.590113 mins (1402.07 cycles/s)
************
Performed 39000 out of 10000000 MC cycles
Polymer acceptance rate: 19.3703%
Total runtime: 0.602904 mins (1303.03 cycles/s)
************
Performed 40000 out of 10000000 MC cycles
Polymer acceptance rate: 19.6353%
Total runtime: 0.615064 mins (1370.58 cycles/s)
************
Performed 41000 out of 10000000 MC cycles
Polymer acceptance rate: 19.1619%
Total runtime: 0.627436 mins (1347.13 cycles/s)
************
Performed 42000 out of 10000000 MC cycles
Polymer acceptance rate: 19.0575%
Total runtime: 0.634752 mins (2278.12 cycles/s)
************
Performed 43000 out of 10000000 MC cycles
Polymer acceptance rate: 19.4311%
Total runtime: 0.645209 mins (1593.9 cycles/s)
************
Performed 44000 out of 10000000 MC cycles
Polymer acceptance rate: 19.4178%
Total runtime: 0.658927 mins (1214.97 cycles/s)
************
Performed 45000 out of 10000000 MC cycles
Polymer acceptance rate: 19.6672%
Total runtime: 0.671793 mins (1295.41 cycles/s)
************
Performed 46000 out of 10000000 MC cycles
Polymer acceptance rate: 19.5308%
Total runtime: 0.689091 mins (963.512 cycles/s)
************
Performed 47000 out of 10000000 MC cycles
Polymer acceptance rate: 19.4108%
Total runtime: 0.701852 mins (1306.06 cycles/s)
************
Performed 48000 out of 10000000 MC cycles
Polymer acceptance rate: 19.6169%
Total runtime: 0.709781 mins (2101.92 cycles/s)
************
Performed 49000 out of 10000000 MC cycles
Polymer acceptance rate: 20.0561%
Total runtime: 0.724355 mins (1143.57 cycles/s)
************
Performed 50000 out of 10000000 MC cycles
Polymer acceptance rate: 19.8953%
Total runtime: 0.735704 mins (1468.5 cycles/s)
************
Performed 51000 out of 10000000 MC cycles
Polymer acceptance rate: 19.7156%
Total runtime: 0.746475 mins (1547.46 cycles/s)
************
Performed 52000 out of 10000000 MC cycles
Polymer acceptance rate: 19.4425%
Total runtime: 0.754797 mins (2002.58 cycles/s)
************
Performed 53000 out of 10000000 MC cycles
Polymer acceptance rate: 19.8981%
Total runtime: 0.766701 mins (1400.14 cycles/s)
************
Performed 54000 out of 10000000 MC cycles
Polymer acceptance rate: 19.4833%
Total runtime: 0.780841 mins (1178.67 cycles/s)
************
Performed 55000 out of 10000000 MC cycles
Polymer acceptance rate: 19.51%
Total runtime: 0.80496 mins (691.035 cycles/s)
************
Performed 56000 out of 10000000 MC cycles
Polymer acceptance rate: 19.4011%
Total runtime: 0.81608 mins (1498.79 cycles/s)
************
Performed 57000 out of 10000000 MC cycles
Polymer acceptance rate: 19.1828%
Total runtime: 0.83253 mins (1013.16 cycles/s)
************
Performed 58000 out of 10000000 MC cycles
Polymer acceptance rate: 19.6269%
Total runtime: 0.85215 mins (849.466 cycles/s)
************
Performed 59000 out of 10000000 MC cycles
Polymer acceptance rate: 19.3944%
Total runtime: 0.866347 mins (1173.93 cycles/s)
************
Performed 60000 out of 10000000 MC cycles
Polymer acceptance rate: 19.0881%
Total runtime: 0.880717 mins (1159.85 cycles/s)
************
Performed 61000 out of 10000000 MC cycles
Polymer acceptance rate: 19.4503%
Total runtime: 0.916655 mins (463.762 cycles/s)
************
Performed 62000 out of 10000000 MC cycles
Polymer acceptance rate: 19.8553%
Total runtime: 0.937905 mins (784.33 cycles/s)
************
Performed 63000 out of 10000000 MC cycles
Polymer acceptance rate: 19.9722%
Total runtime: 0.957211 mins (863.26 cycles/s)
************
Performed 64000 out of 10000000 MC cycles
Polymer acceptance rate: 19.5222%
Total runtime: 0.984449 mins (611.902 cycles/s)
************
Performed 65000 out of 10000000 MC cycles
Polymer acceptance rate: 19.6114%
Total runtime: 1.01342 mins (575.193 cycles/s)
************
Performed 66000 out of 10000000 MC cycles
Polymer acceptance rate: 19.5208%
Total runtime: 1.02523 mins (1411.33 cycles/s)
************
Performed 67000 out of 10000000 MC cycles
Polymer acceptance rate: 19.8547%
Total runtime: 1.05508 mins (558.463 cycles/s)
************
Performed 68000 out of 10000000 MC cycles
Polymer acceptance rate: 19.3967%
Total runtime: 1.07542 mins (819.379 cycles/s)
************
Performed 69000 out of 10000000 MC cycles
Polymer acceptance rate: 19.4922%
Total runtime: 1.09424 mins (885.695 cycles/s)
************
Performed 70000 out of 10000000 MC cycles
Polymer acceptance rate: 19.4856%
Total runtime: 1.10938 mins (1100.44 cycles/s)
************
Performed 71000 out of 10000000 MC cycles
Polymer acceptance rate: 19.7444%
Total runtime: 1.12086 mins (1452.46 cycles/s)
************
Performed 72000 out of 10000000 MC cycles
Polymer acceptance rate: 19.7003%
Total runtime: 1.13699 mins (1033.21 cycles/s)
************
Performed 73000 out of 10000000 MC cycles
Polymer acceptance rate: 20.0425%
Total runtime: 1.16234 mins (657.461 cycles/s)
************
Performed 74000 out of 10000000 MC cycles
Polymer acceptance rate: 19.235%
Total runtime: 1.16351 mins (14164.3 cycles/s)
************
Performed 75000 out of 10000000 MC cycles
Polymer acceptance rate: 19.2636%
Total runtime: 1.1987 mins (473.662 cycles/s)
************
Performed 76000 out of 10000000 MC cycles
Polymer acceptance rate: 19.9164%
Total runtime: 1.22592 mins (612.406 cycles/s)
************
Performed 77000 out of 10000000 MC cycles
Polymer acceptance rate: 19.4475%
Total runtime: 1.25948 mins (496.508 cycles/s)
************
Performed 78000 out of 10000000 MC cycles
Polymer acceptance rate: 19.6494%
Total runtime: 1.28443 mins (668.011 cycles/s)
************
Performed 79000 out of 10000000 MC cycles
Polymer acceptance rate: 19.7517%
Total runtime: 1.2977 mins (1256.01 cycles/s)
************
Performed 80000 out of 10000000 MC cycles
Polymer acceptance rate: 19.33%
Total runtime: 1.30929 mins (1438.45 cycles/s)
************
Performed 81000 out of 10000000 MC cycles
Polymer acceptance rate: 19.1247%
Total runtime: 1.33606 mins (622.592 cycles/s)
************
Performed 82000 out of 10000000 MC cycles
Polymer acceptance rate: 19.7358%
Total runtime: 1.35525 mins (868.63 cycles/s)
************
Performed 83000 out of 10000000 MC cycles
Polymer acceptance rate: 19.2119%
Total runtime: 1.36641 mins (1492.72 cycles/s)
************
Performed 84000 out of 10000000 MC cycles
Polymer acceptance rate: 19.7642%
Total runtime: 1.38421 mins (936.316 cycles/s)
************
Performed 85000 out of 10000000 MC cycles
Polymer acceptance rate: 19.7078%
Total runtime: 1.3979 mins (1217.7 cycles/s)
************
Performed 86000 out of 10000000 MC cycles
Polymer acceptance rate: 19.1989%
Total runtime: 1.41481 mins (985.767 cycles/s)
************
Performed 87000 out of 10000000 MC cycles
Polymer acceptance rate: 19.7144%
Total runtime: 1.43616 mins (780.649 cycles/s)
************
Performed 88000 out of 10000000 MC cycles
Polymer acceptance rate: 19.4678%
Total runtime: 1.44991 mins (1211.65 cycles/s)
************
Performed 89000 out of 10000000 MC cycles
Polymer acceptance rate: 19.5547%
Total runtime: 1.47373 mins (699.641 cycles/s)
************
Performed 90000 out of 10000000 MC cycles
Polymer acceptance rate: 19.9286%
Total runtime: 1.50023 mins (628.918 cycles/s)
************
Performed 91000 out of 10000000 MC cycles
Polymer acceptance rate: 19.7206%
Total runtime: 1.51326 mins (1279.36 cycles/s)
************
Performed 92000 out of 10000000 MC cycles
Polymer acceptance rate: 19.7358%
Total runtime: 1.52924 mins (1043.03 cycles/s)
************
Performed 93000 out of 10000000 MC cycles
Polymer acceptance rate: 19.895%
Total runtime: 1.53703 mins (2140.38 cycles/s)
************
Performed 94000 out of 10000000 MC cycles
Polymer acceptance rate: 19.8519%
Total runtime: 1.55711 mins (829.964 cycles/s)
************
Performed 95000 out of 10000000 MC cycles
Polymer acceptance rate: 19.6275%
Total runtime: 1.57844 mins (781.256 cycles/s)
************
Performed 96000 out of 10000000 MC cycles
Polymer acceptance rate: 19.7661%
Total runtime: 1.60316 mins (674.12 cycles/s)
************
Performed 97000 out of 10000000 MC cycles
Polymer acceptance rate: 19.4842%
Total runtime: 1.6328 mins (562.306 cycles/s)
************
Performed 98000 out of 10000000 MC cycles
Polymer acceptance rate: 19.5356%
Total runtime: 1.661 mins (591.137 cycles/s)
************
Performed 99000 out of 10000000 MC cycles
Polymer acceptance rate: 19.8356%
Total runtime: 1.68323 mins (749.689 cycles/s)
************
Performed 100000 out of 10000000 MC cycles
Polymer acceptance rate: 20.0864%
Total runtime: 1.70641 mins (719.101 cycles/s)
************
Performed 101000 out of 10000000 MC cycles
Polymer acceptance rate: 19.4661%
Total runtime: 1.73076 mins (684.334 cycles/s)
************
Performed 102000 out of 10000000 MC cycles
Polymer acceptance rate: 19.7572%
Total runtime: 1.74719 mins (1014.41 cycles/s)
************
Performed 103000 out of 10000000 MC cycles
Polymer acceptance rate: 20.4758%
Total runtime: 1.77841 mins (533.812 cycles/s)
************
Performed 104000 out of 10000000 MC cycles
Polymer acceptance rate: 19.4122%
Total runtime: 1.79291 mins (1149.85 cycles/s)
************
Performed 105000 out of 10000000 MC cycles
Polymer acceptance rate: 19.015%
Total runtime: 1.81625 mins (713.886 cycles/s)
************
Performed 106000 out of 10000000 MC cycles
Polymer acceptance rate: 19.8211%
Total runtime: 1.83705 mins (801.499 cycles/s)
************
Performed 107000 out of 10000000 MC cycles
Polymer acceptance rate: 19.7064%
Total runtime: 1.85923 mins (751.322 cycles/s)
************
Performed 108000 out of 10000000 MC cycles
Polymer acceptance rate: 19.5328%
Total runtime: 1.87715 mins (930.149 cycles/s)
************
Performed 109000 out of 10000000 MC cycles
Polymer acceptance rate: 20.3431%
Total runtime: 1.89561 mins (902.826 cycles/s)
************
Performed 110000 out of 10000000 MC cycles
Polymer acceptance rate: 19.7836%
Total runtime: 1.9341 mins (433.034 cycles/s)
************
Performed 111000 out of 10000000 MC cycles
Polymer acceptance rate: 20.305%
Total runtime: 1.95815 mins (692.877 cycles/s)
************
Performed 112000 out of 10000000 MC cycles
Polymer acceptance rate: 19.8069%
Total runtime: 1.97094 mins (1303.44 cycles/s)
************
Performed 113000 out of 10000000 MC cycles
Polymer acceptance rate: 20.0742%
Total runtime: 1.98664 mins (1061.53 cycles/s)
************
Performed 114000 out of 10000000 MC cycles
Polymer acceptance rate: 20.1969%
Total runtime: 2.01266 mins (640.512 cycles/s)
************
Performed 115000 out of 10000000 MC cycles
Polymer acceptance rate: 19.8717%
Total runtime: 2.03193 mins (864.859 cycles/s)
************
Performed 116000 out of 10000000 MC cycles
Polymer acceptance rate: 19.6772%
Total runtime: 2.04941 mins (953.73 cycles/s)
************
Performed 117000 out of 10000000 MC cycles
Polymer acceptance rate: 20.0472%
Total runtime: 2.15288 mins (161.076 cycles/s)
************
Performed 118000 out of 10000000 MC cycles
Polymer acceptance rate: 19.7228%
Total runtime: 2.18963 mins (453.528 cycles/s)
************
Performed 119000 out of 10000000 MC cycles
Polymer acceptance rate: 19.8081%
Total runtime: 2.25765 mins (245.01 cycles/s)
************
Performed 120000 out of 10000000 MC cycles
Polymer acceptance rate: 20.0467%
Total runtime: 2.28024 mins (737.991 cycles/s)
************
Performed 121000 out of 10000000 MC cycles
Polymer acceptance rate: 19.6731%
Total runtime: 2.31251 mins (516.489 cycles/s)
