Using entropy-harvested random seed: -1836774767
Running with initial polymer density 0.000485979
Using 360 TADs, including main chain of length 360
************
Performed 1000 out of 10000000 MC cycles
Polymer acceptance rate: 15.1128%
Total runtime: 0.0117874 mins (1413.94 cycles/s)
************
Performed 2000 out of 10000000 MC cycles
Polymer acceptance rate: 17.0247%
Total runtime: 0.0286781 mins (986.732 cycles/s)
************
Performed 3000 out of 10000000 MC cycles
Polymer acceptance rate: 18.2717%
Total runtime: 0.0395449 mins (1533.73 cycles/s)
************
Performed 4000 out of 10000000 MC cycles
Polymer acceptance rate: 18.5289%
Total runtime: 0.0547062 mins (1099.29 cycles/s)
************
Performed 5000 out of 10000000 MC cycles
Polymer acceptance rate: 19.0058%
Total runtime: 0.0640198 mins (1789.51 cycles/s)
************
Performed 6000 out of 10000000 MC cycles
Polymer acceptance rate: 19.2714%
Total runtime: 0.077295 mins (1255.47 cycles/s)
************
Performed 7000 out of 10000000 MC cycles
Polymer acceptance rate: 18.6589%
Total runtime: 0.101914 mins (676.972 cycles/s)
************
Performed 8000 out of 10000000 MC cycles
Polymer acceptance rate: 19.2569%
Total runtime: 0.116512 mins (1141.72 cycles/s)
************
Performed 9000 out of 10000000 MC cycles
Polymer acceptance rate: 19.7211%
Total runtime: 0.128742 mins (1362.85 cycles/s)
************
Performed 10000 out of 10000000 MC cycles
Polymer acceptance rate: 19.7081%
Total runtime: 0.155146 mins (631.207 cycles/s)
************
Performed 11000 out of 10000000 MC cycles
Polymer acceptance rate: 18.9025%
Total runtime: 0.185538 mins (548.392 cycles/s)
************
Performed 12000 out of 10000000 MC cycles
Polymer acceptance rate: 19.2131%
Total runtime: 0.200845 mins (1088.84 cycles/s)
************
Performed 13000 out of 10000000 MC cycles
Polymer acceptance rate: 19.7433%
Total runtime: 0.221396 mins (810.975 cycles/s)
************
Performed 14000 out of 10000000 MC cycles
Polymer acceptance rate: 18.8744%
Total runtime: 0.2341 mins (1311.92 cycles/s)
************
Performed 15000 out of 10000000 MC cycles
Polymer acceptance rate: 19.575%
Total runtime: 0.263022 mins (576.262 cycles/s)
************
Performed 16000 out of 10000000 MC cycles
Polymer acceptance rate: 19.6747%
Total runtime: 0.27417 mins (1495 cycles/s)
************
Performed 17000 out of 10000000 MC cycles
Polymer acceptance rate: 19.3883%
Total runtime: 0.29565 mins (775.945 cycles/s)
************
Performed 18000 out of 10000000 MC cycles
Polymer acceptance rate: 19.0728%
Total runtime: 0.308727 mins (1274.49 cycles/s)
************
Performed 19000 out of 10000000 MC cycles
Polymer acceptance rate: 19.2628%
Total runtime: 0.32175 mins (1279.81 cycles/s)
************
Performed 20000 out of 10000000 MC cycles
Polymer acceptance rate: 18.6883%
Total runtime: 0.332998 mins (1481.65 cycles/s)
************
Performed 21000 out of 10000000 MC cycles
Polymer acceptance rate: 19.0731%
Total runtime: 0.352675 mins (847.028 cycles/s)
************
Performed 22000 out of 10000000 MC cycles
Polymer acceptance rate: 19.3014%
Total runtime: 0.362201 mins (1749.54 cycles/s)
************
Performed 23000 out of 10000000 MC cycles
Polymer acceptance rate: 19.3286%
Total runtime: 0.372011 mins (1699.05 cycles/s)
************
Performed 24000 out of 10000000 MC cycles
Polymer acceptance rate: 19.7592%
Total runtime: 0.384428 mins (1342.18 cycles/s)
************
Performed 25000 out of 10000000 MC cycles
Polymer acceptance rate: 19.5036%
Total runtime: 0.397694 mins (1256.35 cycles/s)
************
Performed 26000 out of 10000000 MC cycles
Polymer acceptance rate: 19.4336%
Total runtime: 0.409739 mins (1383.73 cycles/s)
************
Performed 27000 out of 10000000 MC cycles
Polymer acceptance rate: 19.3875%
Total runtime: 0.420345 mins (1571.41 cycles/s)
************
Performed 28000 out of 10000000 MC cycles
Polymer acceptance rate: 19.5544%
Total runtime: 0.43097 mins (1568.73 cycles/s)
************
Performed 29000 out of 10000000 MC cycles
Polymer acceptance rate: 20.1231%
Total runtime: 0.444561 mins (1226.26 cycles/s)
************
Performed 30000 out of 10000000 MC cycles
Polymer acceptance rate: 19.5586%
Total runtime: 0.454973 mins (1600.66 cycles/s)
************
Performed 31000 out of 10000000 MC cycles
Polymer acceptance rate: 19.6039%
Total runtime: 0.467839 mins (1295.43 cycles/s)
************
Performed 32000 out of 10000000 MC cycles
Polymer acceptance rate: 19.3933%
Total runtime: 0.479653 mins (1410.74 cycles/s)
************
Performed 33000 out of 10000000 MC cycles
Polymer acceptance rate: 19.8261%
Total runtime: 0.494641 mins (1112.02 cycles/s)
************
Performed 34000 out of 10000000 MC cycles
Polymer acceptance rate: 20.0353%
Total runtime: 0.507105 mins (1337.13 cycles/s)
************
Performed 35000 out of 10000000 MC cycles
Polymer acceptance rate: 19.8736%
Total runtime: 0.516068 mins (1859.58 cycles/s)
************
Performed 36000 out of 10000000 MC cycles
Polymer acceptance rate: 19.5528%
Total runtime: 0.531545 mins (1076.88 cycles/s)
************
Performed 37000 out of 10000000 MC cycles
Polymer acceptance rate: 19.3497%
Total runtime: 0.539542 mins (2084.05 cycles/s)
************
Performed 38000 out of 10000000 MC cycles
Polymer acceptance rate: 19.6158%
Total runtime: 0.551761 mins (1364.05 cycles/s)
************
Performed 39000 out of 10000000 MC cycles
Polymer acceptance rate: 19.7992%
Total runtime: 0.565372 mins (1224.48 cycles/s)
************
Performed 40000 out of 10000000 MC cycles
Polymer acceptance rate: 19.5922%
Total runtime: 0.578213 mins (1297.88 cycles/s)
************
Performed 41000 out of 10000000 MC cycles
Polymer acceptance rate: 19.0133%
Total runtime: 0.589061 mins (1536.37 cycles/s)
************
Performed 42000 out of 10000000 MC cycles
Polymer acceptance rate: 19.2267%
Total runtime: 0.600326 mins (1479.54 cycles/s)
************
Performed 43000 out of 10000000 MC cycles
Polymer acceptance rate: 19.3722%
Total runtime: 0.612532 mins (1365.5 cycles/s)
************
Performed 44000 out of 10000000 MC cycles
Polymer acceptance rate: 19.2178%
Total runtime: 0.626894 mins (1160.44 cycles/s)
************
Performed 45000 out of 10000000 MC cycles
Polymer acceptance rate: 19.3953%
Total runtime: 0.641837 mins (1115.38 cycles/s)
************
Performed 46000 out of 10000000 MC cycles
Polymer acceptance rate: 18.7286%
Total runtime: 0.653838 mins (1388.75 cycles/s)
************
Performed 47000 out of 10000000 MC cycles
Polymer acceptance rate: 19.5031%
Total runtime: 0.66727 mins (1240.83 cycles/s)
************
Performed 48000 out of 10000000 MC cycles
Polymer acceptance rate: 19.2933%
Total runtime: 0.680441 mins (1265.38 cycles/s)
************
Performed 49000 out of 10000000 MC cycles
Polymer acceptance rate: 18.96%
Total runtime: 0.693146 mins (1311.8 cycles/s)
************
Performed 50000 out of 10000000 MC cycles
Polymer acceptance rate: 19.3281%
Total runtime: 0.702899 mins (1708.87 cycles/s)
************
Performed 51000 out of 10000000 MC cycles
Polymer acceptance rate: 19.4231%
Total runtime: 0.713926 mins (1511.5 cycles/s)
************
Performed 52000 out of 10000000 MC cycles
Polymer acceptance rate: 19.3158%
Total runtime: 0.726518 mins (1323.55 cycles/s)
************
Performed 53000 out of 10000000 MC cycles
Polymer acceptance rate: 19.2744%
Total runtime: 0.74047 mins (1194.59 cycles/s)
************
Performed 54000 out of 10000000 MC cycles
Polymer acceptance rate: 19.1719%
Total runtime: 0.758556 mins (921.501 cycles/s)
************
Performed 55000 out of 10000000 MC cycles
Polymer acceptance rate: 19.805%
Total runtime: 0.780503 mins (759.423 cycles/s)
************
Performed 56000 out of 10000000 MC cycles
Polymer acceptance rate: 19.3258%
Total runtime: 0.79785 mins (960.773 cycles/s)
************
Performed 57000 out of 10000000 MC cycles
Polymer acceptance rate: 19.1167%
Total runtime: 0.812248 mins (1157.57 cycles/s)
************
Performed 58000 out of 10000000 MC cycles
Polymer acceptance rate: 19.82%
Total runtime: 0.830993 mins (889.137 cycles/s)
************
Performed 59000 out of 10000000 MC cycles
Polymer acceptance rate: 19.0014%
Total runtime: 0.844611 mins (1223.86 cycles/s)
************
Performed 60000 out of 10000000 MC cycles
Polymer acceptance rate: 19.5011%
Total runtime: 0.876537 mins (522.042 cycles/s)
************
Performed 61000 out of 10000000 MC cycles
Polymer acceptance rate: 19.4733%
Total runtime: 0.899644 mins (721.273 cycles/s)
************
Performed 62000 out of 10000000 MC cycles
Polymer acceptance rate: 18.84%
Total runtime: 0.916505 mins (988.475 cycles/s)
************
Performed 63000 out of 10000000 MC cycles
Polymer acceptance rate: 19.4283%
Total runtime: 0.93672 mins (824.47 cycles/s)
************
Performed 64000 out of 10000000 MC cycles
Polymer acceptance rate: 19.4406%
Total runtime: 0.955369 mins (893.711 cycles/s)
************
Performed 65000 out of 10000000 MC cycles
Polymer acceptance rate: 19.0328%
Total runtime: 0.973796 mins (904.485 cycles/s)
************
Performed 66000 out of 10000000 MC cycles
Polymer acceptance rate: 19.7053%
Total runtime: 0.996718 mins (727.089 cycles/s)
************
Performed 67000 out of 10000000 MC cycles
Polymer acceptance rate: 19.4494%
Total runtime: 1.01114 mins (1155.28 cycles/s)
************
Performed 68000 out of 10000000 MC cycles
Polymer acceptance rate: 19.5558%
Total runtime: 1.03215 mins (793.337 cycles/s)
************
Performed 69000 out of 10000000 MC cycles
Polymer acceptance rate: 19.4906%
Total runtime: 1.05216 mins (832.963 cycles/s)
************
Performed 70000 out of 10000000 MC cycles
Polymer acceptance rate: 20.1883%
Total runtime: 1.06429 mins (1374.47 cycles/s)
************
Performed 71000 out of 10000000 MC cycles
Polymer acceptance rate: 19.5061%
Total runtime: 1.08021 mins (1046.58 cycles/s)
************
Performed 72000 out of 10000000 MC cycles
Polymer acceptance rate: 19.8106%
Total runtime: 1.09494 mins (1131.58 cycles/s)
************
Performed 73000 out of 10000000 MC cycles
Polymer acceptance rate: 18.9956%
Total runtime: 1.10736 mins (1341.75 cycles/s)
************
Performed 74000 out of 10000000 MC cycles
Polymer acceptance rate: 19.5172%
Total runtime: 1.12539 mins (924.369 cycles/s)
************
Performed 75000 out of 10000000 MC cycles
Polymer acceptance rate: 19.4108%
Total runtime: 1.15499 mins (563.197 cycles/s)
************
Performed 76000 out of 10000000 MC cycles
Polymer acceptance rate: 19.3117%
Total runtime: 1.17938 mins (683.159 cycles/s)
************
Performed 77000 out of 10000000 MC cycles
Polymer acceptance rate: 18.5114%
Total runtime: 1.19138 mins (1389.13 cycles/s)
************
Performed 78000 out of 10000000 MC cycles
Polymer acceptance rate: 19.0556%
Total runtime: 1.21159 mins (824.659 cycles/s)
************
Performed 79000 out of 10000000 MC cycles
Polymer acceptance rate: 19.1006%
Total runtime: 1.23368 mins (754.434 cycles/s)
************
Performed 80000 out of 10000000 MC cycles
Polymer acceptance rate: 19.3572%
Total runtime: 1.25065 mins (982.034 cycles/s)
************
Performed 81000 out of 10000000 MC cycles
Polymer acceptance rate: 19.2708%
Total runtime: 1.26878 mins (919.669 cycles/s)
************
Performed 82000 out of 10000000 MC cycles
Polymer acceptance rate: 19.3772%
Total runtime: 1.28612 mins (961.128 cycles/s)
************
Performed 83000 out of 10000000 MC cycles
Polymer acceptance rate: 19.2983%
Total runtime: 1.30111 mins (1111.42 cycles/s)
************
Performed 84000 out of 10000000 MC cycles
Polymer acceptance rate: 18.6917%
Total runtime: 1.31341 mins (1354.94 cycles/s)
************
Performed 85000 out of 10000000 MC cycles
Polymer acceptance rate: 18.8411%
Total runtime: 1.3286 mins (1097.6 cycles/s)
************
Performed 86000 out of 10000000 MC cycles
Polymer acceptance rate: 19.4914%
Total runtime: 1.34015 mins (1442.72 cycles/s)
************
Performed 87000 out of 10000000 MC cycles
Polymer acceptance rate: 19.2614%
Total runtime: 1.34917 mins (1847.07 cycles/s)
************
Performed 88000 out of 10000000 MC cycles
Polymer acceptance rate: 19.3306%
Total runtime: 1.3655 mins (1020.85 cycles/s)
************
Performed 89000 out of 10000000 MC cycles
Polymer acceptance rate: 19.7031%
Total runtime: 1.37834 mins (1298.09 cycles/s)
************
Performed 90000 out of 10000000 MC cycles
Polymer acceptance rate: 19.3189%
Total runtime: 1.37914 mins (20896.5 cycles/s)
************
Performed 91000 out of 10000000 MC cycles
Polymer acceptance rate: 19.6667%
Total runtime: 1.40511 mins (641.791 cycles/s)
************
Performed 92000 out of 10000000 MC cycles
Polymer acceptance rate: 19.7747%
Total runtime: 1.41932 mins (1172.94 cycles/s)
************
Performed 93000 out of 10000000 MC cycles
Polymer acceptance rate: 19.3322%
Total runtime: 1.44579 mins (629.578 cycles/s)
************
Performed 94000 out of 10000000 MC cycles
Polymer acceptance rate: 19.9083%
Total runtime: 1.46928 mins (709.527 cycles/s)
************
Performed 95000 out of 10000000 MC cycles
Polymer acceptance rate: 19.0492%
Total runtime: 1.48347 mins (1174.77 cycles/s)
************
Performed 96000 out of 10000000 MC cycles
Polymer acceptance rate: 19.6447%
Total runtime: 1.49577 mins (1354.88 cycles/s)
************
Performed 97000 out of 10000000 MC cycles
Polymer acceptance rate: 19.7886%
Total runtime: 1.51529 mins (853.564 cycles/s)
************
Performed 98000 out of 10000000 MC cycles
Polymer acceptance rate: 19.5522%
Total runtime: 1.53464 mins (861.651 cycles/s)
************
Performed 99000 out of 10000000 MC cycles
Polymer acceptance rate: 19.7239%
Total runtime: 1.55417 mins (853.08 cycles/s)
************
Performed 100000 out of 10000000 MC cycles
Polymer acceptance rate: 19.3925%
Total runtime: 1.59003 mins (464.735 cycles/s)
************
Performed 101000 out of 10000000 MC cycles
Polymer acceptance rate: 19.2531%
Total runtime: 1.61008 mins (831.517 cycles/s)
************
Performed 102000 out of 10000000 MC cycles
Polymer acceptance rate: 19.9842%
Total runtime: 1.63648 mins (631.187 cycles/s)
************
Performed 103000 out of 10000000 MC cycles
Polymer acceptance rate: 20.2358%
Total runtime: 1.65551 mins (876.126 cycles/s)
************
Performed 104000 out of 10000000 MC cycles
Polymer acceptance rate: 19.6881%
Total runtime: 1.68302 mins (605.796 cycles/s)
************
Performed 105000 out of 10000000 MC cycles
Polymer acceptance rate: 19.0675%
Total runtime: 1.70461 mins (771.911 cycles/s)
************
Performed 106000 out of 10000000 MC cycles
Polymer acceptance rate: 19.7%
Total runtime: 1.73874 mins (488.374 cycles/s)
************
Performed 107000 out of 10000000 MC cycles
Polymer acceptance rate: 19.6397%
Total runtime: 1.75136 mins (1320.06 cycles/s)
************
Performed 108000 out of 10000000 MC cycles
Polymer acceptance rate: 19.8475%
Total runtime: 1.77941 mins (594.287 cycles/s)
************
Performed 109000 out of 10000000 MC cycles
Polymer acceptance rate: 19.6794%
Total runtime: 1.7971 mins (942.19 cycles/s)
************
Performed 110000 out of 10000000 MC cycles
Polymer acceptance rate: 19.6125%
Total runtime: 1.8259 mins (578.715 cycles/s)
************
Performed 111000 out of 10000000 MC cycles
Polymer acceptance rate: 19.6331%
Total runtime: 1.85879 mins (506.65 cycles/s)
************
Performed 112000 out of 10000000 MC cycles
Polymer acceptance rate: 19.5211%
Total runtime: 1.87455 mins (1057.52 cycles/s)
************
Performed 113000 out of 10000000 MC cycles
Polymer acceptance rate: 19.3725%
Total runtime: 1.91366 mins (426.152 cycles/s)
************
Performed 114000 out of 10000000 MC cycles
Polymer acceptance rate: 19.2161%
Total runtime: 1.93174 mins (921.947 cycles/s)
************
Performed 115000 out of 10000000 MC cycles
Polymer acceptance rate: 19.5983%
Total runtime: 1.95482 mins (722.234 cycles/s)
************
Performed 116000 out of 10000000 MC cycles
Polymer acceptance rate: 19.5847%
Total runtime: 1.97433 mins (854.302 cycles/s)
************
Performed 117000 out of 10000000 MC cycles
Polymer acceptance rate: 19.6644%
Total runtime: 1.99466 mins (819.455 cycles/s)
************
Performed 118000 out of 10000000 MC cycles
Polymer acceptance rate: 19.6167%
Total runtime: 2.01127 mins (1003.54 cycles/s)
************
Performed 119000 out of 10000000 MC cycles
Polymer acceptance rate: 19.7117%
Total runtime: 2.11144 mins (166.39 cycles/s)
************
Performed 120000 out of 10000000 MC cycles
Polymer acceptance rate: 19.9656%
Total runtime: 2.13596 mins (679.793 cycles/s)
************
Performed 121000 out of 10000000 MC cycles
Polymer acceptance rate: 19.8158%
Total runtime: 2.15373 mins (937.645 cycles/s)
************
Performed 122000 out of 10000000 MC cycles
Polymer acceptance rate: 19.4286%
Total runtime: 2.21383 mins (277.332 cycles/s)
************
Performed 123000 out of 10000000 MC cycles
Polymer acceptance rate: 19.0064%
Total runtime: 2.23197 mins (918.867 cycles/s)
************
Performed 124000 out of 10000000 MC cycles
Polymer acceptance rate: 19.5639%
Total runtime: 2.2433 mins (1469.94 cycles/s)
************
Performed 125000 out of 10000000 MC cycles
Polymer acceptance rate: 19.8661%
Total runtime: 2.2649 mins (771.586 cycles/s)
************
Performed 126000 out of 10000000 MC cycles
Polymer acceptance rate: 19.7464%
Total runtime: 2.27661 mins (1424.3 cycles/s)
