Using entropy-harvested random seed: 807890363
Running with initial polymer density 0.000485979
Using 360 TADs, including main chain of length 360
************
Performed 1000 out of 10000000 MC cycles
Polymer acceptance rate: 15.5292%
Total runtime: 0.0172508 mins (966.138 cycles/s)
************
Performed 2000 out of 10000000 MC cycles
Polymer acceptance rate: 17.7364%
Total runtime: 0.0365069 mins (865.527 cycles/s)
************
Performed 3000 out of 10000000 MC cycles
Polymer acceptance rate: 18.4853%
Total runtime: 0.0594331 mins (726.971 cycles/s)
************
Performed 4000 out of 10000000 MC cycles
Polymer acceptance rate: 18.3764%
Total runtime: 0.0702133 mins (1546.05 cycles/s)
************
Performed 5000 out of 10000000 MC cycles
Polymer acceptance rate: 19.2628%
Total runtime: 0.0822847 mins (1380.67 cycles/s)
************
Performed 6000 out of 10000000 MC cycles
Polymer acceptance rate: 19.0372%
Total runtime: 0.0920201 mins (1711.96 cycles/s)
************
Performed 7000 out of 10000000 MC cycles
Polymer acceptance rate: 19.7606%
Total runtime: 0.105639 mins (1223.8 cycles/s)
************
Performed 8000 out of 10000000 MC cycles
Polymer acceptance rate: 18.9025%
Total runtime: 0.129376 mins (702.133 cycles/s)
************
Performed 9000 out of 10000000 MC cycles
Polymer acceptance rate: 18.7747%
Total runtime: 0.146082 mins (997.673 cycles/s)
************
Performed 10000 out of 10000000 MC cycles
Polymer acceptance rate: 18.7578%
Total runtime: 0.160867 mins (1127.23 cycles/s)
************
Performed 11000 out of 10000000 MC cycles
Polymer acceptance rate: 19.2242%
Total runtime: 0.182849 mins (758.184 cycles/s)
************
Performed 12000 out of 10000000 MC cycles
Polymer acceptance rate: 19.3211%
Total runtime: 0.214932 mins (519.486 cycles/s)
************
Performed 13000 out of 10000000 MC cycles
Polymer acceptance rate: 19.5289%
Total runtime: 0.231438 mins (1009.75 cycles/s)
************
Performed 14000 out of 10000000 MC cycles
Polymer acceptance rate: 19.1553%
Total runtime: 0.246345 mins (1118.05 cycles/s)
************
Performed 15000 out of 10000000 MC cycles
Polymer acceptance rate: 19.2967%
Total runtime: 0.271394 mins (665.356 cycles/s)
************
Performed 16000 out of 10000000 MC cycles
Polymer acceptance rate: 19.1328%
Total runtime: 0.298813 mins (607.853 cycles/s)
************
Performed 17000 out of 10000000 MC cycles
Polymer acceptance rate: 19.3433%
Total runtime: 0.319348 mins (811.612 cycles/s)
************
Performed 18000 out of 10000000 MC cycles
Polymer acceptance rate: 19.5408%
Total runtime: 0.333213 mins (1202.15 cycles/s)
************
Performed 19000 out of 10000000 MC cycles
Polymer acceptance rate: 19.4131%
Total runtime: 0.347442 mins (1171.24 cycles/s)
************
Performed 20000 out of 10000000 MC cycles
Polymer acceptance rate: 19.7208%
Total runtime: 0.361083 mins (1221.84 cycles/s)
************
Performed 21000 out of 10000000 MC cycles
Polymer acceptance rate: 19.1175%
Total runtime: 0.37037 mins (1794.67 cycles/s)
************
Performed 22000 out of 10000000 MC cycles
Polymer acceptance rate: 19.8236%
Total runtime: 0.384024 mins (1220.65 cycles/s)
************
Performed 23000 out of 10000000 MC cycles
Polymer acceptance rate: 19.8742%
Total runtime: 0.397426 mins (1243.6 cycles/s)
************
Performed 24000 out of 10000000 MC cycles
Polymer acceptance rate: 19.885%
Total runtime: 0.4087 mins (1478.34 cycles/s)
************
Performed 25000 out of 10000000 MC cycles
Polymer acceptance rate: 19.7353%
Total runtime: 0.419021 mins (1614.8 cycles/s)
************
Performed 26000 out of 10000000 MC cycles
Polymer acceptance rate: 20.0617%
Total runtime: 0.429568 mins (1580.23 cycles/s)
************
Performed 27000 out of 10000000 MC cycles
Polymer acceptance rate: 19.9625%
Total runtime: 0.444642 mins (1105.62 cycles/s)
************
Performed 28000 out of 10000000 MC cycles
Polymer acceptance rate: 19.4136%
Total runtime: 0.457532 mins (1293.07 cycles/s)
************
Performed 29000 out of 10000000 MC cycles
Polymer acceptance rate: 19.4983%
Total runtime: 0.466933 mins (1772.86 cycles/s)
************
Performed 30000 out of 10000000 MC cycles
Polymer acceptance rate: 19.65%
Total runtime: 0.477276 mins (1611.35 cycles/s)
************
Performed 31000 out of 10000000 MC cycles
Polymer acceptance rate: 19.7136%
Total runtime: 0.491363 mins (1183.15 cycles/s)
************
Performed 32000 out of 10000000 MC cycles
Polymer acceptance rate: 19.5725%
Total runtime: 0.503814 mins (1338.54 cycles/s)
************
Performed 33000 out of 10000000 MC cycles
Polymer acceptance rate: 19.7903%
Total runtime: 0.515251 mins (1457.25 cycles/s)
************
Performed 34000 out of 10000000 MC cycles
Polymer acceptance rate: 19.4806%
Total runtime: 0.529039 mins (1208.8 cycles/s)
************
Performed 35000 out of 10000000 MC cycles
Polymer acceptance rate: 19.7178%
Total runtime: 0.542073 mins (1278.65 cycles/s)
************
Performed 36000 out of 10000000 MC cycles
Polymer acceptance rate: 19.4128%
Total runtime: 0.548829 mins (2466.97 cycles/s)
************
Performed 37000 out of 10000000 MC cycles
Polymer acceptance rate: 19.4714%
Total runtime: 0.563826 mins (1111.35 cycles/s)
************
Performed 38000 out of 10000000 MC cycles
Polymer acceptance rate: 19.6542%
Total runtime: 0.57659 mins (1305.74 cycles/s)
************
Performed 39000 out of 10000000 MC cycles
Polymer acceptance rate: 19.6167%
Total runtime: 0.588313 mins (1421.73 cycles/s)
************
Performed 40000 out of 10000000 MC cycles
Polymer acceptance rate: 19.7892%
Total runtime: 0.597225 mins (1870.15 cycles/s)
************
Performed 41000 out of 10000000 MC cycles
Polymer acceptance rate: 19.4039%
Total runtime: 0.609933 mins (1311.55 cycles/s)
************
Performed 42000 out of 10000000 MC cycles
Polymer acceptance rate: 19.6592%
Total runtime: 0.62022 mins (1620.14 cycles/s)
************
Performed 43000 out of 10000000 MC cycles
Polymer acceptance rate: 19.1561%
Total runtime: 0.631947 mins (1421.2 cycles/s)
************
Performed 44000 out of 10000000 MC cycles
Polymer acceptance rate: 19.4533%
Total runtime: 0.647271 mins (1087.65 cycles/s)
************
Performed 45000 out of 10000000 MC cycles
Polymer acceptance rate: 19.3078%
Total runtime: 0.660447 mins (1264.86 cycles/s)
************
Performed 46000 out of 10000000 MC cycles
Polymer acceptance rate: 19.4078%
Total runtime: 0.672104 mins (1429.79 cycles/s)
************
Performed 47000 out of 10000000 MC cycles
Polymer acceptance rate: 19.5728%
Total runtime: 0.681348 mins (1803.01 cycles/s)
************
Performed 48000 out of 10000000 MC cycles
Polymer acceptance rate: 19.5028%
Total runtime: 0.694495 mins (1267.68 cycles/s)
************
Performed 49000 out of 10000000 MC cycles
Polymer acceptance rate: 19.7161%
Total runtime: 0.708221 mins (1214.27 cycles/s)
************
Performed 50000 out of 10000000 MC cycles
Polymer acceptance rate: 19.5725%
Total runtime: 0.722272 mins (1186.18 cycles/s)
************
Performed 51000 out of 10000000 MC cycles
Polymer acceptance rate: 19.7494%
Total runtime: 0.732843 mins (1576.57 cycles/s)
************
Performed 52000 out of 10000000 MC cycles
Polymer acceptance rate: 19.2558%
Total runtime: 0.745255 mins (1342.83 cycles/s)
************
Performed 53000 out of 10000000 MC cycles
Polymer acceptance rate: 19.3803%
Total runtime: 0.75578 mins (1583.5 cycles/s)
************
Performed 54000 out of 10000000 MC cycles
Polymer acceptance rate: 18.9381%
Total runtime: 0.767625 mins (1407.07 cycles/s)
************
Performed 55000 out of 10000000 MC cycles
Polymer acceptance rate: 19.4344%
Total runtime: 0.781039 mins (1242.43 cycles/s)
************
Performed 56000 out of 10000000 MC cycles
Polymer acceptance rate: 19.6261%
Total runtime: 0.80532 mins (686.421 cycles/s)
************
Performed 57000 out of 10000000 MC cycles
Polymer acceptance rate: 19.5772%
Total runtime: 0.821678 mins (1018.85 cycles/s)
************
Performed 58000 out of 10000000 MC cycles
Polymer acceptance rate: 19.3225%
Total runtime: 0.83002 mins (1998.05 cycles/s)
************
Performed 59000 out of 10000000 MC cycles
Polymer acceptance rate: 19.2125%
Total runtime: 0.856677 mins (625.224 cycles/s)
************
Performed 60000 out of 10000000 MC cycles
Polymer acceptance rate: 19.1344%
Total runtime: 0.8769 mins (824.125 cycles/s)
************
Performed 61000 out of 10000000 MC cycles
Polymer acceptance rate: 18.94%
Total runtime: 0.899994 mins (721.69 cycles/s)
************
Performed 62000 out of 10000000 MC cycles
Polymer acceptance rate: 19.5664%
Total runtime: 0.917296 mins (963.319 cycles/s)
************
Performed 63000 out of 10000000 MC cycles
Polymer acceptance rate: 19.5486%
Total runtime: 0.948097 mins (541.098 cycles/s)
************
Performed 64000 out of 10000000 MC cycles
Polymer acceptance rate: 19.7061%
Total runtime: 0.973071 mins (667.369 cycles/s)
************
Performed 65000 out of 10000000 MC cycles
Polymer acceptance rate: 19.2981%
Total runtime: 0.987171 mins (1182 cycles/s)
************
Performed 66000 out of 10000000 MC cycles
Polymer acceptance rate: 19.4628%
Total runtime: 1.00917 mins (757.728 cycles/s)
************
Performed 67000 out of 10000000 MC cycles
Polymer acceptance rate: 18.8036%
Total runtime: 1.0278 mins (894.626 cycles/s)
************
Performed 68000 out of 10000000 MC cycles
Polymer acceptance rate: 19.0733%
Total runtime: 1.04839 mins (809.152 cycles/s)
************
Performed 69000 out of 10000000 MC cycles
Polymer acceptance rate: 19.5947%
Total runtime: 1.07566 mins (611.221 cycles/s)
************
Performed 70000 out of 10000000 MC cycles
Polymer acceptance rate: 19.6736%
Total runtime: 1.09811 mins (742.31 cycles/s)
************
Performed 71000 out of 10000000 MC cycles
Polymer acceptance rate: 19.4392%
Total runtime: 1.11359 mins (1077.15 cycles/s)
************
Performed 72000 out of 10000000 MC cycles
Polymer acceptance rate: 19.6728%
Total runtime: 1.12718 mins (1226.57 cycles/s)
************
Performed 73000 out of 10000000 MC cycles
Polymer acceptance rate: 19.2886%
Total runtime: 1.14607 mins (881.941 cycles/s)
************
Performed 74000 out of 10000000 MC cycles
Polymer acceptance rate: 20.0194%
Total runtime: 1.18191 mins (465.058 cycles/s)
************
Performed 75000 out of 10000000 MC cycles
Polymer acceptance rate: 19.2392%
Total runtime: 1.20129 mins (860.108 cycles/s)
************
Performed 76000 out of 10000000 MC cycles
Polymer acceptance rate: 19.6133%
Total runtime: 1.21879 mins (952.577 cycles/s)
************
Performed 77000 out of 10000000 MC cycles
Polymer acceptance rate: 19.4553%
Total runtime: 1.23827 mins (855.277 cycles/s)
************
Performed 78000 out of 10000000 MC cycles
Polymer acceptance rate: 19.4089%
Total runtime: 1.25831 mins (831.737 cycles/s)
************
Performed 79000 out of 10000000 MC cycles
Polymer acceptance rate: 19.6033%
Total runtime: 1.27936 mins (791.664 cycles/s)
************
Performed 80000 out of 10000000 MC cycles
Polymer acceptance rate: 19.88%
Total runtime: 1.29667 mins (962.934 cycles/s)
************
Performed 81000 out of 10000000 MC cycles
Polymer acceptance rate: 19.6683%
Total runtime: 1.30556 mins (1874.27 cycles/s)
************
Performed 82000 out of 10000000 MC cycles
Polymer acceptance rate: 19.5922%
Total runtime: 1.32521 mins (848.247 cycles/s)
************
Performed 83000 out of 10000000 MC cycles
Polymer acceptance rate: 19.9142%
Total runtime: 1.3403 mins (1104.76 cycles/s)
************
Performed 84000 out of 10000000 MC cycles
Polymer acceptance rate: 19.8328%
Total runtime: 1.36216 mins (762.309 cycles/s)
************
Performed 85000 out of 10000000 MC cycles
Polymer acceptance rate: 20.0067%
Total runtime: 1.37876 mins (1004.14 cycles/s)
************
Performed 86000 out of 10000000 MC cycles
Polymer acceptance rate: 19.8881%
Total runtime: 1.38524 mins (2571.6 cycles/s)
************
Performed 87000 out of 10000000 MC cycles
Polymer acceptance rate: 19.6869%
Total runtime: 1.399 mins (1211.22 cycles/s)
************
Performed 88000 out of 10000000 MC cycles
Polymer acceptance rate: 19.8208%
Total runtime: 1.4172 mins (915.761 cycles/s)
************
Performed 89000 out of 10000000 MC cycles
Polymer acceptance rate: 19.2722%
Total runtime: 1.41861 mins (11857 cycles/s)
************
Performed 90000 out of 10000000 MC cycles
Polymer acceptance rate: 19.3997%
Total runtime: 1.44054 mins (759.936 cycles/s)
************
Performed 91000 out of 10000000 MC cycles
Polymer acceptance rate: 19.65%
Total runtime: 1.47041 mins (557.886 cycles/s)
************
Performed 92000 out of 10000000 MC cycles
Polymer acceptance rate: 19.5031%
Total runtime: 1.49019 mins (842.648 cycles/s)
************
Performed 93000 out of 10000000 MC cycles
Polymer acceptance rate: 19.3961%
Total runtime: 1.51223 mins (756.191 cycles/s)
************
Performed 94000 out of 10000000 MC cycles
Polymer acceptance rate: 19.0508%
Total runtime: 1.52809 mins (1050.72 cycles/s)
************
Performed 95000 out of 10000000 MC cycles
Polymer acceptance rate: 19.5558%
Total runtime: 1.54527 mins (970.359 cycles/s)
************
Performed 96000 out of 10000000 MC cycles
Polymer acceptance rate: 19.5383%
Total runtime: 1.56949 mins (688.148 cycles/s)
************
Performed 97000 out of 10000000 MC cycles
Polymer acceptance rate: 19.6306%
Total runtime: 1.59261 mins (720.996 cycles/s)
************
Performed 98000 out of 10000000 MC cycles
Polymer acceptance rate: 19.445%
Total runtime: 1.61949 mins (620.041 cycles/s)
************
Performed 99000 out of 10000000 MC cycles
Polymer acceptance rate: 19.3306%
Total runtime: 1.62083 mins (12391.6 cycles/s)
************
Performed 100000 out of 10000000 MC cycles
Polymer acceptance rate: 19.8692%
Total runtime: 1.65353 mins (509.678 cycles/s)
************
Performed 101000 out of 10000000 MC cycles
Polymer acceptance rate: 20.1528%
Total runtime: 1.6775 mins (695.445 cycles/s)
************
Performed 102000 out of 10000000 MC cycles
Polymer acceptance rate: 19.8164%
Total runtime: 1.69841 mins (797.041 cycles/s)
************
Performed 103000 out of 10000000 MC cycles
Polymer acceptance rate: 19.5072%
Total runtime: 1.74112 mins (390.223 cycles/s)
************
Performed 104000 out of 10000000 MC cycles
Polymer acceptance rate: 19.6061%
Total runtime: 1.77417 mins (504.305 cycles/s)
************
Performed 105000 out of 10000000 MC cycles
Polymer acceptance rate: 20.3675%
Total runtime: 1.79299 mins (885.541 cycles/s)
************
Performed 106000 out of 10000000 MC cycles
Polymer acceptance rate: 19.6067%
Total runtime: 1.81755 mins (678.5 cycles/s)
************
Performed 107000 out of 10000000 MC cycles
Polymer acceptance rate: 19.5147%
Total runtime: 1.82728 mins (1713.03 cycles/s)
************
Performed 108000 out of 10000000 MC cycles
Polymer acceptance rate: 19.5156%
Total runtime: 1.85756 mins (550.357 cycles/s)
************
Performed 109000 out of 10000000 MC cycles
Polymer acceptance rate: 19.4347%
Total runtime: 1.87056 mins (1282.59 cycles/s)
************
Performed 110000 out of 10000000 MC cycles
Polymer acceptance rate: 19.6703%
Total runtime: 1.88926 mins (891.057 cycles/s)
************
Performed 111000 out of 10000000 MC cycles
Polymer acceptance rate: 19.5889%
Total runtime: 1.92103 mins (524.654 cycles/s)
************
Performed 112000 out of 10000000 MC cycles
Polymer acceptance rate: 19.8817%
Total runtime: 1.94804 mins (616.968 cycles/s)
************
Performed 113000 out of 10000000 MC cycles
Polymer acceptance rate: 19.9311%
Total runtime: 1.97025 mins (750.581 cycles/s)
************
Performed 114000 out of 10000000 MC cycles
Polymer acceptance rate: 19.4708%
Total runtime: 1.9856 mins (1085.97 cycles/s)
************
Performed 115000 out of 10000000 MC cycles
Polymer acceptance rate: 19.5731%
Total runtime: 2.01027 mins (675.39 cycles/s)
************
Performed 116000 out of 10000000 MC cycles
Polymer acceptance rate: 19.6514%
Total runtime: 2.02495 mins (1135.39 cycles/s)
************
Performed 117000 out of 10000000 MC cycles
Polymer acceptance rate: 19.2658%
Total runtime: 2.03607 mins (1498.67 cycles/s)
************
Performed 118000 out of 10000000 MC cycles
Polymer acceptance rate: 19.8194%
Total runtime: 2.13975 mins (160.75 cycles/s)
************
Performed 119000 out of 10000000 MC cycles
Polymer acceptance rate: 19.4339%
Total runtime: 2.16595 mins (636.309 cycles/s)
************
Performed 120000 out of 10000000 MC cycles
Polymer acceptance rate: 19.7769%
Total runtime: 2.19029 mins (684.736 cycles/s)
************
Performed 121000 out of 10000000 MC cycles
Polymer acceptance rate: 19.6881%
Total runtime: 2.20922 mins (880.286 cycles/s)
************
Performed 122000 out of 10000000 MC cycles
Polymer acceptance rate: 19.6428%
Total runtime: 2.27058 mins (271.61 cycles/s)
************
Performed 123000 out of 10000000 MC cycles
Polymer acceptance rate: 19.7047%
Total runtime: 2.2893 mins (890.228 cycles/s)
************
Performed 124000 out of 10000000 MC cycles
Polymer acceptance rate: 19.1692%
Total runtime: 2.31591 mins (626.399 cycles/s)
