Using entropy-harvested random seed: 1932650012
Running with initial polymer density 0.000485979
Using 360 TADs, including main chain of length 360
************
Performed 1000 out of 10000000 MC cycles
Polymer acceptance rate: 15.6317%
Total runtime: 0.0208964 mins (797.587 cycles/s)
************
Performed 2000 out of 10000000 MC cycles
Polymer acceptance rate: 17.7811%
Total runtime: 0.037198 mins (1022.39 cycles/s)
************
Performed 3000 out of 10000000 MC cycles
Polymer acceptance rate: 18.6328%
Total runtime: 0.0467466 mins (1745.46 cycles/s)
************
Performed 4000 out of 10000000 MC cycles
Polymer acceptance rate: 19.3306%
Total runtime: 0.0612353 mins (1150.33 cycles/s)
************
Performed 5000 out of 10000000 MC cycles
Polymer acceptance rate: 19.3756%
Total runtime: 0.0754535 mins (1172.2 cycles/s)
************
Performed 6000 out of 10000000 MC cycles
Polymer acceptance rate: 18.9853%
Total runtime: 0.0957416 mins (821.501 cycles/s)
************
Performed 7000 out of 10000000 MC cycles
Polymer acceptance rate: 19.11%
Total runtime: 0.106581 mins (1537.54 cycles/s)
************
Performed 8000 out of 10000000 MC cycles
Polymer acceptance rate: 19.3511%
Total runtime: 0.114988 mins (1982.66 cycles/s)
************
Performed 9000 out of 10000000 MC cycles
Polymer acceptance rate: 19.4289%
Total runtime: 0.130851 mins (1050.64 cycles/s)
************
Performed 10000 out of 10000000 MC cycles
Polymer acceptance rate: 19.4528%
Total runtime: 0.156018 mins (662.248 cycles/s)
************
Performed 11000 out of 10000000 MC cycles
Polymer acceptance rate: 19.8481%
Total runtime: 0.186053 mins (554.907 cycles/s)
************
Performed 12000 out of 10000000 MC cycles
Polymer acceptance rate: 19.4539%
Total runtime: 0.20061 mins (1144.92 cycles/s)
************
Performed 13000 out of 10000000 MC cycles
Polymer acceptance rate: 19.1319%
Total runtime: 0.23058 mins (556.111 cycles/s)
************
Performed 14000 out of 10000000 MC cycles
Polymer acceptance rate: 19.1131%
Total runtime: 0.250231 mins (848.139 cycles/s)
************
Performed 15000 out of 10000000 MC cycles
Polymer acceptance rate: 19.0642%
Total runtime: 0.278747 mins (584.455 cycles/s)
************
Performed 16000 out of 10000000 MC cycles
Polymer acceptance rate: 18.9989%
Total runtime: 0.29211 mins (1247.22 cycles/s)
************
Performed 17000 out of 10000000 MC cycles
Polymer acceptance rate: 19.5439%
Total runtime: 0.302671 mins (1578.15 cycles/s)
************
Performed 18000 out of 10000000 MC cycles
Polymer acceptance rate: 19.1058%
Total runtime: 0.321281 mins (895.612 cycles/s)
************
Performed 19000 out of 10000000 MC cycles
Polymer acceptance rate: 19.6578%
Total runtime: 0.334746 mins (1237.69 cycles/s)
************
Performed 20000 out of 10000000 MC cycles
Polymer acceptance rate: 19.3158%
Total runtime: 0.348486 mins (1213.03 cycles/s)
************
Performed 21000 out of 10000000 MC cycles
Polymer acceptance rate: 18.9292%
Total runtime: 0.363517 mins (1108.83 cycles/s)
************
Performed 22000 out of 10000000 MC cycles
Polymer acceptance rate: 19.6922%
Total runtime: 0.375511 mins (1389.57 cycles/s)
************
Performed 23000 out of 10000000 MC cycles
Polymer acceptance rate: 18.9386%
Total runtime: 0.384233 mins (1910.99 cycles/s)
************
Performed 24000 out of 10000000 MC cycles
Polymer acceptance rate: 19.6989%
Total runtime: 0.397598 mins (1247.01 cycles/s)
************
Performed 25000 out of 10000000 MC cycles
Polymer acceptance rate: 19.0661%
Total runtime: 0.405658 mins (2067.83 cycles/s)
************
Performed 26000 out of 10000000 MC cycles
Polymer acceptance rate: 19.1036%
Total runtime: 0.423905 mins (913.373 cycles/s)
************
Performed 27000 out of 10000000 MC cycles
Polymer acceptance rate: 19.3592%
Total runtime: 0.437025 mins (1270.33 cycles/s)
************
Performed 28000 out of 10000000 MC cycles
Polymer acceptance rate: 18.555%
Total runtime: 0.445406 mins (1988.58 cycles/s)
************
Performed 29000 out of 10000000 MC cycles
Polymer acceptance rate: 19.2636%
Total runtime: 0.458383 mins (1284.38 cycles/s)
************
Performed 30000 out of 10000000 MC cycles
Polymer acceptance rate: 19.0522%
Total runtime: 0.467908 mins (1749.69 cycles/s)
************
Performed 31000 out of 10000000 MC cycles
Polymer acceptance rate: 19.5081%
Total runtime: 0.48175 mins (1204.08 cycles/s)
************
Performed 32000 out of 10000000 MC cycles
Polymer acceptance rate: 19.6431%
Total runtime: 0.494458 mins (1311.5 cycles/s)
************
Performed 33000 out of 10000000 MC cycles
Polymer acceptance rate: 19.0394%
Total runtime: 0.504335 mins (1687.4 cycles/s)
************
Performed 34000 out of 10000000 MC cycles
Polymer acceptance rate: 19.2456%
Total runtime: 0.517789 mins (1238.85 cycles/s)
************
Performed 35000 out of 10000000 MC cycles
Polymer acceptance rate: 19.35%
Total runtime: 0.531264 mins (1236.81 cycles/s)
************
Performed 36000 out of 10000000 MC cycles
Polymer acceptance rate: 19.2697%
Total runtime: 0.543904 mins (1318.61 cycles/s)
************
Performed 37000 out of 10000000 MC cycles
Polymer acceptance rate: 19.67%
Total runtime: 0.555713 mins (1411.28 cycles/s)
************
Performed 38000 out of 10000000 MC cycles
Polymer acceptance rate: 19.5911%
Total runtime: 0.568278 mins (1326.46 cycles/s)
************
Performed 39000 out of 10000000 MC cycles
Polymer acceptance rate: 19.6681%
Total runtime: 0.580252 mins (1391.89 cycles/s)
************
Performed 40000 out of 10000000 MC cycles
Polymer acceptance rate: 19.7747%
Total runtime: 0.589924 mins (1723.21 cycles/s)
************
Performed 41000 out of 10000000 MC cycles
Polymer acceptance rate: 19.3081%
Total runtime: 0.602123 mins (1366.21 cycles/s)
************
Performed 42000 out of 10000000 MC cycles
Polymer acceptance rate: 19.2403%
Total runtime: 0.612508 mins (1604.93 cycles/s)
************
Performed 43000 out of 10000000 MC cycles
Polymer acceptance rate: 19.8578%
Total runtime: 0.626929 mins (1155.74 cycles/s)
************
Performed 44000 out of 10000000 MC cycles
Polymer acceptance rate: 19.8022%
Total runtime: 0.642919 mins (1042.32 cycles/s)
************
Performed 45000 out of 10000000 MC cycles
Polymer acceptance rate: 19.8708%
Total runtime: 0.653763 mins (1536.85 cycles/s)
************
Performed 46000 out of 10000000 MC cycles
Polymer acceptance rate: 19.1647%
Total runtime: 0.669446 mins (1062.73 cycles/s)
************
Performed 47000 out of 10000000 MC cycles
Polymer acceptance rate: 19.1353%
Total runtime: 0.678607 mins (1819.45 cycles/s)
************
Performed 48000 out of 10000000 MC cycles
Polymer acceptance rate: 20.2481%
Total runtime: 0.692711 mins (1181.68 cycles/s)
************
Performed 49000 out of 10000000 MC cycles
Polymer acceptance rate: 19.4361%
Total runtime: 0.703715 mins (1514.61 cycles/s)
************
Performed 50000 out of 10000000 MC cycles
Polymer acceptance rate: 20.1183%
Total runtime: 0.715087 mins (1465.54 cycles/s)
************
Performed 51000 out of 10000000 MC cycles
Polymer acceptance rate: 20.0167%
Total runtime: 0.728632 mins (1230.48 cycles/s)
************
Performed 52000 out of 10000000 MC cycles
Polymer acceptance rate: 19.4422%
Total runtime: 0.741149 mins (1331.49 cycles/s)
************
Performed 53000 out of 10000000 MC cycles
Polymer acceptance rate: 19.3644%
Total runtime: 0.761069 mins (836.698 cycles/s)
************
Performed 54000 out of 10000000 MC cycles
Polymer acceptance rate: 19.3497%
Total runtime: 0.775762 mins (1134.36 cycles/s)
************
Performed 55000 out of 10000000 MC cycles
Polymer acceptance rate: 19.7119%
Total runtime: 0.799011 mins (716.852 cycles/s)
************
Performed 56000 out of 10000000 MC cycles
Polymer acceptance rate: 19.8183%
Total runtime: 0.815004 mins (1042.17 cycles/s)
************
Performed 57000 out of 10000000 MC cycles
Polymer acceptance rate: 19.6656%
Total runtime: 0.83647 mins (776.424 cycles/s)
************
Performed 58000 out of 10000000 MC cycles
Polymer acceptance rate: 19.5914%
Total runtime: 0.84299 mins (2556.28 cycles/s)
************
Performed 59000 out of 10000000 MC cycles
Polymer acceptance rate: 20.1714%
Total runtime: 0.86771 mins (674.216 cycles/s)
************
Performed 60000 out of 10000000 MC cycles
Polymer acceptance rate: 19.7681%
Total runtime: 0.897939 mins (551.336 cycles/s)
************
Performed 61000 out of 10000000 MC cycles
Polymer acceptance rate: 19.4219%
Total runtime: 0.927945 mins (555.454 cycles/s)
************
Performed 62000 out of 10000000 MC cycles
Polymer acceptance rate: 19.4556%
Total runtime: 0.942573 mins (1139.37 cycles/s)
************
Performed 63000 out of 10000000 MC cycles
Polymer acceptance rate: 19.6181%
Total runtime: 0.965852 mins (715.955 cycles/s)
************
Performed 64000 out of 10000000 MC cycles
Polymer acceptance rate: 19.5642%
Total runtime: 0.988511 mins (735.529 cycles/s)
************
Performed 65000 out of 10000000 MC cycles
Polymer acceptance rate: 19.8758%
Total runtime: 1.00866 mins (827.238 cycles/s)
************
Performed 66000 out of 10000000 MC cycles
Polymer acceptance rate: 19.9667%
Total runtime: 1.03248 mins (699.767 cycles/s)
************
Performed 67000 out of 10000000 MC cycles
Polymer acceptance rate: 19.5819%
Total runtime: 1.046 mins (1232.1 cycles/s)
************
Performed 68000 out of 10000000 MC cycles
Polymer acceptance rate: 19.3097%
Total runtime: 1.06577 mins (843.301 cycles/s)
************
Performed 69000 out of 10000000 MC cycles
Polymer acceptance rate: 19.5394%
Total runtime: 1.07433 mins (1945.81 cycles/s)
************
Performed 70000 out of 10000000 MC cycles
Polymer acceptance rate: 19.7231%
Total runtime: 1.09007 mins (1058.78 cycles/s)
************
Performed 71000 out of 10000000 MC cycles
Polymer acceptance rate: 19.1242%
Total runtime: 1.09717 mins (2347.98 cycles/s)
************
Performed 72000 out of 10000000 MC cycles
Polymer acceptance rate: 19.535%
Total runtime: 1.11913 mins (759.043 cycles/s)
************
Performed 73000 out of 10000000 MC cycles
Polymer acceptance rate: 19.6594%
Total runtime: 1.15594 mins (452.74 cycles/s)
************
Performed 74000 out of 10000000 MC cycles
Polymer acceptance rate: 19.6664%
Total runtime: 1.18025 mins (685.665 cycles/s)
************
Performed 75000 out of 10000000 MC cycles
Polymer acceptance rate: 19.3778%
Total runtime: 1.20215 mins (761.026 cycles/s)
************
Performed 76000 out of 10000000 MC cycles
Polymer acceptance rate: 19.3028%
Total runtime: 1.22543 mins (715.774 cycles/s)
************
Performed 77000 out of 10000000 MC cycles
Polymer acceptance rate: 20.1897%
Total runtime: 1.24155 mins (1034.15 cycles/s)
************
Performed 78000 out of 10000000 MC cycles
Polymer acceptance rate: 19.5897%
Total runtime: 1.25692 mins (1084.44 cycles/s)
************
Performed 79000 out of 10000000 MC cycles
Polymer acceptance rate: 19.5636%
Total runtime: 1.28164 mins (674.286 cycles/s)
************
Performed 80000 out of 10000000 MC cycles
Polymer acceptance rate: 19.8906%
Total runtime: 1.30133 mins (846.519 cycles/s)
************
Performed 81000 out of 10000000 MC cycles
Polymer acceptance rate: 19.3833%
Total runtime: 1.32328 mins (759.084 cycles/s)
************
Performed 82000 out of 10000000 MC cycles
Polymer acceptance rate: 19.6594%
Total runtime: 1.33835 mins (1106.24 cycles/s)
************
Performed 83000 out of 10000000 MC cycles
Polymer acceptance rate: 19.7494%
Total runtime: 1.34691 mins (1947.17 cycles/s)
************
Performed 84000 out of 10000000 MC cycles
Polymer acceptance rate: 19.3661%
Total runtime: 1.36692 mins (832.973 cycles/s)
************
Performed 85000 out of 10000000 MC cycles
Polymer acceptance rate: 19.7533%
Total runtime: 1.37812 mins (1487.74 cycles/s)
************
Performed 86000 out of 10000000 MC cycles
Polymer acceptance rate: 19.7281%
Total runtime: 1.39841 mins (821.458 cycles/s)
************
Performed 87000 out of 10000000 MC cycles
Polymer acceptance rate: 19.6556%
Total runtime: 1.41622 mins (935.769 cycles/s)
************
Performed 88000 out of 10000000 MC cycles
Polymer acceptance rate: 19.6753%
Total runtime: 1.43991 mins (703.375 cycles/s)
************
Performed 89000 out of 10000000 MC cycles
Polymer acceptance rate: 19.4339%
Total runtime: 1.46142 mins (775.073 cycles/s)
************
Performed 90000 out of 10000000 MC cycles
Polymer acceptance rate: 19.0661%
Total runtime: 1.4853 mins (697.744 cycles/s)
************
Performed 91000 out of 10000000 MC cycles
Polymer acceptance rate: 19.7439%
Total runtime: 1.49912 mins (1205.96 cycles/s)
************
Performed 92000 out of 10000000 MC cycles
Polymer acceptance rate: 19.7486%
Total runtime: 1.51374 mins (1140.5 cycles/s)
************
Performed 93000 out of 10000000 MC cycles
Polymer acceptance rate: 19.4047%
Total runtime: 1.52723 mins (1235 cycles/s)
************
Performed 94000 out of 10000000 MC cycles
Polymer acceptance rate: 18.8228%
Total runtime: 1.55015 mins (727.185 cycles/s)
************
Performed 95000 out of 10000000 MC cycles
Polymer acceptance rate: 19.3978%
Total runtime: 1.57865 mins (584.928 cycles/s)
************
Performed 96000 out of 10000000 MC cycles
Polymer acceptance rate: 19.1961%
Total runtime: 1.59768 mins (875.536 cycles/s)
************
Performed 97000 out of 10000000 MC cycles
Polymer acceptance rate: 19.415%
Total runtime: 1.62557 mins (597.711 cycles/s)
************
Performed 98000 out of 10000000 MC cycles
Polymer acceptance rate: 18.9469%
Total runtime: 1.64761 mins (755.909 cycles/s)
************
Performed 99000 out of 10000000 MC cycles
Polymer acceptance rate: 19.635%
Total runtime: 1.67492 mins (610.361 cycles/s)
************
Performed 100000 out of 10000000 MC cycles
Polymer acceptance rate: 19.5333%
Total runtime: 1.70194 mins (616.95 cycles/s)
************
Performed 101000 out of 10000000 MC cycles
Polymer acceptance rate: 19.615%
Total runtime: 1.71882 mins (987.055 cycles/s)
************
Performed 102000 out of 10000000 MC cycles
Polymer acceptance rate: 18.7011%
Total runtime: 1.7386 mins (842.72 cycles/s)
************
Performed 103000 out of 10000000 MC cycles
Polymer acceptance rate: 19.9992%
Total runtime: 1.75751 mins (881.199 cycles/s)
************
Performed 104000 out of 10000000 MC cycles
Polymer acceptance rate: 19.6711%
Total runtime: 1.78388 mins (632.129 cycles/s)
************
Performed 105000 out of 10000000 MC cycles
Polymer acceptance rate: 18.9253%
Total runtime: 1.80356 mins (846.873 cycles/s)
************
Performed 106000 out of 10000000 MC cycles
Polymer acceptance rate: 19.2253%
Total runtime: 1.82201 mins (903.05 cycles/s)
************
Performed 107000 out of 10000000 MC cycles
Polymer acceptance rate: 19.5256%
Total runtime: 1.84875 mins (623.283 cycles/s)
************
Performed 108000 out of 10000000 MC cycles
Polymer acceptance rate: 19.4536%
Total runtime: 1.86561 mins (988.51 cycles/s)
************
Performed 109000 out of 10000000 MC cycles
Polymer acceptance rate: 19.255%
Total runtime: 1.88816 mins (739.187 cycles/s)
************
Performed 110000 out of 10000000 MC cycles
Polymer acceptance rate: 19.2814%
Total runtime: 1.91486 mins (624.338 cycles/s)
************
Performed 111000 out of 10000000 MC cycles
Polymer acceptance rate: 19.6369%
Total runtime: 1.933 mins (918.73 cycles/s)
************
Performed 112000 out of 10000000 MC cycles
Polymer acceptance rate: 19.5694%
Total runtime: 1.95044 mins (955.606 cycles/s)
************
Performed 113000 out of 10000000 MC cycles
Polymer acceptance rate: 19.6286%
Total runtime: 1.96928 mins (884.456 cycles/s)
************
Performed 114000 out of 10000000 MC cycles
Polymer acceptance rate: 19.7306%
Total runtime: 1.99439 mins (663.797 cycles/s)
************
Performed 115000 out of 10000000 MC cycles
Polymer acceptance rate: 19.5503%
Total runtime: 2.01352 mins (871.315 cycles/s)
************
Performed 116000 out of 10000000 MC cycles
Polymer acceptance rate: 19.2439%
Total runtime: 2.12046 mins (155.844 cycles/s)
************
Performed 117000 out of 10000000 MC cycles
Polymer acceptance rate: 19.4339%
Total runtime: 2.14882 mins (587.771 cycles/s)
************
Performed 118000 out of 10000000 MC cycles
Polymer acceptance rate: 19.4633%
Total runtime: 2.16467 mins (1051.2 cycles/s)
************
Performed 119000 out of 10000000 MC cycles
Polymer acceptance rate: 20.0856%
Total runtime: 2.22596 mins (271.936 cycles/s)
************
Performed 120000 out of 10000000 MC cycles
Polymer acceptance rate: 19.2611%
Total runtime: 2.25269 mins (623.669 cycles/s)
************
Performed 121000 out of 10000000 MC cycles
Polymer acceptance rate: 19.5722%
Total runtime: 2.26829 mins (1068.26 cycles/s)
************
Performed 122000 out of 10000000 MC cycles
Polymer acceptance rate: 19.9861%
Total runtime: 2.29523 mins (618.528 cycles/s)
