Using entropy-harvested random seed: -1808403213
Running with initial polymer density 0.000485979
Using 360 TADs, including main chain of length 360
************
Performed 1000 out of 10000000 MC cycles
Polymer acceptance rate: 15.8194%
Total runtime: 0.00549348 mins (3033.9 cycles/s)
************
Performed 2000 out of 10000000 MC cycles
Polymer acceptance rate: 18.4342%
Total runtime: 0.0180836 mins (1323.79 cycles/s)
************
Performed 3000 out of 10000000 MC cycles
Polymer acceptance rate: 18.9767%
Total runtime: 0.0330707 mins (1112.07 cycles/s)
************
Performed 4000 out of 10000000 MC cycles
Polymer acceptance rate: 19.3992%
Total runtime: 0.0454268 mins (1348.86 cycles/s)
************
Performed 5000 out of 10000000 MC cycles
Polymer acceptance rate: 19.09%
Total runtime: 0.0570214 mins (1437.46 cycles/s)
************
Performed 6000 out of 10000000 MC cycles
Polymer acceptance rate: 18.8797%
Total runtime: 0.0778273 mins (801.053 cycles/s)
************
Performed 7000 out of 10000000 MC cycles
Polymer acceptance rate: 18.9931%
Total runtime: 0.0923864 mins (1144.76 cycles/s)
************
Performed 8000 out of 10000000 MC cycles
Polymer acceptance rate: 19.2211%
Total runtime: 0.110199 mins (935.675 cycles/s)
************
Performed 9000 out of 10000000 MC cycles
Polymer acceptance rate: 19.7225%
Total runtime: 0.131452 mins (784.207 cycles/s)
************
Performed 10000 out of 10000000 MC cycles
Polymer acceptance rate: 19.13%
Total runtime: 0.159526 mins (593.659 cycles/s)
************
Performed 11000 out of 10000000 MC cycles
Polymer acceptance rate: 19.4314%
Total runtime: 0.174424 mins (1118.73 cycles/s)
************
Performed 12000 out of 10000000 MC cycles
Polymer acceptance rate: 19.285%
Total runtime: 0.189429 mins (1110.74 cycles/s)
************
Performed 13000 out of 10000000 MC cycles
Polymer acceptance rate: 19.4942%
Total runtime: 0.218505 mins (573.212 cycles/s)
************
Performed 14000 out of 10000000 MC cycles
Polymer acceptance rate: 19.6997%
Total runtime: 0.246832 mins (588.367 cycles/s)
************
Performed 15000 out of 10000000 MC cycles
Polymer acceptance rate: 19.6792%
Total runtime: 0.265012 mins (916.764 cycles/s)
************
Performed 16000 out of 10000000 MC cycles
Polymer acceptance rate: 19.5103%
Total runtime: 0.279212 mins (1173.67 cycles/s)
************
Performed 17000 out of 10000000 MC cycles
Polymer acceptance rate: 19.5411%
Total runtime: 0.2941 mins (1119.53 cycles/s)
************
Performed 18000 out of 10000000 MC cycles
Polymer acceptance rate: 19.7614%
Total runtime: 0.307536 mins (1240.42 cycles/s)
************
Performed 19000 out of 10000000 MC cycles
Polymer acceptance rate: 19.7494%
Total runtime: 0.318198 mins (1563.23 cycles/s)
************
Performed 20000 out of 10000000 MC cycles
Polymer acceptance rate: 19.6539%
Total runtime: 0.336064 mins (932.856 cycles/s)
************
Performed 21000 out of 10000000 MC cycles
Polymer acceptance rate: 19.3558%
Total runtime: 0.345768 mins (1717.55 cycles/s)
************
Performed 22000 out of 10000000 MC cycles
Polymer acceptance rate: 19.5703%
Total runtime: 0.354641 mins (1878.36 cycles/s)
************
Performed 23000 out of 10000000 MC cycles
Polymer acceptance rate: 19.8678%
Total runtime: 0.366181 mins (1444.19 cycles/s)
************
Performed 24000 out of 10000000 MC cycles
Polymer acceptance rate: 20.1675%
Total runtime: 0.373162 mins (2387.35 cycles/s)
************
Performed 25000 out of 10000000 MC cycles
Polymer acceptance rate: 19.8789%
Total runtime: 0.389474 mins (1021.77 cycles/s)
************
Performed 26000 out of 10000000 MC cycles
Polymer acceptance rate: 19.67%
Total runtime: 0.403845 mins (1159.71 cycles/s)
************
Performed 27000 out of 10000000 MC cycles
Polymer acceptance rate: 19.4158%
Total runtime: 0.41446 mins (1570.16 cycles/s)
************
Performed 28000 out of 10000000 MC cycles
Polymer acceptance rate: 19.5653%
Total runtime: 0.426811 mins (1349.36 cycles/s)
************
Performed 29000 out of 10000000 MC cycles
Polymer acceptance rate: 19.7997%
Total runtime: 0.441207 mins (1157.78 cycles/s)
************
Performed 30000 out of 10000000 MC cycles
Polymer acceptance rate: 18.86%
Total runtime: 0.45278 mins (1440.09 cycles/s)
************
Performed 31000 out of 10000000 MC cycles
Polymer acceptance rate: 19.5347%
Total runtime: 0.466234 mins (1238.77 cycles/s)
************
Performed 32000 out of 10000000 MC cycles
Polymer acceptance rate: 19.7506%
Total runtime: 0.478325 mins (1378.48 cycles/s)
************
Performed 33000 out of 10000000 MC cycles
Polymer acceptance rate: 19.8042%
Total runtime: 0.492549 mins (1171.73 cycles/s)
************
Performed 34000 out of 10000000 MC cycles
Polymer acceptance rate: 19.8478%
Total runtime: 0.505372 mins (1299.75 cycles/s)
************
Performed 35000 out of 10000000 MC cycles
Polymer acceptance rate: 19.6964%
Total runtime: 0.515105 mins (1712.28 cycles/s)
************
Performed 36000 out of 10000000 MC cycles
Polymer acceptance rate: 19.5528%
Total runtime: 0.526535 mins (1458.17 cycles/s)
************
Performed 37000 out of 10000000 MC cycles
Polymer acceptance rate: 20.0592%
Total runtime: 0.538472 mins (1396.25 cycles/s)
************
Performed 38000 out of 10000000 MC cycles
Polymer acceptance rate: 19.6294%
Total runtime: 0.549381 mins (1527.83 cycles/s)
************
Performed 39000 out of 10000000 MC cycles
Polymer acceptance rate: 19.6244%
Total runtime: 0.56161 mins (1362.82 cycles/s)
************
Performed 40000 out of 10000000 MC cycles
Polymer acceptance rate: 19.8181%
Total runtime: 0.574088 mins (1335.74 cycles/s)
************
Performed 41000 out of 10000000 MC cycles
Polymer acceptance rate: 19.55%
Total runtime: 0.586551 mins (1337.3 cycles/s)
************
Performed 42000 out of 10000000 MC cycles
Polymer acceptance rate: 19.9261%
Total runtime: 0.597494 mins (1522.97 cycles/s)
************
Performed 43000 out of 10000000 MC cycles
Polymer acceptance rate: 19.7075%
Total runtime: 0.614794 mins (963.418 cycles/s)
************
Performed 44000 out of 10000000 MC cycles
Polymer acceptance rate: 19.3119%
Total runtime: 0.627418 mins (1320.19 cycles/s)
************
Performed 45000 out of 10000000 MC cycles
Polymer acceptance rate: 20.2608%
Total runtime: 0.637365 mins (1675.51 cycles/s)
************
Performed 46000 out of 10000000 MC cycles
Polymer acceptance rate: 19.5647%
Total runtime: 0.647989 mins (1568.85 cycles/s)
************
Performed 47000 out of 10000000 MC cycles
Polymer acceptance rate: 19.6306%
Total runtime: 0.662494 mins (1149 cycles/s)
************
Performed 48000 out of 10000000 MC cycles
Polymer acceptance rate: 20.1928%
Total runtime: 0.676186 mins (1217.33 cycles/s)
************
Performed 49000 out of 10000000 MC cycles
Polymer acceptance rate: 20.3653%
Total runtime: 0.689152 mins (1285.41 cycles/s)
************
Performed 50000 out of 10000000 MC cycles
Polymer acceptance rate: 19.9486%
Total runtime: 0.70161 mins (1337.77 cycles/s)
************
Performed 51000 out of 10000000 MC cycles
Polymer acceptance rate: 19.9772%
Total runtime: 0.708714 mins (2346.09 cycles/s)
************
Performed 52000 out of 10000000 MC cycles
Polymer acceptance rate: 19.8039%
Total runtime: 0.720248 mins (1445.04 cycles/s)
************
Performed 53000 out of 10000000 MC cycles
Polymer acceptance rate: 19.7053%
Total runtime: 0.741437 mins (786.561 cycles/s)
************
Performed 54000 out of 10000000 MC cycles
Polymer acceptance rate: 19.3044%
Total runtime: 0.762951 mins (774.678 cycles/s)
************
Performed 55000 out of 10000000 MC cycles
Polymer acceptance rate: 19.8681%
Total runtime: 0.781253 mins (910.672 cycles/s)
************
Performed 56000 out of 10000000 MC cycles
Polymer acceptance rate: 19.9444%
Total runtime: 0.801957 mins (804.985 cycles/s)
************
Performed 57000 out of 10000000 MC cycles
Polymer acceptance rate: 20.0203%
Total runtime: 0.813436 mins (1451.95 cycles/s)
************
Performed 58000 out of 10000000 MC cycles
Polymer acceptance rate: 19.6375%
Total runtime: 0.840051 mins (626.216 cycles/s)
************
Performed 59000 out of 10000000 MC cycles
Polymer acceptance rate: 20.025%
Total runtime: 0.867754 mins (601.61 cycles/s)
************
Performed 60000 out of 10000000 MC cycles
Polymer acceptance rate: 20.0531%
Total runtime: 0.890077 mins (746.644 cycles/s)
************
Performed 61000 out of 10000000 MC cycles
Polymer acceptance rate: 19.3736%
Total runtime: 0.919373 mins (568.903 cycles/s)
************
Performed 62000 out of 10000000 MC cycles
Polymer acceptance rate: 20.1519%
Total runtime: 0.934501 mins (1101.72 cycles/s)
************
Performed 63000 out of 10000000 MC cycles
Polymer acceptance rate: 19.6725%
Total runtime: 0.958469 mins (695.367 cycles/s)
************
Performed 64000 out of 10000000 MC cycles
Polymer acceptance rate: 19.5769%
Total runtime: 0.96758 mins (1829.25 cycles/s)
************
Performed 65000 out of 10000000 MC cycles
Polymer acceptance rate: 19.9478%
Total runtime: 0.988728 mins (788.086 cycles/s)
************
Performed 66000 out of 10000000 MC cycles
Polymer acceptance rate: 20.0989%
Total runtime: 1.01147 mins (732.798 cycles/s)
************
Performed 67000 out of 10000000 MC cycles
Polymer acceptance rate: 19.8933%
Total runtime: 1.04198 mins (546.317 cycles/s)
************
Performed 68000 out of 10000000 MC cycles
Polymer acceptance rate: 19.6383%
Total runtime: 1.05457 mins (1323.66 cycles/s)
************
Performed 69000 out of 10000000 MC cycles
Polymer acceptance rate: 19.3097%
Total runtime: 1.07181 mins (967.051 cycles/s)
************
Performed 70000 out of 10000000 MC cycles
Polymer acceptance rate: 19.7831%
Total runtime: 1.0869 mins (1103.96 cycles/s)
************
Performed 71000 out of 10000000 MC cycles
Polymer acceptance rate: 19.9392%
Total runtime: 1.09923 mins (1352.34 cycles/s)
************
Performed 72000 out of 10000000 MC cycles
Polymer acceptance rate: 19.8072%
Total runtime: 1.14471 mins (366.46 cycles/s)
************
Performed 73000 out of 10000000 MC cycles
Polymer acceptance rate: 19.9908%
Total runtime: 1.17191 mins (612.76 cycles/s)
************
Performed 74000 out of 10000000 MC cycles
Polymer acceptance rate: 19.4994%
Total runtime: 1.20172 mins (558.972 cycles/s)
************
Performed 75000 out of 10000000 MC cycles
Polymer acceptance rate: 20.03%
Total runtime: 1.22183 mins (828.776 cycles/s)
************
Performed 76000 out of 10000000 MC cycles
Polymer acceptance rate: 19.6267%
Total runtime: 1.24193 mins (829.145 cycles/s)
************
Performed 77000 out of 10000000 MC cycles
Polymer acceptance rate: 19.5475%
Total runtime: 1.26263 mins (805.372 cycles/s)
************
Performed 78000 out of 10000000 MC cycles
Polymer acceptance rate: 19.8092%
Total runtime: 1.28716 mins (679.329 cycles/s)
************
Performed 79000 out of 10000000 MC cycles
Polymer acceptance rate: 19.6142%
Total runtime: 1.30271 mins (1072.08 cycles/s)
************
Performed 80000 out of 10000000 MC cycles
Polymer acceptance rate: 19.5903%
Total runtime: 1.31806 mins (1085.49 cycles/s)
************
Performed 81000 out of 10000000 MC cycles
Polymer acceptance rate: 19.6903%
Total runtime: 1.3292 mins (1496.63 cycles/s)
************
Performed 82000 out of 10000000 MC cycles
Polymer acceptance rate: 19.3817%
Total runtime: 1.3463 mins (974.477 cycles/s)
************
Performed 83000 out of 10000000 MC cycles
Polymer acceptance rate: 19.5261%
Total runtime: 1.35771 mins (1461.4 cycles/s)
************
Performed 84000 out of 10000000 MC cycles
Polymer acceptance rate: 19.3822%
Total runtime: 1.38024 mins (739.668 cycles/s)
************
Performed 85000 out of 10000000 MC cycles
Polymer acceptance rate: 19.9608%
Total runtime: 1.39868 mins (903.601 cycles/s)
************
Performed 86000 out of 10000000 MC cycles
Polymer acceptance rate: 19.3131%
Total runtime: 1.42204 mins (713.493 cycles/s)
************
Performed 87000 out of 10000000 MC cycles
Polymer acceptance rate: 19.3828%
Total runtime: 1.44664 mins (677.489 cycles/s)
************
Performed 88000 out of 10000000 MC cycles
Polymer acceptance rate: 19.2822%
Total runtime: 1.46644 mins (841.821 cycles/s)
************
Performed 89000 out of 10000000 MC cycles
Polymer acceptance rate: 20.375%
Total runtime: 1.48054 mins (1182.23 cycles/s)
************
Performed 90000 out of 10000000 MC cycles
Polymer acceptance rate: 19.7319%
Total runtime: 1.49834 mins (936.18 cycles/s)
************
Performed 91000 out of 10000000 MC cycles
Polymer acceptance rate: 19.8225%
Total runtime: 1.51798 mins (848.769 cycles/s)
************
Performed 92000 out of 10000000 MC cycles
Polymer acceptance rate: 19.7797%
Total runtime: 1.54625 mins (589.554 cycles/s)
************
Performed 93000 out of 10000000 MC cycles
Polymer acceptance rate: 19.8481%
Total runtime: 1.56357 mins (962.341 cycles/s)
************
Performed 94000 out of 10000000 MC cycles
Polymer acceptance rate: 19.5928%
Total runtime: 1.59235 mins (579 cycles/s)
************
Performed 95000 out of 10000000 MC cycles
Polymer acceptance rate: 19.7642%
Total runtime: 1.60918 mins (990.247 cycles/s)
************
Performed 96000 out of 10000000 MC cycles
Polymer acceptance rate: 19.8061%
Total runtime: 1.63358 mins (683.083 cycles/s)
************
Performed 97000 out of 10000000 MC cycles
Polymer acceptance rate: 19.8047%
Total runtime: 1.66226 mins (581.121 cycles/s)
************
Performed 98000 out of 10000000 MC cycles
Polymer acceptance rate: 19.9844%
Total runtime: 1.68087 mins (895.696 cycles/s)
************
Performed 99000 out of 10000000 MC cycles
Polymer acceptance rate: 19.4944%
Total runtime: 1.71195 mins (536.178 cycles/s)
************
Performed 100000 out of 10000000 MC cycles
Polymer acceptance rate: 19.7453%
Total runtime: 1.73835 mins (631.544 cycles/s)
************
Performed 101000 out of 10000000 MC cycles
Polymer acceptance rate: 20.3306%
Total runtime: 1.76775 mins (566.771 cycles/s)
************
Performed 102000 out of 10000000 MC cycles
Polymer acceptance rate: 19.7317%
Total runtime: 1.79086 mins (721.243 cycles/s)
************
Performed 103000 out of 10000000 MC cycles
Polymer acceptance rate: 19.3214%
Total runtime: 1.82861 mins (441.469 cycles/s)
************
Performed 104000 out of 10000000 MC cycles
Polymer acceptance rate: 19.6431%
Total runtime: 1.84043 mins (1410.57 cycles/s)
************
Performed 105000 out of 10000000 MC cycles
Polymer acceptance rate: 19.8081%
Total runtime: 1.87168 mins (533.349 cycles/s)
************
Performed 106000 out of 10000000 MC cycles
Polymer acceptance rate: 20.0014%
Total runtime: 1.90054 mins (577.445 cycles/s)
************
Performed 107000 out of 10000000 MC cycles
Polymer acceptance rate: 19.3422%
Total runtime: 1.92479 mins (687.219 cycles/s)
************
Performed 108000 out of 10000000 MC cycles
Polymer acceptance rate: 19.3753%
Total runtime: 1.94341 mins (895.219 cycles/s)
************
Performed 109000 out of 10000000 MC cycles
Polymer acceptance rate: 19.66%
Total runtime: 1.97182 mins (586.718 cycles/s)
************
Performed 110000 out of 10000000 MC cycles
Polymer acceptance rate: 19.7753%
Total runtime: 1.98663 mins (1125.26 cycles/s)
************
Performed 111000 out of 10000000 MC cycles
Polymer acceptance rate: 19.4958%
Total runtime: 2.00623 mins (850.342 cycles/s)
************
Performed 112000 out of 10000000 MC cycles
Polymer acceptance rate: 19.3889%
Total runtime: 2.12202 mins (143.937 cycles/s)
************
Performed 113000 out of 10000000 MC cycles
Polymer acceptance rate: 20.2986%
Total runtime: 2.13815 mins (1033.04 cycles/s)
************
Performed 114000 out of 10000000 MC cycles
Polymer acceptance rate: 19.6467%
Total runtime: 2.15599 mins (934.308 cycles/s)
************
Performed 115000 out of 10000000 MC cycles
Polymer acceptance rate: 19.1425%
Total runtime: 2.21309 mins (291.87 cycles/s)
************
Performed 116000 out of 10000000 MC cycles
Polymer acceptance rate: 19.9294%
Total runtime: 2.2298 mins (997.669 cycles/s)
************
Performed 117000 out of 10000000 MC cycles
Polymer acceptance rate: 19.4519%
Total runtime: 2.25138 mins (772.314 cycles/s)
************
Performed 118000 out of 10000000 MC cycles
Polymer acceptance rate: 19.2122%
Total runtime: 2.27411 mins (733.133 cycles/s)
