Using entropy-harvested random seed: 1849334950
Running with initial polymer density 0.000485979
Using 360 TADs, including main chain of length 360
************
Performed 1000 out of 10000000 MC cycles
Polymer acceptance rate: 16.4819%
Total runtime: 0.021614 mins (771.106 cycles/s)
************
Performed 2000 out of 10000000 MC cycles
Polymer acceptance rate: 18.2481%
Total runtime: 0.0312776 mins (1724.68 cycles/s)
************
Performed 3000 out of 10000000 MC cycles
Polymer acceptance rate: 18.6731%
Total runtime: 0.0442979 mins (1280.05 cycles/s)
************
Performed 4000 out of 10000000 MC cycles
Polymer acceptance rate: 18.5392%
Total runtime: 0.0575747 mins (1255.33 cycles/s)
************
Performed 5000 out of 10000000 MC cycles
Polymer acceptance rate: 19.1853%
Total runtime: 0.0706518 mins (1274.49 cycles/s)
************
Performed 6000 out of 10000000 MC cycles
Polymer acceptance rate: 19.5019%
Total runtime: 0.0813485 mins (1558.12 cycles/s)
************
Performed 7000 out of 10000000 MC cycles
Polymer acceptance rate: 18.9014%
Total runtime: 0.101191 mins (839.949 cycles/s)
************
Performed 8000 out of 10000000 MC cycles
Polymer acceptance rate: 19.1347%
Total runtime: 0.116699 mins (1074.69 cycles/s)
************
Performed 9000 out of 10000000 MC cycles
Polymer acceptance rate: 19.2525%
Total runtime: 0.134594 mins (931.383 cycles/s)
************
Performed 10000 out of 10000000 MC cycles
Polymer acceptance rate: 19.9919%
Total runtime: 0.148306 mins (1215.51 cycles/s)
************
Performed 11000 out of 10000000 MC cycles
Polymer acceptance rate: 19.1833%
Total runtime: 0.164911 mins (1003.71 cycles/s)
************
Performed 12000 out of 10000000 MC cycles
Polymer acceptance rate: 19.6692%
Total runtime: 0.195103 mins (552.012 cycles/s)
************
Performed 13000 out of 10000000 MC cycles
Polymer acceptance rate: 19.2075%
Total runtime: 0.210528 mins (1080.48 cycles/s)
************
Performed 14000 out of 10000000 MC cycles
Polymer acceptance rate: 19.2767%
Total runtime: 0.234084 mins (707.56 cycles/s)
************
Performed 15000 out of 10000000 MC cycles
Polymer acceptance rate: 18.8842%
Total runtime: 0.250507 mins (1014.82 cycles/s)
************
Performed 16000 out of 10000000 MC cycles
Polymer acceptance rate: 19.0917%
Total runtime: 0.275204 mins (674.852 cycles/s)
************
Performed 17000 out of 10000000 MC cycles
Polymer acceptance rate: 19.0358%
Total runtime: 0.294018 mins (885.84 cycles/s)
************
Performed 18000 out of 10000000 MC cycles
Polymer acceptance rate: 18.9831%
Total runtime: 0.308351 mins (1162.81 cycles/s)
************
Performed 19000 out of 10000000 MC cycles
Polymer acceptance rate: 18.975%
Total runtime: 0.323657 mins (1088.92 cycles/s)
************
Performed 20000 out of 10000000 MC cycles
Polymer acceptance rate: 19.5958%
Total runtime: 0.336406 mins (1307.24 cycles/s)
************
Performed 21000 out of 10000000 MC cycles
Polymer acceptance rate: 19.7056%
Total runtime: 0.352069 mins (1064.1 cycles/s)
************
Performed 22000 out of 10000000 MC cycles
Polymer acceptance rate: 19.4786%
Total runtime: 0.363611 mins (1444.05 cycles/s)
************
Performed 23000 out of 10000000 MC cycles
Polymer acceptance rate: 19.7139%
Total runtime: 0.375434 mins (1409.61 cycles/s)
************
Performed 24000 out of 10000000 MC cycles
Polymer acceptance rate: 19.6278%
Total runtime: 0.388413 mins (1284.11 cycles/s)
************
Performed 25000 out of 10000000 MC cycles
Polymer acceptance rate: 19.5419%
Total runtime: 0.399256 mins (1537.15 cycles/s)
************
Performed 26000 out of 10000000 MC cycles
Polymer acceptance rate: 19.4858%
Total runtime: 0.412963 mins (1215.93 cycles/s)
************
Performed 27000 out of 10000000 MC cycles
Polymer acceptance rate: 19.0314%
Total runtime: 0.424133 mins (1492.09 cycles/s)
************
Performed 28000 out of 10000000 MC cycles
Polymer acceptance rate: 19.2508%
Total runtime: 0.438319 mins (1174.85 cycles/s)
************
Performed 29000 out of 10000000 MC cycles
Polymer acceptance rate: 19.6947%
Total runtime: 0.450714 mins (1344.66 cycles/s)
************
Performed 30000 out of 10000000 MC cycles
Polymer acceptance rate: 19.9339%
Total runtime: 0.462251 mins (1444.66 cycles/s)
************
Performed 31000 out of 10000000 MC cycles
Polymer acceptance rate: 19.7419%
Total runtime: 0.477941 mins (1062.19 cycles/s)
************
Performed 32000 out of 10000000 MC cycles
Polymer acceptance rate: 19.3553%
Total runtime: 0.489797 mins (1405.83 cycles/s)
************
Performed 33000 out of 10000000 MC cycles
Polymer acceptance rate: 19.7981%
Total runtime: 0.501803 mins (1388.18 cycles/s)
************
Performed 34000 out of 10000000 MC cycles
Polymer acceptance rate: 19.8647%
Total runtime: 0.515779 mins (1192.49 cycles/s)
************
Performed 35000 out of 10000000 MC cycles
Polymer acceptance rate: 19.3586%
Total runtime: 0.525353 mins (1740.96 cycles/s)
************
Performed 36000 out of 10000000 MC cycles
Polymer acceptance rate: 19.6747%
Total runtime: 0.540169 mins (1124.89 cycles/s)
************
Performed 37000 out of 10000000 MC cycles
Polymer acceptance rate: 19.6347%
Total runtime: 0.551438 mins (1478.92 cycles/s)
************
Performed 38000 out of 10000000 MC cycles
Polymer acceptance rate: 19.8325%
Total runtime: 0.563935 mins (1333.71 cycles/s)
************
Performed 39000 out of 10000000 MC cycles
Polymer acceptance rate: 19.3194%
Total runtime: 0.576326 mins (1345.03 cycles/s)
************
Performed 40000 out of 10000000 MC cycles
Polymer acceptance rate: 19.6233%
Total runtime: 0.592138 mins (1054.03 cycles/s)
************
Performed 41000 out of 10000000 MC cycles
Polymer acceptance rate: 19.3903%
Total runtime: 0.601366 mins (1806.27 cycles/s)
************
Performed 42000 out of 10000000 MC cycles
Polymer acceptance rate: 19.3181%
Total runtime: 0.617725 mins (1018.76 cycles/s)
************
Performed 43000 out of 10000000 MC cycles
Polymer acceptance rate: 19.6739%
Total runtime: 0.628904 mins (1490.98 cycles/s)
************
Performed 44000 out of 10000000 MC cycles
Polymer acceptance rate: 19.8539%
Total runtime: 0.647877 mins (878.411 cycles/s)
************
Performed 45000 out of 10000000 MC cycles
Polymer acceptance rate: 19.3431%
Total runtime: 0.652303 mins (3765.93 cycles/s)
************
Performed 46000 out of 10000000 MC cycles
Polymer acceptance rate: 19.6819%
Total runtime: 0.664039 mins (1420.11 cycles/s)
************
Performed 47000 out of 10000000 MC cycles
Polymer acceptance rate: 19.4467%
Total runtime: 0.677855 mins (1206.34 cycles/s)
************
Performed 48000 out of 10000000 MC cycles
Polymer acceptance rate: 19.3589%
Total runtime: 0.694864 mins (979.852 cycles/s)
************
Performed 49000 out of 10000000 MC cycles
Polymer acceptance rate: 19.6542%
Total runtime: 0.706001 mins (1496.52 cycles/s)
************
Performed 50000 out of 10000000 MC cycles
Polymer acceptance rate: 19.6861%
Total runtime: 0.71435 mins (1996.3 cycles/s)
************
Performed 51000 out of 10000000 MC cycles
Polymer acceptance rate: 19.3592%
Total runtime: 0.726156 mins (1411.75 cycles/s)
************
Performed 52000 out of 10000000 MC cycles
Polymer acceptance rate: 19.0319%
Total runtime: 0.735789 mins (1730.13 cycles/s)
************
Performed 53000 out of 10000000 MC cycles
Polymer acceptance rate: 19.5664%
Total runtime: 0.750488 mins (1133.88 cycles/s)
************
Performed 54000 out of 10000000 MC cycles
Polymer acceptance rate: 19.4667%
Total runtime: 0.765352 mins (1121.27 cycles/s)
************
Performed 55000 out of 10000000 MC cycles
Polymer acceptance rate: 19.2906%
Total runtime: 0.781886 mins (1007.99 cycles/s)
************
Performed 56000 out of 10000000 MC cycles
Polymer acceptance rate: 19.6525%
Total runtime: 0.805821 mins (696.331 cycles/s)
************
Performed 57000 out of 10000000 MC cycles
Polymer acceptance rate: 19.9114%
Total runtime: 0.820032 mins (1172.81 cycles/s)
************
Performed 58000 out of 10000000 MC cycles
Polymer acceptance rate: 19.7719%
Total runtime: 0.839458 mins (857.977 cycles/s)
************
Performed 59000 out of 10000000 MC cycles
Polymer acceptance rate: 20.0642%
Total runtime: 0.857774 mins (909.944 cycles/s)
************
Performed 60000 out of 10000000 MC cycles
Polymer acceptance rate: 19.2964%
Total runtime: 0.879074 mins (782.451 cycles/s)
************
Performed 61000 out of 10000000 MC cycles
Polymer acceptance rate: 19.4606%
Total runtime: 0.908523 mins (565.95 cycles/s)
************
Performed 62000 out of 10000000 MC cycles
Polymer acceptance rate: 19.3994%
Total runtime: 0.932501 mins (695.094 cycles/s)
************
Performed 63000 out of 10000000 MC cycles
Polymer acceptance rate: 19.4844%
Total runtime: 0.955251 mins (732.617 cycles/s)
************
Performed 64000 out of 10000000 MC cycles
Polymer acceptance rate: 19.92%
Total runtime: 0.976704 mins (776.883 cycles/s)
************
Performed 65000 out of 10000000 MC cycles
Polymer acceptance rate: 19.4953%
Total runtime: 0.993054 mins (1019.34 cycles/s)
************
Performed 66000 out of 10000000 MC cycles
Polymer acceptance rate: 19.2911%
Total runtime: 1.01637 mins (714.816 cycles/s)
************
Performed 67000 out of 10000000 MC cycles
Polymer acceptance rate: 19.2692%
Total runtime: 1.03163 mins (1092 cycles/s)
************
Performed 68000 out of 10000000 MC cycles
Polymer acceptance rate: 19.5031%
Total runtime: 1.0548 mins (719.47 cycles/s)
************
Performed 69000 out of 10000000 MC cycles
Polymer acceptance rate: 19.7764%
Total runtime: 1.07151 mins (997.418 cycles/s)
************
Performed 70000 out of 10000000 MC cycles
Polymer acceptance rate: 19.6781%
Total runtime: 1.08791 mins (1016.18 cycles/s)
************
Performed 71000 out of 10000000 MC cycles
Polymer acceptance rate: 19.7208%
Total runtime: 1.10154 mins (1222.44 cycles/s)
************
Performed 72000 out of 10000000 MC cycles
Polymer acceptance rate: 19.5703%
Total runtime: 1.12142 mins (838.58 cycles/s)
************
Performed 73000 out of 10000000 MC cycles
Polymer acceptance rate: 19.5817%
Total runtime: 1.15847 mins (449.78 cycles/s)
************
Performed 74000 out of 10000000 MC cycles
Polymer acceptance rate: 19.8383%
Total runtime: 1.1833 mins (671.302 cycles/s)
************
Performed 75000 out of 10000000 MC cycles
Polymer acceptance rate: 19.3231%
Total runtime: 1.21019 mins (619.783 cycles/s)
************
Performed 76000 out of 10000000 MC cycles
Polymer acceptance rate: 19.8667%
Total runtime: 1.23206 mins (762.201 cycles/s)
************
Performed 77000 out of 10000000 MC cycles
Polymer acceptance rate: 20.0756%
Total runtime: 1.25365 mins (772.014 cycles/s)
************
Performed 78000 out of 10000000 MC cycles
Polymer acceptance rate: 20.1242%
Total runtime: 1.26633 mins (1313.69 cycles/s)
************
Performed 79000 out of 10000000 MC cycles
Polymer acceptance rate: 19.6914%
Total runtime: 1.28623 mins (837.634 cycles/s)
************
Performed 80000 out of 10000000 MC cycles
Polymer acceptance rate: 19.9633%
Total runtime: 1.30894 mins (733.77 cycles/s)
************
Performed 81000 out of 10000000 MC cycles
Polymer acceptance rate: 19.6231%
Total runtime: 1.32597 mins (978.819 cycles/s)
************
Performed 82000 out of 10000000 MC cycles
Polymer acceptance rate: 19.1989%
Total runtime: 1.33394 mins (2090.63 cycles/s)
************
Performed 83000 out of 10000000 MC cycles
Polymer acceptance rate: 20.0522%
Total runtime: 1.34991 mins (1043.82 cycles/s)
************
Performed 84000 out of 10000000 MC cycles
Polymer acceptance rate: 19.0744%
Total runtime: 1.36411 mins (1173.96 cycles/s)
************
Performed 85000 out of 10000000 MC cycles
Polymer acceptance rate: 19.3786%
Total runtime: 1.37952 mins (1081.47 cycles/s)
************
Performed 86000 out of 10000000 MC cycles
Polymer acceptance rate: 19.5542%
Total runtime: 1.3988 mins (864.336 cycles/s)
************
Performed 87000 out of 10000000 MC cycles
Polymer acceptance rate: 19.2353%
Total runtime: 1.41775 mins (879.805 cycles/s)
************
Performed 88000 out of 10000000 MC cycles
Polymer acceptance rate: 19.4722%
Total runtime: 1.43476 mins (979.608 cycles/s)
************
Performed 89000 out of 10000000 MC cycles
Polymer acceptance rate: 19.5733%
Total runtime: 1.46541 mins (543.731 cycles/s)
************
Performed 90000 out of 10000000 MC cycles
Polymer acceptance rate: 19.6822%
Total runtime: 1.48588 mins (814.166 cycles/s)
************
Performed 91000 out of 10000000 MC cycles
Polymer acceptance rate: 19.8886%
Total runtime: 1.50339 mins (951.859 cycles/s)
************
Performed 92000 out of 10000000 MC cycles
Polymer acceptance rate: 19.3214%
Total runtime: 1.51849 mins (1103.78 cycles/s)
************
Performed 93000 out of 10000000 MC cycles
Polymer acceptance rate: 19.3933%
Total runtime: 1.53784 mins (861.456 cycles/s)
************
Performed 94000 out of 10000000 MC cycles
Polymer acceptance rate: 19.585%
Total runtime: 1.55734 mins (854.836 cycles/s)
************
Performed 95000 out of 10000000 MC cycles
Polymer acceptance rate: 19.8142%
Total runtime: 1.57194 mins (1141.2 cycles/s)
************
Performed 96000 out of 10000000 MC cycles
Polymer acceptance rate: 20.0519%
Total runtime: 1.59671 mins (672.769 cycles/s)
************
Performed 97000 out of 10000000 MC cycles
Polymer acceptance rate: 19.8522%
Total runtime: 1.61661 mins (837.816 cycles/s)
************
Performed 98000 out of 10000000 MC cycles
Polymer acceptance rate: 19.9142%
Total runtime: 1.64143 mins (671.412 cycles/s)
************
Performed 99000 out of 10000000 MC cycles
Polymer acceptance rate: 19.4664%
Total runtime: 1.66132 mins (838.029 cycles/s)
************
Performed 100000 out of 10000000 MC cycles
Polymer acceptance rate: 19.4864%
Total runtime: 1.67025 mins (1865.56 cycles/s)
************
Performed 101000 out of 10000000 MC cycles
Polymer acceptance rate: 19.7119%
Total runtime: 1.70663 mins (458.107 cycles/s)
************
Performed 102000 out of 10000000 MC cycles
Polymer acceptance rate: 19.1147%
Total runtime: 1.73287 mins (635.175 cycles/s)
************
Performed 103000 out of 10000000 MC cycles
Polymer acceptance rate: 19.9922%
Total runtime: 1.75548 mins (737.078 cycles/s)
************
Performed 104000 out of 10000000 MC cycles
Polymer acceptance rate: 20.3406%
Total runtime: 1.77604 mins (810.889 cycles/s)
************
Performed 105000 out of 10000000 MC cycles
Polymer acceptance rate: 19.6806%
Total runtime: 1.79666 mins (808.34 cycles/s)
************
Performed 106000 out of 10000000 MC cycles
Polymer acceptance rate: 19.4667%
Total runtime: 1.81843 mins (765.57 cycles/s)
************
Performed 107000 out of 10000000 MC cycles
Polymer acceptance rate: 20.3581%
Total runtime: 1.84413 mins (648.326 cycles/s)
************
Performed 108000 out of 10000000 MC cycles
Polymer acceptance rate: 20.0464%
Total runtime: 1.8666 mins (741.841 cycles/s)
************
Performed 109000 out of 10000000 MC cycles
Polymer acceptance rate: 19.88%
Total runtime: 1.88355 mins (983.019 cycles/s)
************
Performed 110000 out of 10000000 MC cycles
Polymer acceptance rate: 19.8539%
Total runtime: 1.91511 mins (528.198 cycles/s)
************
Performed 111000 out of 10000000 MC cycles
Polymer acceptance rate: 19.4281%
Total runtime: 1.9373 mins (750.979 cycles/s)
************
Performed 112000 out of 10000000 MC cycles
Polymer acceptance rate: 19.4039%
Total runtime: 1.95471 mins (957.236 cycles/s)
************
Performed 113000 out of 10000000 MC cycles
Polymer acceptance rate: 19.5544%
Total runtime: 1.98307 mins (587.769 cycles/s)
************
Performed 114000 out of 10000000 MC cycles
Polymer acceptance rate: 19.1947%
Total runtime: 2.00795 mins (669.942 cycles/s)
************
Performed 115000 out of 10000000 MC cycles
Polymer acceptance rate: 19.7242%
Total runtime: 2.02893 mins (794.259 cycles/s)
************
Performed 116000 out of 10000000 MC cycles
Polymer acceptance rate: 19.1881%
Total runtime: 2.13046 mins (164.162 cycles/s)
************
Performed 117000 out of 10000000 MC cycles
Polymer acceptance rate: 19.4217%
Total runtime: 2.15448 mins (693.878 cycles/s)
************
Performed 118000 out of 10000000 MC cycles
Polymer acceptance rate: 19.6558%
Total runtime: 2.17616 mins (768.713 cycles/s)
************
Performed 119000 out of 10000000 MC cycles
Polymer acceptance rate: 19.6397%
Total runtime: 2.19584 mins (846.643 cycles/s)
************
Performed 120000 out of 10000000 MC cycles
Polymer acceptance rate: 19.5697%
Total runtime: 2.22587 mins (554.977 cycles/s)
************
Performed 121000 out of 10000000 MC cycles
Polymer acceptance rate: 19.7303%
Total runtime: 2.24297 mins (974.655 cycles/s)
************
Performed 122000 out of 10000000 MC cycles
Polymer acceptance rate: 19.3825%
Total runtime: 2.26554 mins (738.703 cycles/s)
************
Performed 123000 out of 10000000 MC cycles
Polymer acceptance rate: 19.5789%
Total runtime: 2.29248 mins (618.571 cycles/s)
