Using entropy-harvested random seed: -858553522
Running with initial polymer density 0.000485979
Using 360 TADs, including main chain of length 360
************
Performed 1000 out of 10000000 MC cycles
Polymer acceptance rate: 15.8728%
Total runtime: 0.0230677 mins (722.51 cycles/s)
************
Performed 2000 out of 10000000 MC cycles
Polymer acceptance rate: 18.5553%
Total runtime: 0.0368009 mins (1213.61 cycles/s)
************
Performed 3000 out of 10000000 MC cycles
Polymer acceptance rate: 18.6492%
Total runtime: 0.0451682 mins (1991.88 cycles/s)
************
Performed 4000 out of 10000000 MC cycles
Polymer acceptance rate: 18.7819%
Total runtime: 0.0584243 mins (1257.28 cycles/s)
************
Performed 5000 out of 10000000 MC cycles
Polymer acceptance rate: 19.1692%
Total runtime: 0.0742597 mins (1052.5 cycles/s)
************
Performed 6000 out of 10000000 MC cycles
Polymer acceptance rate: 19.5172%
Total runtime: 0.0807791 mins (2556.47 cycles/s)
************
Performed 7000 out of 10000000 MC cycles
Polymer acceptance rate: 19.6253%
Total runtime: 0.105688 mins (669.103 cycles/s)
************
Performed 8000 out of 10000000 MC cycles
Polymer acceptance rate: 19.4075%
Total runtime: 0.119349 mins (1220 cycles/s)
************
Performed 9000 out of 10000000 MC cycles
Polymer acceptance rate: 19.6819%
Total runtime: 0.134507 mins (1099.56 cycles/s)
************
Performed 10000 out of 10000000 MC cycles
Polymer acceptance rate: 19.2922%
Total runtime: 0.155676 mins (787.296 cycles/s)
************
Performed 11000 out of 10000000 MC cycles
Polymer acceptance rate: 19.7075%
Total runtime: 0.184777 mins (572.726 cycles/s)
************
Performed 12000 out of 10000000 MC cycles
Polymer acceptance rate: 19.2864%
Total runtime: 0.198845 mins (1184.72 cycles/s)
************
Performed 13000 out of 10000000 MC cycles
Polymer acceptance rate: 19.2289%
Total runtime: 0.226431 mins (604.168 cycles/s)
************
Performed 14000 out of 10000000 MC cycles
Polymer acceptance rate: 19.4586%
Total runtime: 0.249516 mins (721.988 cycles/s)
************
Performed 15000 out of 10000000 MC cycles
Polymer acceptance rate: 19.0242%
Total runtime: 0.276167 mins (625.362 cycles/s)
************
Performed 16000 out of 10000000 MC cycles
Polymer acceptance rate: 19.2494%
Total runtime: 0.294277 mins (920.288 cycles/s)
************
Performed 17000 out of 10000000 MC cycles
Polymer acceptance rate: 18.9339%
Total runtime: 0.309806 mins (1073.26 cycles/s)
************
Performed 18000 out of 10000000 MC cycles
Polymer acceptance rate: 19.4042%
Total runtime: 0.319145 mins (1784.54 cycles/s)
************
Performed 19000 out of 10000000 MC cycles
Polymer acceptance rate: 18.8492%
Total runtime: 0.334391 mins (1093.24 cycles/s)
************
Performed 20000 out of 10000000 MC cycles
Polymer acceptance rate: 19.7306%
Total runtime: 0.346705 mins (1353.47 cycles/s)
************
Performed 21000 out of 10000000 MC cycles
Polymer acceptance rate: 19.5869%
Total runtime: 0.363954 mins (966.221 cycles/s)
************
Performed 22000 out of 10000000 MC cycles
Polymer acceptance rate: 19.3419%
Total runtime: 0.375479 mins (1446.08 cycles/s)
************
Performed 23000 out of 10000000 MC cycles
Polymer acceptance rate: 19.5722%
Total runtime: 0.387319 mins (1407.67 cycles/s)
************
Performed 24000 out of 10000000 MC cycles
Polymer acceptance rate: 19.1817%
Total runtime: 0.399795 mins (1335.95 cycles/s)
************
Performed 25000 out of 10000000 MC cycles
Polymer acceptance rate: 19.4458%
Total runtime: 0.410619 mins (1539.75 cycles/s)
************
Performed 26000 out of 10000000 MC cycles
Polymer acceptance rate: 19.6783%
Total runtime: 0.426714 mins (1035.5 cycles/s)
************
Performed 27000 out of 10000000 MC cycles
Polymer acceptance rate: 19.7211%
Total runtime: 0.434537 mins (2130.6 cycles/s)
************
Performed 28000 out of 10000000 MC cycles
Polymer acceptance rate: 20.1419%
Total runtime: 0.4471 mins (1326.66 cycles/s)
************
Performed 29000 out of 10000000 MC cycles
Polymer acceptance rate: 19.4739%
Total runtime: 0.461715 mins (1140.37 cycles/s)
************
Performed 30000 out of 10000000 MC cycles
Polymer acceptance rate: 19.2919%
Total runtime: 0.473399 mins (1426.44 cycles/s)
************
Performed 31000 out of 10000000 MC cycles
Polymer acceptance rate: 19.2581%
Total runtime: 0.482842 mins (1764.99 cycles/s)
************
Performed 32000 out of 10000000 MC cycles
Polymer acceptance rate: 19.8464%
Total runtime: 0.494256 mins (1460.26 cycles/s)
************
Performed 33000 out of 10000000 MC cycles
Polymer acceptance rate: 19.7986%
Total runtime: 0.507838 mins (1227.08 cycles/s)
************
Performed 34000 out of 10000000 MC cycles
Polymer acceptance rate: 19.0619%
Total runtime: 0.520832 mins (1282.64 cycles/s)
************
Performed 35000 out of 10000000 MC cycles
Polymer acceptance rate: 19.3675%
Total runtime: 0.534465 mins (1222.52 cycles/s)
************
Performed 36000 out of 10000000 MC cycles
Polymer acceptance rate: 19.7289%
Total runtime: 0.546834 mins (1347.42 cycles/s)
************
Performed 37000 out of 10000000 MC cycles
Polymer acceptance rate: 19.5667%
Total runtime: 0.552999 mins (2703.44 cycles/s)
************
Performed 38000 out of 10000000 MC cycles
Polymer acceptance rate: 19.5981%
Total runtime: 0.568578 mins (1069.82 cycles/s)
************
Performed 39000 out of 10000000 MC cycles
Polymer acceptance rate: 19.6478%
Total runtime: 0.580186 mins (1435.84 cycles/s)
************
Performed 40000 out of 10000000 MC cycles
Polymer acceptance rate: 19.1119%
Total runtime: 0.594884 mins (1133.96 cycles/s)
************
Performed 41000 out of 10000000 MC cycles
Polymer acceptance rate: 19.6689%
Total runtime: 0.606564 mins (1426.95 cycles/s)
************
Performed 42000 out of 10000000 MC cycles
Polymer acceptance rate: 19.8817%
Total runtime: 0.61983 mins (1256.28 cycles/s)
************
Performed 43000 out of 10000000 MC cycles
Polymer acceptance rate: 19.6425%
Total runtime: 0.634899 mins (1106.05 cycles/s)
************
Performed 44000 out of 10000000 MC cycles
Polymer acceptance rate: 19.3842%
Total runtime: 0.649087 mins (1174.68 cycles/s)
************
Performed 45000 out of 10000000 MC cycles
Polymer acceptance rate: 20.2008%
Total runtime: 0.660532 mins (1456.25 cycles/s)
************
Performed 46000 out of 10000000 MC cycles
Polymer acceptance rate: 19.4589%
Total runtime: 0.673524 mins (1282.81 cycles/s)
************
Performed 47000 out of 10000000 MC cycles
Polymer acceptance rate: 19.3656%
Total runtime: 0.687471 mins (1195.05 cycles/s)
************
Performed 48000 out of 10000000 MC cycles
Polymer acceptance rate: 19.4114%
Total runtime: 0.702793 mins (1087.77 cycles/s)
************
Performed 49000 out of 10000000 MC cycles
Polymer acceptance rate: 19.9581%
Total runtime: 0.715417 mins (1320.22 cycles/s)
************
Performed 50000 out of 10000000 MC cycles
Polymer acceptance rate: 19.4831%
Total runtime: 0.727132 mins (1422.62 cycles/s)
************
Performed 51000 out of 10000000 MC cycles
Polymer acceptance rate: 19.5392%
Total runtime: 0.738933 mins (1412.35 cycles/s)
************
Performed 52000 out of 10000000 MC cycles
Polymer acceptance rate: 19.9811%
Total runtime: 0.755639 mins (997.647 cycles/s)
************
Performed 53000 out of 10000000 MC cycles
Polymer acceptance rate: 19.5025%
Total runtime: 0.76972 mins (1183.6 cycles/s)
************
Performed 54000 out of 10000000 MC cycles
Polymer acceptance rate: 19.7586%
Total runtime: 0.784871 mins (1100.06 cycles/s)
************
Performed 55000 out of 10000000 MC cycles
Polymer acceptance rate: 19.355%
Total runtime: 0.80401 mins (870.841 cycles/s)
************
Performed 56000 out of 10000000 MC cycles
Polymer acceptance rate: 19.4156%
Total runtime: 0.82168 mins (943.19 cycles/s)
************
Performed 57000 out of 10000000 MC cycles
Polymer acceptance rate: 19.9239%
Total runtime: 0.844968 mins (715.683 cycles/s)
************
Performed 58000 out of 10000000 MC cycles
Polymer acceptance rate: 20.1442%
Total runtime: 0.862823 mins (933.459 cycles/s)
************
Performed 59000 out of 10000000 MC cycles
Polymer acceptance rate: 19.7269%
Total runtime: 0.880007 mins (969.899 cycles/s)
************
Performed 60000 out of 10000000 MC cycles
Polymer acceptance rate: 19.9664%
Total runtime: 0.89703 mins (979.034 cycles/s)
************
Performed 61000 out of 10000000 MC cycles
Polymer acceptance rate: 19.5631%
Total runtime: 0.927529 mins (546.47 cycles/s)
************
Performed 62000 out of 10000000 MC cycles
Polymer acceptance rate: 19.4781%
Total runtime: 0.939782 mins (1360.22 cycles/s)
************
Performed 63000 out of 10000000 MC cycles
Polymer acceptance rate: 19.93%
Total runtime: 0.959086 mins (863.353 cycles/s)
************
Performed 64000 out of 10000000 MC cycles
Polymer acceptance rate: 19.5081%
Total runtime: 0.983522 mins (682.061 cycles/s)
************
Performed 65000 out of 10000000 MC cycles
Polymer acceptance rate: 19.5664%
Total runtime: 1.00022 mins (997.969 cycles/s)
************
Performed 66000 out of 10000000 MC cycles
Polymer acceptance rate: 19.2436%
Total runtime: 1.02002 mins (841.999 cycles/s)
************
Performed 67000 out of 10000000 MC cycles
Polymer acceptance rate: 19.295%
Total runtime: 1.03547 mins (1078.46 cycles/s)
************
Performed 68000 out of 10000000 MC cycles
Polymer acceptance rate: 19.5264%
Total runtime: 1.05577 mins (821.248 cycles/s)
************
Performed 69000 out of 10000000 MC cycles
Polymer acceptance rate: 19.0731%
Total runtime: 1.07515 mins (859.952 cycles/s)
************
Performed 70000 out of 10000000 MC cycles
Polymer acceptance rate: 19.9453%
Total runtime: 1.08837 mins (1260 cycles/s)
************
Performed 71000 out of 10000000 MC cycles
Polymer acceptance rate: 19.4497%
Total runtime: 1.10433 mins (1044.72 cycles/s)
************
Performed 72000 out of 10000000 MC cycles
Polymer acceptance rate: 19.2564%
Total runtime: 1.12407 mins (844.349 cycles/s)
************
Performed 73000 out of 10000000 MC cycles
Polymer acceptance rate: 19.2533%
Total runtime: 1.15902 mins (476.807 cycles/s)
************
Performed 74000 out of 10000000 MC cycles
Polymer acceptance rate: 19.1356%
Total runtime: 1.17708 mins (922.948 cycles/s)
************
Performed 75000 out of 10000000 MC cycles
Polymer acceptance rate: 18.9364%
Total runtime: 1.19356 mins (1011.25 cycles/s)
************
Performed 76000 out of 10000000 MC cycles
Polymer acceptance rate: 19.7844%
Total runtime: 1.21882 mins (659.679 cycles/s)
************
Performed 77000 out of 10000000 MC cycles
Polymer acceptance rate: 19.6306%
Total runtime: 1.24449 mins (649.305 cycles/s)
************
Performed 78000 out of 10000000 MC cycles
Polymer acceptance rate: 19.4806%
Total runtime: 1.26173 mins (966.665 cycles/s)
************
Performed 79000 out of 10000000 MC cycles
Polymer acceptance rate: 20.0217%
Total runtime: 1.2797 mins (927.739 cycles/s)
************
Performed 80000 out of 10000000 MC cycles
Polymer acceptance rate: 19.8267%
Total runtime: 1.2983 mins (895.832 cycles/s)
************
Performed 81000 out of 10000000 MC cycles
Polymer acceptance rate: 20.1722%
Total runtime: 1.31459 mins (1023.36 cycles/s)
************
Performed 82000 out of 10000000 MC cycles
Polymer acceptance rate: 19.7161%
Total runtime: 1.33289 mins (910.621 cycles/s)
************
Performed 83000 out of 10000000 MC cycles
Polymer acceptance rate: 19.7614%
Total runtime: 1.34813 mins (1093.67 cycles/s)
************
Performed 84000 out of 10000000 MC cycles
Polymer acceptance rate: 19.7367%
Total runtime: 1.36527 mins (972.58 cycles/s)
************
Performed 85000 out of 10000000 MC cycles
Polymer acceptance rate: 19.5261%
Total runtime: 1.37612 mins (1536.16 cycles/s)
************
Performed 86000 out of 10000000 MC cycles
Polymer acceptance rate: 19.7908%
Total runtime: 1.3944 mins (911.533 cycles/s)
************
Performed 87000 out of 10000000 MC cycles
Polymer acceptance rate: 19.3131%
Total runtime: 1.40818 mins (1209.77 cycles/s)
************
Performed 88000 out of 10000000 MC cycles
Polymer acceptance rate: 20.0011%
Total runtime: 1.43104 mins (729.045 cycles/s)
************
Performed 89000 out of 10000000 MC cycles
Polymer acceptance rate: 19.3389%
Total runtime: 1.45506 mins (693.747 cycles/s)
************
Performed 90000 out of 10000000 MC cycles
Polymer acceptance rate: 19.9789%
Total runtime: 1.47802 mins (725.915 cycles/s)
************
Performed 91000 out of 10000000 MC cycles
Polymer acceptance rate: 19.8872%
Total runtime: 1.49243 mins (1157.28 cycles/s)
************
Performed 92000 out of 10000000 MC cycles
Polymer acceptance rate: 19.3428%
Total runtime: 1.5042 mins (1415.99 cycles/s)
************
Performed 93000 out of 10000000 MC cycles
Polymer acceptance rate: 19.895%
Total runtime: 1.52438 mins (825.723 cycles/s)
************
Performed 94000 out of 10000000 MC cycles
Polymer acceptance rate: 19.3333%
Total runtime: 1.54151 mins (972.946 cycles/s)
************
Performed 95000 out of 10000000 MC cycles
Polymer acceptance rate: 19.5056%
Total runtime: 1.56914 mins (603.325 cycles/s)
************
Performed 96000 out of 10000000 MC cycles
Polymer acceptance rate: 19.5219%
Total runtime: 1.59899 mins (558.318 cycles/s)
************
Performed 97000 out of 10000000 MC cycles
Polymer acceptance rate: 19.8725%
Total runtime: 1.62119 mins (750.65 cycles/s)
************
Performed 98000 out of 10000000 MC cycles
Polymer acceptance rate: 19.5939%
Total runtime: 1.64634 mins (662.765 cycles/s)
************
Performed 99000 out of 10000000 MC cycles
Polymer acceptance rate: 19.2758%
Total runtime: 1.65527 mins (1865.6 cycles/s)
************
Performed 100000 out of 10000000 MC cycles
Polymer acceptance rate: 19.7519%
Total runtime: 1.68546 mins (552.035 cycles/s)
************
Performed 101000 out of 10000000 MC cycles
Polymer acceptance rate: 19.3497%
Total runtime: 1.70501 mins (852.527 cycles/s)
************
Performed 102000 out of 10000000 MC cycles
Polymer acceptance rate: 19.6431%
Total runtime: 1.72931 mins (685.904 cycles/s)
************
Performed 103000 out of 10000000 MC cycles
Polymer acceptance rate: 19.3725%
Total runtime: 1.75204 mins (733.147 cycles/s)
************
Performed 104000 out of 10000000 MC cycles
Polymer acceptance rate: 19.4806%
Total runtime: 1.77838 mins (632.853 cycles/s)
************
Performed 105000 out of 10000000 MC cycles
Polymer acceptance rate: 20.4056%
Total runtime: 1.80172 mins (713.951 cycles/s)
************
Performed 106000 out of 10000000 MC cycles
Polymer acceptance rate: 19.8669%
Total runtime: 1.81277 mins (1509.1 cycles/s)
************
Performed 107000 out of 10000000 MC cycles
Polymer acceptance rate: 19.7239%
Total runtime: 1.84482 mins (519.915 cycles/s)
************
Performed 108000 out of 10000000 MC cycles
Polymer acceptance rate: 19.9861%
Total runtime: 1.86495 mins (827.934 cycles/s)
************
Performed 109000 out of 10000000 MC cycles
Polymer acceptance rate: 19.8047%
Total runtime: 1.89307 mins (592.76 cycles/s)
************
Performed 110000 out of 10000000 MC cycles
Polymer acceptance rate: 19.5936%
Total runtime: 1.91935 mins (634.215 cycles/s)
************
Performed 111000 out of 10000000 MC cycles
Polymer acceptance rate: 19.2469%
Total runtime: 1.93909 mins (844.275 cycles/s)
************
Performed 112000 out of 10000000 MC cycles
Polymer acceptance rate: 19.5583%
Total runtime: 1.95445 mins (1085.09 cycles/s)
************
Performed 113000 out of 10000000 MC cycles
Polymer acceptance rate: 20.0764%
Total runtime: 1.96803 mins (1227.75 cycles/s)
************
Performed 114000 out of 10000000 MC cycles
Polymer acceptance rate: 19.7631%
Total runtime: 1.9833 mins (1090.92 cycles/s)
************
Performed 115000 out of 10000000 MC cycles
Polymer acceptance rate: 19.1172%
Total runtime: 2.01355 mins (551.095 cycles/s)
************
Performed 116000 out of 10000000 MC cycles
Polymer acceptance rate: 19.1225%
Total runtime: 2.1057 mins (180.863 cycles/s)
************
Performed 117000 out of 10000000 MC cycles
Polymer acceptance rate: 19.6008%
Total runtime: 2.1372 mins (528.977 cycles/s)
************
Performed 118000 out of 10000000 MC cycles
Polymer acceptance rate: 20.0744%
Total runtime: 2.16206 mins (670.59 cycles/s)
************
Performed 119000 out of 10000000 MC cycles
Polymer acceptance rate: 19.2889%
Total runtime: 2.20667 mins (373.57 cycles/s)
************
Performed 120000 out of 10000000 MC cycles
Polymer acceptance rate: 19.7047%
Total runtime: 2.23502 mins (588.005 cycles/s)
************
Performed 121000 out of 10000000 MC cycles
Polymer acceptance rate: 19.7967%
Total runtime: 2.25788 mins (729.114 cycles/s)
************
Performed 122000 out of 10000000 MC cycles
Polymer acceptance rate: 19.6583%
Total runtime: 2.28448 mins (626.42 cycles/s)
************
Performed 123000 out of 10000000 MC cycles
Polymer acceptance rate: 19.8108%
Total runtime: 2.30043 mins (1045.32 cycles/s)
