Using entropy-harvested random seed: 2038210673
Running with initial polymer density 0.000485979
Using 360 TADs, including main chain of length 360
************
Performed 1000 out of 10000000 MC cycles
Polymer acceptance rate: 15.3678%
Total runtime: 0.0200591 mins (830.879 cycles/s)
************
Performed 2000 out of 10000000 MC cycles
Polymer acceptance rate: 17.8708%
Total runtime: 0.0324706 mins (1342.83 cycles/s)
************
Performed 3000 out of 10000000 MC cycles
Polymer acceptance rate: 19.1625%
Total runtime: 0.0456566 mins (1263.97 cycles/s)
************
Performed 4000 out of 10000000 MC cycles
Polymer acceptance rate: 18.9144%
Total runtime: 0.0556635 mins (1665.51 cycles/s)
************
Performed 5000 out of 10000000 MC cycles
Polymer acceptance rate: 19.0508%
Total runtime: 0.0690216 mins (1247.69 cycles/s)
************
Performed 6000 out of 10000000 MC cycles
Polymer acceptance rate: 19.5828%
Total runtime: 0.0817197 mins (1312.53 cycles/s)
************
Performed 7000 out of 10000000 MC cycles
Polymer acceptance rate: 19.7375%
Total runtime: 0.102068 mins (819.057 cycles/s)
************
Performed 8000 out of 10000000 MC cycles
Polymer acceptance rate: 19.5175%
Total runtime: 0.122413 mins (819.197 cycles/s)
************
Performed 9000 out of 10000000 MC cycles
Polymer acceptance rate: 19.6989%
Total runtime: 0.134842 mins (1340.98 cycles/s)
************
Performed 10000 out of 10000000 MC cycles
Polymer acceptance rate: 19.2264%
Total runtime: 0.157969 mins (720.649 cycles/s)
************
Performed 11000 out of 10000000 MC cycles
Polymer acceptance rate: 19.0978%
Total runtime: 0.179169 mins (786.17 cycles/s)
************
Performed 12000 out of 10000000 MC cycles
Polymer acceptance rate: 19.0039%
Total runtime: 0.196462 mins (963.768 cycles/s)
************
Performed 13000 out of 10000000 MC cycles
Polymer acceptance rate: 19.3428%
Total runtime: 0.21804 mins (772.425 cycles/s)
************
Performed 14000 out of 10000000 MC cycles
Polymer acceptance rate: 18.9892%
Total runtime: 0.235866 mins (934.965 cycles/s)
************
Performed 15000 out of 10000000 MC cycles
Polymer acceptance rate: 19.4225%
Total runtime: 0.260519 mins (676.038 cycles/s)
************
Performed 16000 out of 10000000 MC cycles
Polymer acceptance rate: 19.2928%
Total runtime: 0.279298 mins (887.502 cycles/s)
************
Performed 17000 out of 10000000 MC cycles
Polymer acceptance rate: 19.7914%
Total runtime: 0.291447 mins (1371.89 cycles/s)
************
Performed 18000 out of 10000000 MC cycles
Polymer acceptance rate: 19.2506%
Total runtime: 0.304756 mins (1252.3 cycles/s)
************
Performed 19000 out of 10000000 MC cycles
Polymer acceptance rate: 18.7617%
Total runtime: 0.319032 mins (1167.47 cycles/s)
************
Performed 20000 out of 10000000 MC cycles
Polymer acceptance rate: 19.0836%
Total runtime: 0.329132 mins (1650.09 cycles/s)
************
Performed 21000 out of 10000000 MC cycles
Polymer acceptance rate: 19.5933%
Total runtime: 0.34072 mins (1438.24 cycles/s)
************
Performed 22000 out of 10000000 MC cycles
Polymer acceptance rate: 19.6142%
Total runtime: 0.359135 mins (905.078 cycles/s)
************
Performed 23000 out of 10000000 MC cycles
Polymer acceptance rate: 19.7875%
Total runtime: 0.368573 mins (1765.97 cycles/s)
************
Performed 24000 out of 10000000 MC cycles
Polymer acceptance rate: 19.5197%
Total runtime: 0.381913 mins (1249.36 cycles/s)
************
Performed 25000 out of 10000000 MC cycles
Polymer acceptance rate: 19.2406%
Total runtime: 0.393997 mins (1379.24 cycles/s)
************
Performed 26000 out of 10000000 MC cycles
Polymer acceptance rate: 19.7367%
Total runtime: 0.403661 mins (1724.56 cycles/s)
************
Performed 27000 out of 10000000 MC cycles
Polymer acceptance rate: 19.4972%
Total runtime: 0.418665 mins (1110.8 cycles/s)
************
Performed 28000 out of 10000000 MC cycles
Polymer acceptance rate: 20.0858%
Total runtime: 0.430043 mins (1464.87 cycles/s)
************
Performed 29000 out of 10000000 MC cycles
Polymer acceptance rate: 19.6681%
Total runtime: 0.437048 mins (2379.14 cycles/s)
************
Performed 30000 out of 10000000 MC cycles
Polymer acceptance rate: 19.8578%
Total runtime: 0.45488 mins (934.667 cycles/s)
************
Performed 31000 out of 10000000 MC cycles
Polymer acceptance rate: 19.5575%
Total runtime: 0.465014 mins (1644.56 cycles/s)
************
Performed 32000 out of 10000000 MC cycles
Polymer acceptance rate: 19.5067%
Total runtime: 0.475946 mins (1524.59 cycles/s)
************
Performed 33000 out of 10000000 MC cycles
Polymer acceptance rate: 19.2875%
Total runtime: 0.48864 mins (1313.01 cycles/s)
************
Performed 34000 out of 10000000 MC cycles
Polymer acceptance rate: 19.6297%
Total runtime: 0.50247 mins (1205.1 cycles/s)
************
Performed 35000 out of 10000000 MC cycles
Polymer acceptance rate: 19.7036%
Total runtime: 0.516164 mins (1217.07 cycles/s)
************
Performed 36000 out of 10000000 MC cycles
Polymer acceptance rate: 18.8667%
Total runtime: 0.529436 mins (1255.81 cycles/s)
************
Performed 37000 out of 10000000 MC cycles
Polymer acceptance rate: 19.0147%
Total runtime: 0.541299 mins (1404.87 cycles/s)
************
Performed 38000 out of 10000000 MC cycles
Polymer acceptance rate: 18.8439%
Total runtime: 0.55282 mins (1446.66 cycles/s)
************
Performed 39000 out of 10000000 MC cycles
Polymer acceptance rate: 19.6772%
Total runtime: 0.560528 mins (2162.14 cycles/s)
************
Performed 40000 out of 10000000 MC cycles
Polymer acceptance rate: 19.6667%
Total runtime: 0.569705 mins (1816.21 cycles/s)
************
Performed 41000 out of 10000000 MC cycles
Polymer acceptance rate: 19.7081%
Total runtime: 0.583471 mins (1210.71 cycles/s)
************
Performed 42000 out of 10000000 MC cycles
Polymer acceptance rate: 19.2206%
Total runtime: 0.593639 mins (1639.16 cycles/s)
************
Performed 43000 out of 10000000 MC cycles
Polymer acceptance rate: 19.1994%
Total runtime: 0.609176 mins (1072.7 cycles/s)
************
Performed 44000 out of 10000000 MC cycles
Polymer acceptance rate: 19.3042%
Total runtime: 0.621804 mins (1319.8 cycles/s)
************
Performed 45000 out of 10000000 MC cycles
Polymer acceptance rate: 19.7025%
Total runtime: 0.635215 mins (1242.75 cycles/s)
************
Performed 46000 out of 10000000 MC cycles
Polymer acceptance rate: 19.8781%
Total runtime: 0.648863 mins (1221.21 cycles/s)
************
Performed 47000 out of 10000000 MC cycles
Polymer acceptance rate: 19.3481%
Total runtime: 0.660683 mins (1410.01 cycles/s)
************
Performed 48000 out of 10000000 MC cycles
Polymer acceptance rate: 19.4978%
Total runtime: 0.672284 mins (1436.61 cycles/s)
************
Performed 49000 out of 10000000 MC cycles
Polymer acceptance rate: 19.8558%
Total runtime: 0.682901 mins (1569.91 cycles/s)
************
Performed 50000 out of 10000000 MC cycles
Polymer acceptance rate: 19.4947%
Total runtime: 0.698836 mins (1045.89 cycles/s)
************
Performed 51000 out of 10000000 MC cycles
Polymer acceptance rate: 19.6644%
Total runtime: 0.705803 mins (2392.18 cycles/s)
************
Performed 52000 out of 10000000 MC cycles
Polymer acceptance rate: 19.9397%
Total runtime: 0.720418 mins (1140.35 cycles/s)
************
Performed 53000 out of 10000000 MC cycles
Polymer acceptance rate: 19.9203%
Total runtime: 0.730472 mins (1657.73 cycles/s)
************
Performed 54000 out of 10000000 MC cycles
Polymer acceptance rate: 18.9728%
Total runtime: 0.744147 mins (1218.77 cycles/s)
************
Performed 55000 out of 10000000 MC cycles
Polymer acceptance rate: 19.4997%
Total runtime: 0.760655 mins (1009.63 cycles/s)
************
Performed 56000 out of 10000000 MC cycles
Polymer acceptance rate: 19.1961%
Total runtime: 0.782894 mins (749.427 cycles/s)
************
Performed 57000 out of 10000000 MC cycles
Polymer acceptance rate: 19.1567%
Total runtime: 0.804231 mins (781.14 cycles/s)
************
Performed 58000 out of 10000000 MC cycles
Polymer acceptance rate: 19.4908%
Total runtime: 0.819809 mins (1069.89 cycles/s)
************
Performed 59000 out of 10000000 MC cycles
Polymer acceptance rate: 19.6456%
Total runtime: 0.84296 mins (719.91 cycles/s)
************
Performed 60000 out of 10000000 MC cycles
Polymer acceptance rate: 19.5931%
Total runtime: 0.864905 mins (759.453 cycles/s)
************
Performed 61000 out of 10000000 MC cycles
Polymer acceptance rate: 19.9042%
Total runtime: 0.895216 mins (549.857 cycles/s)
************
Performed 62000 out of 10000000 MC cycles
Polymer acceptance rate: 19.4675%
Total runtime: 0.929899 mins (480.546 cycles/s)
************
Performed 63000 out of 10000000 MC cycles
Polymer acceptance rate: 19.4742%
Total runtime: 0.944463 mins (1144.4 cycles/s)
************
Performed 64000 out of 10000000 MC cycles
Polymer acceptance rate: 19.7969%
Total runtime: 0.959618 mins (1099.73 cycles/s)
************
Performed 65000 out of 10000000 MC cycles
Polymer acceptance rate: 19.3142%
Total runtime: 0.979119 mins (854.654 cycles/s)
************
Performed 66000 out of 10000000 MC cycles
Polymer acceptance rate: 19.6733%
Total runtime: 0.994693 mins (1070.14 cycles/s)
************
Performed 67000 out of 10000000 MC cycles
Polymer acceptance rate: 19.9411%
Total runtime: 1.01761 mins (727.176 cycles/s)
************
Performed 68000 out of 10000000 MC cycles
Polymer acceptance rate: 19.3594%
Total runtime: 1.03891 mins (782.52 cycles/s)
************
Performed 69000 out of 10000000 MC cycles
Polymer acceptance rate: 19.8339%
Total runtime: 1.05462 mins (1061.23 cycles/s)
************
Performed 70000 out of 10000000 MC cycles
Polymer acceptance rate: 20.07%
Total runtime: 1.07221 mins (947.499 cycles/s)
************
Performed 71000 out of 10000000 MC cycles
Polymer acceptance rate: 19.2811%
Total runtime: 1.08139 mins (1815.13 cycles/s)
************
Performed 72000 out of 10000000 MC cycles
Polymer acceptance rate: 19.3656%
Total runtime: 1.09593 mins (1145.86 cycles/s)
************
Performed 73000 out of 10000000 MC cycles
Polymer acceptance rate: 19.7808%
Total runtime: 1.11774 mins (764.422 cycles/s)
************
Performed 74000 out of 10000000 MC cycles
Polymer acceptance rate: 19.6219%
Total runtime: 1.1381 mins (818.652 cycles/s)
************
Performed 75000 out of 10000000 MC cycles
Polymer acceptance rate: 19.8333%
Total runtime: 1.16965 mins (528.123 cycles/s)
************
Performed 76000 out of 10000000 MC cycles
Polymer acceptance rate: 19.6947%
Total runtime: 1.19485 mins (661.467 cycles/s)
************
Performed 77000 out of 10000000 MC cycles
Polymer acceptance rate: 19.1125%
Total runtime: 1.20983 mins (1112.59 cycles/s)
************
Performed 78000 out of 10000000 MC cycles
Polymer acceptance rate: 19.6119%
Total runtime: 1.23682 mins (617.498 cycles/s)
************
Performed 79000 out of 10000000 MC cycles
Polymer acceptance rate: 19.5142%
Total runtime: 1.25274 mins (1047 cycles/s)
************
Performed 80000 out of 10000000 MC cycles
Polymer acceptance rate: 19.5333%
Total runtime: 1.27111 mins (907.074 cycles/s)
************
Performed 81000 out of 10000000 MC cycles
Polymer acceptance rate: 19.4672%
Total runtime: 1.28821 mins (975.127 cycles/s)
************
Performed 82000 out of 10000000 MC cycles
Polymer acceptance rate: 19.9464%
Total runtime: 1.31026 mins (755.787 cycles/s)
************
Performed 83000 out of 10000000 MC cycles
Polymer acceptance rate: 19.7119%
Total runtime: 1.32736 mins (974.704 cycles/s)
************
Performed 84000 out of 10000000 MC cycles
Polymer acceptance rate: 19.6081%
Total runtime: 1.33693 mins (1741.57 cycles/s)
************
Performed 85000 out of 10000000 MC cycles
Polymer acceptance rate: 19.5053%
Total runtime: 1.35332 mins (1016.81 cycles/s)
************
Performed 86000 out of 10000000 MC cycles
Polymer acceptance rate: 19.5597%
Total runtime: 1.36731 mins (1191.14 cycles/s)
************
Performed 87000 out of 10000000 MC cycles
Polymer acceptance rate: 19.4358%
Total runtime: 1.37817 mins (1534.22 cycles/s)
************
Performed 88000 out of 10000000 MC cycles
Polymer acceptance rate: 19.2683%
Total runtime: 1.39631 mins (918.829 cycles/s)
************
Performed 89000 out of 10000000 MC cycles
Polymer acceptance rate: 19.425%
Total runtime: 1.40697 mins (1563.86 cycles/s)
************
Performed 90000 out of 10000000 MC cycles
Polymer acceptance rate: 19.6256%
Total runtime: 1.42852 mins (773.402 cycles/s)
************
Performed 91000 out of 10000000 MC cycles
Polymer acceptance rate: 19.1744%
Total runtime: 1.44827 mins (843.93 cycles/s)
************
Performed 92000 out of 10000000 MC cycles
Polymer acceptance rate: 19.4706%
Total runtime: 1.47294 mins (675.586 cycles/s)
************
Performed 93000 out of 10000000 MC cycles
Polymer acceptance rate: 19.4589%
Total runtime: 1.48825 mins (1088.35 cycles/s)
************
Performed 94000 out of 10000000 MC cycles
Polymer acceptance rate: 19.5592%
Total runtime: 1.50607 mins (935.558 cycles/s)
************
Performed 95000 out of 10000000 MC cycles
Polymer acceptance rate: 19.4186%
Total runtime: 1.52186 mins (1055.19 cycles/s)
************
Performed 96000 out of 10000000 MC cycles
Polymer acceptance rate: 19.5608%
Total runtime: 1.54847 mins (626.365 cycles/s)
************
Performed 97000 out of 10000000 MC cycles
Polymer acceptance rate: 19.6011%
Total runtime: 1.57701 mins (584.022 cycles/s)
************
Performed 98000 out of 10000000 MC cycles
Polymer acceptance rate: 19.2742%
Total runtime: 1.59865 mins (770.167 cycles/s)
************
Performed 99000 out of 10000000 MC cycles
Polymer acceptance rate: 18.7783%
Total runtime: 1.62706 mins (586.651 cycles/s)
************
Performed 100000 out of 10000000 MC cycles
Polymer acceptance rate: 18.8089%
Total runtime: 1.64275 mins (1061.84 cycles/s)
************
Performed 101000 out of 10000000 MC cycles
Polymer acceptance rate: 19.1322%
Total runtime: 1.66586 mins (721.459 cycles/s)
************
Performed 102000 out of 10000000 MC cycles
Polymer acceptance rate: 19.6953%
Total runtime: 1.68968 mins (699.526 cycles/s)
************
Performed 103000 out of 10000000 MC cycles
Polymer acceptance rate: 19.2214%
Total runtime: 1.72259 mins (506.495 cycles/s)
************
Performed 104000 out of 10000000 MC cycles
Polymer acceptance rate: 19.6081%
Total runtime: 1.73935 mins (994.522 cycles/s)
************
Performed 105000 out of 10000000 MC cycles
Polymer acceptance rate: 19.0708%
Total runtime: 1.76534 mins (641.175 cycles/s)
************
Performed 106000 out of 10000000 MC cycles
Polymer acceptance rate: 19.1728%
Total runtime: 1.78072 mins (1083.89 cycles/s)
************
Performed 107000 out of 10000000 MC cycles
Polymer acceptance rate: 19.6475%
Total runtime: 1.79663 mins (1047.54 cycles/s)
************
Performed 108000 out of 10000000 MC cycles
Polymer acceptance rate: 19.5897%
Total runtime: 1.82258 mins (642.095 cycles/s)
************
Performed 109000 out of 10000000 MC cycles
Polymer acceptance rate: 19.8394%
Total runtime: 1.85399 mins (530.683 cycles/s)
************
Performed 110000 out of 10000000 MC cycles
Polymer acceptance rate: 19.3506%
Total runtime: 1.87841 mins (682.611 cycles/s)
************
Performed 111000 out of 10000000 MC cycles
Polymer acceptance rate: 19.6919%
Total runtime: 1.89866 mins (822.882 cycles/s)
************
Performed 112000 out of 10000000 MC cycles
Polymer acceptance rate: 19.4658%
Total runtime: 1.91799 mins (862.211 cycles/s)
************
Performed 113000 out of 10000000 MC cycles
Polymer acceptance rate: 19.2442%
Total runtime: 1.93672 mins (889.63 cycles/s)
************
Performed 114000 out of 10000000 MC cycles
Polymer acceptance rate: 19.4353%
Total runtime: 1.9591 mins (744.888 cycles/s)
************
Performed 115000 out of 10000000 MC cycles
Polymer acceptance rate: 19.4786%
Total runtime: 1.97481 mins (1060.52 cycles/s)
************
Performed 116000 out of 10000000 MC cycles
Polymer acceptance rate: 19.3797%
Total runtime: 1.99442 mins (850.233 cycles/s)
************
Performed 117000 out of 10000000 MC cycles
Polymer acceptance rate: 19.2797%
Total runtime: 2.00924 mins (1124.06 cycles/s)
************
Performed 118000 out of 10000000 MC cycles
Polymer acceptance rate: 19.7786%
Total runtime: 2.02039 mins (1494.8 cycles/s)
************
Performed 119000 out of 10000000 MC cycles
Polymer acceptance rate: 19.6183%
Total runtime: 2.09813 mins (214.396 cycles/s)
************
Performed 120000 out of 10000000 MC cycles
Polymer acceptance rate: 19.5864%
Total runtime: 2.12238 mins (687.409 cycles/s)
************
Performed 121000 out of 10000000 MC cycles
Polymer acceptance rate: 19.0147%
Total runtime: 2.15463 mins (516.827 cycles/s)
************
Performed 122000 out of 10000000 MC cycles
Polymer acceptance rate: 19.4506%
Total runtime: 2.19092 mins (459.169 cycles/s)
************
Performed 123000 out of 10000000 MC cycles
Polymer acceptance rate: 19.6981%
Total runtime: 2.2111 mins (825.855 cycles/s)
************
Performed 124000 out of 10000000 MC cycles
Polymer acceptance rate: 19.7214%
Total runtime: 2.23147 mins (818.407 cycles/s)
************
Performed 125000 out of 10000000 MC cycles
Polymer acceptance rate: 19.9739%
Total runtime: 2.24232 mins (1535.86 cycles/s)
************
Performed 126000 out of 10000000 MC cycles
Polymer acceptance rate: 19.5994%
Total runtime: 2.26655 mins (687.782 cycles/s)
************
Performed 127000 out of 10000000 MC cycles
Polymer acceptance rate: 19.2136%
Total runtime: 2.29283 mins (634.284 cycles/s)
