Using entropy-harvested random seed: -1997644164
Running with initial polymer density 0.000485979
Using 360 TADs, including main chain of length 360
************
Performed 1000 out of 10000000 MC cycles
Polymer acceptance rate: 14.9008%
Total runtime: 0.040928 mins (407.219 cycles/s)
************
Performed 2000 out of 10000000 MC cycles
Polymer acceptance rate: 18.2978%
Total runtime: 0.0657665 mins (671.002 cycles/s)
************
Performed 3000 out of 10000000 MC cycles
Polymer acceptance rate: 17.6353%
Total runtime: 0.0769908 mins (1484.88 cycles/s)
************
Performed 4000 out of 10000000 MC cycles
Polymer acceptance rate: 17.8414%
Total runtime: 0.090096 mins (1271.75 cycles/s)
************
Performed 5000 out of 10000000 MC cycles
Polymer acceptance rate: 17.9953%
Total runtime: 0.101784 mins (1425.91 cycles/s)
************
Performed 6000 out of 10000000 MC cycles
Polymer acceptance rate: 18.7228%
Total runtime: 0.113172 mins (1463.54 cycles/s)
************
Performed 7000 out of 10000000 MC cycles
Polymer acceptance rate: 19.1886%
Total runtime: 0.121546 mins (1990.4 cycles/s)
************
Performed 8000 out of 10000000 MC cycles
Polymer acceptance rate: 19.1683%
Total runtime: 0.138233 mins (998.786 cycles/s)
************
Performed 9000 out of 10000000 MC cycles
Polymer acceptance rate: 19.5803%
Total runtime: 0.153257 mins (1109.3 cycles/s)
************
Performed 10000 out of 10000000 MC cycles
Polymer acceptance rate: 19.36%
Total runtime: 0.171112 mins (933.484 cycles/s)
************
Performed 11000 out of 10000000 MC cycles
Polymer acceptance rate: 19.3092%
Total runtime: 0.195094 mins (694.959 cycles/s)
************
Performed 12000 out of 10000000 MC cycles
Polymer acceptance rate: 19.4053%
Total runtime: 0.226723 mins (526.932 cycles/s)
************
Performed 13000 out of 10000000 MC cycles
Polymer acceptance rate: 19.5081%
Total runtime: 0.241714 mins (1111.82 cycles/s)
************
Performed 14000 out of 10000000 MC cycles
Polymer acceptance rate: 19.0358%
Total runtime: 0.253403 mins (1425.82 cycles/s)
************
Performed 15000 out of 10000000 MC cycles
Polymer acceptance rate: 19.7658%
Total runtime: 0.282223 mins (578.314 cycles/s)
************
Performed 16000 out of 10000000 MC cycles
Polymer acceptance rate: 19.8275%
Total runtime: 0.302461 mins (823.512 cycles/s)
************
Performed 17000 out of 10000000 MC cycles
Polymer acceptance rate: 19.9725%
Total runtime: 0.325898 mins (711.122 cycles/s)
************
Performed 18000 out of 10000000 MC cycles
Polymer acceptance rate: 19.6794%
Total runtime: 0.339475 mins (1227.57 cycles/s)
************
Performed 19000 out of 10000000 MC cycles
Polymer acceptance rate: 19.5803%
Total runtime: 0.35298 mins (1234.14 cycles/s)
************
Performed 20000 out of 10000000 MC cycles
Polymer acceptance rate: 19.735%
Total runtime: 0.366057 mins (1274.53 cycles/s)
************
Performed 21000 out of 10000000 MC cycles
Polymer acceptance rate: 19.5303%
Total runtime: 0.37713 mins (1505.08 cycles/s)
************
Performed 22000 out of 10000000 MC cycles
Polymer acceptance rate: 19.0389%
Total runtime: 0.391931 mins (1126.08 cycles/s)
************
Performed 23000 out of 10000000 MC cycles
Polymer acceptance rate: 19.6072%
Total runtime: 0.402752 mins (1540.12 cycles/s)
************
Performed 24000 out of 10000000 MC cycles
Polymer acceptance rate: 19.7931%
Total runtime: 0.417125 mins (1159.6 cycles/s)
************
Performed 25000 out of 10000000 MC cycles
Polymer acceptance rate: 19.8539%
Total runtime: 0.427266 mins (1643.59 cycles/s)
************
Performed 26000 out of 10000000 MC cycles
Polymer acceptance rate: 19.3561%
Total runtime: 0.439817 mins (1327.84 cycles/s)
************
Performed 27000 out of 10000000 MC cycles
Polymer acceptance rate: 19.2222%
Total runtime: 0.452922 mins (1271.84 cycles/s)
************
Performed 28000 out of 10000000 MC cycles
Polymer acceptance rate: 19.5939%
Total runtime: 0.46452 mins (1436.97 cycles/s)
************
Performed 29000 out of 10000000 MC cycles
Polymer acceptance rate: 19.3197%
Total runtime: 0.477142 mins (1320.47 cycles/s)
************
Performed 30000 out of 10000000 MC cycles
Polymer acceptance rate: 19.2781%
Total runtime: 0.487683 mins (1581.09 cycles/s)
************
Performed 31000 out of 10000000 MC cycles
Polymer acceptance rate: 19.3636%
Total runtime: 0.501681 mins (1190.65 cycles/s)
************
Performed 32000 out of 10000000 MC cycles
Polymer acceptance rate: 19.6483%
Total runtime: 0.509095 mins (2247.9 cycles/s)
************
Performed 33000 out of 10000000 MC cycles
Polymer acceptance rate: 19.9775%
Total runtime: 0.522877 mins (1209.34 cycles/s)
************
Performed 34000 out of 10000000 MC cycles
Polymer acceptance rate: 19.3242%
Total runtime: 0.535832 mins (1286.48 cycles/s)
************
Performed 35000 out of 10000000 MC cycles
Polymer acceptance rate: 19.3022%
Total runtime: 0.551434 mins (1068.27 cycles/s)
************
Performed 36000 out of 10000000 MC cycles
Polymer acceptance rate: 19.7642%
Total runtime: 0.561045 mins (1734.08 cycles/s)
************
Performed 37000 out of 10000000 MC cycles
Polymer acceptance rate: 19.0097%
Total runtime: 0.575062 mins (1189.05 cycles/s)
************
Performed 38000 out of 10000000 MC cycles
Polymer acceptance rate: 19.5089%
Total runtime: 0.580559 mins (3032.13 cycles/s)
************
Performed 39000 out of 10000000 MC cycles
Polymer acceptance rate: 19.6786%
Total runtime: 0.590648 mins (1651.94 cycles/s)
************
Performed 40000 out of 10000000 MC cycles
Polymer acceptance rate: 19.1797%
Total runtime: 0.604967 mins (1163.91 cycles/s)
************
Performed 41000 out of 10000000 MC cycles
Polymer acceptance rate: 19.4078%
Total runtime: 0.617766 mins (1302.17 cycles/s)
************
Performed 42000 out of 10000000 MC cycles
Polymer acceptance rate: 19.5969%
Total runtime: 0.631301 mins (1231.38 cycles/s)
************
Performed 43000 out of 10000000 MC cycles
Polymer acceptance rate: 19.1408%
Total runtime: 0.640811 mins (1752.53 cycles/s)
************
Performed 44000 out of 10000000 MC cycles
Polymer acceptance rate: 19.4825%
Total runtime: 0.658418 mins (946.625 cycles/s)
************
Performed 45000 out of 10000000 MC cycles
Polymer acceptance rate: 19.3853%
Total runtime: 0.673312 mins (1119.02 cycles/s)
************
Performed 46000 out of 10000000 MC cycles
Polymer acceptance rate: 19.4178%
Total runtime: 0.684866 mins (1442.44 cycles/s)
************
Performed 47000 out of 10000000 MC cycles
Polymer acceptance rate: 19.4394%
Total runtime: 0.695915 mins (1508.43 cycles/s)
************
Performed 48000 out of 10000000 MC cycles
Polymer acceptance rate: 19.4719%
Total runtime: 0.706685 mins (1547.49 cycles/s)
************
Performed 49000 out of 10000000 MC cycles
Polymer acceptance rate: 20.0978%
Total runtime: 0.720375 mins (1217.46 cycles/s)
************
Performed 50000 out of 10000000 MC cycles
Polymer acceptance rate: 19.5883%
Total runtime: 0.733031 mins (1316.9 cycles/s)
************
Performed 51000 out of 10000000 MC cycles
Polymer acceptance rate: 19.4553%
Total runtime: 0.746456 mins (1241.49 cycles/s)
************
Performed 52000 out of 10000000 MC cycles
Polymer acceptance rate: 19.1483%
Total runtime: 0.752871 mins (2597.98 cycles/s)
************
Performed 53000 out of 10000000 MC cycles
Polymer acceptance rate: 19.475%
Total runtime: 0.766139 mins (1256.19 cycles/s)
************
Performed 54000 out of 10000000 MC cycles
Polymer acceptance rate: 19.1347%
Total runtime: 0.775644 mins (1753.48 cycles/s)
************
Performed 55000 out of 10000000 MC cycles
Polymer acceptance rate: 20.0467%
Total runtime: 0.790122 mins (1151.15 cycles/s)
************
Performed 56000 out of 10000000 MC cycles
Polymer acceptance rate: 19.2389%
Total runtime: 0.795851 mins (2909.03 cycles/s)
************
Performed 57000 out of 10000000 MC cycles
Polymer acceptance rate: 19.7269%
Total runtime: 0.823736 mins (597.703 cycles/s)
************
Performed 58000 out of 10000000 MC cycles
Polymer acceptance rate: 19.6003%
Total runtime: 0.838106 mins (1159.82 cycles/s)
************
Performed 59000 out of 10000000 MC cycles
Polymer acceptance rate: 20.2269%
Total runtime: 0.855685 mins (948.079 cycles/s)
************
Performed 60000 out of 10000000 MC cycles
Polymer acceptance rate: 19.4081%
Total runtime: 0.871777 mins (1035.7 cycles/s)
************
Performed 61000 out of 10000000 MC cycles
Polymer acceptance rate: 19.3792%
Total runtime: 0.888906 mins (973.021 cycles/s)
************
Performed 62000 out of 10000000 MC cycles
Polymer acceptance rate: 18.8956%
Total runtime: 0.903668 mins (1129.01 cycles/s)
************
Performed 63000 out of 10000000 MC cycles
Polymer acceptance rate: 19.3633%
Total runtime: 0.930117 mins (630.141 cycles/s)
************
Performed 64000 out of 10000000 MC cycles
Polymer acceptance rate: 19.5225%
Total runtime: 0.952089 mins (758.569 cycles/s)
************
Performed 65000 out of 10000000 MC cycles
Polymer acceptance rate: 19.8817%
Total runtime: 0.987204 mins (474.631 cycles/s)
************
Performed 66000 out of 10000000 MC cycles
Polymer acceptance rate: 20.1636%
Total runtime: 1.01159 mins (683.322 cycles/s)
************
Performed 67000 out of 10000000 MC cycles
Polymer acceptance rate: 19.7533%
Total runtime: 1.02806 mins (1012.49 cycles/s)
************
Performed 68000 out of 10000000 MC cycles
Polymer acceptance rate: 19.7125%
Total runtime: 1.04919 mins (788.557 cycles/s)
************
Performed 69000 out of 10000000 MC cycles
Polymer acceptance rate: 19.5292%
Total runtime: 1.07497 mins (646.482 cycles/s)
************
Performed 70000 out of 10000000 MC cycles
Polymer acceptance rate: 19.3336%
Total runtime: 1.09729 mins (746.731 cycles/s)
************
Performed 71000 out of 10000000 MC cycles
Polymer acceptance rate: 19.7644%
Total runtime: 1.10963 mins (1350.59 cycles/s)
************
Performed 72000 out of 10000000 MC cycles
Polymer acceptance rate: 19.4053%
Total runtime: 1.12415 mins (1148.07 cycles/s)
************
Performed 73000 out of 10000000 MC cycles
Polymer acceptance rate: 19.6325%
Total runtime: 1.13803 mins (1200.41 cycles/s)
************
Performed 74000 out of 10000000 MC cycles
Polymer acceptance rate: 19.0903%
Total runtime: 1.16025 mins (750.275 cycles/s)
************
Performed 75000 out of 10000000 MC cycles
Polymer acceptance rate: 19.5189%
Total runtime: 1.1928 mins (512.026 cycles/s)
************
Performed 76000 out of 10000000 MC cycles
Polymer acceptance rate: 19.4481%
Total runtime: 1.21702 mins (687.953 cycles/s)
************
Performed 77000 out of 10000000 MC cycles
Polymer acceptance rate: 19.5742%
Total runtime: 1.24117 mins (690.259 cycles/s)
************
Performed 78000 out of 10000000 MC cycles
Polymer acceptance rate: 19.9014%
Total runtime: 1.25443 mins (1256.93 cycles/s)
************
Performed 79000 out of 10000000 MC cycles
Polymer acceptance rate: 19.5478%
Total runtime: 1.28286 mins (586.111 cycles/s)
************
Performed 80000 out of 10000000 MC cycles
Polymer acceptance rate: 19.7844%
Total runtime: 1.29709 mins (1171.54 cycles/s)
************
Performed 81000 out of 10000000 MC cycles
Polymer acceptance rate: 19.435%
Total runtime: 1.31877 mins (768.9 cycles/s)
************
Performed 82000 out of 10000000 MC cycles
Polymer acceptance rate: 20.2611%
Total runtime: 1.3383 mins (853.155 cycles/s)
************
Performed 83000 out of 10000000 MC cycles
Polymer acceptance rate: 19.9339%
Total runtime: 1.35768 mins (860.319 cycles/s)
************
Performed 84000 out of 10000000 MC cycles
Polymer acceptance rate: 19.7061%
Total runtime: 1.37202 mins (1162.05 cycles/s)
************
Performed 85000 out of 10000000 MC cycles
Polymer acceptance rate: 19.4389%
Total runtime: 1.3884 mins (1017.3 cycles/s)
************
Performed 86000 out of 10000000 MC cycles
Polymer acceptance rate: 19.5197%
Total runtime: 1.39666 mins (2016.89 cycles/s)
************
Performed 87000 out of 10000000 MC cycles
Polymer acceptance rate: 19.4197%
Total runtime: 1.41329 mins (1002.73 cycles/s)
************
Performed 88000 out of 10000000 MC cycles
Polymer acceptance rate: 19.5889%
Total runtime: 1.43464 mins (780.549 cycles/s)
************
Performed 89000 out of 10000000 MC cycles
Polymer acceptance rate: 19.7528%
Total runtime: 1.45049 mins (1051.35 cycles/s)
************
Performed 90000 out of 10000000 MC cycles
Polymer acceptance rate: 19.46%
Total runtime: 1.47478 mins (686.039 cycles/s)
************
Performed 91000 out of 10000000 MC cycles
Polymer acceptance rate: 19.5022%
Total runtime: 1.49438 mins (850.731 cycles/s)
************
Performed 92000 out of 10000000 MC cycles
Polymer acceptance rate: 19.4592%
Total runtime: 1.51826 mins (697.865 cycles/s)
************
Performed 93000 out of 10000000 MC cycles
Polymer acceptance rate: 20.2972%
Total runtime: 1.53557 mins (962.49 cycles/s)
************
Performed 94000 out of 10000000 MC cycles
Polymer acceptance rate: 19.4044%
Total runtime: 1.55211 mins (1007.9 cycles/s)
************
Performed 95000 out of 10000000 MC cycles
Polymer acceptance rate: 19.7314%
Total runtime: 1.56793 mins (1053.76 cycles/s)
************
Performed 96000 out of 10000000 MC cycles
Polymer acceptance rate: 19.4136%
Total runtime: 1.58669 mins (888.357 cycles/s)
************
Performed 97000 out of 10000000 MC cycles
Polymer acceptance rate: 20.4017%
Total runtime: 1.61951 mins (507.84 cycles/s)
************
Performed 98000 out of 10000000 MC cycles
Polymer acceptance rate: 19.7647%
Total runtime: 1.63876 mins (865.69 cycles/s)
************
Performed 99000 out of 10000000 MC cycles
Polymer acceptance rate: 19.6922%
Total runtime: 1.65867 mins (837.067 cycles/s)
************
Performed 100000 out of 10000000 MC cycles
Polymer acceptance rate: 19.4397%
Total runtime: 1.67764 mins (878.663 cycles/s)
************
Performed 101000 out of 10000000 MC cycles
Polymer acceptance rate: 19.2739%
Total runtime: 1.68717 mins (1748.91 cycles/s)
************
Performed 102000 out of 10000000 MC cycles
Polymer acceptance rate: 19.5803%
Total runtime: 1.72307 mins (464.176 cycles/s)
************
Performed 103000 out of 10000000 MC cycles
Polymer acceptance rate: 19.7486%
Total runtime: 1.73977 mins (998.385 cycles/s)
************
Performed 104000 out of 10000000 MC cycles
Polymer acceptance rate: 19.9803%
Total runtime: 1.76705 mins (610.895 cycles/s)
************
Performed 105000 out of 10000000 MC cycles
Polymer acceptance rate: 20.0164%
Total runtime: 1.79492 mins (598.043 cycles/s)
************
Performed 106000 out of 10000000 MC cycles
Polymer acceptance rate: 20.0089%
Total runtime: 1.82685 mins (521.915 cycles/s)
************
Performed 107000 out of 10000000 MC cycles
Polymer acceptance rate: 19.92%
Total runtime: 1.84381 mins (983.089 cycles/s)
************
Performed 108000 out of 10000000 MC cycles
Polymer acceptance rate: 19.9342%
Total runtime: 1.86662 mins (730.578 cycles/s)
************
Performed 109000 out of 10000000 MC cycles
Polymer acceptance rate: 19.6564%
Total runtime: 1.89655 mins (556.762 cycles/s)
************
Performed 110000 out of 10000000 MC cycles
Polymer acceptance rate: 19.1744%
Total runtime: 1.9098 mins (1258.62 cycles/s)
************
Performed 111000 out of 10000000 MC cycles
Polymer acceptance rate: 19.9225%
Total runtime: 1.92209 mins (1356.16 cycles/s)
************
Performed 112000 out of 10000000 MC cycles
Polymer acceptance rate: 19.2714%
Total runtime: 1.95113 mins (573.752 cycles/s)
************
Performed 113000 out of 10000000 MC cycles
Polymer acceptance rate: 19.8322%
Total runtime: 1.97946 mins (588.301 cycles/s)
************
Performed 114000 out of 10000000 MC cycles
Polymer acceptance rate: 19.8881%
Total runtime: 1.99323 mins (1210.82 cycles/s)
************
Performed 115000 out of 10000000 MC cycles
Polymer acceptance rate: 19.9322%
Total runtime: 2.01194 mins (890.709 cycles/s)
************
Performed 116000 out of 10000000 MC cycles
Polymer acceptance rate: 19.7453%
Total runtime: 2.03178 mins (840.159 cycles/s)
************
Performed 117000 out of 10000000 MC cycles
Polymer acceptance rate: 19.2994%
Total runtime: 2.05215 mins (818.078 cycles/s)
************
Performed 118000 out of 10000000 MC cycles
Polymer acceptance rate: 19.2789%
Total runtime: 2.15582 mins (160.771 cycles/s)
************
Performed 119000 out of 10000000 MC cycles
Polymer acceptance rate: 20.0658%
Total runtime: 2.18936 mins (496.87 cycles/s)
************
Performed 120000 out of 10000000 MC cycles
Polymer acceptance rate: 19.4475%
Total runtime: 2.21238 mins (724.104 cycles/s)
************
Performed 121000 out of 10000000 MC cycles
Polymer acceptance rate: 19.6022%
Total runtime: 2.23139 mins (876.488 cycles/s)
************
Performed 122000 out of 10000000 MC cycles
Polymer acceptance rate: 19.9931%
Total runtime: 2.27252 mins (405.209 cycles/s)
************
Performed 123000 out of 10000000 MC cycles
Polymer acceptance rate: 19.1578%
Total runtime: 2.29748 mins (667.809 cycles/s)
************
Performed 124000 out of 10000000 MC cycles
Polymer acceptance rate: 19.635%
Total runtime: 2.31819 mins (804.643 cycles/s)
************
Performed 125000 out of 10000000 MC cycles
Polymer acceptance rate: 19.1992%
Total runtime: 2.33057 mins (1347.18 cycles/s)
