Using entropy-harvested random seed: -446522449
Running with initial polymer density 0.000485979
Using 360 TADs, including main chain of length 360
************
Performed 1000 out of 10000000 MC cycles
Polymer acceptance rate: 15.5175%
Total runtime: 0.0250879 mins (664.331 cycles/s)
************
Performed 2000 out of 10000000 MC cycles
Polymer acceptance rate: 17.8542%
Total runtime: 0.0383949 mins (1252.47 cycles/s)
************
Performed 3000 out of 10000000 MC cycles
Polymer acceptance rate: 18.0128%
Total runtime: 0.0516464 mins (1257.72 cycles/s)
************
Performed 4000 out of 10000000 MC cycles
Polymer acceptance rate: 18.8644%
Total runtime: 0.0649954 mins (1248.53 cycles/s)
************
Performed 5000 out of 10000000 MC cycles
Polymer acceptance rate: 19.1611%
Total runtime: 0.0799818 mins (1112.12 cycles/s)
************
Performed 6000 out of 10000000 MC cycles
Polymer acceptance rate: 18.9217%
Total runtime: 0.0986283 mins (893.822 cycles/s)
************
Performed 7000 out of 10000000 MC cycles
Polymer acceptance rate: 19.5272%
Total runtime: 0.111898 mins (1256.04 cycles/s)
************
Performed 8000 out of 10000000 MC cycles
Polymer acceptance rate: 19.1939%
Total runtime: 0.125821 mins (1196.99 cycles/s)
************
Performed 9000 out of 10000000 MC cycles
Polymer acceptance rate: 19.5994%
Total runtime: 0.14963 mins (700.037 cycles/s)
************
Performed 10000 out of 10000000 MC cycles
Polymer acceptance rate: 19.1456%
Total runtime: 0.168197 mins (897.632 cycles/s)
************
Performed 11000 out of 10000000 MC cycles
Polymer acceptance rate: 18.93%
Total runtime: 0.192782 mins (677.905 cycles/s)
************
Performed 12000 out of 10000000 MC cycles
Polymer acceptance rate: 20.0003%
Total runtime: 0.206655 mins (1201.39 cycles/s)
************
Performed 13000 out of 10000000 MC cycles
Polymer acceptance rate: 19.0281%
Total runtime: 0.23361 mins (618.317 cycles/s)
************
Performed 14000 out of 10000000 MC cycles
Polymer acceptance rate: 19.1322%
Total runtime: 0.247983 mins (1159.58 cycles/s)
************
Performed 15000 out of 10000000 MC cycles
Polymer acceptance rate: 19.3322%
Total runtime: 0.274207 mins (635.548 cycles/s)
************
Performed 16000 out of 10000000 MC cycles
Polymer acceptance rate: 20.0328%
Total runtime: 0.294652 mins (815.187 cycles/s)
************
Performed 17000 out of 10000000 MC cycles
Polymer acceptance rate: 19.3431%
Total runtime: 0.30579 mins (1496.4 cycles/s)
************
Performed 18000 out of 10000000 MC cycles
Polymer acceptance rate: 19.5989%
Total runtime: 0.317149 mins (1467.32 cycles/s)
************
Performed 19000 out of 10000000 MC cycles
Polymer acceptance rate: 19.8131%
Total runtime: 0.332611 mins (1077.88 cycles/s)
************
Performed 20000 out of 10000000 MC cycles
Polymer acceptance rate: 19.3872%
Total runtime: 0.348528 mins (1047.1 cycles/s)
************
Performed 21000 out of 10000000 MC cycles
Polymer acceptance rate: 19.7053%
Total runtime: 0.365689 mins (971.236 cycles/s)
************
Performed 22000 out of 10000000 MC cycles
Polymer acceptance rate: 19.3283%
Total runtime: 0.377206 mins (1447.11 cycles/s)
************
Performed 23000 out of 10000000 MC cycles
Polymer acceptance rate: 19.4536%
Total runtime: 0.386397 mins (1813.38 cycles/s)
************
Performed 24000 out of 10000000 MC cycles
Polymer acceptance rate: 19.3478%
Total runtime: 0.398061 mins (1428.89 cycles/s)
************
Performed 25000 out of 10000000 MC cycles
Polymer acceptance rate: 19.6433%
Total runtime: 0.412905 mins (1122.78 cycles/s)
************
Performed 26000 out of 10000000 MC cycles
Polymer acceptance rate: 19.6078%
Total runtime: 0.426662 mins (1211.47 cycles/s)
************
Performed 27000 out of 10000000 MC cycles
Polymer acceptance rate: 19.2164%
Total runtime: 0.439906 mins (1258.47 cycles/s)
************
Performed 28000 out of 10000000 MC cycles
Polymer acceptance rate: 19.3972%
Total runtime: 0.452904 mins (1282.27 cycles/s)
************
Performed 29000 out of 10000000 MC cycles
Polymer acceptance rate: 19.6172%
Total runtime: 0.463598 mins (1558.43 cycles/s)
************
Performed 30000 out of 10000000 MC cycles
Polymer acceptance rate: 19.9797%
Total runtime: 0.475547 mins (1394.87 cycles/s)
************
Performed 31000 out of 10000000 MC cycles
Polymer acceptance rate: 18.9533%
Total runtime: 0.48388 mins (2000.1 cycles/s)
************
Performed 32000 out of 10000000 MC cycles
Polymer acceptance rate: 19.5967%
Total runtime: 0.495894 mins (1387.23 cycles/s)
************
Performed 33000 out of 10000000 MC cycles
Polymer acceptance rate: 19.7131%
Total runtime: 0.507727 mins (1408.44 cycles/s)
************
Performed 34000 out of 10000000 MC cycles
Polymer acceptance rate: 19.6258%
Total runtime: 0.522785 mins (1106.88 cycles/s)
************
Performed 35000 out of 10000000 MC cycles
Polymer acceptance rate: 19.6406%
Total runtime: 0.533653 mins (1533.54 cycles/s)
************
Performed 36000 out of 10000000 MC cycles
Polymer acceptance rate: 19.8303%
Total runtime: 0.548127 mins (1151.45 cycles/s)
************
Performed 37000 out of 10000000 MC cycles
Polymer acceptance rate: 19.5442%
Total runtime: 0.558361 mins (1628.6 cycles/s)
************
Performed 38000 out of 10000000 MC cycles
Polymer acceptance rate: 19.2319%
Total runtime: 0.569682 mins (1472.17 cycles/s)
************
Performed 39000 out of 10000000 MC cycles
Polymer acceptance rate: 19.9069%
Total runtime: 0.582479 mins (1302.42 cycles/s)
************
Performed 40000 out of 10000000 MC cycles
Polymer acceptance rate: 19.6414%
Total runtime: 0.594405 mins (1397.55 cycles/s)
************
Performed 41000 out of 10000000 MC cycles
Polymer acceptance rate: 19.6411%
Total runtime: 0.605879 mins (1452.57 cycles/s)
************
Performed 42000 out of 10000000 MC cycles
Polymer acceptance rate: 19.4944%
Total runtime: 0.624922 mins (875.187 cycles/s)
************
Performed 43000 out of 10000000 MC cycles
Polymer acceptance rate: 19.6492%
Total runtime: 0.641044 mins (1033.81 cycles/s)
************
Performed 44000 out of 10000000 MC cycles
Polymer acceptance rate: 19.7875%
Total runtime: 0.651771 mins (1553.69 cycles/s)
************
Performed 45000 out of 10000000 MC cycles
Polymer acceptance rate: 19.4714%
Total runtime: 0.665099 mins (1250.46 cycles/s)
************
Performed 46000 out of 10000000 MC cycles
Polymer acceptance rate: 19.2978%
Total runtime: 0.6722 mins (2347.25 cycles/s)
************
Performed 47000 out of 10000000 MC cycles
Polymer acceptance rate: 20.2881%
Total runtime: 0.686757 mins (1144.9 cycles/s)
************
Performed 48000 out of 10000000 MC cycles
Polymer acceptance rate: 19.7272%
Total runtime: 0.700364 mins (1224.87 cycles/s)
************
Performed 49000 out of 10000000 MC cycles
Polymer acceptance rate: 20.1494%
Total runtime: 0.71157 mins (1487.3 cycles/s)
************
Performed 50000 out of 10000000 MC cycles
Polymer acceptance rate: 19.6103%
Total runtime: 0.724092 mins (1331 cycles/s)
************
Performed 51000 out of 10000000 MC cycles
Polymer acceptance rate: 19.4739%
Total runtime: 0.736492 mins (1344.06 cycles/s)
************
Performed 52000 out of 10000000 MC cycles
Polymer acceptance rate: 18.9292%
Total runtime: 0.752266 mins (1056.62 cycles/s)
************
Performed 53000 out of 10000000 MC cycles
Polymer acceptance rate: 19.4756%
Total runtime: 0.770702 mins (903.996 cycles/s)
************
Performed 54000 out of 10000000 MC cycles
Polymer acceptance rate: 19.8575%
Total runtime: 0.795018 mins (685.431 cycles/s)
************
Performed 55000 out of 10000000 MC cycles
Polymer acceptance rate: 20.2331%
Total runtime: 0.811555 mins (1007.8 cycles/s)
************
Performed 56000 out of 10000000 MC cycles
Polymer acceptance rate: 19.8422%
Total runtime: 0.825992 mins (1154.48 cycles/s)
************
Performed 57000 out of 10000000 MC cycles
Polymer acceptance rate: 19.1194%
Total runtime: 0.838953 mins (1285.88 cycles/s)
************
Performed 58000 out of 10000000 MC cycles
Polymer acceptance rate: 19.7794%
Total runtime: 0.853673 mins (1132.27 cycles/s)
************
Performed 59000 out of 10000000 MC cycles
Polymer acceptance rate: 19.8981%
Total runtime: 0.87293 mins (865.461 cycles/s)
************
Performed 60000 out of 10000000 MC cycles
Polymer acceptance rate: 19.3283%
Total runtime: 0.905974 mins (504.387 cycles/s)
************
Performed 61000 out of 10000000 MC cycles
Polymer acceptance rate: 19.2442%
Total runtime: 0.949097 mins (386.493 cycles/s)
************
Performed 62000 out of 10000000 MC cycles
Polymer acceptance rate: 20.03%
Total runtime: 0.961326 mins (1362.79 cycles/s)
************
Performed 63000 out of 10000000 MC cycles
Polymer acceptance rate: 19.1572%
Total runtime: 0.985998 mins (675.54 cycles/s)
************
Performed 64000 out of 10000000 MC cycles
Polymer acceptance rate: 19.4117%
Total runtime: 1.00556 mins (852.126 cycles/s)
************
Performed 65000 out of 10000000 MC cycles
Polymer acceptance rate: 19.3117%
Total runtime: 1.02777 mins (750.437 cycles/s)
************
Performed 66000 out of 10000000 MC cycles
Polymer acceptance rate: 19.5964%
Total runtime: 1.04672 mins (879.191 cycles/s)
************
Performed 67000 out of 10000000 MC cycles
Polymer acceptance rate: 19.2981%
Total runtime: 1.06904 mins (746.671 cycles/s)
************
Performed 68000 out of 10000000 MC cycles
Polymer acceptance rate: 19.6119%
Total runtime: 1.08208 mins (1278.06 cycles/s)
************
Performed 69000 out of 10000000 MC cycles
Polymer acceptance rate: 19.5475%
Total runtime: 1.09319 mins (1501.36 cycles/s)
************
Performed 70000 out of 10000000 MC cycles
Polymer acceptance rate: 20.2131%
Total runtime: 1.1046 mins (1460.66 cycles/s)
************
Performed 71000 out of 10000000 MC cycles
Polymer acceptance rate: 19.9844%
Total runtime: 1.11755 mins (1286.74 cycles/s)
************
Performed 72000 out of 10000000 MC cycles
Polymer acceptance rate: 19.91%
Total runtime: 1.15991 mins (393.46 cycles/s)
************
Performed 73000 out of 10000000 MC cycles
Polymer acceptance rate: 19.5597%
Total runtime: 1.18154 mins (770.617 cycles/s)
************
Performed 74000 out of 10000000 MC cycles
Polymer acceptance rate: 20.5206%
Total runtime: 1.20706 mins (652.865 cycles/s)
************
Performed 75000 out of 10000000 MC cycles
Polymer acceptance rate: 19.8047%
Total runtime: 1.23394 mins (620.09 cycles/s)
************
Performed 76000 out of 10000000 MC cycles
Polymer acceptance rate: 19.8467%
Total runtime: 1.25288 mins (880.085 cycles/s)
************
Performed 77000 out of 10000000 MC cycles
Polymer acceptance rate: 19.6569%
Total runtime: 1.27388 mins (793.574 cycles/s)
************
Performed 78000 out of 10000000 MC cycles
Polymer acceptance rate: 19.7322%
Total runtime: 1.28909 mins (1096.17 cycles/s)
************
Performed 79000 out of 10000000 MC cycles
Polymer acceptance rate: 19.4683%
Total runtime: 1.30936 mins (822.139 cycles/s)
************
Performed 80000 out of 10000000 MC cycles
Polymer acceptance rate: 19.0314%
Total runtime: 1.33258 mins (717.885 cycles/s)
************
Performed 81000 out of 10000000 MC cycles
Polymer acceptance rate: 19.3428%
Total runtime: 1.34486 mins (1356.35 cycles/s)
************
Performed 82000 out of 10000000 MC cycles
Polymer acceptance rate: 19.9092%
Total runtime: 1.36264 mins (937.744 cycles/s)
************
Performed 83000 out of 10000000 MC cycles
Polymer acceptance rate: 19.1708%
Total runtime: 1.37004 mins (2249.68 cycles/s)
************
Performed 84000 out of 10000000 MC cycles
Polymer acceptance rate: 19.4292%
Total runtime: 1.39528 mins (660.483 cycles/s)
************
Performed 85000 out of 10000000 MC cycles
Polymer acceptance rate: 19.3383%
Total runtime: 1.40861 mins (1249.8 cycles/s)
************
Performed 86000 out of 10000000 MC cycles
Polymer acceptance rate: 19.2689%
Total runtime: 1.43139 mins (731.813 cycles/s)
************
Performed 87000 out of 10000000 MC cycles
Polymer acceptance rate: 19.6861%
Total runtime: 1.45332 mins (759.985 cycles/s)
************
Performed 88000 out of 10000000 MC cycles
Polymer acceptance rate: 19.9244%
Total runtime: 1.46951 mins (1029.68 cycles/s)
************
Performed 89000 out of 10000000 MC cycles
Polymer acceptance rate: 20.0069%
Total runtime: 1.49378 mins (686.696 cycles/s)
************
Performed 90000 out of 10000000 MC cycles
Polymer acceptance rate: 19.9158%
Total runtime: 1.51118 mins (957.849 cycles/s)
************
Performed 91000 out of 10000000 MC cycles
Polymer acceptance rate: 19.365%
Total runtime: 1.52739 mins (1027.93 cycles/s)
************
Performed 92000 out of 10000000 MC cycles
Polymer acceptance rate: 19.6378%
Total runtime: 1.55354 mins (637.341 cycles/s)
************
Performed 93000 out of 10000000 MC cycles
Polymer acceptance rate: 19.1017%
Total runtime: 1.57757 mins (693.563 cycles/s)
************
Performed 94000 out of 10000000 MC cycles
Polymer acceptance rate: 19.9178%
Total runtime: 1.61163 mins (489.414 cycles/s)
************
Performed 95000 out of 10000000 MC cycles
Polymer acceptance rate: 19.9439%
Total runtime: 1.62944 mins (935.489 cycles/s)
************
Performed 96000 out of 10000000 MC cycles
Polymer acceptance rate: 20.2792%
Total runtime: 1.64361 mins (1176.07 cycles/s)
************
Performed 97000 out of 10000000 MC cycles
Polymer acceptance rate: 19.5814%
Total runtime: 1.6639 mins (821.645 cycles/s)
************
Performed 98000 out of 10000000 MC cycles
Polymer acceptance rate: 19.5369%
Total runtime: 1.67395 mins (1658.65 cycles/s)
************
Performed 99000 out of 10000000 MC cycles
Polymer acceptance rate: 19.9017%
Total runtime: 1.70335 mins (566.767 cycles/s)
************
Performed 100000 out of 10000000 MC cycles
Polymer acceptance rate: 20.2889%
Total runtime: 1.72772 mins (683.825 cycles/s)
************
Performed 101000 out of 10000000 MC cycles
Polymer acceptance rate: 19.3989%
Total runtime: 1.75541 mins (601.929 cycles/s)
************
Performed 102000 out of 10000000 MC cycles
Polymer acceptance rate: 19.7558%
Total runtime: 1.78793 mins (512.575 cycles/s)
************
Performed 103000 out of 10000000 MC cycles
Polymer acceptance rate: 19.2072%
Total runtime: 1.79975 mins (1410.39 cycles/s)
************
Performed 104000 out of 10000000 MC cycles
Polymer acceptance rate: 19.8461%
Total runtime: 1.82025 mins (812.73 cycles/s)
************
Performed 105000 out of 10000000 MC cycles
Polymer acceptance rate: 19.8292%
Total runtime: 1.85496 mins (480.151 cycles/s)
************
Performed 106000 out of 10000000 MC cycles
Polymer acceptance rate: 19.0025%
Total runtime: 1.88592 mins (538.399 cycles/s)
************
Performed 107000 out of 10000000 MC cycles
Polymer acceptance rate: 19.2486%
Total runtime: 1.91844 mins (512.455 cycles/s)
************
Performed 108000 out of 10000000 MC cycles
Polymer acceptance rate: 19.9239%
Total runtime: 1.9425 mins (692.797 cycles/s)
************
Performed 109000 out of 10000000 MC cycles
Polymer acceptance rate: 19.5083%
Total runtime: 1.96251 mins (833.004 cycles/s)
************
Performed 110000 out of 10000000 MC cycles
Polymer acceptance rate: 19.5153%
Total runtime: 1.97376 mins (1481.23 cycles/s)
************
Performed 111000 out of 10000000 MC cycles
Polymer acceptance rate: 19.6053%
Total runtime: 2.0051 mins (531.747 cycles/s)
************
Performed 112000 out of 10000000 MC cycles
Polymer acceptance rate: 19.3708%
Total runtime: 2.02218 mins (975.729 cycles/s)
************
Performed 113000 out of 10000000 MC cycles
Polymer acceptance rate: 19.3061%
Total runtime: 2.11901 mins (172.132 cycles/s)
************
Performed 114000 out of 10000000 MC cycles
Polymer acceptance rate: 19.9422%
Total runtime: 2.1485 mins (565.141 cycles/s)
************
Performed 115000 out of 10000000 MC cycles
Polymer acceptance rate: 19.4442%
Total runtime: 2.16824 mins (844.367 cycles/s)
************
Performed 116000 out of 10000000 MC cycles
Polymer acceptance rate: 19.95%
Total runtime: 2.20051 mins (516.467 cycles/s)
************
Performed 117000 out of 10000000 MC cycles
Polymer acceptance rate: 20.0739%
Total runtime: 2.22971 mins (570.829 cycles/s)
************
Performed 118000 out of 10000000 MC cycles
Polymer acceptance rate: 19.4997%
Total runtime: 2.25033 mins (808.26 cycles/s)
************
Performed 119000 out of 10000000 MC cycles
Polymer acceptance rate: 19.7358%
Total runtime: 2.27529 mins (667.774 cycles/s)
************
Performed 120000 out of 10000000 MC cycles
Polymer acceptance rate: 19.9236%
Total runtime: 2.30167 mins (631.697 cycles/s)
