Traceback (most recent call last):
  File "/home/ddasaro//LatticePoly/LatticePoly/resources/MonomerDist_HiC_G1.py", line 127, in <module>
    monom = MonomerDmap(outputDir, initFrame=initFrame)
  File "/home/ddasaro//LatticePoly/LatticePoly/resources/MonomerDist_HiC_G1.py", line 52, in __init__
    self.Print()
  File "/home/ddasaro//LatticePoly/LatticePoly/resources/MonomerDist_HiC_G1.py", line 112, in Print
    np.savetxt(self.copyFile, self.copy_weight/(timepoint-initFrame) )
NameError: name 'timepoint' is not defined
Traceback (most recent call last):
  File "/home/ddasaro//LatticePoly/LatticePoly/resources/MonomerDist_HiC_G1.py", line 127, in <module>
    monom = MonomerDmap(outputDir, initFrame=initFrame)
  File "/home/ddasaro//LatticePoly/LatticePoly/resources/MonomerDist_HiC_G1.py", line 52, in __init__
    self.Print()
  File "/home/ddasaro//LatticePoly/LatticePoly/resources/MonomerDist_HiC_G1.py", line 112, in Print
    np.savetxt(self.copyFile, self.copy_weight/(timepoint-initFrame) )
NameError: name 'timepoint' is not defined
Traceback (most recent call last):
  File "/home/ddasaro//LatticePoly/LatticePoly/resources/MonomerDist_HiC_G1.py", line 127, in <module>
    monom = MonomerDmap(outputDir, initFrame=initFrame)
  File "/home/ddasaro//LatticePoly/LatticePoly/resources/MonomerDist_HiC_G1.py", line 52, in __init__
    self.Print()
  File "/home/ddasaro//LatticePoly/LatticePoly/resources/MonomerDist_HiC_G1.py", line 112, in Print
    np.savetxt(self.copyFile, self.copy_weight/(timepoint-initFrame) )
NameError: name 'timepoint' is not defined
Traceback (most recent call last):
  File "/home/ddasaro//LatticePoly/LatticePoly/resources/MonomerDist_HiC_G1.py", line 127, in <module>
    monom = MonomerDmap(outputDir, initFrame=initFrame)
  File "/home/ddasaro//LatticePoly/LatticePoly/resources/MonomerDist_HiC_G1.py", line 52, in __init__
    self.Print()
  File "/home/ddasaro//LatticePoly/LatticePoly/resources/MonomerDist_HiC_G1.py", line 112, in Print
    np.savetxt(self.copyFile, self.copy_weight/(timepoint-initFrame) )
NameError: name 'timepoint' is not defined
Traceback (most recent call last):
  File "/home/ddasaro//LatticePoly/LatticePoly/resources/MonomerDist_HiC_G1.py", line 127, in <module>
    monom = MonomerDmap(outputDir, initFrame=initFrame)
  File "/home/ddasaro//LatticePoly/LatticePoly/resources/MonomerDist_HiC_G1.py", line 52, in __init__
    self.Print()
  File "/home/ddasaro//LatticePoly/LatticePoly/resources/MonomerDist_HiC_G1.py", line 112, in Print
    np.savetxt(self.copyFile, self.copy_weight/(timepoint-initFrame) )
NameError: name 'timepoint' is not defined
