Using entropy-harvested random seed: -20734787
Running with initial polymer density 0.000485979
Using 360 TADs, including main chain of length 360
************
Performed 1000 out of 10000000 MC cycles
Polymer acceptance rate: 15.9336%
Total runtime: 0.0218841 mins (761.587 cycles/s)
************
Performed 2000 out of 10000000 MC cycles
Polymer acceptance rate: 18.0742%
Total runtime: 0.0347354 mins (1296.89 cycles/s)
************
Performed 3000 out of 10000000 MC cycles
Polymer acceptance rate: 19.1364%
Total runtime: 0.0451298 mins (1603.42 cycles/s)
************
Performed 4000 out of 10000000 MC cycles
Polymer acceptance rate: 19.1644%
Total runtime: 0.0601948 mins (1106.32 cycles/s)
************
Performed 5000 out of 10000000 MC cycles
Polymer acceptance rate: 19.505%
Total runtime: 0.0690954 mins (1872.52 cycles/s)
************
Performed 6000 out of 10000000 MC cycles
Polymer acceptance rate: 19.3192%
Total runtime: 0.0847872 mins (1062.13 cycles/s)
************
Performed 7000 out of 10000000 MC cycles
Polymer acceptance rate: 19.7103%
Total runtime: 0.105136 mins (819.063 cycles/s)
************
Performed 8000 out of 10000000 MC cycles
Polymer acceptance rate: 19.4975%
Total runtime: 0.11585 mins (1555.55 cycles/s)
************
Performed 9000 out of 10000000 MC cycles
Polymer acceptance rate: 19.2692%
Total runtime: 0.134685 mins (884.866 cycles/s)
************
Performed 10000 out of 10000000 MC cycles
Polymer acceptance rate: 18.9186%
Total runtime: 0.153531 mins (884.357 cycles/s)
************
Performed 11000 out of 10000000 MC cycles
Polymer acceptance rate: 19.0497%
Total runtime: 0.172798 mins (865.061 cycles/s)
************
Performed 12000 out of 10000000 MC cycles
Polymer acceptance rate: 19.5464%
Total runtime: 0.190422 mins (945.683 cycles/s)
************
Performed 13000 out of 10000000 MC cycles
Polymer acceptance rate: 19.5369%
Total runtime: 0.202699 mins (1357.5 cycles/s)
************
Performed 14000 out of 10000000 MC cycles
Polymer acceptance rate: 19.1411%
Total runtime: 0.231751 mins (573.688 cycles/s)
************
Performed 15000 out of 10000000 MC cycles
Polymer acceptance rate: 19.2675%
Total runtime: 0.249641 mins (931.611 cycles/s)
************
Performed 16000 out of 10000000 MC cycles
Polymer acceptance rate: 19.8469%
Total runtime: 0.280868 mins (533.726 cycles/s)
************
Performed 17000 out of 10000000 MC cycles
Polymer acceptance rate: 19.5197%
Total runtime: 0.295812 mins (1115.29 cycles/s)
************
Performed 18000 out of 10000000 MC cycles
Polymer acceptance rate: 19.4964%
Total runtime: 0.303515 mins (2163.71 cycles/s)
************
Performed 19000 out of 10000000 MC cycles
Polymer acceptance rate: 20.0883%
Total runtime: 0.317621 mins (1181.51 cycles/s)
************
Performed 20000 out of 10000000 MC cycles
Polymer acceptance rate: 19.4006%
Total runtime: 0.328634 mins (1513.41 cycles/s)
************
Performed 21000 out of 10000000 MC cycles
Polymer acceptance rate: 19.7292%
Total runtime: 0.340302 mins (1428.34 cycles/s)
************
Performed 22000 out of 10000000 MC cycles
Polymer acceptance rate: 19.5536%
Total runtime: 0.357967 mins (943.508 cycles/s)
************
Performed 23000 out of 10000000 MC cycles
Polymer acceptance rate: 19.5119%
Total runtime: 0.370147 mins (1368.27 cycles/s)
************
Performed 24000 out of 10000000 MC cycles
Polymer acceptance rate: 19.4169%
Total runtime: 0.380496 mins (1610.48 cycles/s)
************
Performed 25000 out of 10000000 MC cycles
Polymer acceptance rate: 19.6992%
Total runtime: 0.38648 mins (2785.4 cycles/s)
************
Performed 26000 out of 10000000 MC cycles
Polymer acceptance rate: 19.8017%
Total runtime: 0.397811 mins (1470.82 cycles/s)
************
Performed 27000 out of 10000000 MC cycles
Polymer acceptance rate: 20.1553%
Total runtime: 0.415515 mins (941.437 cycles/s)
************
Performed 28000 out of 10000000 MC cycles
Polymer acceptance rate: 19.3669%
Total runtime: 0.429092 mins (1227.59 cycles/s)
************
Performed 29000 out of 10000000 MC cycles
Polymer acceptance rate: 19.8075%
Total runtime: 0.439367 mins (1621.98 cycles/s)
************
Performed 30000 out of 10000000 MC cycles
Polymer acceptance rate: 19.1122%
Total runtime: 0.45115 mins (1414.5 cycles/s)
************
Performed 31000 out of 10000000 MC cycles
Polymer acceptance rate: 19.9614%
Total runtime: 0.46272 mins (1440.45 cycles/s)
************
Performed 32000 out of 10000000 MC cycles
Polymer acceptance rate: 19.5083%
Total runtime: 0.475251 mins (1330.03 cycles/s)
************
Performed 33000 out of 10000000 MC cycles
Polymer acceptance rate: 19.5208%
Total runtime: 0.485295 mins (1659.48 cycles/s)
************
Performed 34000 out of 10000000 MC cycles
Polymer acceptance rate: 19.0619%
Total runtime: 0.496165 mins (1533.27 cycles/s)
************
Performed 35000 out of 10000000 MC cycles
Polymer acceptance rate: 19.4511%
Total runtime: 0.502698 mins (2550.86 cycles/s)
************
Performed 36000 out of 10000000 MC cycles
Polymer acceptance rate: 19.2933%
Total runtime: 0.515381 mins (1314.18 cycles/s)
************
Performed 37000 out of 10000000 MC cycles
Polymer acceptance rate: 19.4369%
Total runtime: 0.528719 mins (1249.51 cycles/s)
************
Performed 38000 out of 10000000 MC cycles
Polymer acceptance rate: 19.2714%
Total runtime: 0.537809 mins (1833.46 cycles/s)
************
Performed 39000 out of 10000000 MC cycles
Polymer acceptance rate: 19.5903%
Total runtime: 0.550599 mins (1303.1 cycles/s)
************
Performed 40000 out of 10000000 MC cycles
Polymer acceptance rate: 19.4561%
Total runtime: 0.561125 mins (1583.48 cycles/s)
************
Performed 41000 out of 10000000 MC cycles
Polymer acceptance rate: 19.97%
Total runtime: 0.573974 mins (1297.07 cycles/s)
************
Performed 42000 out of 10000000 MC cycles
Polymer acceptance rate: 19.4392%
Total runtime: 0.588566 mins (1142.18 cycles/s)
************
Performed 43000 out of 10000000 MC cycles
Polymer acceptance rate: 19.4761%
Total runtime: 0.5986 mins (1661.09 cycles/s)
************
Performed 44000 out of 10000000 MC cycles
Polymer acceptance rate: 19.74%
Total runtime: 0.614783 mins (1029.87 cycles/s)
************
Performed 45000 out of 10000000 MC cycles
Polymer acceptance rate: 19.6106%
Total runtime: 0.626572 mins (1413.71 cycles/s)
************
Performed 46000 out of 10000000 MC cycles
Polymer acceptance rate: 19.8878%
Total runtime: 0.644383 mins (935.755 cycles/s)
************
Performed 47000 out of 10000000 MC cycles
Polymer acceptance rate: 19.6211%
Total runtime: 0.6595 mins (1102.56 cycles/s)
************
Performed 48000 out of 10000000 MC cycles
Polymer acceptance rate: 20.0283%
Total runtime: 0.67138 mins (1402.89 cycles/s)
************
Performed 49000 out of 10000000 MC cycles
Polymer acceptance rate: 19.6119%
Total runtime: 0.684039 mins (1316.55 cycles/s)
************
Performed 50000 out of 10000000 MC cycles
Polymer acceptance rate: 19.1494%
Total runtime: 0.698583 mins (1146 cycles/s)
************
Performed 51000 out of 10000000 MC cycles
Polymer acceptance rate: 19.5231%
Total runtime: 0.709404 mins (1540.09 cycles/s)
************
Performed 52000 out of 10000000 MC cycles
Polymer acceptance rate: 19.8861%
Total runtime: 0.719411 mins (1665.64 cycles/s)
************
Performed 53000 out of 10000000 MC cycles
Polymer acceptance rate: 19.3178%
Total runtime: 0.731056 mins (1431.17 cycles/s)
************
Performed 54000 out of 10000000 MC cycles
Polymer acceptance rate: 19.3622%
Total runtime: 0.740273 mins (1808.3 cycles/s)
************
Performed 55000 out of 10000000 MC cycles
Polymer acceptance rate: 20.5014%
Total runtime: 0.757972 mins (941.647 cycles/s)
************
Performed 56000 out of 10000000 MC cycles
Polymer acceptance rate: 19.7369%
Total runtime: 0.774745 mins (993.66 cycles/s)
************
Performed 57000 out of 10000000 MC cycles
Polymer acceptance rate: 19.5822%
Total runtime: 0.784991 mins (1626.71 cycles/s)
************
Performed 58000 out of 10000000 MC cycles
Polymer acceptance rate: 19.7269%
Total runtime: 0.808504 mins (708.827 cycles/s)
************
Performed 59000 out of 10000000 MC cycles
Polymer acceptance rate: 20.1883%
Total runtime: 0.829782 mins (783.27 cycles/s)
************
Performed 60000 out of 10000000 MC cycles
Polymer acceptance rate: 19.7067%
Total runtime: 0.846571 mins (992.706 cycles/s)
************
Performed 61000 out of 10000000 MC cycles
Polymer acceptance rate: 19.9161%
Total runtime: 0.886828 mins (414.013 cycles/s)
************
Performed 62000 out of 10000000 MC cycles
Polymer acceptance rate: 19.6089%
Total runtime: 0.913391 mins (627.446 cycles/s)
************
Performed 63000 out of 10000000 MC cycles
Polymer acceptance rate: 19.9817%
Total runtime: 0.940963 mins (604.47 cycles/s)
************
Performed 64000 out of 10000000 MC cycles
Polymer acceptance rate: 19.2858%
Total runtime: 0.966501 mins (652.613 cycles/s)
************
Performed 65000 out of 10000000 MC cycles
Polymer acceptance rate: 19.36%
Total runtime: 0.985274 mins (887.808 cycles/s)
************
Performed 66000 out of 10000000 MC cycles
Polymer acceptance rate: 19.0706%
Total runtime: 0.991455 mins (2696.27 cycles/s)
************
Performed 67000 out of 10000000 MC cycles
Polymer acceptance rate: 19.6708%
Total runtime: 1.0117 mins (823.23 cycles/s)
************
Performed 68000 out of 10000000 MC cycles
Polymer acceptance rate: 19.4656%
Total runtime: 1.03451 mins (730.68 cycles/s)
************
Performed 69000 out of 10000000 MC cycles
Polymer acceptance rate: 19.9417%
Total runtime: 1.05873 mins (688.271 cycles/s)
************
Performed 70000 out of 10000000 MC cycles
Polymer acceptance rate: 19.8189%
Total runtime: 1.07291 mins (1175.11 cycles/s)
************
Performed 71000 out of 10000000 MC cycles
Polymer acceptance rate: 19.6936%
Total runtime: 1.08487 mins (1393.69 cycles/s)
************
Performed 72000 out of 10000000 MC cycles
Polymer acceptance rate: 19.5214%
Total runtime: 1.09633 mins (1453.47 cycles/s)
************
Performed 73000 out of 10000000 MC cycles
Polymer acceptance rate: 19.3364%
Total runtime: 1.11415 mins (935.758 cycles/s)
************
Performed 74000 out of 10000000 MC cycles
Polymer acceptance rate: 19.7936%
Total runtime: 1.14004 mins (643.745 cycles/s)
************
Performed 75000 out of 10000000 MC cycles
Polymer acceptance rate: 20.195%
Total runtime: 1.17191 mins (522.959 cycles/s)
************
Performed 76000 out of 10000000 MC cycles
Polymer acceptance rate: 20.3922%
Total runtime: 1.20185 mins (556.585 cycles/s)
************
Performed 77000 out of 10000000 MC cycles
Polymer acceptance rate: 20.2425%
Total runtime: 1.21943 mins (947.995 cycles/s)
************
Performed 78000 out of 10000000 MC cycles
Polymer acceptance rate: 19.5417%
Total runtime: 1.2436 mins (689.499 cycles/s)
************
Performed 79000 out of 10000000 MC cycles
Polymer acceptance rate: 19.7083%
Total runtime: 1.25689 mins (1254.34 cycles/s)
************
Performed 80000 out of 10000000 MC cycles
Polymer acceptance rate: 20.1519%
Total runtime: 1.27326 mins (1018.37 cycles/s)
************
Performed 81000 out of 10000000 MC cycles
Polymer acceptance rate: 20.1111%
Total runtime: 1.29113 mins (932.72 cycles/s)
************
Performed 82000 out of 10000000 MC cycles
Polymer acceptance rate: 19.8111%
Total runtime: 1.30871 mins (948.018 cycles/s)
************
Performed 83000 out of 10000000 MC cycles
Polymer acceptance rate: 19.8008%
Total runtime: 1.32677 mins (922.434 cycles/s)
************
Performed 84000 out of 10000000 MC cycles
Polymer acceptance rate: 19.5408%
Total runtime: 1.33862 mins (1406.71 cycles/s)
************
Performed 85000 out of 10000000 MC cycles
Polymer acceptance rate: 19.5539%
Total runtime: 1.3547 mins (1036.45 cycles/s)
************
Performed 86000 out of 10000000 MC cycles
Polymer acceptance rate: 19.8011%
Total runtime: 1.36625 mins (1443.56 cycles/s)
************
Performed 87000 out of 10000000 MC cycles
Polymer acceptance rate: 19.7272%
Total runtime: 1.37765 mins (1462.12 cycles/s)
************
Performed 88000 out of 10000000 MC cycles
Polymer acceptance rate: 20.315%
Total runtime: 1.39639 mins (889.3 cycles/s)
************
Performed 89000 out of 10000000 MC cycles
Polymer acceptance rate: 19.7256%
Total runtime: 1.42125 mins (670.3 cycles/s)
************
Performed 90000 out of 10000000 MC cycles
Polymer acceptance rate: 19.7867%
Total runtime: 1.44442 mins (719.326 cycles/s)
************
Performed 91000 out of 10000000 MC cycles
Polymer acceptance rate: 19.9556%
Total runtime: 1.46207 mins (944.386 cycles/s)
************
Performed 92000 out of 10000000 MC cycles
Polymer acceptance rate: 20.0689%
Total runtime: 1.47796 mins (1048.66 cycles/s)
************
Performed 93000 out of 10000000 MC cycles
Polymer acceptance rate: 19.8844%
Total runtime: 1.49374 mins (1056.4 cycles/s)
************
Performed 94000 out of 10000000 MC cycles
Polymer acceptance rate: 19.6647%
Total runtime: 1.51431 mins (810.196 cycles/s)
************
Performed 95000 out of 10000000 MC cycles
Polymer acceptance rate: 19.1647%
Total runtime: 1.53757 mins (716.513 cycles/s)
************
Performed 96000 out of 10000000 MC cycles
Polymer acceptance rate: 19.8789%
Total runtime: 1.56287 mins (658.925 cycles/s)
************
Performed 97000 out of 10000000 MC cycles
Polymer acceptance rate: 19.3197%
Total runtime: 1.57994 mins (975.939 cycles/s)
************
Performed 98000 out of 10000000 MC cycles
Polymer acceptance rate: 19.9861%
Total runtime: 1.61123 mins (532.731 cycles/s)
************
Performed 99000 out of 10000000 MC cycles
Polymer acceptance rate: 19.8511%
Total runtime: 1.63795 mins (623.77 cycles/s)
************
Performed 100000 out of 10000000 MC cycles
Polymer acceptance rate: 19.4019%
Total runtime: 1.6526 mins (1137.94 cycles/s)
************
Performed 101000 out of 10000000 MC cycles
Polymer acceptance rate: 19.4994%
Total runtime: 1.68409 mins (529.141 cycles/s)
************
Performed 102000 out of 10000000 MC cycles
Polymer acceptance rate: 19.6275%
Total runtime: 1.71024 mins (637.362 cycles/s)
************
Performed 103000 out of 10000000 MC cycles
Polymer acceptance rate: 19.9917%
Total runtime: 1.73895 mins (580.588 cycles/s)
************
Performed 104000 out of 10000000 MC cycles
Polymer acceptance rate: 19.5608%
Total runtime: 1.75763 mins (892.1 cycles/s)
************
Performed 105000 out of 10000000 MC cycles
Polymer acceptance rate: 20.1967%
Total runtime: 1.7883 mins (543.358 cycles/s)
************
Performed 106000 out of 10000000 MC cycles
Polymer acceptance rate: 19.6881%
Total runtime: 1.80162 mins (1251.93 cycles/s)
************
Performed 107000 out of 10000000 MC cycles
Polymer acceptance rate: 19.8769%
Total runtime: 1.82624 mins (676.801 cycles/s)
************
Performed 108000 out of 10000000 MC cycles
Polymer acceptance rate: 19.9619%
Total runtime: 1.84879 mins (739.262 cycles/s)
************
Performed 109000 out of 10000000 MC cycles
Polymer acceptance rate: 19.7458%
Total runtime: 1.87824 mins (565.969 cycles/s)
************
Performed 110000 out of 10000000 MC cycles
Polymer acceptance rate: 19.6983%
Total runtime: 1.9043 mins (639.412 cycles/s)
************
Performed 111000 out of 10000000 MC cycles
Polymer acceptance rate: 20.3339%
Total runtime: 1.92453 mins (824.109 cycles/s)
************
Performed 112000 out of 10000000 MC cycles
Polymer acceptance rate: 19.5514%
Total runtime: 1.94035 mins (1053.18 cycles/s)
************
Performed 113000 out of 10000000 MC cycles
Polymer acceptance rate: 19.9647%
Total runtime: 1.96533 mins (667.11 cycles/s)
************
Performed 114000 out of 10000000 MC cycles
Polymer acceptance rate: 19.9183%
Total runtime: 1.98877 mins (711.1 cycles/s)
************
Performed 115000 out of 10000000 MC cycles
Polymer acceptance rate: 19.3914%
Total runtime: 2.00836 mins (850.67 cycles/s)
************
Performed 116000 out of 10000000 MC cycles
Polymer acceptance rate: 19.7042%
Total runtime: 2.08641 mins (213.559 cycles/s)
************
Performed 117000 out of 10000000 MC cycles
Polymer acceptance rate: 19.3986%
Total runtime: 2.12727 mins (407.849 cycles/s)
************
Performed 118000 out of 10000000 MC cycles
Polymer acceptance rate: 19.6897%
Total runtime: 2.15467 mins (608.246 cycles/s)
************
Performed 119000 out of 10000000 MC cycles
Polymer acceptance rate: 19.6978%
Total runtime: 2.17084 mins (1030.7 cycles/s)
************
Performed 120000 out of 10000000 MC cycles
Polymer acceptance rate: 19.635%
Total runtime: 2.22149 mins (329.061 cycles/s)
************
Performed 121000 out of 10000000 MC cycles
Polymer acceptance rate: 19.6769%
Total runtime: 2.24596 mins (681.29 cycles/s)
************
Performed 122000 out of 10000000 MC cycles
Polymer acceptance rate: 19.9339%
Total runtime: 2.26312 mins (970.885 cycles/s)
************
Performed 123000 out of 10000000 MC cycles
Polymer acceptance rate: 19.7447%
Total runtime: 2.28508 mins (759.059 cycles/s)
