Using entropy-harvested random seed: -407021681
Running with initial polymer density 0.000485979
Using 360 TADs, including main chain of length 360
************
Performed 1000 out of 10000000 MC cycles
Polymer acceptance rate: 16.1272%
Total runtime: 0.0215235 mins (774.349 cycles/s)
************
Performed 2000 out of 10000000 MC cycles
Polymer acceptance rate: 18.2481%
Total runtime: 0.034506 mins (1283.78 cycles/s)
************
Performed 3000 out of 10000000 MC cycles
Polymer acceptance rate: 17.8336%
Total runtime: 0.0469453 mins (1339.84 cycles/s)
************
Performed 4000 out of 10000000 MC cycles
Polymer acceptance rate: 19.2983%
Total runtime: 0.0588437 mins (1400.75 cycles/s)
************
Performed 5000 out of 10000000 MC cycles
Polymer acceptance rate: 18.8531%
Total runtime: 0.070844 mins (1388.85 cycles/s)
************
Performed 6000 out of 10000000 MC cycles
Polymer acceptance rate: 18.9792%
Total runtime: 0.0844437 mins (1225.52 cycles/s)
************
Performed 7000 out of 10000000 MC cycles
Polymer acceptance rate: 18.9572%
Total runtime: 0.107294 mins (729.373 cycles/s)
************
Performed 8000 out of 10000000 MC cycles
Polymer acceptance rate: 18.6358%
Total runtime: 0.127944 mins (807.128 cycles/s)
************
Performed 9000 out of 10000000 MC cycles
Polymer acceptance rate: 19.1269%
Total runtime: 0.14806 mins (828.535 cycles/s)
************
Performed 10000 out of 10000000 MC cycles
Polymer acceptance rate: 19.4583%
Total runtime: 0.161988 mins (1196.6 cycles/s)
************
Performed 11000 out of 10000000 MC cycles
Polymer acceptance rate: 19.5178%
Total runtime: 0.185863 mins (698.07 cycles/s)
************
Performed 12000 out of 10000000 MC cycles
Polymer acceptance rate: 19.0328%
Total runtime: 0.196761 mins (1529.4 cycles/s)
************
Performed 13000 out of 10000000 MC cycles
Polymer acceptance rate: 19.5722%
Total runtime: 0.21118 mins (1155.9 cycles/s)
************
Performed 14000 out of 10000000 MC cycles
Polymer acceptance rate: 18.9347%
Total runtime: 0.240131 mins (575.672 cycles/s)
************
Performed 15000 out of 10000000 MC cycles
Polymer acceptance rate: 19.5892%
Total runtime: 0.250616 mins (1589.59 cycles/s)
************
Performed 16000 out of 10000000 MC cycles
Polymer acceptance rate: 19.5697%
Total runtime: 0.27384 mins (717.648 cycles/s)
************
Performed 17000 out of 10000000 MC cycles
Polymer acceptance rate: 19.8467%
Total runtime: 0.292592 mins (888.806 cycles/s)
************
Performed 18000 out of 10000000 MC cycles
Polymer acceptance rate: 19.7428%
Total runtime: 0.298819 mins (2676.47 cycles/s)
************
Performed 19000 out of 10000000 MC cycles
Polymer acceptance rate: 19.3422%
Total runtime: 0.318531 mins (845.5 cycles/s)
************
Performed 20000 out of 10000000 MC cycles
Polymer acceptance rate: 19.4044%
Total runtime: 0.329338 mins (1542.2 cycles/s)
************
Performed 21000 out of 10000000 MC cycles
Polymer acceptance rate: 19.4194%
Total runtime: 0.344717 mins (1083.77 cycles/s)
************
Performed 22000 out of 10000000 MC cycles
Polymer acceptance rate: 19.3361%
Total runtime: 0.356948 mins (1362.63 cycles/s)
************
Performed 23000 out of 10000000 MC cycles
Polymer acceptance rate: 20.0078%
Total runtime: 0.368612 mins (1428.88 cycles/s)
************
Performed 24000 out of 10000000 MC cycles
Polymer acceptance rate: 19.5308%
Total runtime: 0.382659 mins (1186.46 cycles/s)
************
Performed 25000 out of 10000000 MC cycles
Polymer acceptance rate: 19.5522%
Total runtime: 0.392067 mins (1771.61 cycles/s)
************
Performed 26000 out of 10000000 MC cycles
Polymer acceptance rate: 19.3442%
Total runtime: 0.404812 mins (1307.7 cycles/s)
************
Performed 27000 out of 10000000 MC cycles
Polymer acceptance rate: 19.3747%
Total runtime: 0.415749 mins (1523.9 cycles/s)
************
Performed 28000 out of 10000000 MC cycles
Polymer acceptance rate: 19.655%
Total runtime: 0.43011 mins (1160.51 cycles/s)
************
Performed 29000 out of 10000000 MC cycles
Polymer acceptance rate: 19.83%
Total runtime: 0.441197 mins (1503.31 cycles/s)
************
Performed 30000 out of 10000000 MC cycles
Polymer acceptance rate: 19.7661%
Total runtime: 0.455597 mins (1157.42 cycles/s)
************
Performed 31000 out of 10000000 MC cycles
Polymer acceptance rate: 19.3683%
Total runtime: 0.466119 mins (1583.97 cycles/s)
************
Performed 32000 out of 10000000 MC cycles
Polymer acceptance rate: 19.6628%
Total runtime: 0.478499 mins (1346.3 cycles/s)
************
Performed 33000 out of 10000000 MC cycles
Polymer acceptance rate: 19.3336%
Total runtime: 0.490968 mins (1336.63 cycles/s)
************
Performed 34000 out of 10000000 MC cycles
Polymer acceptance rate: 19.8703%
Total runtime: 0.503303 mins (1351.17 cycles/s)
************
Performed 35000 out of 10000000 MC cycles
Polymer acceptance rate: 19.8161%
Total runtime: 0.516828 mins (1232.27 cycles/s)
************
Performed 36000 out of 10000000 MC cycles
Polymer acceptance rate: 19.5039%
Total runtime: 0.526157 mins (1786.54 cycles/s)
************
Performed 37000 out of 10000000 MC cycles
Polymer acceptance rate: 19.2164%
Total runtime: 0.539363 mins (1262.06 cycles/s)
************
Performed 38000 out of 10000000 MC cycles
Polymer acceptance rate: 19.9469%
Total runtime: 0.550898 mins (1444.82 cycles/s)
************
Performed 39000 out of 10000000 MC cycles
Polymer acceptance rate: 18.8483%
Total runtime: 0.564634 mins (1213.35 cycles/s)
************
Performed 40000 out of 10000000 MC cycles
Polymer acceptance rate: 19.7919%
Total runtime: 0.576248 mins (1435.16 cycles/s)
************
Performed 41000 out of 10000000 MC cycles
Polymer acceptance rate: 19.8267%
Total runtime: 0.58751 mins (1479.88 cycles/s)
************
Performed 42000 out of 10000000 MC cycles
Polymer acceptance rate: 19.5336%
Total runtime: 0.596045 mins (1952.76 cycles/s)
************
Performed 43000 out of 10000000 MC cycles
Polymer acceptance rate: 19.5836%
Total runtime: 0.61017 mins (1179.95 cycles/s)
************
Performed 44000 out of 10000000 MC cycles
Polymer acceptance rate: 19.4203%
Total runtime: 0.62325 mins (1274.16 cycles/s)
************
Performed 45000 out of 10000000 MC cycles
Polymer acceptance rate: 19.4722%
Total runtime: 0.637377 mins (1179.81 cycles/s)
************
Performed 46000 out of 10000000 MC cycles
Polymer acceptance rate: 19.7544%
Total runtime: 0.641421 mins (4121.03 cycles/s)
************
Performed 47000 out of 10000000 MC cycles
Polymer acceptance rate: 19.7386%
Total runtime: 0.654453 mins (1278.86 cycles/s)
************
Performed 48000 out of 10000000 MC cycles
Polymer acceptance rate: 20.1367%
Total runtime: 0.665091 mins (1566.72 cycles/s)
************
Performed 49000 out of 10000000 MC cycles
Polymer acceptance rate: 18.7889%
Total runtime: 0.67753 mins (1339.95 cycles/s)
************
Performed 50000 out of 10000000 MC cycles
Polymer acceptance rate: 19.5611%
Total runtime: 0.692119 mins (1142.42 cycles/s)
************
Performed 51000 out of 10000000 MC cycles
Polymer acceptance rate: 19.3739%
Total runtime: 0.706753 mins (1138.88 cycles/s)
************
Performed 52000 out of 10000000 MC cycles
Polymer acceptance rate: 20.0833%
Total runtime: 0.717312 mins (1578.37 cycles/s)
************
Performed 53000 out of 10000000 MC cycles
Polymer acceptance rate: 19.7239%
Total runtime: 0.727266 mins (1674.49 cycles/s)
************
Performed 54000 out of 10000000 MC cycles
Polymer acceptance rate: 19.7969%
Total runtime: 0.737016 mins (1709.4 cycles/s)
************
Performed 55000 out of 10000000 MC cycles
Polymer acceptance rate: 19.7614%
Total runtime: 0.757982 mins (794.91 cycles/s)
************
Performed 56000 out of 10000000 MC cycles
Polymer acceptance rate: 19.5925%
Total runtime: 0.77482 mins (989.816 cycles/s)
************
Performed 57000 out of 10000000 MC cycles
Polymer acceptance rate: 19.4647%
Total runtime: 0.786365 mins (1443.61 cycles/s)
************
Performed 58000 out of 10000000 MC cycles
Polymer acceptance rate: 19.6467%
Total runtime: 0.809311 mins (726.35 cycles/s)
************
Performed 59000 out of 10000000 MC cycles
Polymer acceptance rate: 19.8242%
Total runtime: 0.824656 mins (1086.16 cycles/s)
************
Performed 60000 out of 10000000 MC cycles
Polymer acceptance rate: 19.9361%
Total runtime: 0.846185 mins (774.138 cycles/s)
************
Performed 61000 out of 10000000 MC cycles
Polymer acceptance rate: 19.7328%
Total runtime: 0.884188 mins (438.567 cycles/s)
************
Performed 62000 out of 10000000 MC cycles
Polymer acceptance rate: 19.7889%
Total runtime: 0.903628 mins (857.345 cycles/s)
************
Performed 63000 out of 10000000 MC cycles
Polymer acceptance rate: 20.0269%
Total runtime: 0.931014 mins (608.58 cycles/s)
************
Performed 64000 out of 10000000 MC cycles
Polymer acceptance rate: 19.4156%
Total runtime: 0.955798 mins (672.456 cycles/s)
************
Performed 65000 out of 10000000 MC cycles
Polymer acceptance rate: 19.4125%
Total runtime: 0.973121 mins (962.142 cycles/s)
************
Performed 66000 out of 10000000 MC cycles
Polymer acceptance rate: 19.4072%
Total runtime: 0.98745 mins (1163.15 cycles/s)
************
Performed 67000 out of 10000000 MC cycles
Polymer acceptance rate: 19.5119%
Total runtime: 1.00757 mins (828.499 cycles/s)
************
Performed 68000 out of 10000000 MC cycles
Polymer acceptance rate: 19.7656%
Total runtime: 1.02863 mins (791.257 cycles/s)
************
Performed 69000 out of 10000000 MC cycles
Polymer acceptance rate: 19.2933%
Total runtime: 1.04947 mins (799.827 cycles/s)
************
Performed 70000 out of 10000000 MC cycles
Polymer acceptance rate: 18.8228%
Total runtime: 1.06758 mins (920.074 cycles/s)
************
Performed 71000 out of 10000000 MC cycles
Polymer acceptance rate: 19.66%
Total runtime: 1.08101 mins (1241.06 cycles/s)
************
Performed 72000 out of 10000000 MC cycles
Polymer acceptance rate: 19.515%
Total runtime: 1.09386 mins (1297.32 cycles/s)
************
Performed 73000 out of 10000000 MC cycles
Polymer acceptance rate: 19.5122%
Total runtime: 1.10367 mins (1698.83 cycles/s)
************
Performed 74000 out of 10000000 MC cycles
Polymer acceptance rate: 19.7122%
Total runtime: 1.14684 mins (386.056 cycles/s)
************
Performed 75000 out of 10000000 MC cycles
Polymer acceptance rate: 19.6306%
Total runtime: 1.16765 mins (800.768 cycles/s)
************
Performed 76000 out of 10000000 MC cycles
Polymer acceptance rate: 19.3333%
Total runtime: 1.18009 mins (1339.85 cycles/s)
************
Performed 77000 out of 10000000 MC cycles
Polymer acceptance rate: 19.5714%
Total runtime: 1.21271 mins (510.911 cycles/s)
************
Performed 78000 out of 10000000 MC cycles
Polymer acceptance rate: 19.2094%
Total runtime: 1.22496 mins (1360.73 cycles/s)
************
Performed 79000 out of 10000000 MC cycles
Polymer acceptance rate: 19.3683%
Total runtime: 1.24923 mins (686.684 cycles/s)
************
Performed 80000 out of 10000000 MC cycles
Polymer acceptance rate: 19.1211%
Total runtime: 1.26912 mins (838.233 cycles/s)
************
Performed 81000 out of 10000000 MC cycles
Polymer acceptance rate: 19.0436%
Total runtime: 1.28585 mins (996.341 cycles/s)
************
Performed 82000 out of 10000000 MC cycles
Polymer acceptance rate: 20.0386%
Total runtime: 1.30608 mins (823.673 cycles/s)
************
Performed 83000 out of 10000000 MC cycles
Polymer acceptance rate: 20.0089%
Total runtime: 1.3206 mins (1147.84 cycles/s)
************
Performed 84000 out of 10000000 MC cycles
Polymer acceptance rate: 20.2753%
Total runtime: 1.33637 mins (1056.62 cycles/s)
************
Performed 85000 out of 10000000 MC cycles
Polymer acceptance rate: 20.2408%
Total runtime: 1.34735 mins (1518.13 cycles/s)
************
Performed 86000 out of 10000000 MC cycles
Polymer acceptance rate: 20.3042%
Total runtime: 1.35958 mins (1363.2 cycles/s)
************
Performed 87000 out of 10000000 MC cycles
Polymer acceptance rate: 19.6708%
Total runtime: 1.37475 mins (1098.72 cycles/s)
************
Performed 88000 out of 10000000 MC cycles
Polymer acceptance rate: 20.1233%
Total runtime: 1.39666 mins (760.604 cycles/s)
************
Performed 89000 out of 10000000 MC cycles
Polymer acceptance rate: 20.09%
Total runtime: 1.41441 mins (939.019 cycles/s)
************
Performed 90000 out of 10000000 MC cycles
Polymer acceptance rate: 19.7078%
Total runtime: 1.4336 mins (868.259 cycles/s)
************
Performed 91000 out of 10000000 MC cycles
Polymer acceptance rate: 19.7017%
Total runtime: 1.45336 mins (843.506 cycles/s)
************
Performed 92000 out of 10000000 MC cycles
Polymer acceptance rate: 19.8189%
Total runtime: 1.46906 mins (1061.68 cycles/s)
************
Performed 93000 out of 10000000 MC cycles
Polymer acceptance rate: 19.7583%
Total runtime: 1.4884 mins (861.633 cycles/s)
************
Performed 94000 out of 10000000 MC cycles
Polymer acceptance rate: 19.6322%
Total runtime: 1.50532 mins (985.447 cycles/s)
************
Performed 95000 out of 10000000 MC cycles
Polymer acceptance rate: 19.7233%
Total runtime: 1.51554 mins (1630.8 cycles/s)
************
Performed 96000 out of 10000000 MC cycles
Polymer acceptance rate: 19.6381%
Total runtime: 1.54647 mins (538.749 cycles/s)
************
Performed 97000 out of 10000000 MC cycles
Polymer acceptance rate: 19.3731%
Total runtime: 1.57129 mins (671.719 cycles/s)
************
Performed 98000 out of 10000000 MC cycles
Polymer acceptance rate: 19.1839%
Total runtime: 1.5818 mins (1584.63 cycles/s)
************
Performed 99000 out of 10000000 MC cycles
Polymer acceptance rate: 19.6542%
Total runtime: 1.60675 mins (668.01 cycles/s)
************
Performed 100000 out of 10000000 MC cycles
Polymer acceptance rate: 20.4219%
Total runtime: 1.63392 mins (613.58 cycles/s)
************
Performed 101000 out of 10000000 MC cycles
Polymer acceptance rate: 19.5628%
Total runtime: 1.65486 mins (795.569 cycles/s)
************
Performed 102000 out of 10000000 MC cycles
Polymer acceptance rate: 19.4933%
Total runtime: 1.67871 mins (698.822 cycles/s)
************
Performed 103000 out of 10000000 MC cycles
Polymer acceptance rate: 19.4636%
Total runtime: 1.70989 mins (534.591 cycles/s)
************
Performed 104000 out of 10000000 MC cycles
Polymer acceptance rate: 19.2853%
Total runtime: 1.72526 mins (1084.4 cycles/s)
************
Performed 105000 out of 10000000 MC cycles
Polymer acceptance rate: 19.0011%
Total runtime: 1.75739 mins (518.681 cycles/s)
************
Performed 106000 out of 10000000 MC cycles
Polymer acceptance rate: 19.925%
Total runtime: 1.78231 mins (668.821 cycles/s)
************
Performed 107000 out of 10000000 MC cycles
Polymer acceptance rate: 19.3497%
Total runtime: 1.79669 mins (1158.84 cycles/s)
************
Performed 108000 out of 10000000 MC cycles
Polymer acceptance rate: 19.6525%
Total runtime: 1.82454 mins (598.479 cycles/s)
************
Performed 109000 out of 10000000 MC cycles
Polymer acceptance rate: 19.4533%
Total runtime: 1.85152 mins (617.907 cycles/s)
************
Performed 110000 out of 10000000 MC cycles
Polymer acceptance rate: 20.01%
Total runtime: 1.88137 mins (558.342 cycles/s)
************
Performed 111000 out of 10000000 MC cycles
Polymer acceptance rate: 20.4164%
Total runtime: 1.89994 mins (897.37 cycles/s)
************
Performed 112000 out of 10000000 MC cycles
Polymer acceptance rate: 19.6619%
Total runtime: 1.92549 mins (652.344 cycles/s)
************
Performed 113000 out of 10000000 MC cycles
Polymer acceptance rate: 20.0169%
Total runtime: 1.94453 mins (875.179 cycles/s)
************
Performed 114000 out of 10000000 MC cycles
Polymer acceptance rate: 19.1342%
Total runtime: 1.97026 mins (647.751 cycles/s)
************
Performed 115000 out of 10000000 MC cycles
Polymer acceptance rate: 19.2964%
Total runtime: 1.9812 mins (1523.99 cycles/s)
************
Performed 116000 out of 10000000 MC cycles
Polymer acceptance rate: 19.8786%
Total runtime: 2.00562 mins (682.479 cycles/s)
************
Performed 117000 out of 10000000 MC cycles
Polymer acceptance rate: 19.7986%
Total runtime: 2.02192 mins (1022.32 cycles/s)
************
Performed 118000 out of 10000000 MC cycles
Polymer acceptance rate: 19.5067%
Total runtime: 2.11723 mins (174.863 cycles/s)
************
Performed 119000 out of 10000000 MC cycles
Polymer acceptance rate: 19.9411%
Total runtime: 2.15204 mins (478.907 cycles/s)
************
Performed 120000 out of 10000000 MC cycles
Polymer acceptance rate: 19.7539%
Total runtime: 2.18492 mins (506.815 cycles/s)
************
Performed 121000 out of 10000000 MC cycles
Polymer acceptance rate: 19.1261%
Total runtime: 2.18648 mins (10687.6 cycles/s)
************
Performed 122000 out of 10000000 MC cycles
Polymer acceptance rate: 19.4811%
Total runtime: 2.23423 mins (349.027 cycles/s)
************
Performed 123000 out of 10000000 MC cycles
Polymer acceptance rate: 19.7567%
Total runtime: 2.26237 mins (592.225 cycles/s)
************
Performed 124000 out of 10000000 MC cycles
Polymer acceptance rate: 19.985%
Total runtime: 2.27082 mins (1974.43 cycles/s)
************
Performed 125000 out of 10000000 MC cycles
Polymer acceptance rate: 19.5294%
Total runtime: 2.2906 mins (842.612 cycles/s)
