Using entropy-harvested random seed: -379235952
Running with initial polymer density 0.000485979
Using 360 TADs, including main chain of length 360
************
Performed 1000 out of 10000000 MC cycles
Polymer acceptance rate: 15.3606%
Total runtime: 0.0235712 mins (707.079 cycles/s)
************
Performed 2000 out of 10000000 MC cycles
Polymer acceptance rate: 17.9281%
Total runtime: 0.0379501 mins (1159.1 cycles/s)
************
Performed 3000 out of 10000000 MC cycles
Polymer acceptance rate: 18.2%
Total runtime: 0.0506164 mins (1315.83 cycles/s)
************
Performed 4000 out of 10000000 MC cycles
Polymer acceptance rate: 18.8097%
Total runtime: 0.0645686 mins (1194.55 cycles/s)
************
Performed 5000 out of 10000000 MC cycles
Polymer acceptance rate: 19.0278%
Total runtime: 0.0766087 mins (1384.26 cycles/s)
************
Performed 6000 out of 10000000 MC cycles
Polymer acceptance rate: 19.0328%
Total runtime: 0.0901249 mins (1233.08 cycles/s)
************
Performed 7000 out of 10000000 MC cycles
Polymer acceptance rate: 18.7789%
Total runtime: 0.103802 mins (1218.6 cycles/s)
************
Performed 8000 out of 10000000 MC cycles
Polymer acceptance rate: 19.2767%
Total runtime: 0.124249 mins (815.109 cycles/s)
************
Performed 9000 out of 10000000 MC cycles
Polymer acceptance rate: 19.3942%
Total runtime: 0.140715 mins (1012.21 cycles/s)
************
Performed 10000 out of 10000000 MC cycles
Polymer acceptance rate: 19.1939%
Total runtime: 0.159593 mins (882.827 cycles/s)
************
Performed 11000 out of 10000000 MC cycles
Polymer acceptance rate: 19.6861%
Total runtime: 0.191333 mins (525.107 cycles/s)
************
Performed 12000 out of 10000000 MC cycles
Polymer acceptance rate: 18.9644%
Total runtime: 0.206262 mins (1116.37 cycles/s)
************
Performed 13000 out of 10000000 MC cycles
Polymer acceptance rate: 19.6381%
Total runtime: 0.217855 mins (1437.71 cycles/s)
************
Performed 14000 out of 10000000 MC cycles
Polymer acceptance rate: 19.3061%
Total runtime: 0.241774 mins (696.788 cycles/s)
************
Performed 15000 out of 10000000 MC cycles
Polymer acceptance rate: 19.3253%
Total runtime: 0.265103 mins (714.423 cycles/s)
************
Performed 16000 out of 10000000 MC cycles
Polymer acceptance rate: 19.3972%
Total runtime: 0.28646 mins (780.378 cycles/s)
************
Performed 17000 out of 10000000 MC cycles
Polymer acceptance rate: 18.9675%
Total runtime: 0.296822 mins (1608.5 cycles/s)
************
Performed 18000 out of 10000000 MC cycles
Polymer acceptance rate: 19.3789%
Total runtime: 0.311031 mins (1172.89 cycles/s)
************
Performed 19000 out of 10000000 MC cycles
Polymer acceptance rate: 19.3078%
Total runtime: 0.326658 mins (1066.58 cycles/s)
************
Performed 20000 out of 10000000 MC cycles
Polymer acceptance rate: 19.4289%
Total runtime: 0.337015 mins (1609.23 cycles/s)
************
Performed 21000 out of 10000000 MC cycles
Polymer acceptance rate: 19.1525%
Total runtime: 0.3518 mins (1127.28 cycles/s)
************
Performed 22000 out of 10000000 MC cycles
Polymer acceptance rate: 19.1889%
Total runtime: 0.366568 mins (1128.53 cycles/s)
************
Performed 23000 out of 10000000 MC cycles
Polymer acceptance rate: 19.5019%
Total runtime: 0.37842 mins (1406.27 cycles/s)
************
Performed 24000 out of 10000000 MC cycles
Polymer acceptance rate: 19.5661%
Total runtime: 0.388003 mins (1739.21 cycles/s)
************
Performed 25000 out of 10000000 MC cycles
Polymer acceptance rate: 19.7778%
Total runtime: 0.401829 mins (1205.46 cycles/s)
************
Performed 26000 out of 10000000 MC cycles
Polymer acceptance rate: 19.0989%
Total runtime: 0.414328 mins (1333.37 cycles/s)
************
Performed 27000 out of 10000000 MC cycles
Polymer acceptance rate: 19.6686%
Total runtime: 0.427944 mins (1224.05 cycles/s)
************
Performed 28000 out of 10000000 MC cycles
Polymer acceptance rate: 19.8497%
Total runtime: 0.440988 mins (1277.79 cycles/s)
************
Performed 29000 out of 10000000 MC cycles
Polymer acceptance rate: 19.9411%
Total runtime: 0.451137 mins (1642.19 cycles/s)
************
Performed 30000 out of 10000000 MC cycles
Polymer acceptance rate: 19.5022%
Total runtime: 0.463176 mins (1384.33 cycles/s)
************
Performed 31000 out of 10000000 MC cycles
Polymer acceptance rate: 19.4692%
Total runtime: 0.46388 mins (23670.1 cycles/s)
************
Performed 32000 out of 10000000 MC cycles
Polymer acceptance rate: 19.1833%
Total runtime: 0.482556 mins (892.444 cycles/s)
************
Performed 33000 out of 10000000 MC cycles
Polymer acceptance rate: 18.8694%
Total runtime: 0.492708 mins (1641.71 cycles/s)
************
Performed 34000 out of 10000000 MC cycles
Polymer acceptance rate: 19.3681%
Total runtime: 0.507979 mins (1091.37 cycles/s)
************
Performed 35000 out of 10000000 MC cycles
Polymer acceptance rate: 19.3494%
Total runtime: 0.517379 mins (1772.98 cycles/s)
************
Performed 36000 out of 10000000 MC cycles
Polymer acceptance rate: 19.0942%
Total runtime: 0.532643 mins (1091.89 cycles/s)
************
Performed 37000 out of 10000000 MC cycles
Polymer acceptance rate: 20.075%
Total runtime: 0.543396 mins (1549.93 cycles/s)
************
Performed 38000 out of 10000000 MC cycles
Polymer acceptance rate: 19.4072%
Total runtime: 0.554861 mins (1453.73 cycles/s)
************
Performed 39000 out of 10000000 MC cycles
Polymer acceptance rate: 19.3517%
Total runtime: 0.567192 mins (1351.61 cycles/s)
************
Performed 40000 out of 10000000 MC cycles
Polymer acceptance rate: 19.5536%
Total runtime: 0.583741 mins (1007.15 cycles/s)
************
Performed 41000 out of 10000000 MC cycles
Polymer acceptance rate: 19.7956%
Total runtime: 0.592964 mins (1807.04 cycles/s)
************
Performed 42000 out of 10000000 MC cycles
Polymer acceptance rate: 19.1942%
Total runtime: 0.603221 mins (1624.79 cycles/s)
************
Performed 43000 out of 10000000 MC cycles
Polymer acceptance rate: 19.5758%
Total runtime: 0.619206 mins (1042.67 cycles/s)
************
Performed 44000 out of 10000000 MC cycles
Polymer acceptance rate: 19.31%
Total runtime: 0.631611 mins (1343.52 cycles/s)
************
Performed 45000 out of 10000000 MC cycles
Polymer acceptance rate: 19.0717%
Total runtime: 0.641378 mins (1706.41 cycles/s)
************
Performed 46000 out of 10000000 MC cycles
Polymer acceptance rate: 19.1658%
Total runtime: 0.657757 mins (1017.62 cycles/s)
************
Performed 47000 out of 10000000 MC cycles
Polymer acceptance rate: 19.6878%
Total runtime: 0.670439 mins (1314.15 cycles/s)
************
Performed 48000 out of 10000000 MC cycles
Polymer acceptance rate: 19.5053%
Total runtime: 0.680544 mins (1649.39 cycles/s)
************
Performed 49000 out of 10000000 MC cycles
Polymer acceptance rate: 19.1761%
Total runtime: 0.696136 mins (1068.89 cycles/s)
************
Performed 50000 out of 10000000 MC cycles
Polymer acceptance rate: 19.6169%
Total runtime: 0.704165 mins (2076.02 cycles/s)
************
Performed 51000 out of 10000000 MC cycles
Polymer acceptance rate: 19.3639%
Total runtime: 0.716615 mins (1338.65 cycles/s)
************
Performed 52000 out of 10000000 MC cycles
Polymer acceptance rate: 19.8847%
Total runtime: 0.728704 mins (1378.67 cycles/s)
************
Performed 53000 out of 10000000 MC cycles
Polymer acceptance rate: 19.5953%
Total runtime: 0.740477 mins (1415.61 cycles/s)
************
Performed 54000 out of 10000000 MC cycles
Polymer acceptance rate: 19.2656%
Total runtime: 0.754042 mins (1228.71 cycles/s)
************
Performed 55000 out of 10000000 MC cycles
Polymer acceptance rate: 19.9111%
Total runtime: 0.775551 mins (774.853 cycles/s)
************
Performed 56000 out of 10000000 MC cycles
Polymer acceptance rate: 19.5314%
Total runtime: 0.794238 mins (891.888 cycles/s)
************
Performed 57000 out of 10000000 MC cycles
Polymer acceptance rate: 19.5269%
Total runtime: 0.811948 mins (941.071 cycles/s)
************
Performed 58000 out of 10000000 MC cycles
Polymer acceptance rate: 19.7592%
Total runtime: 0.829683 mins (939.798 cycles/s)
************
Performed 59000 out of 10000000 MC cycles
Polymer acceptance rate: 19.7208%
Total runtime: 0.846148 mins (1012.25 cycles/s)
************
Performed 60000 out of 10000000 MC cycles
Polymer acceptance rate: 19.4078%
Total runtime: 0.862945 mins (992.213 cycles/s)
************
Performed 61000 out of 10000000 MC cycles
Polymer acceptance rate: 19.8106%
Total runtime: 0.88991 mins (618.088 cycles/s)
************
Performed 62000 out of 10000000 MC cycles
Polymer acceptance rate: 19.3072%
Total runtime: 0.917159 mins (611.653 cycles/s)
************
Performed 63000 out of 10000000 MC cycles
Polymer acceptance rate: 19.8242%
Total runtime: 0.92179 mins (3598.91 cycles/s)
************
Performed 64000 out of 10000000 MC cycles
Polymer acceptance rate: 19.6014%
Total runtime: 0.953059 mins (533.005 cycles/s)
************
Performed 65000 out of 10000000 MC cycles
Polymer acceptance rate: 19.7453%
Total runtime: 0.983207 mins (552.831 cycles/s)
************
Performed 66000 out of 10000000 MC cycles
Polymer acceptance rate: 19.5142%
Total runtime: 0.991778 mins (1944.45 cycles/s)
************
Performed 67000 out of 10000000 MC cycles
Polymer acceptance rate: 19.5006%
Total runtime: 1.01293 mins (788.051 cycles/s)
************
Performed 68000 out of 10000000 MC cycles
Polymer acceptance rate: 19.5086%
Total runtime: 1.03331 mins (817.758 cycles/s)
************
Performed 69000 out of 10000000 MC cycles
Polymer acceptance rate: 20.2533%
Total runtime: 1.051 mins (941.813 cycles/s)
************
Performed 70000 out of 10000000 MC cycles
Polymer acceptance rate: 19.1233%
Total runtime: 1.06888 mins (932.599 cycles/s)
************
Performed 71000 out of 10000000 MC cycles
Polymer acceptance rate: 19.7072%
Total runtime: 1.07885 mins (1670.72 cycles/s)
************
Performed 72000 out of 10000000 MC cycles
Polymer acceptance rate: 19.6356%
Total runtime: 1.09209 mins (1258.8 cycles/s)
************
Performed 73000 out of 10000000 MC cycles
Polymer acceptance rate: 19.9206%
Total runtime: 1.1073 mins (1095.99 cycles/s)
************
Performed 74000 out of 10000000 MC cycles
Polymer acceptance rate: 19.7575%
Total runtime: 1.11801 mins (1556.36 cycles/s)
************
Performed 75000 out of 10000000 MC cycles
Polymer acceptance rate: 19.4706%
Total runtime: 1.1543 mins (459.221 cycles/s)
************
Performed 76000 out of 10000000 MC cycles
Polymer acceptance rate: 19.3181%
Total runtime: 1.1782 mins (697.466 cycles/s)
************
Performed 77000 out of 10000000 MC cycles
Polymer acceptance rate: 19.7519%
Total runtime: 1.20514 mins (618.689 cycles/s)
************
Performed 78000 out of 10000000 MC cycles
Polymer acceptance rate: 20.0733%
Total runtime: 1.22456 mins (858.203 cycles/s)
************
Performed 79000 out of 10000000 MC cycles
Polymer acceptance rate: 19.4719%
Total runtime: 1.24484 mins (821.843 cycles/s)
************
Performed 80000 out of 10000000 MC cycles
Polymer acceptance rate: 19.6372%
Total runtime: 1.26113 mins (1022.56 cycles/s)
************
Performed 81000 out of 10000000 MC cycles
Polymer acceptance rate: 19.9878%
Total runtime: 1.27254 mins (1461.64 cycles/s)
************
Performed 82000 out of 10000000 MC cycles
Polymer acceptance rate: 19.4214%
Total runtime: 1.29561 mins (722.386 cycles/s)
************
Performed 83000 out of 10000000 MC cycles
Polymer acceptance rate: 19.735%
Total runtime: 1.31453 mins (880.69 cycles/s)
************
Performed 84000 out of 10000000 MC cycles
Polymer acceptance rate: 19.9169%
Total runtime: 1.32481 mins (1621.33 cycles/s)
************
Performed 85000 out of 10000000 MC cycles
Polymer acceptance rate: 19.3331%
Total runtime: 1.34534 mins (811.952 cycles/s)
************
Performed 86000 out of 10000000 MC cycles
Polymer acceptance rate: 19.6503%
Total runtime: 1.3585 mins (1266 cycles/s)
************
Performed 87000 out of 10000000 MC cycles
Polymer acceptance rate: 19.5528%
Total runtime: 1.36663 mins (2050.92 cycles/s)
************
Performed 88000 out of 10000000 MC cycles
Polymer acceptance rate: 20.3067%
Total runtime: 1.38505 mins (904.749 cycles/s)
************
Performed 89000 out of 10000000 MC cycles
Polymer acceptance rate: 19.7942%
Total runtime: 1.40168 mins (1002.38 cycles/s)
************
Performed 90000 out of 10000000 MC cycles
Polymer acceptance rate: 19.7656%
Total runtime: 1.41735 mins (1063.51 cycles/s)
************
Performed 91000 out of 10000000 MC cycles
Polymer acceptance rate: 19.7483%
Total runtime: 1.4393 mins (759.202 cycles/s)
************
Performed 92000 out of 10000000 MC cycles
Polymer acceptance rate: 19.7014%
Total runtime: 1.45396 mins (1137.25 cycles/s)
************
Performed 93000 out of 10000000 MC cycles
Polymer acceptance rate: 19.5069%
Total runtime: 1.47677 mins (730.595 cycles/s)
************
Performed 94000 out of 10000000 MC cycles
Polymer acceptance rate: 19.5528%
Total runtime: 1.48954 mins (1305.08 cycles/s)
************
Performed 95000 out of 10000000 MC cycles
Polymer acceptance rate: 19.2317%
Total runtime: 1.505 mins (1078.2 cycles/s)
************
Performed 96000 out of 10000000 MC cycles
Polymer acceptance rate: 19.8969%
Total runtime: 1.52348 mins (902.096 cycles/s)
************
Performed 97000 out of 10000000 MC cycles
Polymer acceptance rate: 19.7836%
Total runtime: 1.54308 mins (849.97 cycles/s)
************
Performed 98000 out of 10000000 MC cycles
Polymer acceptance rate: 19.835%
Total runtime: 1.56161 mins (899.826 cycles/s)
************
Performed 99000 out of 10000000 MC cycles
Polymer acceptance rate: 19.3575%
Total runtime: 1.58447 mins (728.819 cycles/s)
************
Performed 100000 out of 10000000 MC cycles
Polymer acceptance rate: 19.7981%
Total runtime: 1.61204 mins (604.609 cycles/s)
************
Performed 101000 out of 10000000 MC cycles
Polymer acceptance rate: 20.0122%
Total runtime: 1.63353 mins (775.58 cycles/s)
************
Performed 102000 out of 10000000 MC cycles
Polymer acceptance rate: 19.2183%
Total runtime: 1.66035 mins (621.511 cycles/s)
************
Performed 103000 out of 10000000 MC cycles
Polymer acceptance rate: 19.6344%
Total runtime: 1.67717 mins (990.694 cycles/s)
************
Performed 104000 out of 10000000 MC cycles
Polymer acceptance rate: 19.6983%
Total runtime: 1.7102 mins (504.583 cycles/s)
************
Performed 105000 out of 10000000 MC cycles
Polymer acceptance rate: 20.4861%
Total runtime: 1.72253 mins (1351.83 cycles/s)
************
Performed 106000 out of 10000000 MC cycles
Polymer acceptance rate: 19.5067%
Total runtime: 1.74008 mins (949.74 cycles/s)
************
Performed 107000 out of 10000000 MC cycles
Polymer acceptance rate: 19.4753%
Total runtime: 1.75823 mins (918.174 cycles/s)
************
Performed 108000 out of 10000000 MC cycles
Polymer acceptance rate: 19.8153%
Total runtime: 1.75919 mins (17412.8 cycles/s)
************
Performed 109000 out of 10000000 MC cycles
Polymer acceptance rate: 19.8839%
Total runtime: 1.79178 mins (511.408 cycles/s)
************
Performed 110000 out of 10000000 MC cycles
Polymer acceptance rate: 19.6622%
Total runtime: 1.80538 mins (1224.72 cycles/s)
************
Performed 111000 out of 10000000 MC cycles
Polymer acceptance rate: 19.71%
Total runtime: 1.83517 mins (559.503 cycles/s)
************
Performed 112000 out of 10000000 MC cycles
Polymer acceptance rate: 19.4978%
Total runtime: 1.84853 mins (1247.93 cycles/s)
************
Performed 113000 out of 10000000 MC cycles
Polymer acceptance rate: 20.4011%
Total runtime: 1.8667 mins (917.204 cycles/s)
************
Performed 114000 out of 10000000 MC cycles
Polymer acceptance rate: 19.3322%
Total runtime: 1.88791 mins (785.775 cycles/s)
************
Performed 115000 out of 10000000 MC cycles
Polymer acceptance rate: 19.4181%
Total runtime: 1.91435 mins (630.392 cycles/s)
************
Performed 116000 out of 10000000 MC cycles
Polymer acceptance rate: 20.1436%
Total runtime: 1.93791 mins (707.285 cycles/s)
************
Performed 117000 out of 10000000 MC cycles
Polymer acceptance rate: 19.3931%
Total runtime: 1.95475 mins (989.73 cycles/s)
************
Performed 118000 out of 10000000 MC cycles
Polymer acceptance rate: 20.0564%
Total runtime: 1.97559 mins (799.956 cycles/s)
************
Performed 119000 out of 10000000 MC cycles
Polymer acceptance rate: 19.6661%
Total runtime: 1.99004 mins (1153.21 cycles/s)
************
Performed 120000 out of 10000000 MC cycles
Polymer acceptance rate: 20.0619%
Total runtime: 2.01316 mins (720.94 cycles/s)
************
Performed 121000 out of 10000000 MC cycles
Polymer acceptance rate: 19.3492%
Total runtime: 2.11169 mins (169.157 cycles/s)
************
Performed 122000 out of 10000000 MC cycles
Polymer acceptance rate: 19.5844%
Total runtime: 2.14051 mins (578.147 cycles/s)
************
Performed 123000 out of 10000000 MC cycles
Polymer acceptance rate: 19.9436%
Total runtime: 2.17285 mins (515.481 cycles/s)
************
Performed 124000 out of 10000000 MC cycles
Polymer acceptance rate: 19.8036%
Total runtime: 2.22512 mins (318.807 cycles/s)
************
Performed 125000 out of 10000000 MC cycles
Polymer acceptance rate: 19.5125%
Total runtime: 2.2412 mins (1036.7 cycles/s)
************
Performed 126000 out of 10000000 MC cycles
Polymer acceptance rate: 19.6867%
Total runtime: 2.2595 mins (910.905 cycles/s)
************
Performed 127000 out of 10000000 MC cycles
Polymer acceptance rate: 19.8744%
Total runtime: 2.27773 mins (913.862 cycles/s)
************
Performed 128000 out of 10000000 MC cycles
Polymer acceptance rate: 19.6833%
Total runtime: 2.30509 mins (609.337 cycles/s)
