Using entropy-harvested random seed: -323736887
Running with initial polymer density 0.000485979
Using 360 TADs, including main chain of length 360
************
Performed 1000 out of 10000000 MC cycles
Polymer acceptance rate: 15.5058%
Total runtime: 0.0193112 mins (863.058 cycles/s)
************
Performed 2000 out of 10000000 MC cycles
Polymer acceptance rate: 17.8983%
Total runtime: 0.0358921 mins (1005.17 cycles/s)
************
Performed 3000 out of 10000000 MC cycles
Polymer acceptance rate: 18.8064%
Total runtime: 0.0468308 mins (1523.64 cycles/s)
************
Performed 4000 out of 10000000 MC cycles
Polymer acceptance rate: 18.7531%
Total runtime: 0.0592883 mins (1337.89 cycles/s)
************
Performed 5000 out of 10000000 MC cycles
Polymer acceptance rate: 18.9772%
Total runtime: 0.0720537 mins (1305.61 cycles/s)
************
Performed 6000 out of 10000000 MC cycles
Polymer acceptance rate: 19.3483%
Total runtime: 0.0907474 mins (891.565 cycles/s)
************
Performed 7000 out of 10000000 MC cycles
Polymer acceptance rate: 18.8572%
Total runtime: 0.103086 mins (1350.73 cycles/s)
************
Performed 8000 out of 10000000 MC cycles
Polymer acceptance rate: 18.9206%
Total runtime: 0.117082 mins (1190.89 cycles/s)
************
Performed 9000 out of 10000000 MC cycles
Polymer acceptance rate: 19.2206%
Total runtime: 0.14531 mins (590.424 cycles/s)
************
Performed 10000 out of 10000000 MC cycles
Polymer acceptance rate: 19.6208%
Total runtime: 0.159478 mins (1176.32 cycles/s)
************
Performed 11000 out of 10000000 MC cycles
Polymer acceptance rate: 19.5111%
Total runtime: 0.18677 mins (610.697 cycles/s)
************
Performed 12000 out of 10000000 MC cycles
Polymer acceptance rate: 19.6231%
Total runtime: 0.202366 mins (1068.61 cycles/s)
************
Performed 13000 out of 10000000 MC cycles
Polymer acceptance rate: 19.5075%
Total runtime: 0.228163 mins (646.077 cycles/s)
************
Performed 14000 out of 10000000 MC cycles
Polymer acceptance rate: 19.4814%
Total runtime: 0.2455 mins (961.324 cycles/s)
************
Performed 15000 out of 10000000 MC cycles
Polymer acceptance rate: 19.3081%
Total runtime: 0.27213 mins (625.853 cycles/s)
************
Performed 16000 out of 10000000 MC cycles
Polymer acceptance rate: 19.3831%
Total runtime: 0.287373 mins (1093.42 cycles/s)
************
Performed 17000 out of 10000000 MC cycles
Polymer acceptance rate: 19.3153%
Total runtime: 0.299558 mins (1367.79 cycles/s)
************
Performed 18000 out of 10000000 MC cycles
Polymer acceptance rate: 19.7083%
Total runtime: 0.315877 mins (1021.32 cycles/s)
************
Performed 19000 out of 10000000 MC cycles
Polymer acceptance rate: 19.8003%
Total runtime: 0.327418 mins (1444.1 cycles/s)
************
Performed 20000 out of 10000000 MC cycles
Polymer acceptance rate: 19.4375%
Total runtime: 0.339712 mins (1355.7 cycles/s)
************
Performed 21000 out of 10000000 MC cycles
Polymer acceptance rate: 19.5908%
Total runtime: 0.355197 mins (1076.29 cycles/s)
************
Performed 22000 out of 10000000 MC cycles
Polymer acceptance rate: 19.4358%
Total runtime: 0.366155 mins (1520.98 cycles/s)
************
Performed 23000 out of 10000000 MC cycles
Polymer acceptance rate: 19.215%
Total runtime: 0.378294 mins (1373 cycles/s)
************
Performed 24000 out of 10000000 MC cycles
Polymer acceptance rate: 19.8506%
Total runtime: 0.389696 mins (1461.69 cycles/s)
************
Performed 25000 out of 10000000 MC cycles
Polymer acceptance rate: 19.4372%
Total runtime: 0.398316 mins (1933.55 cycles/s)
************
Performed 26000 out of 10000000 MC cycles
Polymer acceptance rate: 19.9136%
Total runtime: 0.412986 mins (1136.07 cycles/s)
************
Performed 27000 out of 10000000 MC cycles
Polymer acceptance rate: 18.9428%
Total runtime: 0.425814 mins (1299.32 cycles/s)
************
Performed 28000 out of 10000000 MC cycles
Polymer acceptance rate: 20.3375%
Total runtime: 0.435407 mins (1737.28 cycles/s)
************
Performed 29000 out of 10000000 MC cycles
Polymer acceptance rate: 19.3894%
Total runtime: 0.444922 mins (1751.65 cycles/s)
************
Performed 30000 out of 10000000 MC cycles
Polymer acceptance rate: 19.4403%
Total runtime: 0.455959 mins (1510.1 cycles/s)
************
Performed 31000 out of 10000000 MC cycles
Polymer acceptance rate: 19.3797%
Total runtime: 0.46437 mins (1981.38 cycles/s)
************
Performed 32000 out of 10000000 MC cycles
Polymer acceptance rate: 19.6014%
Total runtime: 0.476751 mins (1346.16 cycles/s)
************
Performed 33000 out of 10000000 MC cycles
Polymer acceptance rate: 19.4314%
Total runtime: 0.487194 mins (1596.05 cycles/s)
************
Performed 34000 out of 10000000 MC cycles
Polymer acceptance rate: 19.6969%
Total runtime: 0.499916 mins (1310.04 cycles/s)
************
Performed 35000 out of 10000000 MC cycles
Polymer acceptance rate: 19.8011%
Total runtime: 0.513891 mins (1192.6 cycles/s)
************
Performed 36000 out of 10000000 MC cycles
Polymer acceptance rate: 19.4317%
Total runtime: 0.527388 mins (1234.81 cycles/s)
************
Performed 37000 out of 10000000 MC cycles
Polymer acceptance rate: 19.2147%
Total runtime: 0.537267 mins (1687.17 cycles/s)
************
Performed 38000 out of 10000000 MC cycles
Polymer acceptance rate: 19.2481%
Total runtime: 0.551713 mins (1153.71 cycles/s)
************
Performed 39000 out of 10000000 MC cycles
Polymer acceptance rate: 19.3308%
Total runtime: 0.562683 mins (1519.27 cycles/s)
************
Performed 40000 out of 10000000 MC cycles
Polymer acceptance rate: 19.5061%
Total runtime: 0.571695 mins (1849.42 cycles/s)
************
Performed 41000 out of 10000000 MC cycles
Polymer acceptance rate: 19.6792%
Total runtime: 0.586861 mins (1098.94 cycles/s)
************
Performed 42000 out of 10000000 MC cycles
Polymer acceptance rate: 19.8792%
Total runtime: 0.598618 mins (1417.65 cycles/s)
************
Performed 43000 out of 10000000 MC cycles
Polymer acceptance rate: 19.67%
Total runtime: 0.610074 mins (1454.79 cycles/s)
************
Performed 44000 out of 10000000 MC cycles
Polymer acceptance rate: 19.3122%
Total runtime: 0.623136 mins (1275.99 cycles/s)
************
Performed 45000 out of 10000000 MC cycles
Polymer acceptance rate: 19.7292%
Total runtime: 0.640074 mins (983.983 cycles/s)
************
Performed 46000 out of 10000000 MC cycles
Polymer acceptance rate: 19.2681%
Total runtime: 0.651579 mins (1448.62 cycles/s)
************
Performed 47000 out of 10000000 MC cycles
Polymer acceptance rate: 19.4064%
Total runtime: 0.664133 mins (1327.63 cycles/s)
************
Performed 48000 out of 10000000 MC cycles
Polymer acceptance rate: 20.4478%
Total runtime: 0.67773 mins (1225.75 cycles/s)
************
Performed 49000 out of 10000000 MC cycles
Polymer acceptance rate: 20.0683%
Total runtime: 0.69237 mins (1138.44 cycles/s)
************
Performed 50000 out of 10000000 MC cycles
Polymer acceptance rate: 19.8125%
Total runtime: 0.704068 mins (1424.69 cycles/s)
************
Performed 51000 out of 10000000 MC cycles
Polymer acceptance rate: 19.8117%
Total runtime: 0.715941 mins (1403.74 cycles/s)
************
Performed 52000 out of 10000000 MC cycles
Polymer acceptance rate: 19.3719%
Total runtime: 0.72408 mins (2047.94 cycles/s)
************
Performed 53000 out of 10000000 MC cycles
Polymer acceptance rate: 19.9214%
Total runtime: 0.740087 mins (1041.21 cycles/s)
************
Performed 54000 out of 10000000 MC cycles
Polymer acceptance rate: 19.16%
Total runtime: 0.754247 mins (1177.01 cycles/s)
************
Performed 55000 out of 10000000 MC cycles
Polymer acceptance rate: 19.4517%
Total runtime: 0.774809 mins (810.552 cycles/s)
************
Performed 56000 out of 10000000 MC cycles
Polymer acceptance rate: 19.3783%
Total runtime: 0.79032 mins (1074.53 cycles/s)
************
Performed 57000 out of 10000000 MC cycles
Polymer acceptance rate: 18.9625%
Total runtime: 0.812651 mins (746.327 cycles/s)
************
Performed 58000 out of 10000000 MC cycles
Polymer acceptance rate: 19.8167%
Total runtime: 0.825021 mins (1347.33 cycles/s)
************
Performed 59000 out of 10000000 MC cycles
Polymer acceptance rate: 20.0253%
Total runtime: 0.839102 mins (1183.63 cycles/s)
************
Performed 60000 out of 10000000 MC cycles
Polymer acceptance rate: 19.3997%
Total runtime: 0.867847 mins (579.814 cycles/s)
************
Performed 61000 out of 10000000 MC cycles
Polymer acceptance rate: 19.3633%
Total runtime: 0.896378 mins (584.16 cycles/s)
************
Performed 62000 out of 10000000 MC cycles
Polymer acceptance rate: 19.5731%
Total runtime: 0.923514 mins (614.19 cycles/s)
************
Performed 63000 out of 10000000 MC cycles
Polymer acceptance rate: 19.5219%
Total runtime: 0.938639 mins (1101.97 cycles/s)
************
Performed 64000 out of 10000000 MC cycles
Polymer acceptance rate: 19.5486%
Total runtime: 0.966288 mins (602.784 cycles/s)
************
Performed 65000 out of 10000000 MC cycles
Polymer acceptance rate: 19.7336%
Total runtime: 0.980053 mins (1210.79 cycles/s)
************
Performed 66000 out of 10000000 MC cycles
Polymer acceptance rate: 19.6464%
Total runtime: 1.0032 mins (720.164 cycles/s)
************
Performed 67000 out of 10000000 MC cycles
Polymer acceptance rate: 19.8272%
Total runtime: 1.02453 mins (781.109 cycles/s)
************
Performed 68000 out of 10000000 MC cycles
Polymer acceptance rate: 19.2975%
Total runtime: 1.04819 mins (704.607 cycles/s)
************
Performed 69000 out of 10000000 MC cycles
Polymer acceptance rate: 18.9503%
Total runtime: 1.06511 mins (984.96 cycles/s)
************
Performed 70000 out of 10000000 MC cycles
Polymer acceptance rate: 19.4947%
Total runtime: 1.07859 mins (1236.14 cycles/s)
************
Performed 71000 out of 10000000 MC cycles
Polymer acceptance rate: 19.5044%
Total runtime: 1.09596 mins (959.669 cycles/s)
************
Performed 72000 out of 10000000 MC cycles
Polymer acceptance rate: 19.6922%
Total runtime: 1.11192 mins (1044.01 cycles/s)
************
Performed 73000 out of 10000000 MC cycles
Polymer acceptance rate: 19.5456%
Total runtime: 1.14731 mins (470.996 cycles/s)
************
Performed 74000 out of 10000000 MC cycles
Polymer acceptance rate: 19.3353%
Total runtime: 1.16799 mins (806.011 cycles/s)
************
Performed 75000 out of 10000000 MC cycles
Polymer acceptance rate: 19.4722%
Total runtime: 1.19516 mins (613.35 cycles/s)
************
Performed 76000 out of 10000000 MC cycles
Polymer acceptance rate: 19.4111%
Total runtime: 1.229 mins (492.45 cycles/s)
************
Performed 77000 out of 10000000 MC cycles
Polymer acceptance rate: 19.4597%
Total runtime: 1.24927 mins (822.526 cycles/s)
************
Performed 78000 out of 10000000 MC cycles
Polymer acceptance rate: 19.9831%
Total runtime: 1.25865 mins (1775.28 cycles/s)
************
Performed 79000 out of 10000000 MC cycles
Polymer acceptance rate: 19.6936%
Total runtime: 1.27757 mins (881.244 cycles/s)
************
Performed 80000 out of 10000000 MC cycles
Polymer acceptance rate: 19.8714%
Total runtime: 1.29703 mins (856.435 cycles/s)
************
Performed 81000 out of 10000000 MC cycles
Polymer acceptance rate: 19.1175%
Total runtime: 1.32193 mins (669.285 cycles/s)
************
Performed 82000 out of 10000000 MC cycles
Polymer acceptance rate: 19.9706%
Total runtime: 1.33548 mins (1229.73 cycles/s)
************
Performed 83000 out of 10000000 MC cycles
Polymer acceptance rate: 19.5533%
Total runtime: 1.34897 mins (1236.2 cycles/s)
************
Performed 84000 out of 10000000 MC cycles
Polymer acceptance rate: 20.695%
Total runtime: 1.36737 mins (905.456 cycles/s)
************
Performed 85000 out of 10000000 MC cycles
Polymer acceptance rate: 19.3986%
Total runtime: 1.38398 mins (1003.68 cycles/s)
************
Performed 86000 out of 10000000 MC cycles
Polymer acceptance rate: 19.8625%
Total runtime: 1.40337 mins (859.557 cycles/s)
************
Performed 87000 out of 10000000 MC cycles
Polymer acceptance rate: 19.8356%
Total runtime: 1.4231 mins (844.632 cycles/s)
************
Performed 88000 out of 10000000 MC cycles
Polymer acceptance rate: 19.3839%
Total runtime: 1.44572 mins (736.875 cycles/s)
************
Performed 89000 out of 10000000 MC cycles
Polymer acceptance rate: 19.0225%
Total runtime: 1.46263 mins (985.804 cycles/s)
************
Performed 90000 out of 10000000 MC cycles
Polymer acceptance rate: 19.6414%
Total runtime: 1.48375 mins (788.821 cycles/s)
************
Performed 91000 out of 10000000 MC cycles
Polymer acceptance rate: 19.4814%
Total runtime: 1.49742 mins (1219.91 cycles/s)
************
Performed 92000 out of 10000000 MC cycles
Polymer acceptance rate: 19.3439%
Total runtime: 1.51824 mins (800.163 cycles/s)
************
Performed 93000 out of 10000000 MC cycles
Polymer acceptance rate: 19.9772%
Total runtime: 1.54114 mins (728.047 cycles/s)
************
Performed 94000 out of 10000000 MC cycles
Polymer acceptance rate: 19.1592%
Total runtime: 1.54282 mins (9893.67 cycles/s)
************
Performed 95000 out of 10000000 MC cycles
Polymer acceptance rate: 19.3233%
Total runtime: 1.58214 mins (423.891 cycles/s)
************
Performed 96000 out of 10000000 MC cycles
Polymer acceptance rate: 19.8372%
Total runtime: 1.61065 mins (584.569 cycles/s)
************
Performed 97000 out of 10000000 MC cycles
Polymer acceptance rate: 19.9025%
Total runtime: 1.62717 mins (1009.06 cycles/s)
************
Performed 98000 out of 10000000 MC cycles
Polymer acceptance rate: 19.4031%
Total runtime: 1.65135 mins (689.307 cycles/s)
************
Performed 99000 out of 10000000 MC cycles
Polymer acceptance rate: 19.9164%
Total runtime: 1.67563 mins (686.233 cycles/s)
************
Performed 100000 out of 10000000 MC cycles
Polymer acceptance rate: 20.0031%
Total runtime: 1.70516 mins (564.465 cycles/s)
************
Performed 101000 out of 10000000 MC cycles
Polymer acceptance rate: 20.3317%
Total runtime: 1.72918 mins (693.826 cycles/s)
************
Performed 102000 out of 10000000 MC cycles
Polymer acceptance rate: 19.6061%
Total runtime: 1.74231 mins (1269.78 cycles/s)
************
Performed 103000 out of 10000000 MC cycles
Polymer acceptance rate: 19.3767%
Total runtime: 1.76426 mins (759.373 cycles/s)
************
Performed 104000 out of 10000000 MC cycles
Polymer acceptance rate: 19.7036%
Total runtime: 1.78781 mins (707.69 cycles/s)
************
Performed 105000 out of 10000000 MC cycles
Polymer acceptance rate: 19.4869%
Total runtime: 1.80469 mins (987.18 cycles/s)
************
Performed 106000 out of 10000000 MC cycles
Polymer acceptance rate: 19.3331%
Total runtime: 1.80593 mins (13399.8 cycles/s)
************
Performed 107000 out of 10000000 MC cycles
Polymer acceptance rate: 20.3292%
Total runtime: 1.83393 mins (595.385 cycles/s)
************
Performed 108000 out of 10000000 MC cycles
Polymer acceptance rate: 19.7969%
Total runtime: 1.8694 mins (469.787 cycles/s)
************
Performed 109000 out of 10000000 MC cycles
Polymer acceptance rate: 19.6008%
Total runtime: 1.8932 mins (700.293 cycles/s)
************
Performed 110000 out of 10000000 MC cycles
Polymer acceptance rate: 19.6842%
Total runtime: 1.90825 mins (1107.63 cycles/s)
************
Performed 111000 out of 10000000 MC cycles
Polymer acceptance rate: 19.5508%
Total runtime: 1.93726 mins (574.427 cycles/s)
************
Performed 112000 out of 10000000 MC cycles
Polymer acceptance rate: 19.88%
Total runtime: 1.95587 mins (895.803 cycles/s)
************
Performed 113000 out of 10000000 MC cycles
Polymer acceptance rate: 19.8083%
Total runtime: 1.97332 mins (955.001 cycles/s)
************
Performed 114000 out of 10000000 MC cycles
Polymer acceptance rate: 20.07%
Total runtime: 1.9874 mins (1183.51 cycles/s)
************
Performed 115000 out of 10000000 MC cycles
Polymer acceptance rate: 19.805%
Total runtime: 2.015 mins (603.98 cycles/s)
************
Performed 116000 out of 10000000 MC cycles
Polymer acceptance rate: 20.0136%
Total runtime: 2.10119 mins (193.365 cycles/s)
************
Performed 117000 out of 10000000 MC cycles
Polymer acceptance rate: 19.6444%
Total runtime: 2.13038 mins (571.095 cycles/s)
************
Performed 118000 out of 10000000 MC cycles
Polymer acceptance rate: 19.9253%
Total runtime: 2.15135 mins (794.762 cycles/s)
************
Performed 119000 out of 10000000 MC cycles
Polymer acceptance rate: 20.1706%
Total runtime: 2.18564 mins (485.943 cycles/s)
************
Performed 120000 out of 10000000 MC cycles
Polymer acceptance rate: 19.4825%
Total runtime: 2.22852 mins (388.7 cycles/s)
************
Performed 121000 out of 10000000 MC cycles
Polymer acceptance rate: 19.1578%
Total runtime: 2.22974 mins (13651.4 cycles/s)
************
Performed 122000 out of 10000000 MC cycles
Polymer acceptance rate: 19.7439%
Total runtime: 2.25764 mins (597.368 cycles/s)
************
Performed 123000 out of 10000000 MC cycles
Polymer acceptance rate: 19.2106%
Total runtime: 2.29025 mins (511.108 cycles/s)
