Using entropy-harvested random seed: -1789228720
Running with initial polymer density 0.000485979
Using 360 TADs, including main chain of length 360
************
Performed 1000 out of 10000000 MC cycles
Polymer acceptance rate: 16.2078%
Total runtime: 0.00756681 mins (2202.6 cycles/s)
************
Performed 2000 out of 10000000 MC cycles
Polymer acceptance rate: 17.9594%
Total runtime: 0.027327 mins (843.449 cycles/s)
************
Performed 3000 out of 10000000 MC cycles
Polymer acceptance rate: 18.8272%
Total runtime: 0.0363621 mins (1844.65 cycles/s)
************
Performed 4000 out of 10000000 MC cycles
Polymer acceptance rate: 18.7678%
Total runtime: 0.0538048 mins (955.509 cycles/s)
************
Performed 5000 out of 10000000 MC cycles
Polymer acceptance rate: 18.2831%
Total runtime: 0.0661989 mins (1344.73 cycles/s)
************
Performed 6000 out of 10000000 MC cycles
Polymer acceptance rate: 18.9053%
Total runtime: 0.0778829 mins (1426.44 cycles/s)
************
Performed 7000 out of 10000000 MC cycles
Polymer acceptance rate: 19.0392%
Total runtime: 0.091332 mins (1239.25 cycles/s)
************
Performed 8000 out of 10000000 MC cycles
Polymer acceptance rate: 19.1161%
Total runtime: 0.110279 mins (879.654 cycles/s)
************
Performed 9000 out of 10000000 MC cycles
Polymer acceptance rate: 19.2022%
Total runtime: 0.131276 mins (793.746 cycles/s)
************
Performed 10000 out of 10000000 MC cycles
Polymer acceptance rate: 18.9894%
Total runtime: 0.1497 mins (904.617 cycles/s)
************
Performed 11000 out of 10000000 MC cycles
Polymer acceptance rate: 19.7067%
Total runtime: 0.180036 mins (549.41 cycles/s)
************
Performed 12000 out of 10000000 MC cycles
Polymer acceptance rate: 18.9742%
Total runtime: 0.199557 mins (853.768 cycles/s)
************
Performed 13000 out of 10000000 MC cycles
Polymer acceptance rate: 19.1739%
Total runtime: 0.212872 mins (1251.76 cycles/s)
************
Performed 14000 out of 10000000 MC cycles
Polymer acceptance rate: 19.2664%
Total runtime: 0.232205 mins (862.067 cycles/s)
************
Performed 15000 out of 10000000 MC cycles
Polymer acceptance rate: 19.2489%
Total runtime: 0.249638 mins (956.073 cycles/s)
************
Performed 16000 out of 10000000 MC cycles
Polymer acceptance rate: 19.5311%
Total runtime: 0.27145 mins (764.102 cycles/s)
************
Performed 17000 out of 10000000 MC cycles
Polymer acceptance rate: 19.0875%
Total runtime: 0.293277 mins (763.559 cycles/s)
************
Performed 18000 out of 10000000 MC cycles
Polymer acceptance rate: 18.97%
Total runtime: 0.302889 mins (1733.92 cycles/s)
************
Performed 19000 out of 10000000 MC cycles
Polymer acceptance rate: 19.3678%
Total runtime: 0.314302 mins (1460.39 cycles/s)
************
Performed 20000 out of 10000000 MC cycles
Polymer acceptance rate: 19.6669%
Total runtime: 0.330841 mins (1007.73 cycles/s)
************
Performed 21000 out of 10000000 MC cycles
Polymer acceptance rate: 19.5197%
Total runtime: 0.341247 mins (1601.57 cycles/s)
************
Performed 22000 out of 10000000 MC cycles
Polymer acceptance rate: 19.5611%
Total runtime: 0.357466 mins (1027.57 cycles/s)
************
Performed 23000 out of 10000000 MC cycles
Polymer acceptance rate: 19.2611%
Total runtime: 0.369099 mins (1432.77 cycles/s)
************
Performed 24000 out of 10000000 MC cycles
Polymer acceptance rate: 19.9122%
Total runtime: 0.380731 mins (1432.87 cycles/s)
************
Performed 25000 out of 10000000 MC cycles
Polymer acceptance rate: 18.8717%
Total runtime: 0.393129 mins (1344.21 cycles/s)
************
Performed 26000 out of 10000000 MC cycles
Polymer acceptance rate: 19.1272%
Total runtime: 0.403992 mins (1534.29 cycles/s)
************
Performed 27000 out of 10000000 MC cycles
Polymer acceptance rate: 19.5311%
Total runtime: 0.420289 mins (1022.71 cycles/s)
************
Performed 28000 out of 10000000 MC cycles
Polymer acceptance rate: 19.4161%
Total runtime: 0.43134 mins (1508.15 cycles/s)
************
Performed 29000 out of 10000000 MC cycles
Polymer acceptance rate: 19.2806%
Total runtime: 0.443733 mins (1344.84 cycles/s)
************
Performed 30000 out of 10000000 MC cycles
Polymer acceptance rate: 19.5733%
Total runtime: 0.455518 mins (1414.23 cycles/s)
************
Performed 31000 out of 10000000 MC cycles
Polymer acceptance rate: 19.8169%
Total runtime: 0.466583 mins (1506.31 cycles/s)
************
Performed 32000 out of 10000000 MC cycles
Polymer acceptance rate: 19.2%
Total runtime: 0.479849 mins (1256.34 cycles/s)
************
Performed 33000 out of 10000000 MC cycles
Polymer acceptance rate: 19.9769%
Total runtime: 0.491205 mins (1467.65 cycles/s)
************
Performed 34000 out of 10000000 MC cycles
Polymer acceptance rate: 19.1306%
Total runtime: 0.502713 mins (1448.18 cycles/s)
************
Performed 35000 out of 10000000 MC cycles
Polymer acceptance rate: 19.5961%
Total runtime: 0.505827 mins (5352.15 cycles/s)
************
Performed 36000 out of 10000000 MC cycles
Polymer acceptance rate: 19.6994%
Total runtime: 0.523305 mins (953.584 cycles/s)
************
Performed 37000 out of 10000000 MC cycles
Polymer acceptance rate: 19.6472%
Total runtime: 0.53283 mins (1749.75 cycles/s)
************
Performed 38000 out of 10000000 MC cycles
Polymer acceptance rate: 18.8914%
Total runtime: 0.542842 mins (1664.78 cycles/s)
************
Performed 39000 out of 10000000 MC cycles
Polymer acceptance rate: 19.4114%
Total runtime: 0.554166 mins (1471.8 cycles/s)
************
Performed 40000 out of 10000000 MC cycles
Polymer acceptance rate: 19.2086%
Total runtime: 0.568461 mins (1165.9 cycles/s)
************
Performed 41000 out of 10000000 MC cycles
Polymer acceptance rate: 19.4097%
Total runtime: 0.577119 mins (1925.01 cycles/s)
************
Performed 42000 out of 10000000 MC cycles
Polymer acceptance rate: 19.0936%
Total runtime: 0.590959 mins (1204.2 cycles/s)
************
Performed 43000 out of 10000000 MC cycles
Polymer acceptance rate: 19.0628%
Total runtime: 0.599096 mins (2048.22 cycles/s)
************
Performed 44000 out of 10000000 MC cycles
Polymer acceptance rate: 19.1225%
Total runtime: 0.614473 mins (1083.9 cycles/s)
************
Performed 45000 out of 10000000 MC cycles
Polymer acceptance rate: 19.7725%
Total runtime: 0.628869 mins (1157.7 cycles/s)
************
Performed 46000 out of 10000000 MC cycles
Polymer acceptance rate: 19.7628%
Total runtime: 0.64365 mins (1127.56 cycles/s)
************
Performed 47000 out of 10000000 MC cycles
Polymer acceptance rate: 20.1081%
Total runtime: 0.657605 mins (1194.39 cycles/s)
************
Performed 48000 out of 10000000 MC cycles
Polymer acceptance rate: 19.6786%
Total runtime: 0.669634 mins (1385.49 cycles/s)
************
Performed 49000 out of 10000000 MC cycles
Polymer acceptance rate: 19.5428%
Total runtime: 0.683435 mins (1207.61 cycles/s)
************
Performed 50000 out of 10000000 MC cycles
Polymer acceptance rate: 19.5858%
Total runtime: 0.697548 mins (1181 cycles/s)
************
Performed 51000 out of 10000000 MC cycles
Polymer acceptance rate: 19.4553%
Total runtime: 0.708363 mins (1540.99 cycles/s)
************
Performed 52000 out of 10000000 MC cycles
Polymer acceptance rate: 20.1297%
Total runtime: 0.721399 mins (1278.55 cycles/s)
************
Performed 53000 out of 10000000 MC cycles
Polymer acceptance rate: 19.4144%
Total runtime: 0.722217 mins (20377.6 cycles/s)
************
Performed 54000 out of 10000000 MC cycles
Polymer acceptance rate: 18.9656%
Total runtime: 0.737073 mins (1121.89 cycles/s)
************
Performed 55000 out of 10000000 MC cycles
Polymer acceptance rate: 19.7822%
Total runtime: 0.749756 mins (1314.06 cycles/s)
************
Performed 56000 out of 10000000 MC cycles
Polymer acceptance rate: 19.5708%
Total runtime: 0.769417 mins (847.682 cycles/s)
************
Performed 57000 out of 10000000 MC cycles
Polymer acceptance rate: 19.3756%
Total runtime: 0.778381 mins (1859.36 cycles/s)
************
Performed 58000 out of 10000000 MC cycles
Polymer acceptance rate: 19.8783%
Total runtime: 0.788371 mins (1668.37 cycles/s)
************
Performed 59000 out of 10000000 MC cycles
Polymer acceptance rate: 19.5481%
Total runtime: 0.806373 mins (925.843 cycles/s)
************
Performed 60000 out of 10000000 MC cycles
Polymer acceptance rate: 19.4008%
Total runtime: 0.825762 mins (859.595 cycles/s)
************
Performed 61000 out of 10000000 MC cycles
Polymer acceptance rate: 19.2239%
Total runtime: 0.848935 mins (719.214 cycles/s)
************
Performed 62000 out of 10000000 MC cycles
Polymer acceptance rate: 19.2853%
Total runtime: 0.870782 mins (762.878 cycles/s)
************
Performed 63000 out of 10000000 MC cycles
Polymer acceptance rate: 19.6797%
Total runtime: 0.898182 mins (608.278 cycles/s)
************
Performed 64000 out of 10000000 MC cycles
Polymer acceptance rate: 20.1969%
Total runtime: 0.932645 mins (483.605 cycles/s)
************
Performed 65000 out of 10000000 MC cycles
Polymer acceptance rate: 19.3717%
Total runtime: 0.953021 mins (817.951 cycles/s)
************
Performed 66000 out of 10000000 MC cycles
Polymer acceptance rate: 19.5956%
Total runtime: 0.980038 mins (616.904 cycles/s)
************
Performed 67000 out of 10000000 MC cycles
Polymer acceptance rate: 19.0153%
Total runtime: 0.991898 mins (1405.26 cycles/s)
************
Performed 68000 out of 10000000 MC cycles
Polymer acceptance rate: 19.4017%
Total runtime: 1.00806 mins (1031.41 cycles/s)
************
Performed 69000 out of 10000000 MC cycles
Polymer acceptance rate: 19.2169%
Total runtime: 1.04084 mins (508.467 cycles/s)
************
Performed 70000 out of 10000000 MC cycles
Polymer acceptance rate: 19.3272%
Total runtime: 1.05285 mins (1386.67 cycles/s)
************
Performed 71000 out of 10000000 MC cycles
Polymer acceptance rate: 19.1314%
Total runtime: 1.06778 mins (1116.61 cycles/s)
************
Performed 72000 out of 10000000 MC cycles
Polymer acceptance rate: 19.6947%
Total runtime: 1.08045 mins (1315.16 cycles/s)
************
Performed 73000 out of 10000000 MC cycles
Polymer acceptance rate: 19.6261%
Total runtime: 1.09473 mins (1167.82 cycles/s)
************
Performed 74000 out of 10000000 MC cycles
Polymer acceptance rate: 19.5542%
Total runtime: 1.10784 mins (1270.81 cycles/s)
************
Performed 75000 out of 10000000 MC cycles
Polymer acceptance rate: 18.8897%
Total runtime: 1.1329 mins (665.141 cycles/s)
************
Performed 76000 out of 10000000 MC cycles
Polymer acceptance rate: 19.4383%
Total runtime: 1.15531 mins (743.653 cycles/s)
************
Performed 77000 out of 10000000 MC cycles
Polymer acceptance rate: 19.255%
Total runtime: 1.18654 mins (533.587 cycles/s)
************
Performed 78000 out of 10000000 MC cycles
Polymer acceptance rate: 19.0489%
Total runtime: 1.2091 mins (739.003 cycles/s)
************
Performed 79000 out of 10000000 MC cycles
Polymer acceptance rate: 19.5639%
Total runtime: 1.2201 mins (1515.29 cycles/s)
************
Performed 80000 out of 10000000 MC cycles
Polymer acceptance rate: 19.4464%
Total runtime: 1.24478 mins (675.341 cycles/s)
************
Performed 81000 out of 10000000 MC cycles
Polymer acceptance rate: 19.6369%
Total runtime: 1.25798 mins (1261.83 cycles/s)
************
Performed 82000 out of 10000000 MC cycles
Polymer acceptance rate: 19.4636%
Total runtime: 1.27856 mins (809.936 cycles/s)
************
Performed 83000 out of 10000000 MC cycles
Polymer acceptance rate: 18.7611%
Total runtime: 1.29713 mins (897.375 cycles/s)
************
Performed 84000 out of 10000000 MC cycles
Polymer acceptance rate: 19.5431%
Total runtime: 1.32275 mins (650.619 cycles/s)
************
Performed 85000 out of 10000000 MC cycles
Polymer acceptance rate: 19.4222%
Total runtime: 1.33795 mins (1096.18 cycles/s)
************
Performed 86000 out of 10000000 MC cycles
Polymer acceptance rate: 19.8578%
Total runtime: 1.35048 mins (1330.98 cycles/s)
************
Performed 87000 out of 10000000 MC cycles
Polymer acceptance rate: 19.31%
Total runtime: 1.36393 mins (1239.15 cycles/s)
************
Performed 88000 out of 10000000 MC cycles
Polymer acceptance rate: 19.9758%
Total runtime: 1.37413 mins (1633.54 cycles/s)
************
Performed 89000 out of 10000000 MC cycles
Polymer acceptance rate: 19.8125%
Total runtime: 1.39744 mins (714.924 cycles/s)
************
Performed 90000 out of 10000000 MC cycles
Polymer acceptance rate: 19.9067%
Total runtime: 1.41427 mins (990.248 cycles/s)
************
Performed 91000 out of 10000000 MC cycles
Polymer acceptance rate: 19.6003%
Total runtime: 1.43746 mins (718.738 cycles/s)
************
Performed 92000 out of 10000000 MC cycles
Polymer acceptance rate: 20.0978%
Total runtime: 1.46614 mins (581.221 cycles/s)
************
Performed 93000 out of 10000000 MC cycles
Polymer acceptance rate: 19.3717%
Total runtime: 1.47925 mins (1271.17 cycles/s)
************
Performed 94000 out of 10000000 MC cycles
Polymer acceptance rate: 18.9403%
Total runtime: 1.50105 mins (764.31 cycles/s)
************
Performed 95000 out of 10000000 MC cycles
Polymer acceptance rate: 19.65%
Total runtime: 1.52343 mins (744.709 cycles/s)
************
Performed 96000 out of 10000000 MC cycles
Polymer acceptance rate: 19.4222%
Total runtime: 1.54777 mins (684.874 cycles/s)
************
Performed 97000 out of 10000000 MC cycles
Polymer acceptance rate: 19.3569%
Total runtime: 1.57294 mins (662.156 cycles/s)
************
Performed 98000 out of 10000000 MC cycles
Polymer acceptance rate: 19.9989%
Total runtime: 1.59572 mins (731.551 cycles/s)
************
Performed 99000 out of 10000000 MC cycles
Polymer acceptance rate: 19.0989%
Total runtime: 1.60796 mins (1361.94 cycles/s)
************
Performed 100000 out of 10000000 MC cycles
Polymer acceptance rate: 20.1114%
Total runtime: 1.63 mins (756.294 cycles/s)
************
Performed 101000 out of 10000000 MC cycles
Polymer acceptance rate: 20.0328%
Total runtime: 1.66018 mins (552.23 cycles/s)
************
Performed 102000 out of 10000000 MC cycles
Polymer acceptance rate: 19.4908%
Total runtime: 1.68305 mins (728.656 cycles/s)
************
Performed 103000 out of 10000000 MC cycles
Polymer acceptance rate: 18.9989%
Total runtime: 1.70955 mins (629.049 cycles/s)
************
Performed 104000 out of 10000000 MC cycles
Polymer acceptance rate: 19.8847%
Total runtime: 1.73307 mins (708.446 cycles/s)
************
Performed 105000 out of 10000000 MC cycles
Polymer acceptance rate: 19.4894%
Total runtime: 1.75939 mins (633.225 cycles/s)
************
Performed 106000 out of 10000000 MC cycles
Polymer acceptance rate: 19.5389%
Total runtime: 1.79116 mins (524.572 cycles/s)
************
Performed 107000 out of 10000000 MC cycles
Polymer acceptance rate: 19.4608%
Total runtime: 1.80075 mins (1739.09 cycles/s)
************
Performed 108000 out of 10000000 MC cycles
Polymer acceptance rate: 19.1667%
Total runtime: 1.82184 mins (790.097 cycles/s)
************
Performed 109000 out of 10000000 MC cycles
Polymer acceptance rate: 19.7911%
Total runtime: 1.84901 mins (613.504 cycles/s)
************
Performed 110000 out of 10000000 MC cycles
Polymer acceptance rate: 19.2206%
Total runtime: 1.86304 mins (1187.73 cycles/s)
************
Performed 111000 out of 10000000 MC cycles
Polymer acceptance rate: 19.9092%
Total runtime: 1.88368 mins (807.475 cycles/s)
************
Performed 112000 out of 10000000 MC cycles
Polymer acceptance rate: 19.7217%
Total runtime: 1.92278 mins (426.323 cycles/s)
************
Performed 113000 out of 10000000 MC cycles
Polymer acceptance rate: 19.7011%
Total runtime: 1.94164 mins (883.5 cycles/s)
************
Performed 114000 out of 10000000 MC cycles
Polymer acceptance rate: 19.7367%
Total runtime: 1.96129 mins (848.038 cycles/s)
************
Performed 115000 out of 10000000 MC cycles
Polymer acceptance rate: 20.1119%
Total runtime: 1.98342 mins (753.088 cycles/s)
************
Performed 116000 out of 10000000 MC cycles
Polymer acceptance rate: 19.1775%
Total runtime: 1.98494 mins (10997.9 cycles/s)
************
Performed 117000 out of 10000000 MC cycles
Polymer acceptance rate: 19.8936%
Total runtime: 2.00979 mins (670.605 cycles/s)
************
Performed 118000 out of 10000000 MC cycles
Polymer acceptance rate: 19.7256%
Total runtime: 2.02196 mins (1369.75 cycles/s)
************
Performed 119000 out of 10000000 MC cycles
Polymer acceptance rate: 19.5794%
Total runtime: 2.12308 mins (164.817 cycles/s)
************
Performed 120000 out of 10000000 MC cycles
Polymer acceptance rate: 18.9522%
Total runtime: 2.15121 mins (592.574 cycles/s)
************
Performed 121000 out of 10000000 MC cycles
Polymer acceptance rate: 19.3786%
Total runtime: 2.16635 mins (1100.96 cycles/s)
************
Performed 122000 out of 10000000 MC cycles
Polymer acceptance rate: 19.3258%
Total runtime: 2.19565 mins (568.873 cycles/s)
************
Performed 123000 out of 10000000 MC cycles
Polymer acceptance rate: 19.5731%
Total runtime: 2.21239 mins (995.584 cycles/s)
************
Performed 124000 out of 10000000 MC cycles
Polymer acceptance rate: 19.4717%
Total runtime: 2.22722 mins (1123.78 cycles/s)
************
Performed 125000 out of 10000000 MC cycles
Polymer acceptance rate: 19.3686%
Total runtime: 2.255 mins (599.936 cycles/s)
************
Performed 126000 out of 10000000 MC cycles
Polymer acceptance rate: 19.4272%
Total runtime: 2.27338 mins (906.655 cycles/s)
************
Performed 127000 out of 10000000 MC cycles
Polymer acceptance rate: 19.9619%
Total runtime: 2.28775 mins (1159.55 cycles/s)
