Using entropy-harvested random seed: -1798573340
Running with initial polymer density 0.000485979
Using 360 TADs, including main chain of length 360
************
Performed 1000 out of 10000000 MC cycles
Polymer acceptance rate: 15.4847%
Total runtime: 0.0263572 mins (632.337 cycles/s)
************
Performed 2000 out of 10000000 MC cycles
Polymer acceptance rate: 18.0756%
Total runtime: 0.0373227 mins (1519.93 cycles/s)
************
Performed 3000 out of 10000000 MC cycles
Polymer acceptance rate: 19.0092%
Total runtime: 0.0530119 mins (1062.3 cycles/s)
************
Performed 4000 out of 10000000 MC cycles
Polymer acceptance rate: 19.0858%
Total runtime: 0.063931 mins (1526.38 cycles/s)
************
Performed 5000 out of 10000000 MC cycles
Polymer acceptance rate: 19.2953%
Total runtime: 0.0775372 mins (1224.93 cycles/s)
************
Performed 6000 out of 10000000 MC cycles
Polymer acceptance rate: 18.5311%
Total runtime: 0.0916387 mins (1181.91 cycles/s)
************
Performed 7000 out of 10000000 MC cycles
Polymer acceptance rate: 19.5119%
Total runtime: 0.109454 mins (935.507 cycles/s)
************
Performed 8000 out of 10000000 MC cycles
Polymer acceptance rate: 18.9994%
Total runtime: 0.121923 mins (1336.72 cycles/s)
************
Performed 9000 out of 10000000 MC cycles
Polymer acceptance rate: 18.8506%
Total runtime: 0.141445 mins (853.727 cycles/s)
************
Performed 10000 out of 10000000 MC cycles
Polymer acceptance rate: 19.4028%
Total runtime: 0.167905 mins (629.876 cycles/s)
************
Performed 11000 out of 10000000 MC cycles
Polymer acceptance rate: 19.5511%
Total runtime: 0.194481 mins (627.149 cycles/s)
************
Performed 12000 out of 10000000 MC cycles
Polymer acceptance rate: 19.2514%
Total runtime: 0.206187 mins (1423.67 cycles/s)
************
Performed 13000 out of 10000000 MC cycles
Polymer acceptance rate: 19.4447%
Total runtime: 0.230625 mins (682.003 cycles/s)
************
Performed 14000 out of 10000000 MC cycles
Polymer acceptance rate: 19.8439%
Total runtime: 0.248886 mins (912.713 cycles/s)
************
Performed 15000 out of 10000000 MC cycles
Polymer acceptance rate: 19.9511%
Total runtime: 0.277706 mins (578.288 cycles/s)
************
Performed 16000 out of 10000000 MC cycles
Polymer acceptance rate: 19.7539%
Total runtime: 0.296153 mins (903.489 cycles/s)
************
Performed 17000 out of 10000000 MC cycles
Polymer acceptance rate: 19.7447%
Total runtime: 0.308644 mins (1334.28 cycles/s)
************
Performed 18000 out of 10000000 MC cycles
Polymer acceptance rate: 20.1661%
Total runtime: 0.323629 mins (1112.27 cycles/s)
************
Performed 19000 out of 10000000 MC cycles
Polymer acceptance rate: 20.235%
Total runtime: 0.339012 mins (1083.43 cycles/s)
************
Performed 20000 out of 10000000 MC cycles
Polymer acceptance rate: 19.7789%
Total runtime: 0.353669 mins (1137.13 cycles/s)
************
Performed 21000 out of 10000000 MC cycles
Polymer acceptance rate: 19.4997%
Total runtime: 0.365815 mins (1372.22 cycles/s)
************
Performed 22000 out of 10000000 MC cycles
Polymer acceptance rate: 19.3342%
Total runtime: 0.376862 mins (1508.67 cycles/s)
************
Performed 23000 out of 10000000 MC cycles
Polymer acceptance rate: 19.8156%
Total runtime: 0.388508 mins (1431.04 cycles/s)
************
Performed 24000 out of 10000000 MC cycles
Polymer acceptance rate: 20.025%
Total runtime: 0.400406 mins (1400.91 cycles/s)
************
Performed 25000 out of 10000000 MC cycles
Polymer acceptance rate: 19.7703%
Total runtime: 0.413264 mins (1296.15 cycles/s)
************
Performed 26000 out of 10000000 MC cycles
Polymer acceptance rate: 19.5711%
Total runtime: 0.42647 mins (1262.06 cycles/s)
************
Performed 27000 out of 10000000 MC cycles
Polymer acceptance rate: 18.9103%
Total runtime: 0.432598 mins (2719.72 cycles/s)
************
Performed 28000 out of 10000000 MC cycles
Polymer acceptance rate: 19.4583%
Total runtime: 0.448167 mins (1070.48 cycles/s)
************
Performed 29000 out of 10000000 MC cycles
Polymer acceptance rate: 19.4181%
Total runtime: 0.456931 mins (1901.74 cycles/s)
************
Performed 30000 out of 10000000 MC cycles
Polymer acceptance rate: 19.1047%
Total runtime: 0.469866 mins (1288.48 cycles/s)
************
Performed 31000 out of 10000000 MC cycles
Polymer acceptance rate: 19.8114%
Total runtime: 0.483816 mins (1194.82 cycles/s)
************
Performed 32000 out of 10000000 MC cycles
Polymer acceptance rate: 19.4478%
Total runtime: 0.493506 mins (1719.99 cycles/s)
************
Performed 33000 out of 10000000 MC cycles
Polymer acceptance rate: 19.5964%
Total runtime: 0.506809 mins (1252.84 cycles/s)
************
Performed 34000 out of 10000000 MC cycles
Polymer acceptance rate: 19.7942%
Total runtime: 0.516822 mins (1664.5 cycles/s)
************
Performed 35000 out of 10000000 MC cycles
Polymer acceptance rate: 19.3344%
Total runtime: 0.531352 mins (1147.01 cycles/s)
************
Performed 36000 out of 10000000 MC cycles
Polymer acceptance rate: 19.5103%
Total runtime: 0.543974 mins (1320.41 cycles/s)
************
Performed 37000 out of 10000000 MC cycles
Polymer acceptance rate: 18.7108%
Total runtime: 0.555215 mins (1482.76 cycles/s)
************
Performed 38000 out of 10000000 MC cycles
Polymer acceptance rate: 19.2653%
Total runtime: 0.565782 mins (1577.13 cycles/s)
************
Performed 39000 out of 10000000 MC cycles
Polymer acceptance rate: 19.6603%
Total runtime: 0.577143 mins (1467.04 cycles/s)
************
Performed 40000 out of 10000000 MC cycles
Polymer acceptance rate: 19.4528%
Total runtime: 0.589796 mins (1317.24 cycles/s)
************
Performed 41000 out of 10000000 MC cycles
Polymer acceptance rate: 19.1361%
Total runtime: 0.601041 mins (1482.08 cycles/s)
************
Performed 42000 out of 10000000 MC cycles
Polymer acceptance rate: 19.5814%
Total runtime: 0.617235 mins (1029.18 cycles/s)
************
Performed 43000 out of 10000000 MC cycles
Polymer acceptance rate: 20.2033%
Total runtime: 0.626485 mins (1801.98 cycles/s)
************
Performed 44000 out of 10000000 MC cycles
Polymer acceptance rate: 20.1825%
Total runtime: 0.646183 mins (846.083 cycles/s)
************
Performed 45000 out of 10000000 MC cycles
Polymer acceptance rate: 19.6786%
Total runtime: 0.66011 mins (1196.7 cycles/s)
************
Performed 46000 out of 10000000 MC cycles
Polymer acceptance rate: 19.3606%
Total runtime: 0.672691 mins (1324.84 cycles/s)
************
Performed 47000 out of 10000000 MC cycles
Polymer acceptance rate: 20.0422%
Total runtime: 0.677418 mins (3525.61 cycles/s)
************
Performed 48000 out of 10000000 MC cycles
Polymer acceptance rate: 19.84%
Total runtime: 0.69181 mins (1158.01 cycles/s)
************
Performed 49000 out of 10000000 MC cycles
Polymer acceptance rate: 19.8203%
Total runtime: 0.706055 mins (1170.07 cycles/s)
************
Performed 50000 out of 10000000 MC cycles
Polymer acceptance rate: 19.8161%
Total runtime: 0.717496 mins (1456.72 cycles/s)
************
Performed 51000 out of 10000000 MC cycles
Polymer acceptance rate: 19.8917%
Total runtime: 0.72907 mins (1440.04 cycles/s)
************
Performed 52000 out of 10000000 MC cycles
Polymer acceptance rate: 20.0569%
Total runtime: 0.740815 mins (1419.02 cycles/s)
************
Performed 53000 out of 10000000 MC cycles
Polymer acceptance rate: 19.0306%
Total runtime: 0.754473 mins (1220.3 cycles/s)
************
Performed 54000 out of 10000000 MC cycles
Polymer acceptance rate: 19.8478%
Total runtime: 0.778648 mins (689.396 cycles/s)
************
Performed 55000 out of 10000000 MC cycles
Polymer acceptance rate: 19.9514%
Total runtime: 0.798988 mins (819.402 cycles/s)
************
Performed 56000 out of 10000000 MC cycles
Polymer acceptance rate: 18.9656%
Total runtime: 0.814927 mins (1045.7 cycles/s)
************
Performed 57000 out of 10000000 MC cycles
Polymer acceptance rate: 19.2122%
Total runtime: 0.830771 mins (1051.92 cycles/s)
************
Performed 58000 out of 10000000 MC cycles
Polymer acceptance rate: 19.7375%
Total runtime: 0.844394 mins (1223.43 cycles/s)
************
Performed 59000 out of 10000000 MC cycles
Polymer acceptance rate: 19.7989%
Total runtime: 0.868204 mins (699.973 cycles/s)
************
Performed 60000 out of 10000000 MC cycles
Polymer acceptance rate: 19.8533%
Total runtime: 0.903886 mins (467.094 cycles/s)
************
Performed 61000 out of 10000000 MC cycles
Polymer acceptance rate: 19.1803%
Total runtime: 0.930425 mins (627.992 cycles/s)
************
Performed 62000 out of 10000000 MC cycles
Polymer acceptance rate: 19.3928%
Total runtime: 0.948737 mins (910.153 cycles/s)
************
Performed 63000 out of 10000000 MC cycles
Polymer acceptance rate: 19.3739%
Total runtime: 0.967745 mins (876.818 cycles/s)
************
Performed 64000 out of 10000000 MC cycles
Polymer acceptance rate: 19.3272%
Total runtime: 0.989383 mins (770.273 cycles/s)
************
Performed 65000 out of 10000000 MC cycles
Polymer acceptance rate: 19.6814%
Total runtime: 1.01625 mins (620.278 cycles/s)
************
Performed 66000 out of 10000000 MC cycles
Polymer acceptance rate: 19.6925%
Total runtime: 1.03949 mins (717.376 cycles/s)
************
Performed 67000 out of 10000000 MC cycles
Polymer acceptance rate: 19.1317%
Total runtime: 1.06177 mins (747.74 cycles/s)
************
Performed 68000 out of 10000000 MC cycles
Polymer acceptance rate: 19.46%
Total runtime: 1.07235 mins (1575.6 cycles/s)
************
Performed 69000 out of 10000000 MC cycles
Polymer acceptance rate: 19.6011%
Total runtime: 1.08724 mins (1119.49 cycles/s)
************
Performed 70000 out of 10000000 MC cycles
Polymer acceptance rate: 19.7594%
Total runtime: 1.10396 mins (997.044 cycles/s)
************
Performed 71000 out of 10000000 MC cycles
Polymer acceptance rate: 20.1314%
Total runtime: 1.12008 mins (1033.96 cycles/s)
************
Performed 72000 out of 10000000 MC cycles
Polymer acceptance rate: 19.5019%
Total runtime: 1.1326 mins (1330.3 cycles/s)
************
Performed 73000 out of 10000000 MC cycles
Polymer acceptance rate: 19.3469%
Total runtime: 1.1511 mins (901.331 cycles/s)
************
Performed 74000 out of 10000000 MC cycles
Polymer acceptance rate: 19.2833%
Total runtime: 1.17589 mins (672.32 cycles/s)
************
Performed 75000 out of 10000000 MC cycles
Polymer acceptance rate: 20.2906%
Total runtime: 1.19839 mins (740.626 cycles/s)
************
Performed 76000 out of 10000000 MC cycles
Polymer acceptance rate: 19.4858%
Total runtime: 1.22109 mins (734.036 cycles/s)
************
Performed 77000 out of 10000000 MC cycles
Polymer acceptance rate: 19.3025%
Total runtime: 1.23846 mins (959.468 cycles/s)
************
Performed 78000 out of 10000000 MC cycles
Polymer acceptance rate: 19.4736%
Total runtime: 1.25778 mins (863.093 cycles/s)
************
Performed 79000 out of 10000000 MC cycles
Polymer acceptance rate: 19.9125%
Total runtime: 1.27406 mins (1023.24 cycles/s)
************
Performed 80000 out of 10000000 MC cycles
Polymer acceptance rate: 19.4842%
Total runtime: 1.28808 mins (1188.99 cycles/s)
************
Performed 81000 out of 10000000 MC cycles
Polymer acceptance rate: 19.2808%
Total runtime: 1.30714 mins (874.616 cycles/s)
************
Performed 82000 out of 10000000 MC cycles
Polymer acceptance rate: 18.8989%
Total runtime: 1.32447 mins (961.602 cycles/s)
************
Performed 83000 out of 10000000 MC cycles
Polymer acceptance rate: 19.7144%
Total runtime: 1.34284 mins (907.168 cycles/s)
************
Performed 84000 out of 10000000 MC cycles
Polymer acceptance rate: 19.2583%
Total runtime: 1.35605 mins (1261.53 cycles/s)
************
Performed 85000 out of 10000000 MC cycles
Polymer acceptance rate: 19.9108%
Total runtime: 1.36967 mins (1223.63 cycles/s)
************
Performed 86000 out of 10000000 MC cycles
Polymer acceptance rate: 19.5611%
Total runtime: 1.38473 mins (1107.04 cycles/s)
************
Performed 87000 out of 10000000 MC cycles
Polymer acceptance rate: 19.5575%
Total runtime: 1.40451 mins (842.534 cycles/s)
************
Performed 88000 out of 10000000 MC cycles
Polymer acceptance rate: 19.6483%
Total runtime: 1.42117 mins (1000.71 cycles/s)
************
Performed 89000 out of 10000000 MC cycles
Polymer acceptance rate: 19.2186%
Total runtime: 1.44052 mins (861.325 cycles/s)
************
Performed 90000 out of 10000000 MC cycles
Polymer acceptance rate: 19.7108%
Total runtime: 1.46354 mins (723.993 cycles/s)
************
Performed 91000 out of 10000000 MC cycles
Polymer acceptance rate: 19.7886%
Total runtime: 1.48883 mins (658.812 cycles/s)
************
Performed 92000 out of 10000000 MC cycles
Polymer acceptance rate: 19.6972%
Total runtime: 1.50445 mins (1066.95 cycles/s)
************
Performed 93000 out of 10000000 MC cycles
Polymer acceptance rate: 20.3642%
Total runtime: 1.51911 mins (1136.94 cycles/s)
************
Performed 94000 out of 10000000 MC cycles
Polymer acceptance rate: 20.2125%
Total runtime: 1.54509 mins (641.659 cycles/s)
************
Performed 95000 out of 10000000 MC cycles
Polymer acceptance rate: 19.575%
Total runtime: 1.57479 mins (561.211 cycles/s)
************
Performed 96000 out of 10000000 MC cycles
Polymer acceptance rate: 20.465%
Total runtime: 1.60039 mins (650.976 cycles/s)
************
Performed 97000 out of 10000000 MC cycles
Polymer acceptance rate: 19.4606%
Total runtime: 1.62562 mins (660.456 cycles/s)
************
Performed 98000 out of 10000000 MC cycles
Polymer acceptance rate: 18.8122%
Total runtime: 1.65201 mins (631.634 cycles/s)
************
Performed 99000 out of 10000000 MC cycles
Polymer acceptance rate: 19.9533%
Total runtime: 1.67414 mins (753.085 cycles/s)
************
Performed 100000 out of 10000000 MC cycles
Polymer acceptance rate: 19.6233%
Total runtime: 1.6929 mins (888.373 cycles/s)
************
Performed 101000 out of 10000000 MC cycles
Polymer acceptance rate: 19.9108%
Total runtime: 1.72181 mins (576.469 cycles/s)
************
Performed 102000 out of 10000000 MC cycles
Polymer acceptance rate: 19.3517%
Total runtime: 1.74665 mins (671.022 cycles/s)
************
Performed 103000 out of 10000000 MC cycles
Polymer acceptance rate: 19.7778%
Total runtime: 1.75739 mins (1551.8 cycles/s)
************
Performed 104000 out of 10000000 MC cycles
Polymer acceptance rate: 19.7431%
Total runtime: 1.79046 mins (504.056 cycles/s)
************
Performed 105000 out of 10000000 MC cycles
Polymer acceptance rate: 20.4233%
Total runtime: 1.80587 mins (1081.45 cycles/s)
************
Performed 106000 out of 10000000 MC cycles
Polymer acceptance rate: 19.4425%
Total runtime: 1.84061 mins (479.781 cycles/s)
************
Performed 107000 out of 10000000 MC cycles
Polymer acceptance rate: 19.7286%
Total runtime: 1.86691 mins (633.675 cycles/s)
************
Performed 108000 out of 10000000 MC cycles
Polymer acceptance rate: 19.8839%
Total runtime: 1.89234 mins (655.298 cycles/s)
************
Performed 109000 out of 10000000 MC cycles
Polymer acceptance rate: 18.97%
Total runtime: 1.91955 mins (612.586 cycles/s)
************
Performed 110000 out of 10000000 MC cycles
Polymer acceptance rate: 19.6203%
Total runtime: 1.9437 mins (690.209 cycles/s)
************
Performed 111000 out of 10000000 MC cycles
Polymer acceptance rate: 19.5653%
Total runtime: 1.95872 mins (1109 cycles/s)
************
Performed 112000 out of 10000000 MC cycles
Polymer acceptance rate: 20.1728%
Total runtime: 1.97939 mins (806.367 cycles/s)
************
Performed 113000 out of 10000000 MC cycles
Polymer acceptance rate: 19.72%
Total runtime: 2.00009 mins (805.198 cycles/s)
************
Performed 114000 out of 10000000 MC cycles
Polymer acceptance rate: 19.5283%
Total runtime: 2.02722 mins (614.282 cycles/s)
************
Performed 115000 out of 10000000 MC cycles
Polymer acceptance rate: 19.6858%
Total runtime: 2.13111 mins (160.431 cycles/s)
************
Performed 116000 out of 10000000 MC cycles
Polymer acceptance rate: 19.2256%
Total runtime: 2.16071 mins (563.039 cycles/s)
************
Performed 117000 out of 10000000 MC cycles
Polymer acceptance rate: 19.5642%
Total runtime: 2.21822 mins (289.809 cycles/s)
************
Performed 118000 out of 10000000 MC cycles
Polymer acceptance rate: 19.7414%
Total runtime: 2.23475 mins (1008.1 cycles/s)
************
Performed 119000 out of 10000000 MC cycles
Polymer acceptance rate: 19.97%
Total runtime: 2.25301 mins (913.144 cycles/s)
************
Performed 120000 out of 10000000 MC cycles
Polymer acceptance rate: 20.0014%
Total runtime: 2.26439 mins (1463.92 cycles/s)
************
Performed 121000 out of 10000000 MC cycles
Polymer acceptance rate: 19.9139%
Total runtime: 2.28395 mins (852.178 cycles/s)
