Using entropy-harvested random seed: 1852480300
Running with initial polymer density 0.000485979
Using 360 TADs, including main chain of length 360
************
Performed 1000 out of 10000000 MC cycles
Polymer acceptance rate: 15.7614%
Total runtime: 0.0238346 mins (699.262 cycles/s)
************
Performed 2000 out of 10000000 MC cycles
Polymer acceptance rate: 17.9261%
Total runtime: 0.0354558 mins (1434.16 cycles/s)
************
Performed 3000 out of 10000000 MC cycles
Polymer acceptance rate: 18.6881%
Total runtime: 0.0496789 mins (1171.81 cycles/s)
************
Performed 4000 out of 10000000 MC cycles
Polymer acceptance rate: 18.6222%
Total runtime: 0.059424 mins (1710.24 cycles/s)
************
Performed 5000 out of 10000000 MC cycles
Polymer acceptance rate: 18.5178%
Total runtime: 0.0738696 mins (1153.76 cycles/s)
************
Performed 6000 out of 10000000 MC cycles
Polymer acceptance rate: 18.9644%
Total runtime: 0.0876679 mins (1207.88 cycles/s)
************
Performed 7000 out of 10000000 MC cycles
Polymer acceptance rate: 18.9933%
Total runtime: 0.103245 mins (1069.92 cycles/s)
************
Performed 8000 out of 10000000 MC cycles
Polymer acceptance rate: 19.1781%
Total runtime: 0.116865 mins (1223.74 cycles/s)
************
Performed 9000 out of 10000000 MC cycles
Polymer acceptance rate: 19.5331%
Total runtime: 0.133119 mins (1025.4 cycles/s)
************
Performed 10000 out of 10000000 MC cycles
Polymer acceptance rate: 19.3861%
Total runtime: 0.15517 mins (755.822 cycles/s)
************
Performed 11000 out of 10000000 MC cycles
Polymer acceptance rate: 19.7719%
Total runtime: 0.184332 mins (571.518 cycles/s)
************
Performed 12000 out of 10000000 MC cycles
Polymer acceptance rate: 19.5369%
Total runtime: 0.199523 mins (1097.12 cycles/s)
************
Performed 13000 out of 10000000 MC cycles
Polymer acceptance rate: 20.0111%
Total runtime: 0.2132 mins (1218.56 cycles/s)
************
Performed 14000 out of 10000000 MC cycles
Polymer acceptance rate: 19.8344%
Total runtime: 0.245854 mins (510.403 cycles/s)
************
Performed 15000 out of 10000000 MC cycles
Polymer acceptance rate: 19.4025%
Total runtime: 0.269102 mins (716.916 cycles/s)
************
Performed 16000 out of 10000000 MC cycles
Polymer acceptance rate: 19.1697%
Total runtime: 0.284289 mins (1097.44 cycles/s)
************
Performed 17000 out of 10000000 MC cycles
Polymer acceptance rate: 19.2217%
Total runtime: 0.29921 mins (1116.99 cycles/s)
************
Performed 18000 out of 10000000 MC cycles
Polymer acceptance rate: 19.2469%
Total runtime: 0.311325 mins (1375.69 cycles/s)
************
Performed 19000 out of 10000000 MC cycles
Polymer acceptance rate: 19.7172%
Total runtime: 0.321821 mins (1587.86 cycles/s)
************
Performed 20000 out of 10000000 MC cycles
Polymer acceptance rate: 19.5125%
Total runtime: 0.331434 mins (1733.84 cycles/s)
************
Performed 21000 out of 10000000 MC cycles
Polymer acceptance rate: 19.9947%
Total runtime: 0.348322 mins (986.858 cycles/s)
************
Performed 22000 out of 10000000 MC cycles
Polymer acceptance rate: 19.9444%
Total runtime: 0.364949 mins (1002.42 cycles/s)
************
Performed 23000 out of 10000000 MC cycles
Polymer acceptance rate: 20.2081%
Total runtime: 0.376823 mins (1403.64 cycles/s)
************
Performed 24000 out of 10000000 MC cycles
Polymer acceptance rate: 20.005%
Total runtime: 0.388624 mins (1412.25 cycles/s)
************
Performed 25000 out of 10000000 MC cycles
Polymer acceptance rate: 19.5025%
Total runtime: 0.40056 mins (1396.36 cycles/s)
************
Performed 26000 out of 10000000 MC cycles
Polymer acceptance rate: 19.3972%
Total runtime: 0.414093 mins (1231.55 cycles/s)
************
Performed 27000 out of 10000000 MC cycles
Polymer acceptance rate: 19.3925%
Total runtime: 0.426352 mins (1359.6 cycles/s)
************
Performed 28000 out of 10000000 MC cycles
Polymer acceptance rate: 19.2244%
Total runtime: 0.439106 mins (1306.75 cycles/s)
************
Performed 29000 out of 10000000 MC cycles
Polymer acceptance rate: 19.5953%
Total runtime: 0.451327 mins (1363.78 cycles/s)
************
Performed 30000 out of 10000000 MC cycles
Polymer acceptance rate: 19.6022%
Total runtime: 0.462736 mins (1460.82 cycles/s)
************
Performed 31000 out of 10000000 MC cycles
Polymer acceptance rate: 19.5386%
Total runtime: 0.471009 mins (2014.66 cycles/s)
************
Performed 32000 out of 10000000 MC cycles
Polymer acceptance rate: 19.8675%
Total runtime: 0.484135 mins (1269.73 cycles/s)
************
Performed 33000 out of 10000000 MC cycles
Polymer acceptance rate: 19.3969%
Total runtime: 0.495808 mins (1427.8 cycles/s)
************
Performed 34000 out of 10000000 MC cycles
Polymer acceptance rate: 19.3869%
Total runtime: 0.50796 mins (1371.44 cycles/s)
************
Performed 35000 out of 10000000 MC cycles
Polymer acceptance rate: 19.5175%
Total runtime: 0.521759 mins (1207.85 cycles/s)
************
Performed 36000 out of 10000000 MC cycles
Polymer acceptance rate: 19.6242%
Total runtime: 0.535873 mins (1180.82 cycles/s)
************
Performed 37000 out of 10000000 MC cycles
Polymer acceptance rate: 19.9658%
Total runtime: 0.547904 mins (1385.38 cycles/s)
************
Performed 38000 out of 10000000 MC cycles
Polymer acceptance rate: 19.7497%
Total runtime: 0.560013 mins (1376.35 cycles/s)
************
Performed 39000 out of 10000000 MC cycles
Polymer acceptance rate: 19.4481%
Total runtime: 0.571413 mins (1461.95 cycles/s)
************
Performed 40000 out of 10000000 MC cycles
Polymer acceptance rate: 19.6008%
Total runtime: 0.583128 mins (1422.69 cycles/s)
************
Performed 41000 out of 10000000 MC cycles
Polymer acceptance rate: 19.1383%
Total runtime: 0.594284 mins (1494 cycles/s)
************
Performed 42000 out of 10000000 MC cycles
Polymer acceptance rate: 19.3669%
Total runtime: 0.606368 mins (1379.26 cycles/s)
************
Performed 43000 out of 10000000 MC cycles
Polymer acceptance rate: 18.9967%
Total runtime: 0.622136 mins (1057 cycles/s)
************
Performed 44000 out of 10000000 MC cycles
Polymer acceptance rate: 19.1728%
Total runtime: 0.636271 mins (1179.13 cycles/s)
************
Performed 45000 out of 10000000 MC cycles
Polymer acceptance rate: 19.2483%
Total runtime: 0.64521 mins (1864.35 cycles/s)
************
Performed 46000 out of 10000000 MC cycles
Polymer acceptance rate: 19.4417%
Total runtime: 0.655036 mins (1696.16 cycles/s)
************
Performed 47000 out of 10000000 MC cycles
Polymer acceptance rate: 19.2731%
Total runtime: 0.666997 mins (1393.48 cycles/s)
************
Performed 48000 out of 10000000 MC cycles
Polymer acceptance rate: 19.2611%
Total runtime: 0.678891 mins (1401.24 cycles/s)
************
Performed 49000 out of 10000000 MC cycles
Polymer acceptance rate: 19.3528%
Total runtime: 0.691262 mins (1347.22 cycles/s)
************
Performed 50000 out of 10000000 MC cycles
Polymer acceptance rate: 19.8386%
Total runtime: 0.704687 mins (1241.49 cycles/s)
************
Performed 51000 out of 10000000 MC cycles
Polymer acceptance rate: 19.8356%
Total runtime: 0.715107 mins (1599.41 cycles/s)
************
Performed 52000 out of 10000000 MC cycles
Polymer acceptance rate: 19.0108%
Total runtime: 0.726809 mins (1424.3 cycles/s)
************
Performed 53000 out of 10000000 MC cycles
Polymer acceptance rate: 19.3892%
Total runtime: 0.738498 mins (1425.87 cycles/s)
************
Performed 54000 out of 10000000 MC cycles
Polymer acceptance rate: 19.6622%
Total runtime: 0.752177 mins (1218.42 cycles/s)
************
Performed 55000 out of 10000000 MC cycles
Polymer acceptance rate: 19.5725%
Total runtime: 0.770966 mins (887.02 cycles/s)
************
Performed 56000 out of 10000000 MC cycles
Polymer acceptance rate: 20.0553%
Total runtime: 0.780966 mins (1666.66 cycles/s)
************
Performed 57000 out of 10000000 MC cycles
Polymer acceptance rate: 19.4181%
Total runtime: 0.797372 mins (1015.89 cycles/s)
************
Performed 58000 out of 10000000 MC cycles
Polymer acceptance rate: 18.8356%
Total runtime: 0.817703 mins (819.789 cycles/s)
************
Performed 59000 out of 10000000 MC cycles
Polymer acceptance rate: 18.9319%
Total runtime: 0.833061 mins (1085.19 cycles/s)
************
Performed 60000 out of 10000000 MC cycles
Polymer acceptance rate: 19.8172%
Total runtime: 0.8521 mins (875.401 cycles/s)
************
Performed 61000 out of 10000000 MC cycles
Polymer acceptance rate: 19.1567%
Total runtime: 0.87137 mins (864.878 cycles/s)
************
Performed 62000 out of 10000000 MC cycles
Polymer acceptance rate: 19.4392%
Total runtime: 0.897072 mins (648.478 cycles/s)
************
Performed 63000 out of 10000000 MC cycles
Polymer acceptance rate: 19.3881%
Total runtime: 0.91901 mins (759.709 cycles/s)
************
Performed 64000 out of 10000000 MC cycles
Polymer acceptance rate: 19.6333%
Total runtime: 0.947499 mins (585.011 cycles/s)
************
Performed 65000 out of 10000000 MC cycles
Polymer acceptance rate: 19.5711%
Total runtime: 0.970772 mins (716.139 cycles/s)
************
Performed 66000 out of 10000000 MC cycles
Polymer acceptance rate: 19.5136%
Total runtime: 0.989212 mins (903.852 cycles/s)
************
Performed 67000 out of 10000000 MC cycles
Polymer acceptance rate: 19.1056%
Total runtime: 1.00637 mins (971.213 cycles/s)
************
Performed 68000 out of 10000000 MC cycles
Polymer acceptance rate: 19.815%
Total runtime: 1.01984 mins (1237.86 cycles/s)
************
Performed 69000 out of 10000000 MC cycles
Polymer acceptance rate: 19.8681%
Total runtime: 1.04831 mins (585.429 cycles/s)
************
Performed 70000 out of 10000000 MC cycles
Polymer acceptance rate: 19.6183%
Total runtime: 1.06339 mins (1104.76 cycles/s)
************
Performed 71000 out of 10000000 MC cycles
Polymer acceptance rate: 19.4706%
Total runtime: 1.07857 mins (1098.32 cycles/s)
************
Performed 72000 out of 10000000 MC cycles
Polymer acceptance rate: 19.8683%
Total runtime: 1.09469 mins (1033.92 cycles/s)
************
Performed 73000 out of 10000000 MC cycles
Polymer acceptance rate: 20.0286%
Total runtime: 1.11043 mins (1058.37 cycles/s)
************
Performed 74000 out of 10000000 MC cycles
Polymer acceptance rate: 20.0525%
Total runtime: 1.127 mins (1005.92 cycles/s)
************
Performed 75000 out of 10000000 MC cycles
Polymer acceptance rate: 19.1356%
Total runtime: 1.15603 mins (574.124 cycles/s)
************
Performed 76000 out of 10000000 MC cycles
Polymer acceptance rate: 19.3131%
Total runtime: 1.17175 mins (1060.16 cycles/s)
************
Performed 77000 out of 10000000 MC cycles
Polymer acceptance rate: 19.7147%
Total runtime: 1.18962 mins (932.97 cycles/s)
************
Performed 78000 out of 10000000 MC cycles
Polymer acceptance rate: 19.1028%
Total runtime: 1.21349 mins (698.004 cycles/s)
************
Performed 79000 out of 10000000 MC cycles
Polymer acceptance rate: 20.0611%
Total runtime: 1.23885 mins (657.238 cycles/s)
************
Performed 80000 out of 10000000 MC cycles
Polymer acceptance rate: 19.7553%
Total runtime: 1.25574 mins (986.949 cycles/s)
************
Performed 81000 out of 10000000 MC cycles
Polymer acceptance rate: 19.5436%
Total runtime: 1.27528 mins (853.013 cycles/s)
************
Performed 82000 out of 10000000 MC cycles
Polymer acceptance rate: 19.3631%
Total runtime: 1.29426 mins (878.081 cycles/s)
************
Performed 83000 out of 10000000 MC cycles
Polymer acceptance rate: 20.2756%
Total runtime: 1.31254 mins (911.611 cycles/s)
************
Performed 84000 out of 10000000 MC cycles
Polymer acceptance rate: 19.7522%
Total runtime: 1.33142 mins (882.873 cycles/s)
************
Performed 85000 out of 10000000 MC cycles
Polymer acceptance rate: 20.1231%
Total runtime: 1.3448 mins (1245.85 cycles/s)
************
Performed 86000 out of 10000000 MC cycles
Polymer acceptance rate: 19.5761%
Total runtime: 1.35701 mins (1364.47 cycles/s)
************
Performed 87000 out of 10000000 MC cycles
Polymer acceptance rate: 19.5142%
Total runtime: 1.3715 mins (1150.62 cycles/s)
************
Performed 88000 out of 10000000 MC cycles
Polymer acceptance rate: 19.8056%
Total runtime: 1.39022 mins (889.973 cycles/s)
************
Performed 89000 out of 10000000 MC cycles
Polymer acceptance rate: 19.6236%
Total runtime: 1.39797 mins (2152.67 cycles/s)
************
Performed 90000 out of 10000000 MC cycles
Polymer acceptance rate: 19.8056%
Total runtime: 1.42169 mins (702.547 cycles/s)
************
Performed 91000 out of 10000000 MC cycles
Polymer acceptance rate: 19.1386%
Total runtime: 1.43794 mins (1025.61 cycles/s)
************
Performed 92000 out of 10000000 MC cycles
Polymer acceptance rate: 18.9956%
Total runtime: 1.47449 mins (456.049 cycles/s)
************
Performed 93000 out of 10000000 MC cycles
Polymer acceptance rate: 19.5761%
Total runtime: 1.48676 mins (1358.25 cycles/s)
************
Performed 94000 out of 10000000 MC cycles
Polymer acceptance rate: 19.3661%
Total runtime: 1.5076 mins (799.635 cycles/s)
************
Performed 95000 out of 10000000 MC cycles
Polymer acceptance rate: 19.7003%
Total runtime: 1.52228 mins (1134.99 cycles/s)
************
Performed 96000 out of 10000000 MC cycles
Polymer acceptance rate: 19.1708%
Total runtime: 1.54326 mins (794.69 cycles/s)
************
Performed 97000 out of 10000000 MC cycles
Polymer acceptance rate: 20.0964%
Total runtime: 1.57455 mins (532.619 cycles/s)
************
Performed 98000 out of 10000000 MC cycles
Polymer acceptance rate: 19.0669%
Total runtime: 1.60251 mins (595.971 cycles/s)
************
Performed 99000 out of 10000000 MC cycles
Polymer acceptance rate: 19.6639%
Total runtime: 1.63356 mins (536.821 cycles/s)
************
Performed 100000 out of 10000000 MC cycles
Polymer acceptance rate: 19.8414%
Total runtime: 1.64755 mins (1191.17 cycles/s)
************
Performed 101000 out of 10000000 MC cycles
Polymer acceptance rate: 19.7058%
Total runtime: 1.67255 mins (666.67 cycles/s)
************
Performed 102000 out of 10000000 MC cycles
Polymer acceptance rate: 19.6381%
Total runtime: 1.69037 mins (935.566 cycles/s)
************
Performed 103000 out of 10000000 MC cycles
Polymer acceptance rate: 19.1117%
Total runtime: 1.70782 mins (955.096 cycles/s)
************
Performed 104000 out of 10000000 MC cycles
Polymer acceptance rate: 19.87%
Total runtime: 1.73187 mins (693.089 cycles/s)
************
Performed 105000 out of 10000000 MC cycles
Polymer acceptance rate: 19.0967%
Total runtime: 1.75112 mins (865.47 cycles/s)
************
Performed 106000 out of 10000000 MC cycles
Polymer acceptance rate: 19.9661%
Total runtime: 1.7822 mins (536.258 cycles/s)
************
Performed 107000 out of 10000000 MC cycles
Polymer acceptance rate: 19.5497%
Total runtime: 1.79764 mins (1079.91 cycles/s)
************
Performed 108000 out of 10000000 MC cycles
Polymer acceptance rate: 19.1525%
Total runtime: 1.82997 mins (515.501 cycles/s)
************
Performed 109000 out of 10000000 MC cycles
Polymer acceptance rate: 19.6533%
Total runtime: 1.84278 mins (1300.24 cycles/s)
************
Performed 110000 out of 10000000 MC cycles
Polymer acceptance rate: 19.4647%
Total runtime: 1.86359 mins (801.17 cycles/s)
************
Performed 111000 out of 10000000 MC cycles
Polymer acceptance rate: 19.7853%
Total runtime: 1.89035 mins (622.76 cycles/s)
************
Performed 112000 out of 10000000 MC cycles
Polymer acceptance rate: 19.3389%
Total runtime: 1.91756 mins (612.511 cycles/s)
************
Performed 113000 out of 10000000 MC cycles
Polymer acceptance rate: 19.865%
Total runtime: 1.94921 mins (526.561 cycles/s)
************
Performed 114000 out of 10000000 MC cycles
Polymer acceptance rate: 19.7672%
Total runtime: 1.96932 mins (828.682 cycles/s)
************
Performed 115000 out of 10000000 MC cycles
Polymer acceptance rate: 19.8375%
Total runtime: 1.99002 mins (805.492 cycles/s)
************
Performed 116000 out of 10000000 MC cycles
Polymer acceptance rate: 20.2142%
Total runtime: 2.00772 mins (941.151 cycles/s)
************
Performed 117000 out of 10000000 MC cycles
Polymer acceptance rate: 19.5111%
Total runtime: 2.02392 mins (1029.25 cycles/s)
************
Performed 118000 out of 10000000 MC cycles
Polymer acceptance rate: 19.5328%
Total runtime: 2.12612 mins (163.071 cycles/s)
************
Performed 119000 out of 10000000 MC cycles
Polymer acceptance rate: 19.9783%
Total runtime: 2.15567 mins (564.034 cycles/s)
************
Performed 120000 out of 10000000 MC cycles
Polymer acceptance rate: 19.6747%
Total runtime: 2.18023 mins (678.703 cycles/s)
************
Performed 121000 out of 10000000 MC cycles
Polymer acceptance rate: 19.8697%
Total runtime: 2.21803 mins (440.856 cycles/s)
************
Performed 122000 out of 10000000 MC cycles
Polymer acceptance rate: 19.3106%
Total runtime: 2.24937 mins (531.799 cycles/s)
************
Performed 123000 out of 10000000 MC cycles
Polymer acceptance rate: 19.3639%
Total runtime: 2.26309 mins (1214.96 cycles/s)
************
Performed 124000 out of 10000000 MC cycles
Polymer acceptance rate: 20.1158%
Total runtime: 2.27976 mins (1000.19 cycles/s)
************
Performed 125000 out of 10000000 MC cycles
Polymer acceptance rate: 19.8608%
Total runtime: 2.29123 mins (1452.56 cycles/s)
