Using entropy-harvested random seed: 1172514875
Running with initial polymer density 0.000485979
Using 360 TADs, including main chain of length 360
************
Performed 1000 out of 10000000 MC cycles
Polymer acceptance rate: 15.0456%
Total runtime: 0.0251308 mins (663.196 cycles/s)
************
Performed 2000 out of 10000000 MC cycles
Polymer acceptance rate: 17.4469%
Total runtime: 0.0359834 mins (1535.73 cycles/s)
************
Performed 3000 out of 10000000 MC cycles
Polymer acceptance rate: 18.7869%
Total runtime: 0.0417254 mins (2902.6 cycles/s)
************
Performed 4000 out of 10000000 MC cycles
Polymer acceptance rate: 18.8775%
Total runtime: 0.0532206 mins (1449.88 cycles/s)
************
Performed 5000 out of 10000000 MC cycles
Polymer acceptance rate: 18.5958%
Total runtime: 0.0664574 mins (1259.12 cycles/s)
************
Performed 6000 out of 10000000 MC cycles
Polymer acceptance rate: 18.8528%
Total runtime: 0.0789752 mins (1331.44 cycles/s)
************
Performed 7000 out of 10000000 MC cycles
Polymer acceptance rate: 18.8172%
Total runtime: 0.0933388 mins (1160.34 cycles/s)
************
Performed 8000 out of 10000000 MC cycles
Polymer acceptance rate: 18.5894%
Total runtime: 0.1085 mins (1099.29 cycles/s)
************
Performed 9000 out of 10000000 MC cycles
Polymer acceptance rate: 19.0522%
Total runtime: 0.116901 mins (1983.81 cycles/s)
************
Performed 10000 out of 10000000 MC cycles
Polymer acceptance rate: 19.1992%
Total runtime: 0.131707 mins (1125.71 cycles/s)
************
Performed 11000 out of 10000000 MC cycles
Polymer acceptance rate: 19.76%
Total runtime: 0.142519 mins (1541.53 cycles/s)
************
Performed 12000 out of 10000000 MC cycles
Polymer acceptance rate: 19.7864%
Total runtime: 0.15303 mins (1585.59 cycles/s)
************
Performed 13000 out of 10000000 MC cycles
Polymer acceptance rate: 19.7675%
Total runtime: 0.189652 mins (455.101 cycles/s)
************
Performed 14000 out of 10000000 MC cycles
Polymer acceptance rate: 19.715%
Total runtime: 0.203833 mins (1175.26 cycles/s)
************
Performed 15000 out of 10000000 MC cycles
Polymer acceptance rate: 19.4931%
Total runtime: 0.213882 mins (1658.6 cycles/s)
************
Performed 16000 out of 10000000 MC cycles
Polymer acceptance rate: 19.7728%
Total runtime: 0.238939 mins (665.142 cycles/s)
************
Performed 17000 out of 10000000 MC cycles
Polymer acceptance rate: 19.9533%
Total runtime: 0.267853 mins (576.419 cycles/s)
************
Performed 18000 out of 10000000 MC cycles
Polymer acceptance rate: 19.4186%
Total runtime: 0.282032 mins (1175.44 cycles/s)
************
Performed 19000 out of 10000000 MC cycles
Polymer acceptance rate: 19.4458%
Total runtime: 0.299456 mins (956.532 cycles/s)
************
Performed 20000 out of 10000000 MC cycles
Polymer acceptance rate: 19.7697%
Total runtime: 0.314632 mins (1098.24 cycles/s)
************
Performed 21000 out of 10000000 MC cycles
Polymer acceptance rate: 19.8828%
Total runtime: 0.327391 mins (1306.25 cycles/s)
************
Performed 22000 out of 10000000 MC cycles
Polymer acceptance rate: 19.5228%
Total runtime: 0.340922 mins (1231.8 cycles/s)
************
Performed 23000 out of 10000000 MC cycles
Polymer acceptance rate: 19.4611%
Total runtime: 0.355309 mins (1158.39 cycles/s)
************
Performed 24000 out of 10000000 MC cycles
Polymer acceptance rate: 19.1617%
Total runtime: 0.369053 mins (1212.7 cycles/s)
************
Performed 25000 out of 10000000 MC cycles
Polymer acceptance rate: 19.4114%
Total runtime: 0.38044 mins (1463.69 cycles/s)
************
Performed 26000 out of 10000000 MC cycles
Polymer acceptance rate: 19.6364%
Total runtime: 0.392341 mins (1400.44 cycles/s)
************
Performed 27000 out of 10000000 MC cycles
Polymer acceptance rate: 20.2189%
Total runtime: 0.402582 mins (1627.3 cycles/s)
************
Performed 28000 out of 10000000 MC cycles
Polymer acceptance rate: 19.6881%
Total runtime: 0.4141 mins (1447.07 cycles/s)
************
Performed 29000 out of 10000000 MC cycles
Polymer acceptance rate: 19.6617%
Total runtime: 0.428887 mins (1127.14 cycles/s)
************
Performed 30000 out of 10000000 MC cycles
Polymer acceptance rate: 19.0242%
Total runtime: 0.43573 mins (2435.44 cycles/s)
************
Performed 31000 out of 10000000 MC cycles
Polymer acceptance rate: 19.3528%
Total runtime: 0.447462 mins (1420.6 cycles/s)
************
Performed 32000 out of 10000000 MC cycles
Polymer acceptance rate: 19.3817%
Total runtime: 0.462636 mins (1098.42 cycles/s)
************
Performed 33000 out of 10000000 MC cycles
Polymer acceptance rate: 19.3631%
Total runtime: 0.474304 mins (1428.34 cycles/s)
************
Performed 34000 out of 10000000 MC cycles
Polymer acceptance rate: 19.5017%
Total runtime: 0.485905 mins (1436.66 cycles/s)
************
Performed 35000 out of 10000000 MC cycles
Polymer acceptance rate: 19.4936%
Total runtime: 0.494546 mins (1928.91 cycles/s)
************
Performed 36000 out of 10000000 MC cycles
Polymer acceptance rate: 19.4806%
Total runtime: 0.50896 mins (1156.27 cycles/s)
************
Performed 37000 out of 10000000 MC cycles
Polymer acceptance rate: 19.1544%
Total runtime: 0.524473 mins (1074.34 cycles/s)
************
Performed 38000 out of 10000000 MC cycles
Polymer acceptance rate: 19.4556%
Total runtime: 0.537915 mins (1239.88 cycles/s)
************
Performed 39000 out of 10000000 MC cycles
Polymer acceptance rate: 19.1675%
Total runtime: 0.547953 mins (1660.31 cycles/s)
************
Performed 40000 out of 10000000 MC cycles
Polymer acceptance rate: 19.7381%
Total runtime: 0.558899 mins (1522.68 cycles/s)
************
Performed 41000 out of 10000000 MC cycles
Polymer acceptance rate: 19.4103%
Total runtime: 0.573459 mins (1144.68 cycles/s)
************
Performed 42000 out of 10000000 MC cycles
Polymer acceptance rate: 19.6614%
Total runtime: 0.580522 mins (2359.76 cycles/s)
************
Performed 43000 out of 10000000 MC cycles
Polymer acceptance rate: 19.9139%
Total runtime: 0.592984 mins (1337.46 cycles/s)
************
Performed 44000 out of 10000000 MC cycles
Polymer acceptance rate: 19.8619%
Total runtime: 0.605335 mins (1349.39 cycles/s)
************
Performed 45000 out of 10000000 MC cycles
Polymer acceptance rate: 19.4267%
Total runtime: 0.619864 mins (1147.11 cycles/s)
************
Performed 46000 out of 10000000 MC cycles
Polymer acceptance rate: 19.2828%
Total runtime: 0.633531 mins (1219.52 cycles/s)
************
Performed 47000 out of 10000000 MC cycles
Polymer acceptance rate: 19.3225%
Total runtime: 0.639649 mins (2724.26 cycles/s)
************
Performed 48000 out of 10000000 MC cycles
Polymer acceptance rate: 19.3306%
Total runtime: 0.65727 mins (945.797 cycles/s)
************
Performed 49000 out of 10000000 MC cycles
Polymer acceptance rate: 19.8389%
Total runtime: 0.669166 mins (1401.11 cycles/s)
************
Performed 50000 out of 10000000 MC cycles
Polymer acceptance rate: 19.8617%
Total runtime: 0.681523 mins (1348.76 cycles/s)
************
Performed 51000 out of 10000000 MC cycles
Polymer acceptance rate: 19.9908%
Total runtime: 0.694084 mins (1326.82 cycles/s)
************
Performed 52000 out of 10000000 MC cycles
Polymer acceptance rate: 20.0925%
Total runtime: 0.710445 mins (1018.72 cycles/s)
************
Performed 53000 out of 10000000 MC cycles
Polymer acceptance rate: 20.3967%
Total runtime: 0.720649 mins (1633.34 cycles/s)
************
Performed 54000 out of 10000000 MC cycles
Polymer acceptance rate: 19.4614%
Total runtime: 0.732533 mins (1402.39 cycles/s)
************
Performed 55000 out of 10000000 MC cycles
Polymer acceptance rate: 19.34%
Total runtime: 0.745221 mins (1313.57 cycles/s)
************
Performed 56000 out of 10000000 MC cycles
Polymer acceptance rate: 19.2358%
Total runtime: 0.764273 mins (874.825 cycles/s)
************
Performed 57000 out of 10000000 MC cycles
Polymer acceptance rate: 19.5314%
Total runtime: 0.778314 mins (1187 cycles/s)
************
Performed 58000 out of 10000000 MC cycles
Polymer acceptance rate: 19.86%
Total runtime: 0.788049 mins (1711.92 cycles/s)
************
Performed 59000 out of 10000000 MC cycles
Polymer acceptance rate: 19.5422%
Total runtime: 0.803739 mins (1062.25 cycles/s)
************
Performed 60000 out of 10000000 MC cycles
Polymer acceptance rate: 19.7675%
Total runtime: 0.818746 mins (1110.58 cycles/s)
************
Performed 61000 out of 10000000 MC cycles
Polymer acceptance rate: 19.5833%
Total runtime: 0.839155 mins (816.66 cycles/s)
************
Performed 62000 out of 10000000 MC cycles
Polymer acceptance rate: 19.5106%
Total runtime: 0.863753 mins (677.557 cycles/s)
************
Performed 63000 out of 10000000 MC cycles
Polymer acceptance rate: 19.8772%
Total runtime: 0.879303 mins (1071.8 cycles/s)
************
Performed 64000 out of 10000000 MC cycles
Polymer acceptance rate: 19.8067%
Total runtime: 0.910155 mins (540.21 cycles/s)
************
Performed 65000 out of 10000000 MC cycles
Polymer acceptance rate: 19.3897%
Total runtime: 0.938576 mins (586.424 cycles/s)
************
Performed 66000 out of 10000000 MC cycles
Polymer acceptance rate: 19.7619%
Total runtime: 0.964232 mins (649.615 cycles/s)
************
Performed 67000 out of 10000000 MC cycles
Polymer acceptance rate: 19.3458%
Total runtime: 0.977334 mins (1272.13 cycles/s)
************
Performed 68000 out of 10000000 MC cycles
Polymer acceptance rate: 18.7756%
Total runtime: 1.00236 mins (665.993 cycles/s)
************
Performed 69000 out of 10000000 MC cycles
Polymer acceptance rate: 19.3514%
Total runtime: 1.01788 mins (1073.86 cycles/s)
************
Performed 70000 out of 10000000 MC cycles
Polymer acceptance rate: 19.5114%
Total runtime: 1.04419 mins (633.404 cycles/s)
************
Performed 71000 out of 10000000 MC cycles
Polymer acceptance rate: 19.3914%
Total runtime: 1.05728 mins (1273.15 cycles/s)
************
Performed 72000 out of 10000000 MC cycles
Polymer acceptance rate: 19.4419%
Total runtime: 1.07453 mins (966.31 cycles/s)
************
Performed 73000 out of 10000000 MC cycles
Polymer acceptance rate: 19.4411%
Total runtime: 1.08856 mins (1187.81 cycles/s)
************
Performed 74000 out of 10000000 MC cycles
Polymer acceptance rate: 19.0089%
Total runtime: 1.10667 mins (920.278 cycles/s)
************
Performed 75000 out of 10000000 MC cycles
Polymer acceptance rate: 19.3692%
Total runtime: 1.12575 mins (873.485 cycles/s)
************
Performed 76000 out of 10000000 MC cycles
Polymer acceptance rate: 19.5042%
Total runtime: 1.155 mins (569.948 cycles/s)
************
Performed 77000 out of 10000000 MC cycles
Polymer acceptance rate: 19.9244%
Total runtime: 1.1778 mins (730.804 cycles/s)
************
Performed 78000 out of 10000000 MC cycles
Polymer acceptance rate: 19.1825%
Total runtime: 1.20661 mins (578.456 cycles/s)
************
Performed 79000 out of 10000000 MC cycles
Polymer acceptance rate: 19.7631%
Total runtime: 1.22961 mins (724.728 cycles/s)
************
Performed 80000 out of 10000000 MC cycles
Polymer acceptance rate: 19.5164%
Total runtime: 1.24538 mins (1057.12 cycles/s)
************
Performed 81000 out of 10000000 MC cycles
Polymer acceptance rate: 19.4061%
Total runtime: 1.26277 mins (958.004 cycles/s)
************
Performed 82000 out of 10000000 MC cycles
Polymer acceptance rate: 19.8297%
Total runtime: 1.28201 mins (866.383 cycles/s)
************
Performed 83000 out of 10000000 MC cycles
Polymer acceptance rate: 19.5308%
Total runtime: 1.30855 mins (628.107 cycles/s)
************
Performed 84000 out of 10000000 MC cycles
Polymer acceptance rate: 19.6072%
Total runtime: 1.32966 mins (789.341 cycles/s)
************
Performed 85000 out of 10000000 MC cycles
Polymer acceptance rate: 19.8994%
Total runtime: 1.34213 mins (1336.36 cycles/s)
************
Performed 86000 out of 10000000 MC cycles
Polymer acceptance rate: 19.4117%
Total runtime: 1.35449 mins (1348.69 cycles/s)
************
Performed 87000 out of 10000000 MC cycles
Polymer acceptance rate: 19.9181%
Total runtime: 1.36945 mins (1114.01 cycles/s)
************
Performed 88000 out of 10000000 MC cycles
Polymer acceptance rate: 19.48%
Total runtime: 1.38575 mins (1022.81 cycles/s)
************
Performed 89000 out of 10000000 MC cycles
Polymer acceptance rate: 19.7125%
Total runtime: 1.40852 mins (731.764 cycles/s)
************
Performed 90000 out of 10000000 MC cycles
Polymer acceptance rate: 19.3781%
Total runtime: 1.42892 mins (817.228 cycles/s)
************
Performed 91000 out of 10000000 MC cycles
Polymer acceptance rate: 19.7928%
Total runtime: 1.45191 mins (724.933 cycles/s)
************
Performed 92000 out of 10000000 MC cycles
Polymer acceptance rate: 20.3247%
Total runtime: 1.4699 mins (926.111 cycles/s)
************
Performed 93000 out of 10000000 MC cycles
Polymer acceptance rate: 19.1325%
Total runtime: 1.48796 mins (923.137 cycles/s)
************
Performed 94000 out of 10000000 MC cycles
Polymer acceptance rate: 19.8319%
Total runtime: 1.50484 mins (987.153 cycles/s)
************
Performed 95000 out of 10000000 MC cycles
Polymer acceptance rate: 19.8878%
Total runtime: 1.51501 mins (1639.07 cycles/s)
************
Performed 96000 out of 10000000 MC cycles
Polymer acceptance rate: 20.3681%
Total runtime: 1.5352 mins (825.691 cycles/s)
************
Performed 97000 out of 10000000 MC cycles
Polymer acceptance rate: 19.7442%
Total runtime: 1.5476 mins (1343.92 cycles/s)
************
Performed 98000 out of 10000000 MC cycles
Polymer acceptance rate: 19.6022%
Total runtime: 1.56866 mins (791.171 cycles/s)
************
Performed 99000 out of 10000000 MC cycles
Polymer acceptance rate: 19.5764%
Total runtime: 1.58184 mins (1264.76 cycles/s)
************
Performed 100000 out of 10000000 MC cycles
Polymer acceptance rate: 19.9992%
Total runtime: 1.6162 mins (485.057 cycles/s)
************
Performed 101000 out of 10000000 MC cycles
Polymer acceptance rate: 19.9458%
Total runtime: 1.64322 mins (616.817 cycles/s)
************
Performed 102000 out of 10000000 MC cycles
Polymer acceptance rate: 19.9442%
Total runtime: 1.66173 mins (900.236 cycles/s)
************
Performed 103000 out of 10000000 MC cycles
Polymer acceptance rate: 19.42%
Total runtime: 1.70831 mins (357.807 cycles/s)
************
Performed 104000 out of 10000000 MC cycles
Polymer acceptance rate: 19.4594%
Total runtime: 1.72843 mins (828.554 cycles/s)
************
Performed 105000 out of 10000000 MC cycles
Polymer acceptance rate: 19.4933%
Total runtime: 1.74991 mins (775.83 cycles/s)
************
Performed 106000 out of 10000000 MC cycles
Polymer acceptance rate: 19.6742%
Total runtime: 1.75775 mins (2125.65 cycles/s)
************
Performed 107000 out of 10000000 MC cycles
Polymer acceptance rate: 19.2208%
Total runtime: 1.7896 mins (523.261 cycles/s)
************
Performed 108000 out of 10000000 MC cycles
Polymer acceptance rate: 19.2911%
Total runtime: 1.80828 mins (892.363 cycles/s)
************
Performed 109000 out of 10000000 MC cycles
Polymer acceptance rate: 20.0667%
Total runtime: 1.83533 mins (616.275 cycles/s)
************
Performed 110000 out of 10000000 MC cycles
Polymer acceptance rate: 19.6194%
Total runtime: 1.864 mins (581.169 cycles/s)
************
Performed 111000 out of 10000000 MC cycles
Polymer acceptance rate: 19.1597%
Total runtime: 1.88851 mins (680.113 cycles/s)
************
Performed 112000 out of 10000000 MC cycles
Polymer acceptance rate: 20.1161%
Total runtime: 1.91343 mins (668.771 cycles/s)
************
Performed 113000 out of 10000000 MC cycles
Polymer acceptance rate: 19.3194%
Total runtime: 1.93843 mins (666.659 cycles/s)
************
Performed 114000 out of 10000000 MC cycles
Polymer acceptance rate: 19.5206%
Total runtime: 1.95305 mins (1139.87 cycles/s)
************
Performed 115000 out of 10000000 MC cycles
Polymer acceptance rate: 19.7036%
Total runtime: 1.97321 mins (826.759 cycles/s)
************
Performed 116000 out of 10000000 MC cycles
Polymer acceptance rate: 19.4706%
Total runtime: 1.99663 mins (711.664 cycles/s)
************
Performed 117000 out of 10000000 MC cycles
Polymer acceptance rate: 19.2706%
Total runtime: 2.01711 mins (813.999 cycles/s)
************
Performed 118000 out of 10000000 MC cycles
Polymer acceptance rate: 19.4281%
Total runtime: 2.12632 mins (152.609 cycles/s)
************
Performed 119000 out of 10000000 MC cycles
Polymer acceptance rate: 19.5944%
Total runtime: 2.14867 mins (745.557 cycles/s)
************
Performed 120000 out of 10000000 MC cycles
Polymer acceptance rate: 19.3306%
Total runtime: 2.17187 mins (718.508 cycles/s)
************
Performed 121000 out of 10000000 MC cycles
Polymer acceptance rate: 19.2911%
Total runtime: 2.2212 mins (337.834 cycles/s)
************
Performed 122000 out of 10000000 MC cycles
Polymer acceptance rate: 19.9056%
Total runtime: 2.25063 mins (566.457 cycles/s)
************
Performed 123000 out of 10000000 MC cycles
Polymer acceptance rate: 19.3697%
Total runtime: 2.26312 mins (1333.64 cycles/s)
************
Performed 124000 out of 10000000 MC cycles
Polymer acceptance rate: 19.7822%
Total runtime: 2.28434 mins (785.688 cycles/s)
************
Performed 125000 out of 10000000 MC cycles
Polymer acceptance rate: 18.9592%
Total runtime: 2.30515 mins (800.665 cycles/s)
