Using entropy-harvested random seed: -374041819
Running with initial polymer density 0.000485979
Using 360 TADs, including main chain of length 360
************
Performed 1000 out of 10000000 MC cycles
Polymer acceptance rate: 15.6328%
Total runtime: 0.0145103 mins (1148.61 cycles/s)
************
Performed 2000 out of 10000000 MC cycles
Polymer acceptance rate: 18.1758%
Total runtime: 0.0303246 mins (1053.9 cycles/s)
************
Performed 3000 out of 10000000 MC cycles
Polymer acceptance rate: 18.9242%
Total runtime: 0.042405 mins (1379.65 cycles/s)
************
Performed 4000 out of 10000000 MC cycles
Polymer acceptance rate: 19.4486%
Total runtime: 0.0542702 mins (1404.66 cycles/s)
************
Performed 5000 out of 10000000 MC cycles
Polymer acceptance rate: 19.5342%
Total runtime: 0.0693063 mins (1108.45 cycles/s)
************
Performed 6000 out of 10000000 MC cycles
Polymer acceptance rate: 19.8264%
Total runtime: 0.0860614 mins (994.722 cycles/s)
************
Performed 7000 out of 10000000 MC cycles
Polymer acceptance rate: 18.4133%
Total runtime: 0.103036 mins (981.852 cycles/s)
************
Performed 8000 out of 10000000 MC cycles
Polymer acceptance rate: 18.5994%
Total runtime: 0.118777 mins (1058.84 cycles/s)
************
Performed 9000 out of 10000000 MC cycles
Polymer acceptance rate: 18.8283%
Total runtime: 0.137863 mins (873.227 cycles/s)
************
Performed 10000 out of 10000000 MC cycles
Polymer acceptance rate: 19.4361%
Total runtime: 0.171419 mins (496.683 cycles/s)
************
Performed 11000 out of 10000000 MC cycles
Polymer acceptance rate: 19.0528%
Total runtime: 0.186269 mins (1122.28 cycles/s)
************
Performed 12000 out of 10000000 MC cycles
Polymer acceptance rate: 19.7081%
Total runtime: 0.19999 mins (1214.71 cycles/s)
************
Performed 13000 out of 10000000 MC cycles
Polymer acceptance rate: 19.1578%
Total runtime: 0.228535 mins (583.883 cycles/s)
************
Performed 14000 out of 10000000 MC cycles
Polymer acceptance rate: 18.9983%
Total runtime: 0.242965 mins (1154.98 cycles/s)
************
Performed 15000 out of 10000000 MC cycles
Polymer acceptance rate: 18.9267%
Total runtime: 0.267492 mins (679.524 cycles/s)
************
Performed 16000 out of 10000000 MC cycles
Polymer acceptance rate: 19.0942%
Total runtime: 0.286252 mins (888.426 cycles/s)
************
Performed 17000 out of 10000000 MC cycles
Polymer acceptance rate: 19.0186%
Total runtime: 0.300103 mins (1203.23 cycles/s)
************
Performed 18000 out of 10000000 MC cycles
Polymer acceptance rate: 19.6189%
Total runtime: 0.3142 mins (1182.3 cycles/s)
************
Performed 19000 out of 10000000 MC cycles
Polymer acceptance rate: 19.8272%
Total runtime: 0.327721 mins (1232.65 cycles/s)
************
Performed 20000 out of 10000000 MC cycles
Polymer acceptance rate: 19.7064%
Total runtime: 0.337737 mins (1663.98 cycles/s)
************
Performed 21000 out of 10000000 MC cycles
Polymer acceptance rate: 19.8922%
Total runtime: 0.350991 mins (1257.49 cycles/s)
************
Performed 22000 out of 10000000 MC cycles
Polymer acceptance rate: 19.6456%
Total runtime: 0.360359 mins (1779.07 cycles/s)
************
Performed 23000 out of 10000000 MC cycles
Polymer acceptance rate: 20.0211%
Total runtime: 0.372032 mins (1427.88 cycles/s)
************
Performed 24000 out of 10000000 MC cycles
Polymer acceptance rate: 19.7286%
Total runtime: 0.384527 mins (1333.85 cycles/s)
************
Performed 25000 out of 10000000 MC cycles
Polymer acceptance rate: 19.1847%
Total runtime: 0.394523 mins (1667.31 cycles/s)
************
Performed 26000 out of 10000000 MC cycles
Polymer acceptance rate: 20.0617%
Total runtime: 0.41216 mins (944.991 cycles/s)
************
Performed 27000 out of 10000000 MC cycles
Polymer acceptance rate: 20.1158%
Total runtime: 0.422745 mins (1574.49 cycles/s)
************
Performed 28000 out of 10000000 MC cycles
Polymer acceptance rate: 19.6092%
Total runtime: 0.435036 mins (1356.06 cycles/s)
************
Performed 29000 out of 10000000 MC cycles
Polymer acceptance rate: 19.0594%
Total runtime: 0.449536 mins (1149.4 cycles/s)
************
Performed 30000 out of 10000000 MC cycles
Polymer acceptance rate: 19.8267%
Total runtime: 0.461116 mins (1439.26 cycles/s)
************
Performed 31000 out of 10000000 MC cycles
Polymer acceptance rate: 20.185%
Total runtime: 0.473337 mins (1363.81 cycles/s)
************
Performed 32000 out of 10000000 MC cycles
Polymer acceptance rate: 19.2486%
Total runtime: 0.486268 mins (1288.88 cycles/s)
************
Performed 33000 out of 10000000 MC cycles
Polymer acceptance rate: 19.4464%
Total runtime: 0.498562 mins (1355.71 cycles/s)
************
Performed 34000 out of 10000000 MC cycles
Polymer acceptance rate: 19.5425%
Total runtime: 0.508166 mins (1735.34 cycles/s)
************
Performed 35000 out of 10000000 MC cycles
Polymer acceptance rate: 19.7172%
Total runtime: 0.523424 mins (1092.35 cycles/s)
************
Performed 36000 out of 10000000 MC cycles
Polymer acceptance rate: 19.7094%
Total runtime: 0.534595 mins (1491.96 cycles/s)
************
Performed 37000 out of 10000000 MC cycles
Polymer acceptance rate: 19.38%
Total runtime: 0.542527 mins (2101.16 cycles/s)
************
Performed 38000 out of 10000000 MC cycles
Polymer acceptance rate: 19.7539%
Total runtime: 0.553162 mins (1567.05 cycles/s)
************
Performed 39000 out of 10000000 MC cycles
Polymer acceptance rate: 19.8497%
Total runtime: 0.564219 mins (1507.44 cycles/s)
************
Performed 40000 out of 10000000 MC cycles
Polymer acceptance rate: 19.6667%
Total runtime: 0.576937 mins (1310.46 cycles/s)
************
Performed 41000 out of 10000000 MC cycles
Polymer acceptance rate: 19.4339%
Total runtime: 0.589045 mins (1376.47 cycles/s)
************
Performed 42000 out of 10000000 MC cycles
Polymer acceptance rate: 19.0461%
Total runtime: 0.604518 mins (1077.12 cycles/s)
************
Performed 43000 out of 10000000 MC cycles
Polymer acceptance rate: 19.9978%
Total runtime: 0.616562 mins (1383.82 cycles/s)
************
Performed 44000 out of 10000000 MC cycles
Polymer acceptance rate: 19.3297%
Total runtime: 0.627411 mins (1536.34 cycles/s)
************
Performed 45000 out of 10000000 MC cycles
Polymer acceptance rate: 19.5203%
Total runtime: 0.643614 mins (1028.6 cycles/s)
************
Performed 46000 out of 10000000 MC cycles
Polymer acceptance rate: 19.6333%
Total runtime: 0.654371 mins (1549.32 cycles/s)
************
Performed 47000 out of 10000000 MC cycles
Polymer acceptance rate: 19.5547%
Total runtime: 0.667196 mins (1299.58 cycles/s)
************
Performed 48000 out of 10000000 MC cycles
Polymer acceptance rate: 19.7022%
Total runtime: 0.681278 mins (1183.54 cycles/s)
************
Performed 49000 out of 10000000 MC cycles
Polymer acceptance rate: 20.0583%
Total runtime: 0.690456 mins (1815.96 cycles/s)
************
Performed 50000 out of 10000000 MC cycles
Polymer acceptance rate: 19.4197%
Total runtime: 0.699962 mins (1753.24 cycles/s)
************
Performed 51000 out of 10000000 MC cycles
Polymer acceptance rate: 19.4389%
Total runtime: 0.705371 mins (3081.37 cycles/s)
************
Performed 52000 out of 10000000 MC cycles
Polymer acceptance rate: 20.105%
Total runtime: 0.718674 mins (1252.88 cycles/s)
************
Performed 53000 out of 10000000 MC cycles
Polymer acceptance rate: 20.0981%
Total runtime: 0.727342 mins (1922.8 cycles/s)
************
Performed 54000 out of 10000000 MC cycles
Polymer acceptance rate: 19.2161%
Total runtime: 0.741348 mins (1189.94 cycles/s)
************
Performed 55000 out of 10000000 MC cycles
Polymer acceptance rate: 19.9786%
Total runtime: 0.761855 mins (812.719 cycles/s)
************
Performed 56000 out of 10000000 MC cycles
Polymer acceptance rate: 19.4908%
Total runtime: 0.782955 mins (789.896 cycles/s)
************
Performed 57000 out of 10000000 MC cycles
Polymer acceptance rate: 19.8206%
Total runtime: 0.802214 mins (865.389 cycles/s)
************
Performed 58000 out of 10000000 MC cycles
Polymer acceptance rate: 19.4569%
Total runtime: 0.819815 mins (946.929 cycles/s)
************
Performed 59000 out of 10000000 MC cycles
Polymer acceptance rate: 19.6611%
Total runtime: 0.840067 mins (822.976 cycles/s)
************
Performed 60000 out of 10000000 MC cycles
Polymer acceptance rate: 19.4725%
Total runtime: 0.855048 mins (1112.47 cycles/s)
************
Performed 61000 out of 10000000 MC cycles
Polymer acceptance rate: 19.8497%
Total runtime: 0.892573 mins (444.148 cycles/s)
************
Performed 62000 out of 10000000 MC cycles
Polymer acceptance rate: 19.9389%
Total runtime: 0.927663 mins (474.974 cycles/s)
************
Performed 63000 out of 10000000 MC cycles
Polymer acceptance rate: 19.3419%
Total runtime: 0.945683 mins (924.909 cycles/s)
************
Performed 64000 out of 10000000 MC cycles
Polymer acceptance rate: 19.3317%
Total runtime: 0.964375 mins (891.65 cycles/s)
************
Performed 65000 out of 10000000 MC cycles
Polymer acceptance rate: 19.0797%
Total runtime: 0.977344 mins (1285.03 cycles/s)
************
Performed 66000 out of 10000000 MC cycles
Polymer acceptance rate: 19.4564%
Total runtime: 0.997356 mins (832.862 cycles/s)
************
Performed 67000 out of 10000000 MC cycles
Polymer acceptance rate: 20.0725%
Total runtime: 1.01964 mins (747.794 cycles/s)
************
Performed 68000 out of 10000000 MC cycles
Polymer acceptance rate: 19.8522%
Total runtime: 1.04512 mins (654.299 cycles/s)
************
Performed 69000 out of 10000000 MC cycles
Polymer acceptance rate: 19.3369%
Total runtime: 1.06002 mins (1118.26 cycles/s)
************
Performed 70000 out of 10000000 MC cycles
Polymer acceptance rate: 19.1997%
Total runtime: 1.07034 mins (1615.11 cycles/s)
************
Performed 71000 out of 10000000 MC cycles
Polymer acceptance rate: 19.5869%
Total runtime: 1.08669 mins (1019.13 cycles/s)
************
Performed 72000 out of 10000000 MC cycles
Polymer acceptance rate: 19.7828%
Total runtime: 1.10344 mins (995.492 cycles/s)
************
Performed 73000 out of 10000000 MC cycles
Polymer acceptance rate: 19.4736%
Total runtime: 1.13298 mins (564.166 cycles/s)
************
Performed 74000 out of 10000000 MC cycles
Polymer acceptance rate: 20.0175%
Total runtime: 1.142 mins (1847.01 cycles/s)
************
Performed 75000 out of 10000000 MC cycles
Polymer acceptance rate: 19.3061%
Total runtime: 1.17256 mins (545.469 cycles/s)
************
Performed 76000 out of 10000000 MC cycles
Polymer acceptance rate: 19.1061%
Total runtime: 1.19477 mins (750.384 cycles/s)
************
Performed 77000 out of 10000000 MC cycles
Polymer acceptance rate: 19.3239%
Total runtime: 1.2281 mins (500.012 cycles/s)
************
Performed 78000 out of 10000000 MC cycles
Polymer acceptance rate: 19.4661%
Total runtime: 1.24034 mins (1361.23 cycles/s)
************
Performed 79000 out of 10000000 MC cycles
Polymer acceptance rate: 19.7114%
Total runtime: 1.26107 mins (804.291 cycles/s)
************
Performed 80000 out of 10000000 MC cycles
Polymer acceptance rate: 19.7283%
Total runtime: 1.28046 mins (859.201 cycles/s)
************
Performed 81000 out of 10000000 MC cycles
Polymer acceptance rate: 19.1608%
Total runtime: 1.30676 mins (633.795 cycles/s)
************
Performed 82000 out of 10000000 MC cycles
Polymer acceptance rate: 19.7672%
Total runtime: 1.32005 mins (1254.5 cycles/s)
************
Performed 83000 out of 10000000 MC cycles
Polymer acceptance rate: 19.4644%
Total runtime: 1.33429 mins (1170.09 cycles/s)
************
Performed 84000 out of 10000000 MC cycles
Polymer acceptance rate: 19.8067%
Total runtime: 1.34828 mins (1191.35 cycles/s)
************
Performed 85000 out of 10000000 MC cycles
Polymer acceptance rate: 19.5281%
Total runtime: 1.36543 mins (971.557 cycles/s)
************
Performed 86000 out of 10000000 MC cycles
Polymer acceptance rate: 19.4736%
Total runtime: 1.38123 mins (1055.15 cycles/s)
************
Performed 87000 out of 10000000 MC cycles
Polymer acceptance rate: 19.83%
Total runtime: 1.40048 mins (865.543 cycles/s)
************
Performed 88000 out of 10000000 MC cycles
Polymer acceptance rate: 19.2636%
Total runtime: 1.41473 mins (1170.33 cycles/s)
************
Performed 89000 out of 10000000 MC cycles
Polymer acceptance rate: 19.1422%
Total runtime: 1.4334 mins (892.488 cycles/s)
************
Performed 90000 out of 10000000 MC cycles
Polymer acceptance rate: 19.2667%
Total runtime: 1.46585 mins (513.586 cycles/s)
************
Performed 91000 out of 10000000 MC cycles
Polymer acceptance rate: 19.5319%
Total runtime: 1.47607 mins (1630.85 cycles/s)
************
Performed 92000 out of 10000000 MC cycles
Polymer acceptance rate: 19.5892%
Total runtime: 1.49566 mins (850.675 cycles/s)
************
Performed 93000 out of 10000000 MC cycles
Polymer acceptance rate: 19.8669%
Total runtime: 1.51202 mins (1018.68 cycles/s)
************
Performed 94000 out of 10000000 MC cycles
Polymer acceptance rate: 19.7036%
Total runtime: 1.53957 mins (605.002 cycles/s)
************
Performed 95000 out of 10000000 MC cycles
Polymer acceptance rate: 19.4925%
Total runtime: 1.56305 mins (709.992 cycles/s)
************
Performed 96000 out of 10000000 MC cycles
Polymer acceptance rate: 19.2875%
Total runtime: 1.58693 mins (697.769 cycles/s)
************
Performed 97000 out of 10000000 MC cycles
Polymer acceptance rate: 19.4786%
Total runtime: 1.60858 mins (769.808 cycles/s)
************
Performed 98000 out of 10000000 MC cycles
Polymer acceptance rate: 19.4033%
Total runtime: 1.62228 mins (1216.45 cycles/s)
************
Performed 99000 out of 10000000 MC cycles
Polymer acceptance rate: 19.5158%
Total runtime: 1.6372 mins (1117.15 cycles/s)
************
Performed 100000 out of 10000000 MC cycles
Polymer acceptance rate: 19.7222%
Total runtime: 1.65578 mins (897.355 cycles/s)
************
Performed 101000 out of 10000000 MC cycles
Polymer acceptance rate: 19.0708%
Total runtime: 1.68952 mins (493.946 cycles/s)
************
Performed 102000 out of 10000000 MC cycles
Polymer acceptance rate: 19.3975%
Total runtime: 1.70124 mins (1421.96 cycles/s)
************
Performed 103000 out of 10000000 MC cycles
Polymer acceptance rate: 19.7272%
Total runtime: 1.72743 mins (636.246 cycles/s)
************
Performed 104000 out of 10000000 MC cycles
Polymer acceptance rate: 20.2547%
Total runtime: 1.74993 mins (741.032 cycles/s)
************
Performed 105000 out of 10000000 MC cycles
Polymer acceptance rate: 19.7219%
Total runtime: 1.76749 mins (949.059 cycles/s)
************
Performed 106000 out of 10000000 MC cycles
Polymer acceptance rate: 19.7733%
Total runtime: 1.781 mins (1233.07 cycles/s)
************
Performed 107000 out of 10000000 MC cycles
Polymer acceptance rate: 19.0086%
Total runtime: 1.79889 mins (931.701 cycles/s)
************
Performed 108000 out of 10000000 MC cycles
Polymer acceptance rate: 19.7583%
Total runtime: 1.83865 mins (419.207 cycles/s)
************
Performed 109000 out of 10000000 MC cycles
Polymer acceptance rate: 19.4811%
Total runtime: 1.86448 mins (645.21 cycles/s)
************
Performed 110000 out of 10000000 MC cycles
Polymer acceptance rate: 19.2622%
Total runtime: 1.8905 mins (640.608 cycles/s)
************
Performed 111000 out of 10000000 MC cycles
Polymer acceptance rate: 19.5147%
Total runtime: 1.92223 mins (525.22 cycles/s)
************
Performed 112000 out of 10000000 MC cycles
Polymer acceptance rate: 19.7811%
Total runtime: 1.93542 mins (1263.88 cycles/s)
************
Performed 113000 out of 10000000 MC cycles
Polymer acceptance rate: 20.0672%
Total runtime: 1.9541 mins (892.094 cycles/s)
************
Performed 114000 out of 10000000 MC cycles
Polymer acceptance rate: 19.61%
Total runtime: 1.97572 mins (770.927 cycles/s)
************
Performed 115000 out of 10000000 MC cycles
Polymer acceptance rate: 19.3567%
Total runtime: 1.99348 mins (938.626 cycles/s)
************
Performed 116000 out of 10000000 MC cycles
Polymer acceptance rate: 19.4558%
Total runtime: 2.01583 mins (745.582 cycles/s)
************
Performed 117000 out of 10000000 MC cycles
Polymer acceptance rate: 19.9572%
Total runtime: 2.0983 mins (202.098 cycles/s)
************
Performed 118000 out of 10000000 MC cycles
Polymer acceptance rate: 19.3836%
Total runtime: 2.12646 mins (591.725 cycles/s)
************
Performed 119000 out of 10000000 MC cycles
Polymer acceptance rate: 19.9083%
Total runtime: 2.14594 mins (855.776 cycles/s)
************
Performed 120000 out of 10000000 MC cycles
Polymer acceptance rate: 19.8725%
Total runtime: 2.15878 mins (1298.23 cycles/s)
************
Performed 121000 out of 10000000 MC cycles
Polymer acceptance rate: 19.5161%
Total runtime: 2.2155 mins (293.803 cycles/s)
************
Performed 122000 out of 10000000 MC cycles
Polymer acceptance rate: 20.2819%
Total runtime: 2.23134 mins (1052.44 cycles/s)
************
Performed 123000 out of 10000000 MC cycles
Polymer acceptance rate: 19.4047%
Total runtime: 2.2433 mins (1393.46 cycles/s)
************
Performed 124000 out of 10000000 MC cycles
Polymer acceptance rate: 19.3281%
Total runtime: 2.2708 mins (606.15 cycles/s)
