Using entropy-harvested random seed: -635490709
Running with initial polymer density 0.000485979
Using 360 TADs, including main chain of length 360
************
Performed 1000 out of 10000000 MC cycles
Polymer acceptance rate: 15.9858%
Total runtime: 0.0469567 mins (354.937 cycles/s)
************
Performed 2000 out of 10000000 MC cycles
Polymer acceptance rate: 17.8564%
Total runtime: 0.0574616 mins (1586.56 cycles/s)
************
Performed 3000 out of 10000000 MC cycles
Polymer acceptance rate: 18.2097%
Total runtime: 0.0708328 mins (1246.46 cycles/s)
************
Performed 4000 out of 10000000 MC cycles
Polymer acceptance rate: 18.7944%
Total runtime: 0.083196 mins (1348.08 cycles/s)
************
Performed 5000 out of 10000000 MC cycles
Polymer acceptance rate: 18.1675%
Total runtime: 0.0941337 mins (1523.79 cycles/s)
************
Performed 6000 out of 10000000 MC cycles
Polymer acceptance rate: 18.0642%
Total runtime: 0.103082 mins (1862.5 cycles/s)
************
Performed 7000 out of 10000000 MC cycles
Polymer acceptance rate: 19.1336%
Total runtime: 0.118613 mins (1073.13 cycles/s)
************
Performed 8000 out of 10000000 MC cycles
Polymer acceptance rate: 19.0008%
Total runtime: 0.134732 mins (1033.97 cycles/s)
************
Performed 9000 out of 10000000 MC cycles
Polymer acceptance rate: 19.3794%
Total runtime: 0.152529 mins (936.518 cycles/s)
************
Performed 10000 out of 10000000 MC cycles
Polymer acceptance rate: 19.1633%
Total runtime: 0.170035 mins (952.058 cycles/s)
************
Performed 11000 out of 10000000 MC cycles
Polymer acceptance rate: 19.8453%
Total runtime: 0.184339 mins (1165.16 cycles/s)
************
Performed 12000 out of 10000000 MC cycles
Polymer acceptance rate: 19.4036%
Total runtime: 0.211684 mins (609.485 cycles/s)
************
Performed 13000 out of 10000000 MC cycles
Polymer acceptance rate: 20.1594%
Total runtime: 0.231384 mins (846.031 cycles/s)
************
Performed 14000 out of 10000000 MC cycles
Polymer acceptance rate: 19.1139%
Total runtime: 0.257922 mins (628.026 cycles/s)
************
Performed 15000 out of 10000000 MC cycles
Polymer acceptance rate: 18.6958%
Total runtime: 0.277538 mins (849.656 cycles/s)
************
Performed 16000 out of 10000000 MC cycles
Polymer acceptance rate: 19.3372%
Total runtime: 0.301046 mins (708.988 cycles/s)
************
Performed 17000 out of 10000000 MC cycles
Polymer acceptance rate: 19.5664%
Total runtime: 0.319006 mins (927.951 cycles/s)
************
Performed 18000 out of 10000000 MC cycles
Polymer acceptance rate: 19.4575%
Total runtime: 0.330289 mins (1477.2 cycles/s)
************
Performed 19000 out of 10000000 MC cycles
Polymer acceptance rate: 19.2003%
Total runtime: 0.345958 mins (1063.68 cycles/s)
************
Performed 20000 out of 10000000 MC cycles
Polymer acceptance rate: 19.4394%
Total runtime: 0.360189 mins (1171.15 cycles/s)
************
Performed 21000 out of 10000000 MC cycles
Polymer acceptance rate: 19.7939%
Total runtime: 0.374862 mins (1135.83 cycles/s)
************
Performed 22000 out of 10000000 MC cycles
Polymer acceptance rate: 20.0236%
Total runtime: 0.385187 mins (1614.34 cycles/s)
************
Performed 23000 out of 10000000 MC cycles
Polymer acceptance rate: 19.6481%
Total runtime: 0.395812 mins (1568.51 cycles/s)
************
Performed 24000 out of 10000000 MC cycles
Polymer acceptance rate: 19.5814%
Total runtime: 0.406926 mins (1499.71 cycles/s)
************
Performed 25000 out of 10000000 MC cycles
Polymer acceptance rate: 20.1303%
Total runtime: 0.420646 mins (1214.74 cycles/s)
************
Performed 26000 out of 10000000 MC cycles
Polymer acceptance rate: 19.7664%
Total runtime: 0.431923 mins (1477.94 cycles/s)
************
Performed 27000 out of 10000000 MC cycles
Polymer acceptance rate: 19.0922%
Total runtime: 0.440722 mins (1894.14 cycles/s)
************
Performed 28000 out of 10000000 MC cycles
Polymer acceptance rate: 19.9342%
Total runtime: 0.454162 mins (1240.06 cycles/s)
************
Performed 29000 out of 10000000 MC cycles
Polymer acceptance rate: 20.0444%
Total runtime: 0.463785 mins (1731.99 cycles/s)
************
Performed 30000 out of 10000000 MC cycles
Polymer acceptance rate: 19.3933%
Total runtime: 0.47563 mins (1407.03 cycles/s)
************
Performed 31000 out of 10000000 MC cycles
Polymer acceptance rate: 19.7456%
Total runtime: 0.484815 mins (1814.56 cycles/s)
************
Performed 32000 out of 10000000 MC cycles
Polymer acceptance rate: 19.5017%
Total runtime: 0.497342 mins (1330.53 cycles/s)
************
Performed 33000 out of 10000000 MC cycles
Polymer acceptance rate: 19.3031%
Total runtime: 0.508055 mins (1555.66 cycles/s)
************
Performed 34000 out of 10000000 MC cycles
Polymer acceptance rate: 19.2911%
Total runtime: 0.52195 mins (1199.47 cycles/s)
************
Performed 35000 out of 10000000 MC cycles
Polymer acceptance rate: 19.2808%
Total runtime: 0.534534 mins (1324.46 cycles/s)
************
Performed 36000 out of 10000000 MC cycles
Polymer acceptance rate: 19.6347%
Total runtime: 0.547495 mins (1285.85 cycles/s)
************
Performed 37000 out of 10000000 MC cycles
Polymer acceptance rate: 19.3075%
Total runtime: 0.559532 mins (1384.71 cycles/s)
************
Performed 38000 out of 10000000 MC cycles
Polymer acceptance rate: 19.9294%
Total runtime: 0.569817 mins (1620.5 cycles/s)
************
Performed 39000 out of 10000000 MC cycles
Polymer acceptance rate: 19.9878%
Total runtime: 0.581527 mins (1423.3 cycles/s)
************
Performed 40000 out of 10000000 MC cycles
Polymer acceptance rate: 20.16%
Total runtime: 0.595282 mins (1211.6 cycles/s)
************
Performed 41000 out of 10000000 MC cycles
Polymer acceptance rate: 19.3886%
Total runtime: 0.607732 mins (1338.78 cycles/s)
************
Performed 42000 out of 10000000 MC cycles
Polymer acceptance rate: 19.7081%
Total runtime: 0.61677 mins (1844.02 cycles/s)
************
Performed 43000 out of 10000000 MC cycles
Polymer acceptance rate: 19.6769%
Total runtime: 0.628608 mins (1407.86 cycles/s)
************
Performed 44000 out of 10000000 MC cycles
Polymer acceptance rate: 19.7458%
Total runtime: 0.643753 mins (1100.46 cycles/s)
************
Performed 45000 out of 10000000 MC cycles
Polymer acceptance rate: 19.0911%
Total runtime: 0.6566 mins (1297.39 cycles/s)
************
Performed 46000 out of 10000000 MC cycles
Polymer acceptance rate: 19.7336%
Total runtime: 0.670928 mins (1163.15 cycles/s)
************
Performed 47000 out of 10000000 MC cycles
Polymer acceptance rate: 19.3731%
Total runtime: 0.683337 mins (1343.2 cycles/s)
************
Performed 48000 out of 10000000 MC cycles
Polymer acceptance rate: 19.7281%
Total runtime: 0.695491 mins (1371.26 cycles/s)
************
Performed 49000 out of 10000000 MC cycles
Polymer acceptance rate: 19.2417%
Total runtime: 0.710801 mins (1088.64 cycles/s)
************
Performed 50000 out of 10000000 MC cycles
Polymer acceptance rate: 19.9206%
Total runtime: 0.725964 mins (1099.11 cycles/s)
************
Performed 51000 out of 10000000 MC cycles
Polymer acceptance rate: 19.6853%
Total runtime: 0.736602 mins (1566.84 cycles/s)
************
Performed 52000 out of 10000000 MC cycles
Polymer acceptance rate: 20.0233%
Total runtime: 0.749655 mins (1276.78 cycles/s)
************
Performed 53000 out of 10000000 MC cycles
Polymer acceptance rate: 19.7142%
Total runtime: 0.754526 mins (3421.94 cycles/s)
************
Performed 54000 out of 10000000 MC cycles
Polymer acceptance rate: 19.7108%
Total runtime: 0.770577 mins (1038.32 cycles/s)
************
Performed 55000 out of 10000000 MC cycles
Polymer acceptance rate: 19.7969%
Total runtime: 0.785824 mins (1093.16 cycles/s)
************
Performed 56000 out of 10000000 MC cycles
Polymer acceptance rate: 19.2833%
Total runtime: 0.808925 mins (721.442 cycles/s)
************
Performed 57000 out of 10000000 MC cycles
Polymer acceptance rate: 19.5911%
Total runtime: 0.824666 mins (1058.84 cycles/s)
************
Performed 58000 out of 10000000 MC cycles
Polymer acceptance rate: 19.55%
Total runtime: 0.845086 mins (816.212 cycles/s)
************
Performed 59000 out of 10000000 MC cycles
Polymer acceptance rate: 19.5586%
Total runtime: 0.861035 mins (1044.97 cycles/s)
************
Performed 60000 out of 10000000 MC cycles
Polymer acceptance rate: 19.9453%
Total runtime: 0.878037 mins (980.278 cycles/s)
************
Performed 61000 out of 10000000 MC cycles
Polymer acceptance rate: 19.6781%
Total runtime: 0.915556 mins (444.223 cycles/s)
************
Performed 62000 out of 10000000 MC cycles
Polymer acceptance rate: 19.4111%
Total runtime: 0.939568 mins (694.102 cycles/s)
************
Performed 63000 out of 10000000 MC cycles
Polymer acceptance rate: 19.4322%
Total runtime: 0.961823 mins (748.875 cycles/s)
************
Performed 64000 out of 10000000 MC cycles
Polymer acceptance rate: 19.9647%
Total runtime: 0.979268 mins (955.371 cycles/s)
************
Performed 65000 out of 10000000 MC cycles
Polymer acceptance rate: 19.7481%
Total runtime: 0.999072 mins (841.593 cycles/s)
************
Performed 66000 out of 10000000 MC cycles
Polymer acceptance rate: 19.6278%
Total runtime: 1.02047 mins (778.981 cycles/s)
************
Performed 67000 out of 10000000 MC cycles
Polymer acceptance rate: 19.6589%
Total runtime: 1.04417 mins (703.094 cycles/s)
************
Performed 68000 out of 10000000 MC cycles
Polymer acceptance rate: 19.7283%
Total runtime: 1.07051 mins (632.847 cycles/s)
************
Performed 69000 out of 10000000 MC cycles
Polymer acceptance rate: 19.8475%
Total runtime: 1.08075 mins (1626.67 cycles/s)
************
Performed 70000 out of 10000000 MC cycles
Polymer acceptance rate: 20.3%
Total runtime: 1.097 mins (1025.94 cycles/s)
************
Performed 71000 out of 10000000 MC cycles
Polymer acceptance rate: 19.3189%
Total runtime: 1.11175 mins (1129.81 cycles/s)
************
Performed 72000 out of 10000000 MC cycles
Polymer acceptance rate: 19.8756%
Total runtime: 1.12704 mins (1090.48 cycles/s)
************
Performed 73000 out of 10000000 MC cycles
Polymer acceptance rate: 19.7172%
Total runtime: 1.1419 mins (1121.03 cycles/s)
************
Performed 74000 out of 10000000 MC cycles
Polymer acceptance rate: 19.5403%
Total runtime: 1.172 mins (553.783 cycles/s)
************
Performed 75000 out of 10000000 MC cycles
Polymer acceptance rate: 19.4561%
Total runtime: 1.19936 mins (609.158 cycles/s)
************
Performed 76000 out of 10000000 MC cycles
Polymer acceptance rate: 19.5597%
Total runtime: 1.22958 mins (551.401 cycles/s)
************
Performed 77000 out of 10000000 MC cycles
Polymer acceptance rate: 19.9694%
Total runtime: 1.24357 mins (1191.8 cycles/s)
************
Performed 78000 out of 10000000 MC cycles
Polymer acceptance rate: 19.0928%
Total runtime: 1.25381 mins (1627.42 cycles/s)
************
Performed 79000 out of 10000000 MC cycles
Polymer acceptance rate: 19.4417%
Total runtime: 1.27544 mins (770.698 cycles/s)
************
Performed 80000 out of 10000000 MC cycles
Polymer acceptance rate: 19.6828%
Total runtime: 1.29308 mins (944.712 cycles/s)
************
Performed 81000 out of 10000000 MC cycles
Polymer acceptance rate: 20.0083%
Total runtime: 1.3104 mins (962.138 cycles/s)
************
Performed 82000 out of 10000000 MC cycles
Polymer acceptance rate: 19.3633%
Total runtime: 1.32608 mins (1063.03 cycles/s)
************
Performed 83000 out of 10000000 MC cycles
Polymer acceptance rate: 19.9142%
Total runtime: 1.35114 mins (664.968 cycles/s)
************
Performed 84000 out of 10000000 MC cycles
Polymer acceptance rate: 19.9339%
Total runtime: 1.36259 mins (1456.18 cycles/s)
************
Performed 85000 out of 10000000 MC cycles
Polymer acceptance rate: 19.2017%
Total runtime: 1.37908 mins (1010.6 cycles/s)
************
Performed 86000 out of 10000000 MC cycles
Polymer acceptance rate: 19.7519%
Total runtime: 1.39122 mins (1372.7 cycles/s)
************
Performed 87000 out of 10000000 MC cycles
Polymer acceptance rate: 19.2744%
Total runtime: 1.40792 mins (998.341 cycles/s)
************
Performed 88000 out of 10000000 MC cycles
Polymer acceptance rate: 19.9947%
Total runtime: 1.42621 mins (911.108 cycles/s)
************
Performed 89000 out of 10000000 MC cycles
Polymer acceptance rate: 20.2692%
Total runtime: 1.44513 mins (880.74 cycles/s)
************
Performed 90000 out of 10000000 MC cycles
Polymer acceptance rate: 19.7619%
Total runtime: 1.4604 mins (1091.44 cycles/s)
************
Performed 91000 out of 10000000 MC cycles
Polymer acceptance rate: 19.6286%
Total runtime: 1.48714 mins (623.399 cycles/s)
************
Performed 92000 out of 10000000 MC cycles
Polymer acceptance rate: 19.3736%
Total runtime: 1.50624 mins (872.254 cycles/s)
************
Performed 93000 out of 10000000 MC cycles
Polymer acceptance rate: 19.4706%
Total runtime: 1.52062 mins (1159.48 cycles/s)
************
Performed 94000 out of 10000000 MC cycles
Polymer acceptance rate: 19.5731%
Total runtime: 1.53429 mins (1219.17 cycles/s)
************
Performed 95000 out of 10000000 MC cycles
Polymer acceptance rate: 19.7869%
Total runtime: 1.55473 mins (815.353 cycles/s)
************
Performed 96000 out of 10000000 MC cycles
Polymer acceptance rate: 19.6403%
Total runtime: 1.56395 mins (1807.82 cycles/s)
************
Performed 97000 out of 10000000 MC cycles
Polymer acceptance rate: 20.3286%
Total runtime: 1.59086 mins (619.313 cycles/s)
************
Performed 98000 out of 10000000 MC cycles
Polymer acceptance rate: 19.9944%
Total runtime: 1.61393 mins (722.607 cycles/s)
************
Performed 99000 out of 10000000 MC cycles
Polymer acceptance rate: 19.9783%
Total runtime: 1.62624 mins (1353.79 cycles/s)
************
Performed 100000 out of 10000000 MC cycles
Polymer acceptance rate: 19.4203%
Total runtime: 1.65033 mins (691.787 cycles/s)
************
Performed 101000 out of 10000000 MC cycles
Polymer acceptance rate: 19.1061%
Total runtime: 1.66379 mins (1238.17 cycles/s)
************
Performed 102000 out of 10000000 MC cycles
Polymer acceptance rate: 19.5333%
Total runtime: 1.69401 mins (551.602 cycles/s)
************
Performed 103000 out of 10000000 MC cycles
Polymer acceptance rate: 19.5994%
Total runtime: 1.71704 mins (723.599 cycles/s)
************
Performed 104000 out of 10000000 MC cycles
Polymer acceptance rate: 19.2597%
Total runtime: 1.74329 mins (634.797 cycles/s)
************
Performed 105000 out of 10000000 MC cycles
Polymer acceptance rate: 19.4625%
Total runtime: 1.7636 mins (820.851 cycles/s)
************
Performed 106000 out of 10000000 MC cycles
Polymer acceptance rate: 19.9311%
Total runtime: 1.78333 mins (844.52 cycles/s)
************
Performed 107000 out of 10000000 MC cycles
Polymer acceptance rate: 19.7681%
Total runtime: 1.80401 mins (806.016 cycles/s)
************
Performed 108000 out of 10000000 MC cycles
Polymer acceptance rate: 19.9297%
Total runtime: 1.82626 mins (749.049 cycles/s)
************
Performed 109000 out of 10000000 MC cycles
Polymer acceptance rate: 19.4808%
Total runtime: 1.84761 mins (780.799 cycles/s)
************
Performed 110000 out of 10000000 MC cycles
Polymer acceptance rate: 19.7944%
Total runtime: 1.87249 mins (669.658 cycles/s)
************
Performed 111000 out of 10000000 MC cycles
Polymer acceptance rate: 19.5964%
Total runtime: 1.88404 mins (1444.06 cycles/s)
************
Performed 112000 out of 10000000 MC cycles
Polymer acceptance rate: 19.4036%
Total runtime: 1.90464 mins (808.849 cycles/s)
************
Performed 113000 out of 10000000 MC cycles
Polymer acceptance rate: 19.0989%
Total runtime: 1.9256 mins (795.244 cycles/s)
************
Performed 114000 out of 10000000 MC cycles
Polymer acceptance rate: 19.3642%
Total runtime: 1.94228 mins (999.042 cycles/s)
************
Performed 115000 out of 10000000 MC cycles
Polymer acceptance rate: 19.7061%
Total runtime: 1.96576 mins (709.862 cycles/s)
************
Performed 116000 out of 10000000 MC cycles
Polymer acceptance rate: 19.0083%
Total runtime: 1.98281 mins (977.529 cycles/s)
************
Performed 117000 out of 10000000 MC cycles
Polymer acceptance rate: 19.1292%
Total runtime: 2.00975 mins (618.789 cycles/s)
************
Performed 118000 out of 10000000 MC cycles
Polymer acceptance rate: 19.665%
Total runtime: 2.0256 mins (1050.95 cycles/s)
************
Performed 119000 out of 10000000 MC cycles
Polymer acceptance rate: 19.3836%
Total runtime: 2.0355 mins (1684.5 cycles/s)
************
Performed 120000 out of 10000000 MC cycles
Polymer acceptance rate: 19.865%
Total runtime: 2.14449 mins (152.91 cycles/s)
************
Performed 121000 out of 10000000 MC cycles
Polymer acceptance rate: 19.4256%
Total runtime: 2.16013 mins (1066.16 cycles/s)
************
Performed 122000 out of 10000000 MC cycles
Polymer acceptance rate: 19.0453%
Total runtime: 2.19077 mins (543.972 cycles/s)
************
Performed 123000 out of 10000000 MC cycles
Polymer acceptance rate: 19.2969%
Total runtime: 2.24451 mins (310.126 cycles/s)
************
Performed 124000 out of 10000000 MC cycles
Polymer acceptance rate: 19.9756%
Total runtime: 2.26852 mins (694.211 cycles/s)
************
Performed 125000 out of 10000000 MC cycles
Polymer acceptance rate: 19.9386%
Total runtime: 2.28962 mins (789.554 cycles/s)
************
Performed 126000 out of 10000000 MC cycles
Polymer acceptance rate: 19.4256%
Total runtime: 2.31223 mins (737.425 cycles/s)
************
Performed 127000 out of 10000000 MC cycles
Polymer acceptance rate: 19.1639%
Total runtime: 2.32924 mins (979.637 cycles/s)
