Using entropy-harvested random seed: -781884529
Running with initial polymer density 0.000485979
Using 360 TADs, including main chain of length 360
************
Performed 1000 out of 10000000 MC cycles
Polymer acceptance rate: 15.2917%
Total runtime: 0.0543274 mins (306.782 cycles/s)
************
Performed 2000 out of 10000000 MC cycles
Polymer acceptance rate: 18.0903%
Total runtime: 0.0645324 mins (1633.18 cycles/s)
************
Performed 3000 out of 10000000 MC cycles
Polymer acceptance rate: 18.1339%
Total runtime: 0.0802052 mins (1063.41 cycles/s)
************
Performed 4000 out of 10000000 MC cycles
Polymer acceptance rate: 18.8825%
Total runtime: 0.089619 mins (1770.44 cycles/s)
************
Performed 5000 out of 10000000 MC cycles
Polymer acceptance rate: 18.8558%
Total runtime: 0.101663 mins (1383.87 cycles/s)
************
Performed 6000 out of 10000000 MC cycles
Polymer acceptance rate: 18.3469%
Total runtime: 0.108534 mins (2425.31 cycles/s)
************
Performed 7000 out of 10000000 MC cycles
Polymer acceptance rate: 18.9064%
Total runtime: 0.123866 mins (1087.07 cycles/s)
************
Performed 8000 out of 10000000 MC cycles
Polymer acceptance rate: 19.3206%
Total runtime: 0.133261 mins (1773.97 cycles/s)
************
Performed 9000 out of 10000000 MC cycles
Polymer acceptance rate: 19.4925%
Total runtime: 0.154159 mins (797.554 cycles/s)
************
Performed 10000 out of 10000000 MC cycles
Polymer acceptance rate: 19.22%
Total runtime: 0.168618 mins (1152.65 cycles/s)
************
Performed 11000 out of 10000000 MC cycles
Polymer acceptance rate: 19.1142%
Total runtime: 0.19227 mins (704.661 cycles/s)
************
Performed 12000 out of 10000000 MC cycles
Polymer acceptance rate: 19.2389%
Total runtime: 0.224384 mins (518.984 cycles/s)
************
Performed 13000 out of 10000000 MC cycles
Polymer acceptance rate: 18.6544%
Total runtime: 0.240248 mins (1050.62 cycles/s)
************
Performed 14000 out of 10000000 MC cycles
Polymer acceptance rate: 18.91%
Total runtime: 0.266416 mins (636.911 cycles/s)
************
Performed 15000 out of 10000000 MC cycles
Polymer acceptance rate: 18.4064%
Total runtime: 0.285421 mins (876.944 cycles/s)
************
Performed 16000 out of 10000000 MC cycles
Polymer acceptance rate: 19.1014%
Total runtime: 0.311226 mins (645.879 cycles/s)
************
Performed 17000 out of 10000000 MC cycles
Polymer acceptance rate: 18.3347%
Total runtime: 0.328977 mins (938.873 cycles/s)
************
Performed 18000 out of 10000000 MC cycles
Polymer acceptance rate: 19.3497%
Total runtime: 0.34197 mins (1282.76 cycles/s)
************
Performed 19000 out of 10000000 MC cycles
Polymer acceptance rate: 19.5167%
Total runtime: 0.356936 mins (1113.68 cycles/s)
************
Performed 20000 out of 10000000 MC cycles
Polymer acceptance rate: 19.0522%
Total runtime: 0.368649 mins (1422.93 cycles/s)
************
Performed 21000 out of 10000000 MC cycles
Polymer acceptance rate: 18.7281%
Total runtime: 0.382394 mins (1212.51 cycles/s)
************
Performed 22000 out of 10000000 MC cycles
Polymer acceptance rate: 19.1519%
Total runtime: 0.397407 mins (1110.13 cycles/s)
************
Performed 23000 out of 10000000 MC cycles
Polymer acceptance rate: 19.17%
Total runtime: 0.409443 mins (1384.76 cycles/s)
************
Performed 24000 out of 10000000 MC cycles
Polymer acceptance rate: 19.0753%
Total runtime: 0.421083 mins (1431.9 cycles/s)
************
Performed 25000 out of 10000000 MC cycles
Polymer acceptance rate: 18.8583%
Total runtime: 0.433218 mins (1373.4 cycles/s)
************
Performed 26000 out of 10000000 MC cycles
Polymer acceptance rate: 19.3661%
Total runtime: 0.444789 mins (1440.35 cycles/s)
************
Performed 27000 out of 10000000 MC cycles
Polymer acceptance rate: 19.1892%
Total runtime: 0.456491 mins (1424.29 cycles/s)
************
Performed 28000 out of 10000000 MC cycles
Polymer acceptance rate: 18.9711%
Total runtime: 0.467229 mins (1552.14 cycles/s)
************
Performed 29000 out of 10000000 MC cycles
Polymer acceptance rate: 18.6239%
Total runtime: 0.477325 mins (1650.75 cycles/s)
************
Performed 30000 out of 10000000 MC cycles
Polymer acceptance rate: 19.1114%
Total runtime: 0.492025 mins (1133.85 cycles/s)
************
Performed 31000 out of 10000000 MC cycles
Polymer acceptance rate: 19.2886%
Total runtime: 0.503447 mins (1459.08 cycles/s)
************
Performed 32000 out of 10000000 MC cycles
Polymer acceptance rate: 19.4086%
Total runtime: 0.514449 mins (1514.96 cycles/s)
************
Performed 33000 out of 10000000 MC cycles
Polymer acceptance rate: 19.3756%
Total runtime: 0.52336 mins (1870.37 cycles/s)
************
Performed 34000 out of 10000000 MC cycles
Polymer acceptance rate: 19.2858%
Total runtime: 0.533797 mins (1596.79 cycles/s)
************
Performed 35000 out of 10000000 MC cycles
Polymer acceptance rate: 19.5792%
Total runtime: 0.542589 mins (1895.77 cycles/s)
************
Performed 36000 out of 10000000 MC cycles
Polymer acceptance rate: 19.0533%
Total runtime: 0.555943 mins (1248.01 cycles/s)
************
Performed 37000 out of 10000000 MC cycles
Polymer acceptance rate: 18.8775%
Total runtime: 0.570889 mins (1115.14 cycles/s)
************
Performed 38000 out of 10000000 MC cycles
Polymer acceptance rate: 19.4878%
Total runtime: 0.580984 mins (1650.92 cycles/s)
************
Performed 39000 out of 10000000 MC cycles
Polymer acceptance rate: 19.0822%
Total runtime: 0.591921 mins (1523.91 cycles/s)
************
Performed 40000 out of 10000000 MC cycles
Polymer acceptance rate: 19.5772%
Total runtime: 0.601503 mins (1739.35 cycles/s)
************
Performed 41000 out of 10000000 MC cycles
Polymer acceptance rate: 19.3744%
Total runtime: 0.617751 mins (1025.77 cycles/s)
************
Performed 42000 out of 10000000 MC cycles
Polymer acceptance rate: 19.4314%
Total runtime: 0.630366 mins (1321.21 cycles/s)
************
Performed 43000 out of 10000000 MC cycles
Polymer acceptance rate: 19.425%
Total runtime: 0.640938 mins (1576.44 cycles/s)
************
Performed 44000 out of 10000000 MC cycles
Polymer acceptance rate: 19.4681%
Total runtime: 0.651399 mins (1593.28 cycles/s)
************
Performed 45000 out of 10000000 MC cycles
Polymer acceptance rate: 19.6933%
Total runtime: 0.666739 mins (1086.49 cycles/s)
************
Performed 46000 out of 10000000 MC cycles
Polymer acceptance rate: 19.8097%
Total runtime: 0.675641 mins (1872.26 cycles/s)
************
Performed 47000 out of 10000000 MC cycles
Polymer acceptance rate: 19.5378%
Total runtime: 0.690947 mins (1088.86 cycles/s)
************
Performed 48000 out of 10000000 MC cycles
Polymer acceptance rate: 19.1664%
Total runtime: 0.703057 mins (1376.26 cycles/s)
************
Performed 49000 out of 10000000 MC cycles
Polymer acceptance rate: 19.9692%
Total runtime: 0.710629 mins (2201.13 cycles/s)
************
Performed 50000 out of 10000000 MC cycles
Polymer acceptance rate: 19.8847%
Total runtime: 0.723043 mins (1342.56 cycles/s)
************
Performed 51000 out of 10000000 MC cycles
Polymer acceptance rate: 19.5828%
Total runtime: 0.734639 mins (1437.36 cycles/s)
************
Performed 52000 out of 10000000 MC cycles
Polymer acceptance rate: 19.6025%
Total runtime: 0.748384 mins (1212.57 cycles/s)
************
Performed 53000 out of 10000000 MC cycles
Polymer acceptance rate: 19.6881%
Total runtime: 0.76076 mins (1346.68 cycles/s)
************
Performed 54000 out of 10000000 MC cycles
Polymer acceptance rate: 19.4247%
Total runtime: 0.768638 mins (2115.6 cycles/s)
************
Performed 55000 out of 10000000 MC cycles
Polymer acceptance rate: 19.2497%
Total runtime: 0.784572 mins (1045.98 cycles/s)
************
Performed 56000 out of 10000000 MC cycles
Polymer acceptance rate: 19.4767%
Total runtime: 0.799435 mins (1121.34 cycles/s)
************
Performed 57000 out of 10000000 MC cycles
Polymer acceptance rate: 19.9097%
Total runtime: 0.823669 mins (687.746 cycles/s)
************
Performed 58000 out of 10000000 MC cycles
Polymer acceptance rate: 19.5186%
Total runtime: 0.837158 mins (1235.53 cycles/s)
************
Performed 59000 out of 10000000 MC cycles
Polymer acceptance rate: 19.7344%
Total runtime: 0.85573 mins (897.422 cycles/s)
************
Performed 60000 out of 10000000 MC cycles
Polymer acceptance rate: 19.8328%
Total runtime: 0.861567 mins (2855.4 cycles/s)
************
Performed 61000 out of 10000000 MC cycles
Polymer acceptance rate: 19.2872%
Total runtime: 0.87628 mins (1132.75 cycles/s)
************
Performed 62000 out of 10000000 MC cycles
Polymer acceptance rate: 19.5836%
Total runtime: 0.901199 mins (668.839 cycles/s)
************
Performed 63000 out of 10000000 MC cycles
Polymer acceptance rate: 19.3906%
Total runtime: 0.922607 mins (778.517 cycles/s)
************
Performed 64000 out of 10000000 MC cycles
Polymer acceptance rate: 19.1836%
Total runtime: 0.940777 mins (917.25 cycles/s)
************
Performed 65000 out of 10000000 MC cycles
Polymer acceptance rate: 19.6233%
Total runtime: 0.972469 mins (525.894 cycles/s)
************
Performed 66000 out of 10000000 MC cycles
Polymer acceptance rate: 19.0953%
Total runtime: 0.988138 mins (1063.7 cycles/s)
************
Performed 67000 out of 10000000 MC cycles
Polymer acceptance rate: 19.4917%
Total runtime: 1.0189 mins (541.799 cycles/s)
************
Performed 68000 out of 10000000 MC cycles
Polymer acceptance rate: 19.2817%
Total runtime: 1.03354 mins (1138.63 cycles/s)
************
Performed 69000 out of 10000000 MC cycles
Polymer acceptance rate: 19.6811%
Total runtime: 1.05524 mins (767.835 cycles/s)
************
Performed 70000 out of 10000000 MC cycles
Polymer acceptance rate: 19.5008%
Total runtime: 1.07884 mins (706.3 cycles/s)
************
Performed 71000 out of 10000000 MC cycles
Polymer acceptance rate: 19.1975%
Total runtime: 1.09274 mins (1198.72 cycles/s)
************
Performed 72000 out of 10000000 MC cycles
Polymer acceptance rate: 19.3714%
Total runtime: 1.09446 mins (9684.99 cycles/s)
************
Performed 73000 out of 10000000 MC cycles
Polymer acceptance rate: 20.0736%
Total runtime: 1.11416 mins (846.41 cycles/s)
************
Performed 74000 out of 10000000 MC cycles
Polymer acceptance rate: 19.1706%
Total runtime: 1.13058 mins (1014.58 cycles/s)
************
Performed 75000 out of 10000000 MC cycles
Polymer acceptance rate: 19.3708%
Total runtime: 1.14381 mins (1260.41 cycles/s)
************
Performed 76000 out of 10000000 MC cycles
Polymer acceptance rate: 20.0656%
Total runtime: 1.16885 mins (665.399 cycles/s)
************
Performed 77000 out of 10000000 MC cycles
Polymer acceptance rate: 19.4892%
Total runtime: 1.19996 mins (535.786 cycles/s)
************
Performed 78000 out of 10000000 MC cycles
Polymer acceptance rate: 19.5706%
Total runtime: 1.21229 mins (1352.28 cycles/s)
************
Performed 79000 out of 10000000 MC cycles
Polymer acceptance rate: 19.5383%
Total runtime: 1.24613 mins (492.496 cycles/s)
************
Performed 80000 out of 10000000 MC cycles
Polymer acceptance rate: 19.3906%
Total runtime: 1.27028 mins (690.019 cycles/s)
************
Performed 81000 out of 10000000 MC cycles
Polymer acceptance rate: 20.0297%
Total runtime: 1.29511 mins (671.267 cycles/s)
************
Performed 82000 out of 10000000 MC cycles
Polymer acceptance rate: 19.5531%
Total runtime: 1.31435 mins (866.306 cycles/s)
************
Performed 83000 out of 10000000 MC cycles
Polymer acceptance rate: 19.9536%
Total runtime: 1.32582 mins (1453.19 cycles/s)
************
Performed 84000 out of 10000000 MC cycles
Polymer acceptance rate: 19.5525%
Total runtime: 1.34913 mins (715.004 cycles/s)
************
Performed 85000 out of 10000000 MC cycles
Polymer acceptance rate: 19.8408%
Total runtime: 1.35899 mins (1689.88 cycles/s)
************
Performed 86000 out of 10000000 MC cycles
Polymer acceptance rate: 19.3608%
Total runtime: 1.37193 mins (1287.51 cycles/s)
************
Performed 87000 out of 10000000 MC cycles
Polymer acceptance rate: 19.5144%
Total runtime: 1.38547 mins (1231.71 cycles/s)
************
Performed 88000 out of 10000000 MC cycles
Polymer acceptance rate: 19.5539%
Total runtime: 1.40228 mins (990.992 cycles/s)
************
Performed 89000 out of 10000000 MC cycles
Polymer acceptance rate: 19.7344%
Total runtime: 1.41709 mins (1125.97 cycles/s)
************
Performed 90000 out of 10000000 MC cycles
Polymer acceptance rate: 19.9117%
Total runtime: 1.43569 mins (895.696 cycles/s)
************
Performed 91000 out of 10000000 MC cycles
Polymer acceptance rate: 19.5922%
Total runtime: 1.44767 mins (1391.34 cycles/s)
************
Performed 92000 out of 10000000 MC cycles
Polymer acceptance rate: 19.6881%
Total runtime: 1.4808 mins (503.047 cycles/s)
************
Performed 93000 out of 10000000 MC cycles
Polymer acceptance rate: 19.7414%
Total runtime: 1.50959 mins (579.007 cycles/s)
************
Performed 94000 out of 10000000 MC cycles
Polymer acceptance rate: 20.0156%
Total runtime: 1.52747 mins (931.945 cycles/s)
************
Performed 95000 out of 10000000 MC cycles
Polymer acceptance rate: 19.0903%
Total runtime: 1.54278 mins (1088.76 cycles/s)
************
Performed 96000 out of 10000000 MC cycles
Polymer acceptance rate: 19.7094%
Total runtime: 1.563 mins (824.2 cycles/s)
************
Performed 97000 out of 10000000 MC cycles
Polymer acceptance rate: 19.5811%
Total runtime: 1.57004 mins (2367.41 cycles/s)
************
Performed 98000 out of 10000000 MC cycles
Polymer acceptance rate: 19.6025%
Total runtime: 1.60904 mins (427.366 cycles/s)
************
Performed 99000 out of 10000000 MC cycles
Polymer acceptance rate: 19.4517%
Total runtime: 1.63492 mins (643.945 cycles/s)
************
Performed 100000 out of 10000000 MC cycles
Polymer acceptance rate: 19.5031%
Total runtime: 1.6576 mins (734.843 cycles/s)
************
Performed 101000 out of 10000000 MC cycles
Polymer acceptance rate: 19.3525%
Total runtime: 1.68551 mins (597.158 cycles/s)
************
Performed 102000 out of 10000000 MC cycles
Polymer acceptance rate: 19.4578%
Total runtime: 1.70606 mins (811.318 cycles/s)
************
Performed 103000 out of 10000000 MC cycles
Polymer acceptance rate: 19.6217%
Total runtime: 1.73808 mins (520.524 cycles/s)
************
Performed 104000 out of 10000000 MC cycles
Polymer acceptance rate: 19.5475%
Total runtime: 1.77348 mins (470.717 cycles/s)
************
Performed 105000 out of 10000000 MC cycles
Polymer acceptance rate: 19.5786%
Total runtime: 1.79198 mins (901.18 cycles/s)
************
Performed 106000 out of 10000000 MC cycles
Polymer acceptance rate: 19.1042%
Total runtime: 1.80163 mins (1726.45 cycles/s)
************
Performed 107000 out of 10000000 MC cycles
Polymer acceptance rate: 19.3422%
Total runtime: 1.83493 mins (500.44 cycles/s)
************
Performed 108000 out of 10000000 MC cycles
Polymer acceptance rate: 19.3208%
Total runtime: 1.85663 mins (768.178 cycles/s)
************
Performed 109000 out of 10000000 MC cycles
Polymer acceptance rate: 19.7403%
Total runtime: 1.88707 mins (547.494 cycles/s)
************
Performed 110000 out of 10000000 MC cycles
Polymer acceptance rate: 19.265%
Total runtime: 1.89968 mins (1321.53 cycles/s)
************
Performed 111000 out of 10000000 MC cycles
Polymer acceptance rate: 19.5264%
Total runtime: 1.92005 mins (818.506 cycles/s)
************
Performed 112000 out of 10000000 MC cycles
Polymer acceptance rate: 19.5172%
Total runtime: 1.94625 mins (636.117 cycles/s)
************
Performed 113000 out of 10000000 MC cycles
Polymer acceptance rate: 19.5472%
Total runtime: 1.97365 mins (608.299 cycles/s)
************
Performed 114000 out of 10000000 MC cycles
Polymer acceptance rate: 19.5622%
Total runtime: 1.99343 mins (842.405 cycles/s)
************
Performed 115000 out of 10000000 MC cycles
Polymer acceptance rate: 19.7414%
Total runtime: 2.01044 mins (979.957 cycles/s)
************
Performed 116000 out of 10000000 MC cycles
Polymer acceptance rate: 19.8944%
Total runtime: 2.03593 mins (653.68 cycles/s)
************
Performed 117000 out of 10000000 MC cycles
Polymer acceptance rate: 19.6497%
Total runtime: 2.0541 mins (917.454 cycles/s)
************
Performed 118000 out of 10000000 MC cycles
Polymer acceptance rate: 19.6594%
Total runtime: 2.14539 mins (182.561 cycles/s)
************
Performed 119000 out of 10000000 MC cycles
Polymer acceptance rate: 20.2053%
Total runtime: 2.19117 mins (364.13 cycles/s)
************
Performed 120000 out of 10000000 MC cycles
Polymer acceptance rate: 19.6681%
Total runtime: 2.2182 mins (616.607 cycles/s)
************
Performed 121000 out of 10000000 MC cycles
Polymer acceptance rate: 19.5831%
Total runtime: 2.24155 mins (713.595 cycles/s)
************
Performed 122000 out of 10000000 MC cycles
Polymer acceptance rate: 19.6192%
Total runtime: 2.27261 mins (536.66 cycles/s)
************
Performed 123000 out of 10000000 MC cycles
Polymer acceptance rate: 19.5225%
Total runtime: 2.30124 mins (582.003 cycles/s)
************
Performed 124000 out of 10000000 MC cycles
Polymer acceptance rate: 20.1747%
Total runtime: 2.32043 mins (868.691 cycles/s)
