Using entropy-harvested random seed: 705157691
Running with initial polymer density 0.000485979
Using 360 TADs, including main chain of length 360
************
Performed 1000 out of 10000000 MC cycles
Polymer acceptance rate: 15.8478%
Total runtime: 0.0227481 mins (732.662 cycles/s)
************
Performed 2000 out of 10000000 MC cycles
Polymer acceptance rate: 17.8675%
Total runtime: 0.0346043 mins (1405.73 cycles/s)
************
Performed 3000 out of 10000000 MC cycles
Polymer acceptance rate: 18.3911%
Total runtime: 0.0485021 mins (1199.23 cycles/s)
************
Performed 4000 out of 10000000 MC cycles
Polymer acceptance rate: 18.7561%
Total runtime: 0.0616098 mins (1271.52 cycles/s)
************
Performed 5000 out of 10000000 MC cycles
Polymer acceptance rate: 19.0833%
Total runtime: 0.0738096 mins (1366.15 cycles/s)
************
Performed 6000 out of 10000000 MC cycles
Polymer acceptance rate: 18.7464%
Total runtime: 0.0841232 mins (1615.99 cycles/s)
************
Performed 7000 out of 10000000 MC cycles
Polymer acceptance rate: 18.875%
Total runtime: 0.104497 mins (818.059 cycles/s)
************
Performed 8000 out of 10000000 MC cycles
Polymer acceptance rate: 19.5172%
Total runtime: 0.119077 mins (1143.08 cycles/s)
************
Performed 9000 out of 10000000 MC cycles
Polymer acceptance rate: 19.3031%
Total runtime: 0.135685 mins (1003.53 cycles/s)
************
Performed 10000 out of 10000000 MC cycles
Polymer acceptance rate: 19.5053%
Total runtime: 0.150055 mins (1159.81 cycles/s)
************
Performed 11000 out of 10000000 MC cycles
Polymer acceptance rate: 19.2833%
Total runtime: 0.185759 mins (466.808 cycles/s)
************
Performed 12000 out of 10000000 MC cycles
Polymer acceptance rate: 19.3694%
Total runtime: 0.200009 mins (1169.56 cycles/s)
************
Performed 13000 out of 10000000 MC cycles
Polymer acceptance rate: 19.7853%
Total runtime: 0.228477 mins (585.459 cycles/s)
************
Performed 14000 out of 10000000 MC cycles
Polymer acceptance rate: 19.3278%
Total runtime: 0.248127 mins (848.189 cycles/s)
************
Performed 15000 out of 10000000 MC cycles
Polymer acceptance rate: 19.3158%
Total runtime: 0.274476 mins (632.527 cycles/s)
************
Performed 16000 out of 10000000 MC cycles
Polymer acceptance rate: 19.555%
Total runtime: 0.296495 mins (756.903 cycles/s)
************
Performed 17000 out of 10000000 MC cycles
Polymer acceptance rate: 19.3597%
Total runtime: 0.309812 mins (1251.57 cycles/s)
************
Performed 18000 out of 10000000 MC cycles
Polymer acceptance rate: 19.3386%
Total runtime: 0.317432 mins (2187.38 cycles/s)
************
Performed 19000 out of 10000000 MC cycles
Polymer acceptance rate: 19.49%
Total runtime: 0.333352 mins (1046.86 cycles/s)
************
Performed 20000 out of 10000000 MC cycles
Polymer acceptance rate: 19.9175%
Total runtime: 0.34704 mins (1217.65 cycles/s)
************
Performed 21000 out of 10000000 MC cycles
Polymer acceptance rate: 19.3156%
Total runtime: 0.357873 mins (1538.42 cycles/s)
************
Performed 22000 out of 10000000 MC cycles
Polymer acceptance rate: 19.6619%
Total runtime: 0.366406 mins (1953.35 cycles/s)
************
Performed 23000 out of 10000000 MC cycles
Polymer acceptance rate: 19.1664%
Total runtime: 0.377859 mins (1455.25 cycles/s)
************
Performed 24000 out of 10000000 MC cycles
Polymer acceptance rate: 19.7497%
Total runtime: 0.391842 mins (1191.88 cycles/s)
************
Performed 25000 out of 10000000 MC cycles
Polymer acceptance rate: 19.1922%
Total runtime: 0.402049 mins (1632.88 cycles/s)
************
Performed 26000 out of 10000000 MC cycles
Polymer acceptance rate: 20.2422%
Total runtime: 0.414886 mins (1298.35 cycles/s)
************
Performed 27000 out of 10000000 MC cycles
Polymer acceptance rate: 19.9983%
Total runtime: 0.42757 mins (1313.99 cycles/s)
************
Performed 28000 out of 10000000 MC cycles
Polymer acceptance rate: 20.0756%
Total runtime: 0.441158 mins (1226.56 cycles/s)
************
Performed 29000 out of 10000000 MC cycles
Polymer acceptance rate: 19.8628%
Total runtime: 0.452996 mins (1407.89 cycles/s)
************
Performed 30000 out of 10000000 MC cycles
Polymer acceptance rate: 19.8225%
Total runtime: 0.46481 mins (1410.74 cycles/s)
************
Performed 31000 out of 10000000 MC cycles
Polymer acceptance rate: 19.2992%
Total runtime: 0.476463 mins (1430.29 cycles/s)
************
Performed 32000 out of 10000000 MC cycles
Polymer acceptance rate: 19.5889%
Total runtime: 0.486177 mins (1715.65 cycles/s)
************
Performed 33000 out of 10000000 MC cycles
Polymer acceptance rate: 18.9889%
Total runtime: 0.490812 mins (3595.96 cycles/s)
************
Performed 34000 out of 10000000 MC cycles
Polymer acceptance rate: 19.8992%
Total runtime: 0.505338 mins (1147.4 cycles/s)
************
Performed 35000 out of 10000000 MC cycles
Polymer acceptance rate: 19.6736%
Total runtime: 0.519934 mins (1141.82 cycles/s)
************
Performed 36000 out of 10000000 MC cycles
Polymer acceptance rate: 19.7481%
Total runtime: 0.53289 mins (1286.42 cycles/s)
************
Performed 37000 out of 10000000 MC cycles
Polymer acceptance rate: 19.6733%
Total runtime: 0.544761 mins (1404.05 cycles/s)
************
Performed 38000 out of 10000000 MC cycles
Polymer acceptance rate: 18.705%
Total runtime: 0.559547 mins (1127.14 cycles/s)
************
Performed 39000 out of 10000000 MC cycles
Polymer acceptance rate: 18.9539%
Total runtime: 0.570735 mins (1489.67 cycles/s)
************
Performed 40000 out of 10000000 MC cycles
Polymer acceptance rate: 19.8381%
Total runtime: 0.583564 mins (1299.17 cycles/s)
************
Performed 41000 out of 10000000 MC cycles
Polymer acceptance rate: 19.4389%
Total runtime: 0.597631 mins (1184.85 cycles/s)
************
Performed 42000 out of 10000000 MC cycles
Polymer acceptance rate: 19.7239%
Total runtime: 0.613142 mins (1074.47 cycles/s)
************
Performed 43000 out of 10000000 MC cycles
Polymer acceptance rate: 19.5347%
Total runtime: 0.625705 mins (1326.69 cycles/s)
************
Performed 44000 out of 10000000 MC cycles
Polymer acceptance rate: 19.1992%
Total runtime: 0.642776 mins (976.279 cycles/s)
************
Performed 45000 out of 10000000 MC cycles
Polymer acceptance rate: 19.3947%
Total runtime: 0.656022 mins (1258.23 cycles/s)
************
Performed 46000 out of 10000000 MC cycles
Polymer acceptance rate: 19.4083%
Total runtime: 0.668026 mins (1388.49 cycles/s)
************
Performed 47000 out of 10000000 MC cycles
Polymer acceptance rate: 19.4364%
Total runtime: 0.682148 mins (1180.22 cycles/s)
************
Performed 48000 out of 10000000 MC cycles
Polymer acceptance rate: 19.4581%
Total runtime: 0.694513 mins (1347.86 cycles/s)
************
Performed 49000 out of 10000000 MC cycles
Polymer acceptance rate: 19.8675%
Total runtime: 0.70397 mins (1762.32 cycles/s)
************
Performed 50000 out of 10000000 MC cycles
Polymer acceptance rate: 19.9608%
Total runtime: 0.715492 mins (1446.47 cycles/s)
************
Performed 51000 out of 10000000 MC cycles
Polymer acceptance rate: 19.5956%
Total runtime: 0.729942 mins (1153.39 cycles/s)
************
Performed 52000 out of 10000000 MC cycles
Polymer acceptance rate: 18.8383%
Total runtime: 0.741997 mins (1382.66 cycles/s)
************
Performed 53000 out of 10000000 MC cycles
Polymer acceptance rate: 19.2608%
Total runtime: 0.759353 mins (960.263 cycles/s)
************
Performed 54000 out of 10000000 MC cycles
Polymer acceptance rate: 19.5681%
Total runtime: 0.769374 mins (1663.23 cycles/s)
************
Performed 55000 out of 10000000 MC cycles
Polymer acceptance rate: 19.3458%
Total runtime: 0.792461 mins (721.91 cycles/s)
************
Performed 56000 out of 10000000 MC cycles
Polymer acceptance rate: 19.7628%
Total runtime: 0.813823 mins (780.198 cycles/s)
************
Performed 57000 out of 10000000 MC cycles
Polymer acceptance rate: 19.1947%
Total runtime: 0.827934 mins (1181.04 cycles/s)
************
Performed 58000 out of 10000000 MC cycles
Polymer acceptance rate: 19.9017%
Total runtime: 0.853188 mins (659.965 cycles/s)
************
Performed 59000 out of 10000000 MC cycles
Polymer acceptance rate: 19.1286%
Total runtime: 0.855058 mins (8911.91 cycles/s)
************
Performed 60000 out of 10000000 MC cycles
Polymer acceptance rate: 19.2756%
Total runtime: 0.897142 mins (396.034 cycles/s)
************
Performed 61000 out of 10000000 MC cycles
Polymer acceptance rate: 19.4086%
Total runtime: 0.914873 mins (940.005 cycles/s)
************
Performed 62000 out of 10000000 MC cycles
Polymer acceptance rate: 19.7878%
Total runtime: 0.927406 mins (1329.8 cycles/s)
************
Performed 63000 out of 10000000 MC cycles
Polymer acceptance rate: 19.4125%
Total runtime: 0.950507 mins (721.467 cycles/s)
************
Performed 64000 out of 10000000 MC cycles
Polymer acceptance rate: 19.3881%
Total runtime: 0.970425 mins (836.767 cycles/s)
************
Performed 65000 out of 10000000 MC cycles
Polymer acceptance rate: 19.6347%
Total runtime: 0.985778 mins (1085.56 cycles/s)
************
Performed 66000 out of 10000000 MC cycles
Polymer acceptance rate: 18.9789%
Total runtime: 0.999055 mins (1255.27 cycles/s)
************
Performed 67000 out of 10000000 MC cycles
Polymer acceptance rate: 19.0958%
Total runtime: 1.01617 mins (974.009 cycles/s)
************
Performed 68000 out of 10000000 MC cycles
Polymer acceptance rate: 19.2936%
Total runtime: 1.04095 mins (672.488 cycles/s)
************
Performed 69000 out of 10000000 MC cycles
Polymer acceptance rate: 19.2308%
Total runtime: 1.05932 mins (907.208 cycles/s)
************
Performed 70000 out of 10000000 MC cycles
Polymer acceptance rate: 19.27%
Total runtime: 1.07524 mins (1046.85 cycles/s)
************
Performed 71000 out of 10000000 MC cycles
Polymer acceptance rate: 19.4408%
Total runtime: 1.0888 mins (1229.04 cycles/s)
************
Performed 72000 out of 10000000 MC cycles
Polymer acceptance rate: 18.8903%
Total runtime: 1.0985 mins (1719.66 cycles/s)
************
Performed 73000 out of 10000000 MC cycles
Polymer acceptance rate: 19.7256%
Total runtime: 1.11908 mins (809.546 cycles/s)
************
Performed 74000 out of 10000000 MC cycles
Polymer acceptance rate: 19.8133%
Total runtime: 1.16545 mins (359.415 cycles/s)
************
Performed 75000 out of 10000000 MC cycles
Polymer acceptance rate: 20.3156%
Total runtime: 1.19149 mins (640.203 cycles/s)
************
Performed 76000 out of 10000000 MC cycles
Polymer acceptance rate: 19.5972%
Total runtime: 1.2072 mins (1061.02 cycles/s)
************
Performed 77000 out of 10000000 MC cycles
Polymer acceptance rate: 19.5333%
Total runtime: 1.22583 mins (894.609 cycles/s)
************
Performed 78000 out of 10000000 MC cycles
Polymer acceptance rate: 20.3661%
Total runtime: 1.25161 mins (646.452 cycles/s)
************
Performed 79000 out of 10000000 MC cycles
Polymer acceptance rate: 19.4414%
Total runtime: 1.27297 mins (780.158 cycles/s)
************
Performed 80000 out of 10000000 MC cycles
Polymer acceptance rate: 19.8925%
Total runtime: 1.29055 mins (948.264 cycles/s)
************
Performed 81000 out of 10000000 MC cycles
Polymer acceptance rate: 19.2267%
Total runtime: 1.30383 mins (1254.36 cycles/s)
************
Performed 82000 out of 10000000 MC cycles
Polymer acceptance rate: 19.4042%
Total runtime: 1.32554 mins (767.681 cycles/s)
************
Performed 83000 out of 10000000 MC cycles
Polymer acceptance rate: 19.4469%
Total runtime: 1.33887 mins (1250.59 cycles/s)
************
Performed 84000 out of 10000000 MC cycles
Polymer acceptance rate: 19.7803%
Total runtime: 1.35066 mins (1414.32 cycles/s)
************
Performed 85000 out of 10000000 MC cycles
Polymer acceptance rate: 19.8433%
Total runtime: 1.36596 mins (1088.96 cycles/s)
************
Performed 86000 out of 10000000 MC cycles
Polymer acceptance rate: 19.8742%
Total runtime: 1.37772 mins (1417.23 cycles/s)
************
Performed 87000 out of 10000000 MC cycles
Polymer acceptance rate: 20.1125%
Total runtime: 1.39738 mins (847.968 cycles/s)
************
Performed 88000 out of 10000000 MC cycles
Polymer acceptance rate: 19.9856%
Total runtime: 1.41583 mins (903.168 cycles/s)
************
Performed 89000 out of 10000000 MC cycles
Polymer acceptance rate: 19.6153%
Total runtime: 1.42714 mins (1473.26 cycles/s)
************
Performed 90000 out of 10000000 MC cycles
Polymer acceptance rate: 19.3133%
Total runtime: 1.46386 mins (453.878 cycles/s)
************
Performed 91000 out of 10000000 MC cycles
Polymer acceptance rate: 19.7739%
Total runtime: 1.48445 mins (809.592 cycles/s)
************
Performed 92000 out of 10000000 MC cycles
Polymer acceptance rate: 20.1408%
Total runtime: 1.49462 mins (1639.08 cycles/s)
************
Performed 93000 out of 10000000 MC cycles
Polymer acceptance rate: 19.8894%
Total runtime: 1.51534 mins (804.175 cycles/s)
************
Performed 94000 out of 10000000 MC cycles
Polymer acceptance rate: 20.2208%
Total runtime: 1.53273 mins (958.561 cycles/s)
************
Performed 95000 out of 10000000 MC cycles
Polymer acceptance rate: 20.0769%
Total runtime: 1.55142 mins (891.528 cycles/s)
************
Performed 96000 out of 10000000 MC cycles
Polymer acceptance rate: 19.5047%
Total runtime: 1.5876 mins (460.752 cycles/s)
************
Performed 97000 out of 10000000 MC cycles
Polymer acceptance rate: 19.5378%
Total runtime: 1.61454 mins (618.644 cycles/s)
************
Performed 98000 out of 10000000 MC cycles
Polymer acceptance rate: 20.1172%
Total runtime: 1.62086 mins (2636.51 cycles/s)
************
Performed 99000 out of 10000000 MC cycles
Polymer acceptance rate: 19.53%
Total runtime: 1.64743 mins (627.239 cycles/s)
************
Performed 100000 out of 10000000 MC cycles
Polymer acceptance rate: 20.2953%
Total runtime: 1.68231 mins (477.899 cycles/s)
************
Performed 101000 out of 10000000 MC cycles
Polymer acceptance rate: 19.7581%
Total runtime: 1.70747 mins (662.201 cycles/s)
************
Performed 102000 out of 10000000 MC cycles
Polymer acceptance rate: 20.1303%
Total runtime: 1.7155 mins (2077.13 cycles/s)
************
Performed 103000 out of 10000000 MC cycles
Polymer acceptance rate: 19.8069%
Total runtime: 1.74785 mins (515.192 cycles/s)
************
Performed 104000 out of 10000000 MC cycles
Polymer acceptance rate: 19.8414%
Total runtime: 1.75785 mins (1666.38 cycles/s)
************
Performed 105000 out of 10000000 MC cycles
Polymer acceptance rate: 19.9033%
Total runtime: 1.78262 mins (672.844 cycles/s)
************
Performed 106000 out of 10000000 MC cycles
Polymer acceptance rate: 19.9192%
Total runtime: 1.80329 mins (806.257 cycles/s)
************
Performed 107000 out of 10000000 MC cycles
Polymer acceptance rate: 19.9994%
Total runtime: 1.82338 mins (829.733 cycles/s)
************
Performed 108000 out of 10000000 MC cycles
Polymer acceptance rate: 20.0367%
Total runtime: 1.84869 mins (658.554 cycles/s)
************
Performed 109000 out of 10000000 MC cycles
Polymer acceptance rate: 20.2611%
Total runtime: 1.86832 mins (848.952 cycles/s)
************
Performed 110000 out of 10000000 MC cycles
Polymer acceptance rate: 19.7297%
Total runtime: 1.8954 mins (615.45 cycles/s)
************
Performed 111000 out of 10000000 MC cycles
Polymer acceptance rate: 19.165%
Total runtime: 1.91673 mins (781.336 cycles/s)
************
Performed 112000 out of 10000000 MC cycles
Polymer acceptance rate: 19.0864%
Total runtime: 1.93011 mins (1245.78 cycles/s)
************
Performed 113000 out of 10000000 MC cycles
Polymer acceptance rate: 19.9247%
Total runtime: 1.94262 mins (1332.08 cycles/s)
************
Performed 114000 out of 10000000 MC cycles
Polymer acceptance rate: 19.7822%
Total runtime: 1.96202 mins (859.243 cycles/s)
************
Performed 115000 out of 10000000 MC cycles
Polymer acceptance rate: 19.8131%
Total runtime: 1.98522 mins (718.264 cycles/s)
************
Performed 116000 out of 10000000 MC cycles
Polymer acceptance rate: 19.8264%
Total runtime: 1.99988 mins (1136.92 cycles/s)
************
Performed 117000 out of 10000000 MC cycles
Polymer acceptance rate: 19.495%
Total runtime: 2.02109 mins (785.922 cycles/s)
************
Performed 118000 out of 10000000 MC cycles
Polymer acceptance rate: 20.005%
Total runtime: 2.1154 mins (176.718 cycles/s)
************
Performed 119000 out of 10000000 MC cycles
Polymer acceptance rate: 19.4619%
Total runtime: 2.1407 mins (658.767 cycles/s)
************
Performed 120000 out of 10000000 MC cycles
Polymer acceptance rate: 19.6978%
Total runtime: 2.17707 mins (458.293 cycles/s)
************
Performed 121000 out of 10000000 MC cycles
Polymer acceptance rate: 19.8597%
Total runtime: 2.21561 mins (432.391 cycles/s)
************
Performed 122000 out of 10000000 MC cycles
Polymer acceptance rate: 19.6819%
Total runtime: 2.23866 mins (723.12 cycles/s)
************
Performed 123000 out of 10000000 MC cycles
Polymer acceptance rate: 19.8633%
Total runtime: 2.26484 mins (636.699 cycles/s)
************
Performed 124000 out of 10000000 MC cycles
Polymer acceptance rate: 20.1792%
Total runtime: 2.27225 mins (2247.25 cycles/s)
