Using entropy-harvested random seed: -1456979595
Running with initial polymer density 0.000485979
Using 360 TADs, including main chain of length 360
************
Performed 1000 out of 10000000 MC cycles
Polymer acceptance rate: 15.6131%
Total runtime: 0.0230315 mins (723.648 cycles/s)
************
Performed 2000 out of 10000000 MC cycles
Polymer acceptance rate: 17.6361%
Total runtime: 0.0349208 mins (1401.82 cycles/s)
************
Performed 3000 out of 10000000 MC cycles
Polymer acceptance rate: 18.9497%
Total runtime: 0.0462992 mins (1464.76 cycles/s)
************
Performed 4000 out of 10000000 MC cycles
Polymer acceptance rate: 19.2094%
Total runtime: 0.0617538 mins (1078.43 cycles/s)
************
Performed 5000 out of 10000000 MC cycles
Polymer acceptance rate: 19.9853%
Total runtime: 0.0749345 mins (1264.47 cycles/s)
************
Performed 6000 out of 10000000 MC cycles
Polymer acceptance rate: 19.0708%
Total runtime: 0.0915742 mins (1001.62 cycles/s)
************
Performed 7000 out of 10000000 MC cycles
Polymer acceptance rate: 19.3617%
Total runtime: 0.106051 mins (1151.25 cycles/s)
************
Performed 8000 out of 10000000 MC cycles
Polymer acceptance rate: 18.9611%
Total runtime: 0.123143 mins (975.155 cycles/s)
************
Performed 9000 out of 10000000 MC cycles
Polymer acceptance rate: 19.0803%
Total runtime: 0.141817 mins (892.499 cycles/s)
************
Performed 10000 out of 10000000 MC cycles
Polymer acceptance rate: 19.4786%
Total runtime: 0.157288 mins (1077.24 cycles/s)
************
Performed 11000 out of 10000000 MC cycles
Polymer acceptance rate: 19.5428%
Total runtime: 0.186183 mins (576.801 cycles/s)
************
Performed 12000 out of 10000000 MC cycles
Polymer acceptance rate: 19.7381%
Total runtime: 0.196477 mins (1619.11 cycles/s)
************
Performed 13000 out of 10000000 MC cycles
Polymer acceptance rate: 19.4292%
Total runtime: 0.226293 mins (558.987 cycles/s)
************
Performed 14000 out of 10000000 MC cycles
Polymer acceptance rate: 19.7592%
Total runtime: 0.246344 mins (831.195 cycles/s)
************
Performed 15000 out of 10000000 MC cycles
Polymer acceptance rate: 18.9047%
Total runtime: 0.271901 mins (652.148 cycles/s)
************
Performed 16000 out of 10000000 MC cycles
Polymer acceptance rate: 19.1444%
Total runtime: 0.287353 mins (1078.6 cycles/s)
************
Performed 17000 out of 10000000 MC cycles
Polymer acceptance rate: 19.3061%
Total runtime: 0.29797 mins (1569.74 cycles/s)
************
Performed 18000 out of 10000000 MC cycles
Polymer acceptance rate: 19.2233%
Total runtime: 0.31653 mins (898.033 cycles/s)
************
Performed 19000 out of 10000000 MC cycles
Polymer acceptance rate: 19.2578%
Total runtime: 0.328923 mins (1344.78 cycles/s)
************
Performed 20000 out of 10000000 MC cycles
Polymer acceptance rate: 19.7175%
Total runtime: 0.341691 mins (1305.37 cycles/s)
************
Performed 21000 out of 10000000 MC cycles
Polymer acceptance rate: 19.7828%
Total runtime: 0.356722 mins (1108.79 cycles/s)
************
Performed 22000 out of 10000000 MC cycles
Polymer acceptance rate: 19.8225%
Total runtime: 0.367609 mins (1530.97 cycles/s)
************
Performed 23000 out of 10000000 MC cycles
Polymer acceptance rate: 19.7944%
Total runtime: 0.376972 mins (1780.05 cycles/s)
************
Performed 24000 out of 10000000 MC cycles
Polymer acceptance rate: 19.6939%
Total runtime: 0.391022 mins (1186.2 cycles/s)
************
Performed 25000 out of 10000000 MC cycles
Polymer acceptance rate: 19.4161%
Total runtime: 0.402968 mins (1395.19 cycles/s)
************
Performed 26000 out of 10000000 MC cycles
Polymer acceptance rate: 19.8839%
Total runtime: 0.416398 mins (1240.98 cycles/s)
************
Performed 27000 out of 10000000 MC cycles
Polymer acceptance rate: 19.3475%
Total runtime: 0.42923 mins (1298.87 cycles/s)
************
Performed 28000 out of 10000000 MC cycles
Polymer acceptance rate: 19.2681%
Total runtime: 0.441622 mins (1344.93 cycles/s)
************
Performed 29000 out of 10000000 MC cycles
Polymer acceptance rate: 18.5794%
Total runtime: 0.454261 mins (1318.69 cycles/s)
************
Performed 30000 out of 10000000 MC cycles
Polymer acceptance rate: 19.0889%
Total runtime: 0.465955 mins (1425.18 cycles/s)
************
Performed 31000 out of 10000000 MC cycles
Polymer acceptance rate: 19.6814%
Total runtime: 0.478114 mins (1370.79 cycles/s)
************
Performed 32000 out of 10000000 MC cycles
Polymer acceptance rate: 19.7014%
Total runtime: 0.489607 mins (1450.19 cycles/s)
************
Performed 33000 out of 10000000 MC cycles
Polymer acceptance rate: 19.9564%
Total runtime: 0.493909 mins (3873.92 cycles/s)
************
Performed 34000 out of 10000000 MC cycles
Polymer acceptance rate: 19.7781%
Total runtime: 0.508445 mins (1146.58 cycles/s)
************
Performed 35000 out of 10000000 MC cycles
Polymer acceptance rate: 19.2297%
Total runtime: 0.522268 mins (1205.67 cycles/s)
************
Performed 36000 out of 10000000 MC cycles
Polymer acceptance rate: 19.3233%
Total runtime: 0.534548 mins (1357.28 cycles/s)
************
Performed 37000 out of 10000000 MC cycles
Polymer acceptance rate: 19.4903%
Total runtime: 0.546991 mins (1339.39 cycles/s)
************
Performed 38000 out of 10000000 MC cycles
Polymer acceptance rate: 20.0439%
Total runtime: 0.560868 mins (1201.09 cycles/s)
************
Performed 39000 out of 10000000 MC cycles
Polymer acceptance rate: 19.03%
Total runtime: 0.572632 mins (1416.74 cycles/s)
************
Performed 40000 out of 10000000 MC cycles
Polymer acceptance rate: 19.7883%
Total runtime: 0.582347 mins (1715.45 cycles/s)
************
Performed 41000 out of 10000000 MC cycles
Polymer acceptance rate: 19.85%
Total runtime: 0.594791 mins (1339.31 cycles/s)
************
Performed 42000 out of 10000000 MC cycles
Polymer acceptance rate: 19.6147%
Total runtime: 0.610275 mins (1076.4 cycles/s)
************
Performed 43000 out of 10000000 MC cycles
Polymer acceptance rate: 20.0808%
Total runtime: 0.620557 mins (1620.95 cycles/s)
************
Performed 44000 out of 10000000 MC cycles
Polymer acceptance rate: 19.1664%
Total runtime: 0.637048 mins (1010.65 cycles/s)
************
Performed 45000 out of 10000000 MC cycles
Polymer acceptance rate: 19.2803%
Total runtime: 0.652252 mins (1096.19 cycles/s)
************
Performed 46000 out of 10000000 MC cycles
Polymer acceptance rate: 19.4656%
Total runtime: 0.664633 mins (1346.15 cycles/s)
************
Performed 47000 out of 10000000 MC cycles
Polymer acceptance rate: 19.6761%
Total runtime: 0.675164 mins (1582.68 cycles/s)
************
Performed 48000 out of 10000000 MC cycles
Polymer acceptance rate: 19.8636%
Total runtime: 0.692711 mins (949.824 cycles/s)
************
Performed 49000 out of 10000000 MC cycles
Polymer acceptance rate: 19.7431%
Total runtime: 0.702325 mins (1733.59 cycles/s)
************
Performed 50000 out of 10000000 MC cycles
Polymer acceptance rate: 19.3911%
Total runtime: 0.713177 mins (1535.8 cycles/s)
************
Performed 51000 out of 10000000 MC cycles
Polymer acceptance rate: 19.4872%
Total runtime: 0.726069 mins (1292.76 cycles/s)
************
Performed 52000 out of 10000000 MC cycles
Polymer acceptance rate: 19.4806%
Total runtime: 0.741077 mins (1110.56 cycles/s)
************
Performed 53000 out of 10000000 MC cycles
Polymer acceptance rate: 19.5953%
Total runtime: 0.762898 mins (763.779 cycles/s)
************
Performed 54000 out of 10000000 MC cycles
Polymer acceptance rate: 19.6881%
Total runtime: 0.784181 mins (783.105 cycles/s)
************
Performed 55000 out of 10000000 MC cycles
Polymer acceptance rate: 19.5547%
Total runtime: 0.805379 mins (786.228 cycles/s)
************
Performed 56000 out of 10000000 MC cycles
Polymer acceptance rate: 19.1256%
Total runtime: 0.822168 mins (992.728 cycles/s)
************
Performed 57000 out of 10000000 MC cycles
Polymer acceptance rate: 19.7894%
Total runtime: 0.83639 mins (1171.92 cycles/s)
************
Performed 58000 out of 10000000 MC cycles
Polymer acceptance rate: 19.6306%
Total runtime: 0.860291 mins (697.313 cycles/s)
************
Performed 59000 out of 10000000 MC cycles
Polymer acceptance rate: 19.7056%
Total runtime: 0.899959 mins (420.153 cycles/s)
************
Performed 60000 out of 10000000 MC cycles
Polymer acceptance rate: 19.2289%
Total runtime: 0.925878 mins (643.042 cycles/s)
************
Performed 61000 out of 10000000 MC cycles
Polymer acceptance rate: 19.8081%
Total runtime: 0.952849 mins (617.945 cycles/s)
************
Performed 62000 out of 10000000 MC cycles
Polymer acceptance rate: 19.7106%
Total runtime: 0.975974 mins (720.695 cycles/s)
************
Performed 63000 out of 10000000 MC cycles
Polymer acceptance rate: 19.7217%
Total runtime: 0.989577 mins (1225.26 cycles/s)
************
Performed 64000 out of 10000000 MC cycles
Polymer acceptance rate: 20.0433%
Total runtime: 1.00798 mins (905.657 cycles/s)
************
Performed 65000 out of 10000000 MC cycles
Polymer acceptance rate: 19.9542%
Total runtime: 1.03585 mins (597.921 cycles/s)
************
Performed 66000 out of 10000000 MC cycles
Polymer acceptance rate: 19.3756%
Total runtime: 1.05776 mins (760.799 cycles/s)
************
Performed 67000 out of 10000000 MC cycles
Polymer acceptance rate: 19.4319%
Total runtime: 1.06796 mins (1633.98 cycles/s)
************
Performed 68000 out of 10000000 MC cycles
Polymer acceptance rate: 19.5153%
Total runtime: 1.08209 mins (1179.28 cycles/s)
************
Performed 69000 out of 10000000 MC cycles
Polymer acceptance rate: 19.7403%
Total runtime: 1.09638 mins (1166.77 cycles/s)
************
Performed 70000 out of 10000000 MC cycles
Polymer acceptance rate: 19.7469%
Total runtime: 1.11354 mins (971.1 cycles/s)
************
Performed 71000 out of 10000000 MC cycles
Polymer acceptance rate: 20.2058%
Total runtime: 1.15744 mins (379.681 cycles/s)
************
Performed 72000 out of 10000000 MC cycles
Polymer acceptance rate: 19.5839%
Total runtime: 1.17801 mins (810.279 cycles/s)
************
Performed 73000 out of 10000000 MC cycles
Polymer acceptance rate: 19.2347%
Total runtime: 1.19875 mins (803.427 cycles/s)
************
Performed 74000 out of 10000000 MC cycles
Polymer acceptance rate: 19.6361%
Total runtime: 1.21842 mins (847.349 cycles/s)
************
Performed 75000 out of 10000000 MC cycles
Polymer acceptance rate: 20.3064%
Total runtime: 1.2332 mins (1127.96 cycles/s)
************
Performed 76000 out of 10000000 MC cycles
Polymer acceptance rate: 19.7981%
Total runtime: 1.25178 mins (897.083 cycles/s)
************
Performed 77000 out of 10000000 MC cycles
Polymer acceptance rate: 19.6908%
Total runtime: 1.27187 mins (829.332 cycles/s)
************
Performed 78000 out of 10000000 MC cycles
Polymer acceptance rate: 19.4992%
Total runtime: 1.28772 mins (1051.9 cycles/s)
************
Performed 79000 out of 10000000 MC cycles
Polymer acceptance rate: 20.0417%
Total runtime: 1.31403 mins (633.379 cycles/s)
************
Performed 80000 out of 10000000 MC cycles
Polymer acceptance rate: 19.8086%
Total runtime: 1.32989 mins (1050.79 cycles/s)
************
Performed 81000 out of 10000000 MC cycles
Polymer acceptance rate: 19.2956%
Total runtime: 1.3439 mins (1189.37 cycles/s)
************
Performed 82000 out of 10000000 MC cycles
Polymer acceptance rate: 19.7267%
Total runtime: 1.35582 mins (1399.22 cycles/s)
************
Performed 83000 out of 10000000 MC cycles
Polymer acceptance rate: 19.6492%
Total runtime: 1.37222 mins (1015.75 cycles/s)
************
Performed 84000 out of 10000000 MC cycles
Polymer acceptance rate: 19.6114%
Total runtime: 1.38781 mins (1069.21 cycles/s)
************
Performed 85000 out of 10000000 MC cycles
Polymer acceptance rate: 19.5114%
Total runtime: 1.41176 mins (695.944 cycles/s)
************
Performed 86000 out of 10000000 MC cycles
Polymer acceptance rate: 19.6789%
Total runtime: 1.43116 mins (858.929 cycles/s)
************
Performed 87000 out of 10000000 MC cycles
Polymer acceptance rate: 19.6372%
Total runtime: 1.45784 mins (624.836 cycles/s)
************
Performed 88000 out of 10000000 MC cycles
Polymer acceptance rate: 20.0578%
Total runtime: 1.47699 mins (870.354 cycles/s)
************
Performed 89000 out of 10000000 MC cycles
Polymer acceptance rate: 19.7278%
Total runtime: 1.49516 mins (917.158 cycles/s)
************
Performed 90000 out of 10000000 MC cycles
Polymer acceptance rate: 19.8253%
Total runtime: 1.51435 mins (868.236 cycles/s)
************
Performed 91000 out of 10000000 MC cycles
Polymer acceptance rate: 20.3797%
Total runtime: 1.52811 mins (1211.26 cycles/s)
************
Performed 92000 out of 10000000 MC cycles
Polymer acceptance rate: 19.5969%
Total runtime: 1.55629 mins (591.584 cycles/s)
************
Performed 93000 out of 10000000 MC cycles
Polymer acceptance rate: 19.9886%
Total runtime: 1.5803 mins (694.221 cycles/s)
************
Performed 94000 out of 10000000 MC cycles
Polymer acceptance rate: 20.4161%
Total runtime: 1.60251 mins (750.362 cycles/s)
************
Performed 95000 out of 10000000 MC cycles
Polymer acceptance rate: 19.6669%
Total runtime: 1.62292 mins (816.338 cycles/s)
************
Performed 96000 out of 10000000 MC cycles
Polymer acceptance rate: 19.8586%
Total runtime: 1.64371 mins (801.859 cycles/s)
************
Performed 97000 out of 10000000 MC cycles
Polymer acceptance rate: 19.7806%
Total runtime: 1.67355 mins (558.569 cycles/s)
************
Performed 98000 out of 10000000 MC cycles
Polymer acceptance rate: 19.7606%
Total runtime: 1.69438 mins (799.918 cycles/s)
************
Performed 99000 out of 10000000 MC cycles
Polymer acceptance rate: 20.1211%
Total runtime: 1.72915 mins (479.399 cycles/s)
************
Performed 100000 out of 10000000 MC cycles
Polymer acceptance rate: 19.4911%
Total runtime: 1.73954 mins (1603.72 cycles/s)
************
Performed 101000 out of 10000000 MC cycles
Polymer acceptance rate: 19.625%
Total runtime: 1.76081 mins (783.467 cycles/s)
************
Performed 102000 out of 10000000 MC cycles
Polymer acceptance rate: 20.1089%
Total runtime: 1.77852 mins (941.404 cycles/s)
************
Performed 103000 out of 10000000 MC cycles
Polymer acceptance rate: 20.1189%
Total runtime: 1.80059 mins (755.073 cycles/s)
************
Performed 104000 out of 10000000 MC cycles
Polymer acceptance rate: 20.1944%
Total runtime: 1.81931 mins (890.191 cycles/s)
************
Performed 105000 out of 10000000 MC cycles
Polymer acceptance rate: 19.7517%
Total runtime: 1.84833 mins (574.306 cycles/s)
************
Performed 106000 out of 10000000 MC cycles
Polymer acceptance rate: 19.2892%
Total runtime: 1.8773 mins (575.408 cycles/s)
************
Performed 107000 out of 10000000 MC cycles
Polymer acceptance rate: 19.3775%
Total runtime: 1.90612 mins (578.26 cycles/s)
************
Performed 108000 out of 10000000 MC cycles
Polymer acceptance rate: 20.0333%
Total runtime: 1.93779 mins (526.28 cycles/s)
************
Performed 109000 out of 10000000 MC cycles
Polymer acceptance rate: 20.0906%
Total runtime: 1.94766 mins (1687.69 cycles/s)
************
Performed 110000 out of 10000000 MC cycles
Polymer acceptance rate: 19.6764%
Total runtime: 1.96528 mins (946.198 cycles/s)
************
Performed 111000 out of 10000000 MC cycles
Polymer acceptance rate: 19.6103%
Total runtime: 1.99065 mins (657.032 cycles/s)
************
Performed 112000 out of 10000000 MC cycles
Polymer acceptance rate: 19.8769%
Total runtime: 2.00725 mins (1003.51 cycles/s)
************
Performed 113000 out of 10000000 MC cycles
Polymer acceptance rate: 19.8519%
Total runtime: 2.02231 mins (1107.11 cycles/s)
************
Performed 114000 out of 10000000 MC cycles
Polymer acceptance rate: 20.2386%
Total runtime: 2.09949 mins (215.947 cycles/s)
************
Performed 115000 out of 10000000 MC cycles
Polymer acceptance rate: 20.185%
Total runtime: 2.12206 mins (738.208 cycles/s)
************
Performed 116000 out of 10000000 MC cycles
Polymer acceptance rate: 20.12%
Total runtime: 2.15788 mins (465.336 cycles/s)
************
Performed 117000 out of 10000000 MC cycles
Polymer acceptance rate: 20.0506%
Total runtime: 2.18583 mins (596.391 cycles/s)
************
Performed 118000 out of 10000000 MC cycles
Polymer acceptance rate: 19.7506%
Total runtime: 2.22068 mins (478.262 cycles/s)
************
Performed 119000 out of 10000000 MC cycles
Polymer acceptance rate: 19.3431%
Total runtime: 2.24129 mins (808.616 cycles/s)
************
Performed 120000 out of 10000000 MC cycles
Polymer acceptance rate: 19.4875%
Total runtime: 2.2506 mins (1789.51 cycles/s)
************
Performed 121000 out of 10000000 MC cycles
Polymer acceptance rate: 19.7925%
Total runtime: 2.28533 mins (479.83 cycles/s)
