Using entropy-harvested random seed: -1113407927
Running with initial polymer density 0.000485979
Using 360 TADs, including main chain of length 360
************
Performed 1000 out of 10000000 MC cycles
Polymer acceptance rate: 15.8814%
Total runtime: 0.0121306 mins (1373.93 cycles/s)
************
Performed 2000 out of 10000000 MC cycles
Polymer acceptance rate: 17.6897%
Total runtime: 0.0272257 mins (1104.11 cycles/s)
************
Performed 3000 out of 10000000 MC cycles
Polymer acceptance rate: 18.3772%
Total runtime: 0.0376682 mins (1596.04 cycles/s)
************
Performed 4000 out of 10000000 MC cycles
Polymer acceptance rate: 18.7692%
Total runtime: 0.0490749 mins (1461.13 cycles/s)
************
Performed 5000 out of 10000000 MC cycles
Polymer acceptance rate: 19.1447%
Total runtime: 0.0595708 mins (1587.92 cycles/s)
************
Performed 6000 out of 10000000 MC cycles
Polymer acceptance rate: 19.3225%
Total runtime: 0.0721402 mins (1325.97 cycles/s)
************
Performed 7000 out of 10000000 MC cycles
Polymer acceptance rate: 19.0661%
Total runtime: 0.092156 mins (832.675 cycles/s)
************
Performed 8000 out of 10000000 MC cycles
Polymer acceptance rate: 19.7539%
Total runtime: 0.106664 mins (1148.79 cycles/s)
************
Performed 9000 out of 10000000 MC cycles
Polymer acceptance rate: 18.9233%
Total runtime: 0.126805 mins (827.498 cycles/s)
************
Performed 10000 out of 10000000 MC cycles
Polymer acceptance rate: 18.8931%
Total runtime: 0.135121 mins (2004.22 cycles/s)
************
Performed 11000 out of 10000000 MC cycles
Polymer acceptance rate: 19.3878%
Total runtime: 0.167917 mins (508.187 cycles/s)
************
Performed 12000 out of 10000000 MC cycles
Polymer acceptance rate: 19.2189%
Total runtime: 0.181226 mins (1252.34 cycles/s)
************
Performed 13000 out of 10000000 MC cycles
Polymer acceptance rate: 19.8264%
Total runtime: 0.210505 mins (569.219 cycles/s)
************
Performed 14000 out of 10000000 MC cycles
Polymer acceptance rate: 19.2883%
Total runtime: 0.22914 mins (894.405 cycles/s)
************
Performed 15000 out of 10000000 MC cycles
Polymer acceptance rate: 19.3686%
Total runtime: 0.250169 mins (792.536 cycles/s)
************
Performed 16000 out of 10000000 MC cycles
Polymer acceptance rate: 19.8469%
Total runtime: 0.274418 mins (687.32 cycles/s)
************
Performed 17000 out of 10000000 MC cycles
Polymer acceptance rate: 19.7356%
Total runtime: 0.285697 mins (1477.74 cycles/s)
************
Performed 18000 out of 10000000 MC cycles
Polymer acceptance rate: 19.8822%
Total runtime: 0.298136 mins (1339.88 cycles/s)
************
Performed 19000 out of 10000000 MC cycles
Polymer acceptance rate: 19.0844%
Total runtime: 0.311718 mins (1227.09 cycles/s)
************
Performed 20000 out of 10000000 MC cycles
Polymer acceptance rate: 19.5658%
Total runtime: 0.32953 mins (935.708 cycles/s)
************
Performed 21000 out of 10000000 MC cycles
Polymer acceptance rate: 19.5742%
Total runtime: 0.340337 mins (1542.21 cycles/s)
************
Performed 22000 out of 10000000 MC cycles
Polymer acceptance rate: 19.4236%
Total runtime: 0.352378 mins (1384.13 cycles/s)
************
Performed 23000 out of 10000000 MC cycles
Polymer acceptance rate: 18.8933%
Total runtime: 0.363535 mins (1493.85 cycles/s)
************
Performed 24000 out of 10000000 MC cycles
Polymer acceptance rate: 19.6092%
Total runtime: 0.376079 mins (1328.6 cycles/s)
************
Performed 25000 out of 10000000 MC cycles
Polymer acceptance rate: 19.5078%
Total runtime: 0.385175 mins (1832.48 cycles/s)
************
Performed 26000 out of 10000000 MC cycles
Polymer acceptance rate: 19.1167%
Total runtime: 0.397799 mins (1320.24 cycles/s)
************
Performed 27000 out of 10000000 MC cycles
Polymer acceptance rate: 18.7989%
Total runtime: 0.412471 mins (1135.95 cycles/s)
************
Performed 28000 out of 10000000 MC cycles
Polymer acceptance rate: 19.4289%
Total runtime: 0.424128 mins (1429.69 cycles/s)
************
Performed 29000 out of 10000000 MC cycles
Polymer acceptance rate: 19.4706%
Total runtime: 0.430663 mins (2550.42 cycles/s)
************
Performed 30000 out of 10000000 MC cycles
Polymer acceptance rate: 19.3761%
Total runtime: 0.443318 mins (1316.99 cycles/s)
************
Performed 31000 out of 10000000 MC cycles
Polymer acceptance rate: 19.3706%
Total runtime: 0.452563 mins (1802.81 cycles/s)
************
Performed 32000 out of 10000000 MC cycles
Polymer acceptance rate: 19.5939%
Total runtime: 0.466422 mins (1202.56 cycles/s)
************
Performed 33000 out of 10000000 MC cycles
Polymer acceptance rate: 19.5633%
Total runtime: 0.477983 mins (1441.63 cycles/s)
************
Performed 34000 out of 10000000 MC cycles
Polymer acceptance rate: 19.5303%
Total runtime: 0.492039 mins (1185.76 cycles/s)
************
Performed 35000 out of 10000000 MC cycles
Polymer acceptance rate: 19.6681%
Total runtime: 0.501762 mins (1714.1 cycles/s)
************
Performed 36000 out of 10000000 MC cycles
Polymer acceptance rate: 19.3806%
Total runtime: 0.51701 mins (1093.04 cycles/s)
************
Performed 37000 out of 10000000 MC cycles
Polymer acceptance rate: 19.8189%
Total runtime: 0.528417 mins (1461.18 cycles/s)
************
Performed 38000 out of 10000000 MC cycles
Polymer acceptance rate: 19.9236%
Total runtime: 0.540151 mins (1420.28 cycles/s)
************
Performed 39000 out of 10000000 MC cycles
Polymer acceptance rate: 19.7453%
Total runtime: 0.551049 mins (1529.31 cycles/s)
************
Performed 40000 out of 10000000 MC cycles
Polymer acceptance rate: 19.7544%
Total runtime: 0.563105 mins (1382.47 cycles/s)
************
Performed 41000 out of 10000000 MC cycles
Polymer acceptance rate: 20.09%
Total runtime: 0.575502 mins (1344.45 cycles/s)
************
Performed 42000 out of 10000000 MC cycles
Polymer acceptance rate: 20.0036%
Total runtime: 0.587715 mins (1364.59 cycles/s)
************
Performed 43000 out of 10000000 MC cycles
Polymer acceptance rate: 19.9978%
Total runtime: 0.599575 mins (1405.36 cycles/s)
************
Performed 44000 out of 10000000 MC cycles
Polymer acceptance rate: 19.7492%
Total runtime: 0.615178 mins (1068.14 cycles/s)
************
Performed 45000 out of 10000000 MC cycles
Polymer acceptance rate: 19.7406%
Total runtime: 0.628964 mins (1208.97 cycles/s)
************
Performed 46000 out of 10000000 MC cycles
Polymer acceptance rate: 20.0594%
Total runtime: 0.643879 mins (1117.43 cycles/s)
************
Performed 47000 out of 10000000 MC cycles
Polymer acceptance rate: 19.2858%
Total runtime: 0.653604 mins (1713.88 cycles/s)
************
Performed 48000 out of 10000000 MC cycles
Polymer acceptance rate: 19.5703%
Total runtime: 0.665167 mins (1441.34 cycles/s)
************
Performed 49000 out of 10000000 MC cycles
Polymer acceptance rate: 19.6411%
Total runtime: 0.679923 mins (1129.5 cycles/s)
************
Performed 50000 out of 10000000 MC cycles
Polymer acceptance rate: 19.7883%
Total runtime: 0.692421 mins (1333.53 cycles/s)
************
Performed 51000 out of 10000000 MC cycles
Polymer acceptance rate: 19.8028%
Total runtime: 0.701364 mins (1863.79 cycles/s)
************
Performed 52000 out of 10000000 MC cycles
Polymer acceptance rate: 19.5644%
Total runtime: 0.715497 mins (1179.24 cycles/s)
************
Performed 53000 out of 10000000 MC cycles
Polymer acceptance rate: 19.9286%
Total runtime: 0.731868 mins (1018.07 cycles/s)
************
Performed 54000 out of 10000000 MC cycles
Polymer acceptance rate: 19.9256%
Total runtime: 0.749464 mins (947.169 cycles/s)
************
Performed 55000 out of 10000000 MC cycles
Polymer acceptance rate: 20.4183%
Total runtime: 0.762245 mins (1304.02 cycles/s)
************
Performed 56000 out of 10000000 MC cycles
Polymer acceptance rate: 19.8156%
Total runtime: 0.778938 mins (998.441 cycles/s)
************
Performed 57000 out of 10000000 MC cycles
Polymer acceptance rate: 19.4183%
Total runtime: 0.798028 mins (873.059 cycles/s)
************
Performed 58000 out of 10000000 MC cycles
Polymer acceptance rate: 19.7847%
Total runtime: 0.820529 mins (740.708 cycles/s)
************
Performed 59000 out of 10000000 MC cycles
Polymer acceptance rate: 19.735%
Total runtime: 0.841927 mins (778.881 cycles/s)
************
Performed 60000 out of 10000000 MC cycles
Polymer acceptance rate: 19.5342%
Total runtime: 0.87159 mins (561.862 cycles/s)
************
Performed 61000 out of 10000000 MC cycles
Polymer acceptance rate: 19.9264%
Total runtime: 0.887437 mins (1051.77 cycles/s)
************
Performed 62000 out of 10000000 MC cycles
Polymer acceptance rate: 19.9328%
Total runtime: 0.90937 mins (759.888 cycles/s)
************
Performed 63000 out of 10000000 MC cycles
Polymer acceptance rate: 19.8725%
Total runtime: 0.93321 mins (699.08 cycles/s)
************
Performed 64000 out of 10000000 MC cycles
Polymer acceptance rate: 19.2911%
Total runtime: 0.954739 mins (774.181 cycles/s)
************
Performed 65000 out of 10000000 MC cycles
Polymer acceptance rate: 19.2747%
Total runtime: 0.974081 mins (861.683 cycles/s)
************
Performed 66000 out of 10000000 MC cycles
Polymer acceptance rate: 19.8103%
Total runtime: 0.995694 mins (771.113 cycles/s)
************
Performed 67000 out of 10000000 MC cycles
Polymer acceptance rate: 20.0964%
Total runtime: 1.01629 mins (809.218 cycles/s)
************
Performed 68000 out of 10000000 MC cycles
Polymer acceptance rate: 20.3319%
Total runtime: 1.03823 mins (759.686 cycles/s)
************
Performed 69000 out of 10000000 MC cycles
Polymer acceptance rate: 19.4058%
Total runtime: 1.05325 mins (1109.49 cycles/s)
************
Performed 70000 out of 10000000 MC cycles
Polymer acceptance rate: 19.8433%
Total runtime: 1.06424 mins (1516.03 cycles/s)
************
Performed 71000 out of 10000000 MC cycles
Polymer acceptance rate: 19.3575%
Total runtime: 1.08188 mins (945.227 cycles/s)
************
Performed 72000 out of 10000000 MC cycles
Polymer acceptance rate: 19.9025%
Total runtime: 1.09645 mins (1143.9 cycles/s)
************
Performed 73000 out of 10000000 MC cycles
Polymer acceptance rate: 19.9231%
Total runtime: 1.12743 mins (537.859 cycles/s)
************
Performed 74000 out of 10000000 MC cycles
Polymer acceptance rate: 19.5108%
Total runtime: 1.14257 mins (1101.31 cycles/s)
************
Performed 75000 out of 10000000 MC cycles
Polymer acceptance rate: 19.4747%
Total runtime: 1.17077 mins (590.882 cycles/s)
************
Performed 76000 out of 10000000 MC cycles
Polymer acceptance rate: 19.8247%
Total runtime: 1.18523 mins (1152.65 cycles/s)
************
Performed 77000 out of 10000000 MC cycles
Polymer acceptance rate: 19.7328%
Total runtime: 1.2198 mins (482.152 cycles/s)
************
Performed 78000 out of 10000000 MC cycles
Polymer acceptance rate: 19.3306%
Total runtime: 1.23522 mins (1081.01 cycles/s)
************
Performed 79000 out of 10000000 MC cycles
Polymer acceptance rate: 19.5597%
Total runtime: 1.24897 mins (1212.32 cycles/s)
************
Performed 80000 out of 10000000 MC cycles
Polymer acceptance rate: 19.8178%
Total runtime: 1.26856 mins (850.753 cycles/s)
************
Performed 81000 out of 10000000 MC cycles
Polymer acceptance rate: 19.3067%
Total runtime: 1.29855 mins (555.606 cycles/s)
************
Performed 82000 out of 10000000 MC cycles
Polymer acceptance rate: 19.7069%
Total runtime: 1.31383 mins (1090.92 cycles/s)
************
Performed 83000 out of 10000000 MC cycles
Polymer acceptance rate: 19.7853%
Total runtime: 1.32939 mins (1071.05 cycles/s)
************
Performed 84000 out of 10000000 MC cycles
Polymer acceptance rate: 19.9181%
Total runtime: 1.33877 mins (1777.78 cycles/s)
************
Performed 85000 out of 10000000 MC cycles
Polymer acceptance rate: 19.9342%
Total runtime: 1.35794 mins (869.454 cycles/s)
************
Performed 86000 out of 10000000 MC cycles
Polymer acceptance rate: 19.8861%
Total runtime: 1.3658 mins (2119.41 cycles/s)
************
Performed 87000 out of 10000000 MC cycles
Polymer acceptance rate: 19.145%
Total runtime: 1.38536 mins (852.103 cycles/s)
************
Performed 88000 out of 10000000 MC cycles
Polymer acceptance rate: 20.3294%
Total runtime: 1.39807 mins (1311.01 cycles/s)
************
Performed 89000 out of 10000000 MC cycles
Polymer acceptance rate: 20.1994%
Total runtime: 1.4168 mins (889.917 cycles/s)
************
Performed 90000 out of 10000000 MC cycles
Polymer acceptance rate: 19.2036%
Total runtime: 1.43534 mins (898.869 cycles/s)
************
Performed 91000 out of 10000000 MC cycles
Polymer acceptance rate: 19.1508%
Total runtime: 1.4582 mins (729.058 cycles/s)
************
Performed 92000 out of 10000000 MC cycles
Polymer acceptance rate: 20.0675%
Total runtime: 1.46855 mins (1610.37 cycles/s)
************
Performed 93000 out of 10000000 MC cycles
Polymer acceptance rate: 20.04%
Total runtime: 1.48631 mins (938.664 cycles/s)
************
Performed 94000 out of 10000000 MC cycles
Polymer acceptance rate: 19.6472%
Total runtime: 1.49979 mins (1236.41 cycles/s)
************
Performed 95000 out of 10000000 MC cycles
Polymer acceptance rate: 19.9781%
Total runtime: 1.51709 mins (963.189 cycles/s)
************
Performed 96000 out of 10000000 MC cycles
Polymer acceptance rate: 19.6903%
Total runtime: 1.54733 mins (551.262 cycles/s)
************
Performed 97000 out of 10000000 MC cycles
Polymer acceptance rate: 19.0278%
Total runtime: 1.57345 mins (638.02 cycles/s)
************
Performed 98000 out of 10000000 MC cycles
Polymer acceptance rate: 20.3086%
Total runtime: 1.58636 mins (1290.94 cycles/s)
************
Performed 99000 out of 10000000 MC cycles
Polymer acceptance rate: 20.2081%
Total runtime: 1.6121 mins (647.571 cycles/s)
************
Performed 100000 out of 10000000 MC cycles
Polymer acceptance rate: 19.4242%
Total runtime: 1.63357 mins (776.011 cycles/s)
************
Performed 101000 out of 10000000 MC cycles
Polymer acceptance rate: 19.0283%
Total runtime: 1.6516 mins (924.353 cycles/s)
************
Performed 102000 out of 10000000 MC cycles
Polymer acceptance rate: 19.4375%
Total runtime: 1.67734 mins (647.63 cycles/s)
************
Performed 103000 out of 10000000 MC cycles
Polymer acceptance rate: 20.0142%
Total runtime: 1.69929 mins (759.419 cycles/s)
************
Performed 104000 out of 10000000 MC cycles
Polymer acceptance rate: 19.6281%
Total runtime: 1.72331 mins (693.684 cycles/s)
************
Performed 105000 out of 10000000 MC cycles
Polymer acceptance rate: 19.3164%
Total runtime: 1.74161 mins (911.011 cycles/s)
************
Performed 106000 out of 10000000 MC cycles
Polymer acceptance rate: 18.8883%
Total runtime: 1.76766 mins (639.639 cycles/s)
************
Performed 107000 out of 10000000 MC cycles
Polymer acceptance rate: 19.3597%
Total runtime: 1.78613 mins (902.398 cycles/s)
************
Performed 108000 out of 10000000 MC cycles
Polymer acceptance rate: 19.6031%
Total runtime: 1.81836 mins (517.088 cycles/s)
************
Performed 109000 out of 10000000 MC cycles
Polymer acceptance rate: 19.6183%
Total runtime: 1.8437 mins (657.91 cycles/s)
************
Performed 110000 out of 10000000 MC cycles
Polymer acceptance rate: 19.0306%
Total runtime: 1.87837 mins (480.708 cycles/s)
************
Performed 111000 out of 10000000 MC cycles
Polymer acceptance rate: 19.4939%
Total runtime: 1.89213 mins (1211.35 cycles/s)
************
Performed 112000 out of 10000000 MC cycles
Polymer acceptance rate: 19.1908%
Total runtime: 1.91645 mins (685.17 cycles/s)
************
Performed 113000 out of 10000000 MC cycles
Polymer acceptance rate: 19.3819%
Total runtime: 1.93481 mins (908.006 cycles/s)
************
Performed 114000 out of 10000000 MC cycles
Polymer acceptance rate: 19.7947%
Total runtime: 1.95459 mins (842.497 cycles/s)
************
Performed 115000 out of 10000000 MC cycles
Polymer acceptance rate: 20.0997%
Total runtime: 1.97652 mins (759.888 cycles/s)
************
Performed 116000 out of 10000000 MC cycles
Polymer acceptance rate: 19.5111%
Total runtime: 1.99952 mins (724.689 cycles/s)
************
Performed 117000 out of 10000000 MC cycles
Polymer acceptance rate: 19.6375%
Total runtime: 2.0114 mins (1403.06 cycles/s)
************
Performed 118000 out of 10000000 MC cycles
Polymer acceptance rate: 19.1481%
Total runtime: 2.10536 mins (177.382 cycles/s)
************
Performed 119000 out of 10000000 MC cycles
Polymer acceptance rate: 19.8781%
Total runtime: 2.1382 mins (507.54 cycles/s)
************
Performed 120000 out of 10000000 MC cycles
Polymer acceptance rate: 19.8631%
Total runtime: 2.17579 mins (443.376 cycles/s)
************
Performed 121000 out of 10000000 MC cycles
Polymer acceptance rate: 19.4092%
Total runtime: 2.20455 mins (579.366 cycles/s)
************
Performed 122000 out of 10000000 MC cycles
Polymer acceptance rate: 19.5903%
Total runtime: 2.2302 mins (649.838 cycles/s)
************
Performed 123000 out of 10000000 MC cycles
Polymer acceptance rate: 19.36%
Total runtime: 2.24661 mins (1015.71 cycles/s)
************
Performed 124000 out of 10000000 MC cycles
Polymer acceptance rate: 19.1678%
Total runtime: 2.26401 mins (957.767 cycles/s)
