Using entropy-harvested random seed: 1541615198
Running with initial polymer density 0.000485979
Using 360 TADs, including main chain of length 360
************
Performed 1000 out of 10000000 MC cycles
Polymer acceptance rate: 16.0903%
Total runtime: 0.014042 mins (1186.91 cycles/s)
************
Performed 2000 out of 10000000 MC cycles
Polymer acceptance rate: 18.8511%
Total runtime: 0.0359555 mins (760.567 cycles/s)
************
Performed 3000 out of 10000000 MC cycles
Polymer acceptance rate: 18.4847%
Total runtime: 0.0627746 mins (621.449 cycles/s)
************
Performed 4000 out of 10000000 MC cycles
Polymer acceptance rate: 19.3006%
Total runtime: 0.0768993 mins (1179.96 cycles/s)
************
Performed 5000 out of 10000000 MC cycles
Polymer acceptance rate: 18.6414%
Total runtime: 0.0923149 mins (1081.16 cycles/s)
************
Performed 6000 out of 10000000 MC cycles
Polymer acceptance rate: 19.2594%
Total runtime: 0.104037 mins (1421.83 cycles/s)
************
Performed 7000 out of 10000000 MC cycles
Polymer acceptance rate: 18.9728%
Total runtime: 0.116762 mins (1309.77 cycles/s)
************
Performed 8000 out of 10000000 MC cycles
Polymer acceptance rate: 18.9925%
Total runtime: 0.130829 mins (1184.76 cycles/s)
************
Performed 9000 out of 10000000 MC cycles
Polymer acceptance rate: 18.8656%
Total runtime: 0.14652 mins (1062.22 cycles/s)
************
Performed 10000 out of 10000000 MC cycles
Polymer acceptance rate: 18.7644%
Total runtime: 0.162176 mins (1064.54 cycles/s)
************
Performed 11000 out of 10000000 MC cycles
Polymer acceptance rate: 19.1544%
Total runtime: 0.179478 mins (963.296 cycles/s)
************
Performed 12000 out of 10000000 MC cycles
Polymer acceptance rate: 19.4606%
Total runtime: 0.20302 mins (707.938 cycles/s)
************
Performed 13000 out of 10000000 MC cycles
Polymer acceptance rate: 19.5942%
Total runtime: 0.231516 mins (584.892 cycles/s)
************
Performed 14000 out of 10000000 MC cycles
Polymer acceptance rate: 19.5864%
Total runtime: 0.244111 mins (1323.22 cycles/s)
************
Performed 15000 out of 10000000 MC cycles
Polymer acceptance rate: 19.1694%
Total runtime: 0.271199 mins (615.273 cycles/s)
************
Performed 16000 out of 10000000 MC cycles
Polymer acceptance rate: 19.3925%
Total runtime: 0.291202 mins (833.228 cycles/s)
************
Performed 17000 out of 10000000 MC cycles
Polymer acceptance rate: 19.0642%
Total runtime: 0.31876 mins (604.773 cycles/s)
************
Performed 18000 out of 10000000 MC cycles
Polymer acceptance rate: 19.6364%
Total runtime: 0.335594 mins (990.062 cycles/s)
************
Performed 19000 out of 10000000 MC cycles
Polymer acceptance rate: 19.7272%
Total runtime: 0.349186 mins (1226.28 cycles/s)
************
Performed 20000 out of 10000000 MC cycles
Polymer acceptance rate: 19.8278%
Total runtime: 0.357544 mins (1993.93 cycles/s)
************
Performed 21000 out of 10000000 MC cycles
Polymer acceptance rate: 20.0161%
Total runtime: 0.372952 mins (1081.72 cycles/s)
************
Performed 22000 out of 10000000 MC cycles
Polymer acceptance rate: 19.3775%
Total runtime: 0.381112 mins (2042.34 cycles/s)
************
Performed 23000 out of 10000000 MC cycles
Polymer acceptance rate: 19.6933%
Total runtime: 0.401036 mins (836.517 cycles/s)
************
Performed 24000 out of 10000000 MC cycles
Polymer acceptance rate: 19.5094%
Total runtime: 0.413706 mins (1315.53 cycles/s)
************
Performed 25000 out of 10000000 MC cycles
Polymer acceptance rate: 19.4017%
Total runtime: 0.425778 mins (1380.54 cycles/s)
************
Performed 26000 out of 10000000 MC cycles
Polymer acceptance rate: 19.7367%
Total runtime: 0.437128 mins (1468.46 cycles/s)
************
Performed 27000 out of 10000000 MC cycles
Polymer acceptance rate: 19.7425%
Total runtime: 0.44869 mins (1441.49 cycles/s)
************
Performed 28000 out of 10000000 MC cycles
Polymer acceptance rate: 19.8492%
Total runtime: 0.461691 mins (1281.95 cycles/s)
************
Performed 29000 out of 10000000 MC cycles
Polymer acceptance rate: 19.5889%
Total runtime: 0.474219 mins (1330.33 cycles/s)
************
Performed 30000 out of 10000000 MC cycles
Polymer acceptance rate: 19.2511%
Total runtime: 0.481487 mins (2293.09 cycles/s)
************
Performed 31000 out of 10000000 MC cycles
Polymer acceptance rate: 19.6281%
Total runtime: 0.501296 mins (841.391 cycles/s)
************
Performed 32000 out of 10000000 MC cycles
Polymer acceptance rate: 19.2333%
Total runtime: 0.509043 mins (2151.42 cycles/s)
************
Performed 33000 out of 10000000 MC cycles
Polymer acceptance rate: 19.4975%
Total runtime: 0.51676 mins (2159.62 cycles/s)
************
Performed 34000 out of 10000000 MC cycles
Polymer acceptance rate: 19.5947%
Total runtime: 0.527354 mins (1573.17 cycles/s)
************
Performed 35000 out of 10000000 MC cycles
Polymer acceptance rate: 19.5589%
Total runtime: 0.541629 mins (1167.58 cycles/s)
************
Performed 36000 out of 10000000 MC cycles
Polymer acceptance rate: 19.7814%
Total runtime: 0.554772 mins (1268.09 cycles/s)
************
Performed 37000 out of 10000000 MC cycles
Polymer acceptance rate: 19.1433%
Total runtime: 0.563735 mins (1859.57 cycles/s)
************
Performed 38000 out of 10000000 MC cycles
Polymer acceptance rate: 19.3556%
Total runtime: 0.576359 mins (1320.23 cycles/s)
************
Performed 39000 out of 10000000 MC cycles
Polymer acceptance rate: 19.9006%
Total runtime: 0.584205 mins (2124.09 cycles/s)
************
Performed 40000 out of 10000000 MC cycles
Polymer acceptance rate: 19.3922%
Total runtime: 0.597601 mins (1244.16 cycles/s)
************
Performed 41000 out of 10000000 MC cycles
Polymer acceptance rate: 19.5644%
Total runtime: 0.610939 mins (1249.61 cycles/s)
************
Performed 42000 out of 10000000 MC cycles
Polymer acceptance rate: 19.9219%
Total runtime: 0.620423 mins (1757.3 cycles/s)
************
Performed 43000 out of 10000000 MC cycles
Polymer acceptance rate: 19.5975%
Total runtime: 0.634773 mins (1161.4 cycles/s)
************
Performed 44000 out of 10000000 MC cycles
Polymer acceptance rate: 19.1736%
Total runtime: 0.646362 mins (1438.14 cycles/s)
************
Performed 45000 out of 10000000 MC cycles
Polymer acceptance rate: 19.3667%
Total runtime: 0.657733 mins (1465.78 cycles/s)
************
Performed 46000 out of 10000000 MC cycles
Polymer acceptance rate: 19.5172%
Total runtime: 0.671634 mins (1198.98 cycles/s)
************
Performed 47000 out of 10000000 MC cycles
Polymer acceptance rate: 18.9858%
Total runtime: 0.689515 mins (932.09 cycles/s)
************
Performed 48000 out of 10000000 MC cycles
Polymer acceptance rate: 19.0058%
Total runtime: 0.700653 mins (1496.37 cycles/s)
************
Performed 49000 out of 10000000 MC cycles
Polymer acceptance rate: 19.4369%
Total runtime: 0.713122 mins (1336.65 cycles/s)
************
Performed 50000 out of 10000000 MC cycles
Polymer acceptance rate: 18.9881%
Total runtime: 0.723548 mins (1598.55 cycles/s)
************
Performed 51000 out of 10000000 MC cycles
Polymer acceptance rate: 18.955%
Total runtime: 0.739732 mins (1029.82 cycles/s)
************
Performed 52000 out of 10000000 MC cycles
Polymer acceptance rate: 19.6967%
Total runtime: 0.751164 mins (1457.9 cycles/s)
************
Performed 53000 out of 10000000 MC cycles
Polymer acceptance rate: 19.7117%
Total runtime: 0.758409 mins (2300.28 cycles/s)
************
Performed 54000 out of 10000000 MC cycles
Polymer acceptance rate: 19.1661%
Total runtime: 0.770955 mins (1328.47 cycles/s)
************
Performed 55000 out of 10000000 MC cycles
Polymer acceptance rate: 19.5056%
Total runtime: 0.782871 mins (1398.65 cycles/s)
************
Performed 56000 out of 10000000 MC cycles
Polymer acceptance rate: 19.1544%
Total runtime: 0.798186 mins (1088.3 cycles/s)
************
Performed 57000 out of 10000000 MC cycles
Polymer acceptance rate: 19.2986%
Total runtime: 0.822946 mins (673.123 cycles/s)
************
Performed 58000 out of 10000000 MC cycles
Polymer acceptance rate: 19.1308%
Total runtime: 0.841041 mins (921.077 cycles/s)
************
Performed 59000 out of 10000000 MC cycles
Polymer acceptance rate: 19.3744%
Total runtime: 0.85181 mins (1547.65 cycles/s)
************
Performed 60000 out of 10000000 MC cycles
Polymer acceptance rate: 19.6517%
Total runtime: 0.867769 mins (1044.33 cycles/s)
************
Performed 61000 out of 10000000 MC cycles
Polymer acceptance rate: 20.1775%
Total runtime: 0.888372 mins (808.953 cycles/s)
************
Performed 62000 out of 10000000 MC cycles
Polymer acceptance rate: 19.3778%
Total runtime: 0.911759 mins (712.637 cycles/s)
************
Performed 63000 out of 10000000 MC cycles
Polymer acceptance rate: 19.6264%
Total runtime: 0.922981 mins (1485.22 cycles/s)
************
Performed 64000 out of 10000000 MC cycles
Polymer acceptance rate: 19.4381%
Total runtime: 0.94861 mins (650.29 cycles/s)
************
Performed 65000 out of 10000000 MC cycles
Polymer acceptance rate: 19.8889%
Total runtime: 0.976068 mins (606.981 cycles/s)
************
Performed 66000 out of 10000000 MC cycles
Polymer acceptance rate: 20.0836%
Total runtime: 1.00155 mins (653.984 cycles/s)
************
Performed 67000 out of 10000000 MC cycles
Polymer acceptance rate: 18.8803%
Total runtime: 1.02808 mins (628.275 cycles/s)
************
Performed 68000 out of 10000000 MC cycles
Polymer acceptance rate: 19.9183%
Total runtime: 1.04602 mins (929.326 cycles/s)
************
Performed 69000 out of 10000000 MC cycles
Polymer acceptance rate: 19.4786%
Total runtime: 1.06668 mins (806.359 cycles/s)
************
Performed 70000 out of 10000000 MC cycles
Polymer acceptance rate: 19.4347%
Total runtime: 1.08944 mins (732.33 cycles/s)
************
Performed 71000 out of 10000000 MC cycles
Polymer acceptance rate: 19.2147%
Total runtime: 1.10937 mins (836.235 cycles/s)
************
Performed 72000 out of 10000000 MC cycles
Polymer acceptance rate: 19.5017%
Total runtime: 1.12602 mins (1001.15 cycles/s)
************
Performed 73000 out of 10000000 MC cycles
Polymer acceptance rate: 19.3736%
Total runtime: 1.13929 mins (1256 cycles/s)
************
Performed 74000 out of 10000000 MC cycles
Polymer acceptance rate: 19.5642%
Total runtime: 1.15116 mins (1404.39 cycles/s)
************
Performed 75000 out of 10000000 MC cycles
Polymer acceptance rate: 19.5953%
Total runtime: 1.19134 mins (414.783 cycles/s)
************
Performed 76000 out of 10000000 MC cycles
Polymer acceptance rate: 19.2881%
Total runtime: 1.21035 mins (876.673 cycles/s)
************
Performed 77000 out of 10000000 MC cycles
Polymer acceptance rate: 19.7347%
Total runtime: 1.22762 mins (965.15 cycles/s)
************
Performed 78000 out of 10000000 MC cycles
Polymer acceptance rate: 19.6328%
Total runtime: 1.25314 mins (653.137 cycles/s)
************
Performed 79000 out of 10000000 MC cycles
Polymer acceptance rate: 19.4033%
Total runtime: 1.28263 mins (565.061 cycles/s)
************
Performed 80000 out of 10000000 MC cycles
Polymer acceptance rate: 19.8342%
Total runtime: 1.30049 mins (933.416 cycles/s)
************
Performed 81000 out of 10000000 MC cycles
Polymer acceptance rate: 19.7525%
Total runtime: 1.32058 mins (829.413 cycles/s)
************
Performed 82000 out of 10000000 MC cycles
Polymer acceptance rate: 19.4867%
Total runtime: 1.33303 mins (1339.32 cycles/s)
************
Performed 83000 out of 10000000 MC cycles
Polymer acceptance rate: 19.4414%
Total runtime: 1.34774 mins (1132.83 cycles/s)
************
Performed 84000 out of 10000000 MC cycles
Polymer acceptance rate: 19.8417%
Total runtime: 1.36695 mins (867.356 cycles/s)
************
Performed 85000 out of 10000000 MC cycles
Polymer acceptance rate: 19.2608%
Total runtime: 1.38337 mins (1015.05 cycles/s)
************
Performed 86000 out of 10000000 MC cycles
Polymer acceptance rate: 20.0292%
Total runtime: 1.39379 mins (1600.61 cycles/s)
************
Performed 87000 out of 10000000 MC cycles
Polymer acceptance rate: 19.6725%
Total runtime: 1.40645 mins (1315.64 cycles/s)
************
Performed 88000 out of 10000000 MC cycles
Polymer acceptance rate: 19.4108%
Total runtime: 1.43208 mins (650.481 cycles/s)
************
Performed 89000 out of 10000000 MC cycles
Polymer acceptance rate: 19.5272%
Total runtime: 1.44975 mins (943.109 cycles/s)
************
Performed 90000 out of 10000000 MC cycles
Polymer acceptance rate: 19.4283%
Total runtime: 1.4687 mins (879.435 cycles/s)
************
Performed 91000 out of 10000000 MC cycles
Polymer acceptance rate: 19.3928%
Total runtime: 1.49198 mins (715.874 cycles/s)
************
Performed 92000 out of 10000000 MC cycles
Polymer acceptance rate: 19.445%
Total runtime: 1.51961 mins (603.173 cycles/s)
************
Performed 93000 out of 10000000 MC cycles
Polymer acceptance rate: 19.5292%
Total runtime: 1.53348 mins (1201.67 cycles/s)
************
Performed 94000 out of 10000000 MC cycles
Polymer acceptance rate: 19.7914%
Total runtime: 1.54803 mins (1145.36 cycles/s)
************
Performed 95000 out of 10000000 MC cycles
Polymer acceptance rate: 18.9056%
Total runtime: 1.5683 mins (822.456 cycles/s)
************
Performed 96000 out of 10000000 MC cycles
Polymer acceptance rate: 19.3444%
Total runtime: 1.57872 mins (1599.16 cycles/s)
************
Performed 97000 out of 10000000 MC cycles
Polymer acceptance rate: 19.5992%
Total runtime: 1.60924 mins (546.087 cycles/s)
************
Performed 98000 out of 10000000 MC cycles
Polymer acceptance rate: 19.3017%
Total runtime: 1.63623 mins (617.506 cycles/s)
************
Performed 99000 out of 10000000 MC cycles
Polymer acceptance rate: 19.6769%
Total runtime: 1.66121 mins (667.189 cycles/s)
************
Performed 100000 out of 10000000 MC cycles
Polymer acceptance rate: 19.1833%
Total runtime: 1.66831 mins (2349.47 cycles/s)
************
Performed 101000 out of 10000000 MC cycles
Polymer acceptance rate: 19.7867%
Total runtime: 1.69424 mins (642.759 cycles/s)
************
Performed 102000 out of 10000000 MC cycles
Polymer acceptance rate: 19.7547%
Total runtime: 1.71745 mins (718.012 cycles/s)
************
Performed 103000 out of 10000000 MC cycles
Polymer acceptance rate: 20.0108%
Total runtime: 1.73998 mins (739.621 cycles/s)
************
Performed 104000 out of 10000000 MC cycles
Polymer acceptance rate: 19.8897%
Total runtime: 1.76601 mins (640.464 cycles/s)
************
Performed 105000 out of 10000000 MC cycles
Polymer acceptance rate: 19.7614%
Total runtime: 1.78421 mins (915.751 cycles/s)
************
Performed 106000 out of 10000000 MC cycles
Polymer acceptance rate: 19.5764%
Total runtime: 1.80861 mins (683.046 cycles/s)
************
Performed 107000 out of 10000000 MC cycles
Polymer acceptance rate: 19.8147%
Total runtime: 1.82806 mins (856.523 cycles/s)
************
Performed 108000 out of 10000000 MC cycles
Polymer acceptance rate: 19.5542%
Total runtime: 1.83966 mins (1437.27 cycles/s)
************
Performed 109000 out of 10000000 MC cycles
Polymer acceptance rate: 19.4411%
Total runtime: 1.8631 mins (711.117 cycles/s)
************
Performed 110000 out of 10000000 MC cycles
Polymer acceptance rate: 19.4875%
Total runtime: 1.89846 mins (471.312 cycles/s)
************
Performed 111000 out of 10000000 MC cycles
Polymer acceptance rate: 19.62%
Total runtime: 1.9301 mins (526.706 cycles/s)
************
Performed 112000 out of 10000000 MC cycles
Polymer acceptance rate: 19.1942%
Total runtime: 1.96182 mins (525.507 cycles/s)
************
Performed 113000 out of 10000000 MC cycles
Polymer acceptance rate: 19.1617%
Total runtime: 1.98379 mins (758.432 cycles/s)
************
Performed 114000 out of 10000000 MC cycles
Polymer acceptance rate: 19.9447%
Total runtime: 1.99407 mins (1622.02 cycles/s)
************
Performed 115000 out of 10000000 MC cycles
Polymer acceptance rate: 20.2761%
Total runtime: 2.02074 mins (624.937 cycles/s)
************
Performed 116000 out of 10000000 MC cycles
Polymer acceptance rate: 19.675%
Total runtime: 2.03724 mins (1009.72 cycles/s)
************
Performed 117000 out of 10000000 MC cycles
Polymer acceptance rate: 20.0008%
Total runtime: 2.06362 mins (631.937 cycles/s)
************
Performed 118000 out of 10000000 MC cycles
Polymer acceptance rate: 19.3086%
Total runtime: 2.18191 mins (140.898 cycles/s)
************
Performed 119000 out of 10000000 MC cycles
Polymer acceptance rate: 19.9536%
Total runtime: 2.19983 mins (929.931 cycles/s)
************
Performed 120000 out of 10000000 MC cycles
Polymer acceptance rate: 19.3258%
Total runtime: 2.23445 mins (481.439 cycles/s)
************
Performed 121000 out of 10000000 MC cycles
Polymer acceptance rate: 20.2028%
Total runtime: 2.2777 mins (385.299 cycles/s)
************
Performed 122000 out of 10000000 MC cycles
Polymer acceptance rate: 19.5861%
Total runtime: 2.28796 mins (1625.82 cycles/s)
************
Performed 123000 out of 10000000 MC cycles
Polymer acceptance rate: 19.8511%
Total runtime: 2.30504 mins (975.327 cycles/s)
************
Performed 124000 out of 10000000 MC cycles
Polymer acceptance rate: 19.0772%
Total runtime: 2.32341 mins (907.31 cycles/s)
************
Performed 125000 out of 10000000 MC cycles
Polymer acceptance rate: 19.7533%
Total runtime: 2.33586 mins (1339.05 cycles/s)
