Using entropy-harvested random seed: -1011475427
Running with initial polymer density 0.000485979
Using 360 TADs, including main chain of length 360
************
Performed 1000 out of 10000000 MC cycles
Polymer acceptance rate: 15.1725%
Total runtime: 0.0285014 mins (584.767 cycles/s)
************
Performed 2000 out of 10000000 MC cycles
Polymer acceptance rate: 18.14%
Total runtime: 0.0554317 mins (618.881 cycles/s)
************
Performed 3000 out of 10000000 MC cycles
Polymer acceptance rate: 18.2581%
Total runtime: 0.0680579 mins (1320.01 cycles/s)
************
Performed 4000 out of 10000000 MC cycles
Polymer acceptance rate: 19.0194%
Total runtime: 0.0807116 mins (1317.14 cycles/s)
************
Performed 5000 out of 10000000 MC cycles
Polymer acceptance rate: 18.9531%
Total runtime: 0.0938323 mins (1270.26 cycles/s)
************
Performed 6000 out of 10000000 MC cycles
Polymer acceptance rate: 19.2406%
Total runtime: 0.107427 mins (1225.95 cycles/s)
************
Performed 7000 out of 10000000 MC cycles
Polymer acceptance rate: 19.1111%
Total runtime: 0.119787 mins (1348.44 cycles/s)
************
Performed 8000 out of 10000000 MC cycles
Polymer acceptance rate: 19.8594%
Total runtime: 0.140481 mins (805.411 cycles/s)
************
Performed 9000 out of 10000000 MC cycles
Polymer acceptance rate: 19.7064%
Total runtime: 0.154692 mins (1172.74 cycles/s)
************
Performed 10000 out of 10000000 MC cycles
Polymer acceptance rate: 18.4964%
Total runtime: 0.18178 mins (615.296 cycles/s)
************
Performed 11000 out of 10000000 MC cycles
Polymer acceptance rate: 19.4158%
Total runtime: 0.197862 mins (1036.35 cycles/s)
************
Performed 12000 out of 10000000 MC cycles
Polymer acceptance rate: 19.2014%
Total runtime: 0.227378 mins (564.668 cycles/s)
************
Performed 13000 out of 10000000 MC cycles
Polymer acceptance rate: 19.6139%
Total runtime: 0.240424 mins (1277.46 cycles/s)
************
Performed 14000 out of 10000000 MC cycles
Polymer acceptance rate: 19.4742%
Total runtime: 0.27296 mins (512.257 cycles/s)
************
Performed 15000 out of 10000000 MC cycles
Polymer acceptance rate: 19.0217%
Total runtime: 0.287081 mins (1180.31 cycles/s)
************
Performed 16000 out of 10000000 MC cycles
Polymer acceptance rate: 19.2767%
Total runtime: 0.312457 mins (656.776 cycles/s)
************
Performed 17000 out of 10000000 MC cycles
Polymer acceptance rate: 19.5492%
Total runtime: 0.33143 mins (878.428 cycles/s)
************
Performed 18000 out of 10000000 MC cycles
Polymer acceptance rate: 20.4244%
Total runtime: 0.348684 mins (965.97 cycles/s)
************
Performed 19000 out of 10000000 MC cycles
Polymer acceptance rate: 19.8178%
Total runtime: 0.361799 mins (1270.85 cycles/s)
************
Performed 20000 out of 10000000 MC cycles
Polymer acceptance rate: 19.4306%
Total runtime: 0.373433 mins (1432.6 cycles/s)
************
Performed 21000 out of 10000000 MC cycles
Polymer acceptance rate: 19.6708%
Total runtime: 0.387414 mins (1192.08 cycles/s)
************
Performed 22000 out of 10000000 MC cycles
Polymer acceptance rate: 19.2919%
Total runtime: 0.402697 mins (1090.5 cycles/s)
************
Performed 23000 out of 10000000 MC cycles
Polymer acceptance rate: 19.9825%
Total runtime: 0.410808 mins (2054.79 cycles/s)
************
Performed 24000 out of 10000000 MC cycles
Polymer acceptance rate: 18.9906%
Total runtime: 0.425064 mins (1169.15 cycles/s)
************
Performed 25000 out of 10000000 MC cycles
Polymer acceptance rate: 19.6647%
Total runtime: 0.434892 mins (1695.74 cycles/s)
************
Performed 26000 out of 10000000 MC cycles
Polymer acceptance rate: 19.6831%
Total runtime: 0.450802 mins (1047.58 cycles/s)
************
Performed 27000 out of 10000000 MC cycles
Polymer acceptance rate: 19.8408%
Total runtime: 0.46101 mins (1632.75 cycles/s)
************
Performed 28000 out of 10000000 MC cycles
Polymer acceptance rate: 19.6256%
Total runtime: 0.467041 mins (2763.33 cycles/s)
************
Performed 29000 out of 10000000 MC cycles
Polymer acceptance rate: 19.6781%
Total runtime: 0.479951 mins (1291.05 cycles/s)
************
Performed 30000 out of 10000000 MC cycles
Polymer acceptance rate: 19.2761%
Total runtime: 0.493386 mins (1240.53 cycles/s)
************
Performed 31000 out of 10000000 MC cycles
Polymer acceptance rate: 19.0289%
Total runtime: 0.505443 mins (1382.27 cycles/s)
************
Performed 32000 out of 10000000 MC cycles
Polymer acceptance rate: 19.4444%
Total runtime: 0.516622 mins (1490.92 cycles/s)
************
Performed 33000 out of 10000000 MC cycles
Polymer acceptance rate: 19.6558%
Total runtime: 0.528037 mins (1460.05 cycles/s)
************
Performed 34000 out of 10000000 MC cycles
Polymer acceptance rate: 19.6158%
Total runtime: 0.542568 mins (1146.97 cycles/s)
************
Performed 35000 out of 10000000 MC cycles
Polymer acceptance rate: 19.4883%
Total runtime: 0.55172 mins (1821.21 cycles/s)
************
Performed 36000 out of 10000000 MC cycles
Polymer acceptance rate: 19.6314%
Total runtime: 0.56622 mins (1149.42 cycles/s)
************
Performed 37000 out of 10000000 MC cycles
Polymer acceptance rate: 19.9314%
Total runtime: 0.578737 mins (1331.44 cycles/s)
************
Performed 38000 out of 10000000 MC cycles
Polymer acceptance rate: 19.9722%
Total runtime: 0.589623 mins (1531.01 cycles/s)
************
Performed 39000 out of 10000000 MC cycles
Polymer acceptance rate: 19.4925%
Total runtime: 0.602935 mins (1252.02 cycles/s)
************
Performed 40000 out of 10000000 MC cycles
Polymer acceptance rate: 19.3464%
Total runtime: 0.615269 mins (1351.34 cycles/s)
************
Performed 41000 out of 10000000 MC cycles
Polymer acceptance rate: 19.9883%
Total runtime: 0.627294 mins (1385.97 cycles/s)
************
Performed 42000 out of 10000000 MC cycles
Polymer acceptance rate: 19.8106%
Total runtime: 0.639035 mins (1419.55 cycles/s)
************
Performed 43000 out of 10000000 MC cycles
Polymer acceptance rate: 19.5225%
Total runtime: 0.649139 mins (1649.47 cycles/s)
************
Performed 44000 out of 10000000 MC cycles
Polymer acceptance rate: 19.2206%
Total runtime: 0.666221 mins (975.712 cycles/s)
************
Performed 45000 out of 10000000 MC cycles
Polymer acceptance rate: 19.5456%
Total runtime: 0.67872 mins (1333.39 cycles/s)
************
Performed 46000 out of 10000000 MC cycles
Polymer acceptance rate: 19.74%
Total runtime: 0.687731 mins (1849.68 cycles/s)
************
Performed 47000 out of 10000000 MC cycles
Polymer acceptance rate: 19.8839%
Total runtime: 0.700193 mins (1337.39 cycles/s)
************
Performed 48000 out of 10000000 MC cycles
Polymer acceptance rate: 19.1342%
Total runtime: 0.7126 mins (1343.34 cycles/s)
************
Performed 49000 out of 10000000 MC cycles
Polymer acceptance rate: 19.3336%
Total runtime: 0.728015 mins (1081.18 cycles/s)
************
Performed 50000 out of 10000000 MC cycles
Polymer acceptance rate: 19.7564%
Total runtime: 0.73882 mins (1542.48 cycles/s)
************
Performed 51000 out of 10000000 MC cycles
Polymer acceptance rate: 19.7581%
Total runtime: 0.752624 mins (1207.39 cycles/s)
************
Performed 52000 out of 10000000 MC cycles
Polymer acceptance rate: 19.7578%
Total runtime: 0.761717 mins (1832.81 cycles/s)
************
Performed 53000 out of 10000000 MC cycles
Polymer acceptance rate: 19.6175%
Total runtime: 0.773824 mins (1376.62 cycles/s)
************
Performed 54000 out of 10000000 MC cycles
Polymer acceptance rate: 19.8069%
Total runtime: 0.791043 mins (967.944 cycles/s)
************
Performed 55000 out of 10000000 MC cycles
Polymer acceptance rate: 19.2819%
Total runtime: 0.811413 mins (818.174 cycles/s)
************
Performed 56000 out of 10000000 MC cycles
Polymer acceptance rate: 19.3725%
Total runtime: 0.830502 mins (873.105 cycles/s)
************
Performed 57000 out of 10000000 MC cycles
Polymer acceptance rate: 19.0917%
Total runtime: 0.850407 mins (837.329 cycles/s)
************
Performed 58000 out of 10000000 MC cycles
Polymer acceptance rate: 19.0611%
Total runtime: 0.864016 mins (1224.67 cycles/s)
************
Performed 59000 out of 10000000 MC cycles
Polymer acceptance rate: 19.5622%
Total runtime: 0.883169 mins (870.179 cycles/s)
************
Performed 60000 out of 10000000 MC cycles
Polymer acceptance rate: 19.5256%
Total runtime: 0.901458 mins (911.3 cycles/s)
************
Performed 61000 out of 10000000 MC cycles
Polymer acceptance rate: 19.9936%
Total runtime: 0.902484 mins (16254.1 cycles/s)
************
Performed 62000 out of 10000000 MC cycles
Polymer acceptance rate: 19.1061%
Total runtime: 0.935425 mins (505.941 cycles/s)
************
Performed 63000 out of 10000000 MC cycles
Polymer acceptance rate: 19.895%
Total runtime: 0.957395 mins (758.641 cycles/s)
************
Performed 64000 out of 10000000 MC cycles
Polymer acceptance rate: 19.4625%
Total runtime: 0.987111 mins (560.854 cycles/s)
************
Performed 65000 out of 10000000 MC cycles
Polymer acceptance rate: 19.6356%
Total runtime: 1.01014 mins (723.803 cycles/s)
************
Performed 66000 out of 10000000 MC cycles
Polymer acceptance rate: 19.7547%
Total runtime: 1.02522 mins (1104.79 cycles/s)
************
Performed 67000 out of 10000000 MC cycles
Polymer acceptance rate: 19.8711%
Total runtime: 1.05429 mins (573.363 cycles/s)
************
Performed 68000 out of 10000000 MC cycles
Polymer acceptance rate: 19.8342%
Total runtime: 1.07243 mins (919.052 cycles/s)
************
Performed 69000 out of 10000000 MC cycles
Polymer acceptance rate: 19.3128%
Total runtime: 1.09501 mins (738.038 cycles/s)
************
Performed 70000 out of 10000000 MC cycles
Polymer acceptance rate: 19.5467%
Total runtime: 1.10837 mins (1247.47 cycles/s)
************
Performed 71000 out of 10000000 MC cycles
Polymer acceptance rate: 19.4661%
Total runtime: 1.12026 mins (1401.32 cycles/s)
************
Performed 72000 out of 10000000 MC cycles
Polymer acceptance rate: 19.3719%
Total runtime: 1.14114 mins (798.453 cycles/s)
************
Performed 73000 out of 10000000 MC cycles
Polymer acceptance rate: 19.0317%
Total runtime: 1.15989 mins (888.904 cycles/s)
************
Performed 74000 out of 10000000 MC cycles
Polymer acceptance rate: 19.4453%
Total runtime: 1.20069 mins (408.432 cycles/s)
************
Performed 75000 out of 10000000 MC cycles
Polymer acceptance rate: 19.0903%
Total runtime: 1.22481 mins (691.073 cycles/s)
************
Performed 76000 out of 10000000 MC cycles
Polymer acceptance rate: 19.4392%
Total runtime: 1.25261 mins (599.591 cycles/s)
************
Performed 77000 out of 10000000 MC cycles
Polymer acceptance rate: 19.2119%
Total runtime: 1.27504 mins (742.906 cycles/s)
************
Performed 78000 out of 10000000 MC cycles
Polymer acceptance rate: 19.2511%
Total runtime: 1.29012 mins (1105.17 cycles/s)
************
Performed 79000 out of 10000000 MC cycles
Polymer acceptance rate: 19.5661%
Total runtime: 1.30185 mins (1421.11 cycles/s)
************
Performed 80000 out of 10000000 MC cycles
Polymer acceptance rate: 19.5967%
Total runtime: 1.31934 mins (952.812 cycles/s)
************
Performed 81000 out of 10000000 MC cycles
Polymer acceptance rate: 19.2667%
Total runtime: 1.34435 mins (666.474 cycles/s)
************
Performed 82000 out of 10000000 MC cycles
Polymer acceptance rate: 19.2919%
Total runtime: 1.36212 mins (937.816 cycles/s)
************
Performed 83000 out of 10000000 MC cycles
Polymer acceptance rate: 19.4581%
Total runtime: 1.37622 mins (1182.21 cycles/s)
************
Performed 84000 out of 10000000 MC cycles
Polymer acceptance rate: 19.5881%
Total runtime: 1.38943 mins (1261.08 cycles/s)
************
Performed 85000 out of 10000000 MC cycles
Polymer acceptance rate: 19.5503%
Total runtime: 1.40143 mins (1389.36 cycles/s)
************
Performed 86000 out of 10000000 MC cycles
Polymer acceptance rate: 19.6822%
Total runtime: 1.41163 mins (1633.4 cycles/s)
************
Performed 87000 out of 10000000 MC cycles
Polymer acceptance rate: 19.9094%
Total runtime: 1.43005 mins (905.075 cycles/s)
************
Performed 88000 out of 10000000 MC cycles
Polymer acceptance rate: 19.8231%
Total runtime: 1.43818 mins (2050.63 cycles/s)
************
Performed 89000 out of 10000000 MC cycles
Polymer acceptance rate: 19.6681%
Total runtime: 1.4644 mins (635.436 cycles/s)
************
Performed 90000 out of 10000000 MC cycles
Polymer acceptance rate: 19.7297%
Total runtime: 1.49167 mins (611.338 cycles/s)
************
Performed 91000 out of 10000000 MC cycles
Polymer acceptance rate: 19.5669%
Total runtime: 1.50668 mins (1110.2 cycles/s)
************
Performed 92000 out of 10000000 MC cycles
Polymer acceptance rate: 19.6522%
Total runtime: 1.52816 mins (775.805 cycles/s)
************
Performed 93000 out of 10000000 MC cycles
Polymer acceptance rate: 19.9467%
Total runtime: 1.54263 mins (1151.7 cycles/s)
************
Performed 94000 out of 10000000 MC cycles
Polymer acceptance rate: 20.1775%
Total runtime: 1.56685 mins (688.187 cycles/s)
************
Performed 95000 out of 10000000 MC cycles
Polymer acceptance rate: 19.6961%
Total runtime: 1.59852 mins (526.286 cycles/s)
************
Performed 96000 out of 10000000 MC cycles
Polymer acceptance rate: 19.2833%
Total runtime: 1.60966 mins (1496.07 cycles/s)
************
Performed 97000 out of 10000000 MC cycles
Polymer acceptance rate: 19.5558%
Total runtime: 1.635 mins (657.695 cycles/s)
************
Performed 98000 out of 10000000 MC cycles
Polymer acceptance rate: 19.2036%
Total runtime: 1.66085 mins (644.897 cycles/s)
************
Performed 99000 out of 10000000 MC cycles
Polymer acceptance rate: 19.7328%
Total runtime: 1.68546 mins (677.266 cycles/s)
************
Performed 100000 out of 10000000 MC cycles
Polymer acceptance rate: 19.6978%
Total runtime: 1.71819 mins (509.157 cycles/s)
************
Performed 101000 out of 10000000 MC cycles
Polymer acceptance rate: 19.6875%
Total runtime: 1.73299 mins (1126.33 cycles/s)
************
Performed 102000 out of 10000000 MC cycles
Polymer acceptance rate: 19.1753%
Total runtime: 1.75011 mins (973.14 cycles/s)
************
Performed 103000 out of 10000000 MC cycles
Polymer acceptance rate: 18.9844%
Total runtime: 1.78019 mins (554.066 cycles/s)
************
Performed 104000 out of 10000000 MC cycles
Polymer acceptance rate: 19.6194%
Total runtime: 1.79772 mins (950.818 cycles/s)
************
Performed 105000 out of 10000000 MC cycles
Polymer acceptance rate: 19.7903%
Total runtime: 1.82938 mins (526.392 cycles/s)
************
Performed 106000 out of 10000000 MC cycles
Polymer acceptance rate: 19.5975%
Total runtime: 1.84325 mins (1201.72 cycles/s)
************
Performed 107000 out of 10000000 MC cycles
Polymer acceptance rate: 19.6856%
Total runtime: 1.86277 mins (853.947 cycles/s)
************
Performed 108000 out of 10000000 MC cycles
Polymer acceptance rate: 19.6342%
Total runtime: 1.89537 mins (511.207 cycles/s)
************
Performed 109000 out of 10000000 MC cycles
Polymer acceptance rate: 20.0222%
Total runtime: 1.91472 mins (861.612 cycles/s)
************
Performed 110000 out of 10000000 MC cycles
Polymer acceptance rate: 19.7564%
Total runtime: 1.93556 mins (799.726 cycles/s)
************
Performed 111000 out of 10000000 MC cycles
Polymer acceptance rate: 20.0481%
Total runtime: 1.95628 mins (804.394 cycles/s)
************
Performed 112000 out of 10000000 MC cycles
Polymer acceptance rate: 19.4311%
Total runtime: 1.97728 mins (793.683 cycles/s)
************
Performed 113000 out of 10000000 MC cycles
Polymer acceptance rate: 19.4914%
Total runtime: 1.99163 mins (1161.1 cycles/s)
************
Performed 114000 out of 10000000 MC cycles
Polymer acceptance rate: 19.6792%
Total runtime: 2.0158 mins (689.651 cycles/s)
************
Performed 115000 out of 10000000 MC cycles
Polymer acceptance rate: 19.5289%
Total runtime: 2.03848 mins (734.601 cycles/s)
************
Performed 116000 out of 10000000 MC cycles
Polymer acceptance rate: 19.8553%
Total runtime: 2.05492 mins (1014.29 cycles/s)
************
Performed 117000 out of 10000000 MC cycles
Polymer acceptance rate: 19.8058%
Total runtime: 2.17568 mins (138.017 cycles/s)
************
Performed 118000 out of 10000000 MC cycles
Polymer acceptance rate: 19.7544%
Total runtime: 2.19775 mins (755.041 cycles/s)
************
Performed 119000 out of 10000000 MC cycles
Polymer acceptance rate: 19.4319%
Total runtime: 2.24933 mins (323.095 cycles/s)
************
Performed 120000 out of 10000000 MC cycles
Polymer acceptance rate: 19.5847%
Total runtime: 2.26729 mins (928.303 cycles/s)
************
Performed 121000 out of 10000000 MC cycles
Polymer acceptance rate: 19.7992%
Total runtime: 2.27801 mins (1553.77 cycles/s)
************
Performed 122000 out of 10000000 MC cycles
Polymer acceptance rate: 20.0983%
Total runtime: 2.31283 mins (478.759 cycles/s)
************
Performed 123000 out of 10000000 MC cycles
Polymer acceptance rate: 20.0997%
Total runtime: 2.32666 mins (1204.36 cycles/s)
