Using entropy-harvested random seed: -313798323
Running with initial polymer density 0.000485979
Using 360 TADs, including main chain of length 360
************
Performed 1000 out of 10000000 MC cycles
Polymer acceptance rate: 16.5094%
Total runtime: 0.0199402 mins (835.833 cycles/s)
************
Performed 2000 out of 10000000 MC cycles
Polymer acceptance rate: 18.2344%
Total runtime: 0.030874 mins (1524.32 cycles/s)
************
Performed 3000 out of 10000000 MC cycles
Polymer acceptance rate: 18.7183%
Total runtime: 0.0464853 mins (1067.61 cycles/s)
************
Performed 4000 out of 10000000 MC cycles
Polymer acceptance rate: 18.3331%
Total runtime: 0.0576659 mins (1490.67 cycles/s)
************
Performed 5000 out of 10000000 MC cycles
Polymer acceptance rate: 19.2569%
Total runtime: 0.0702285 mins (1326.7 cycles/s)
************
Performed 6000 out of 10000000 MC cycles
Polymer acceptance rate: 19.0397%
Total runtime: 0.0834434 mins (1261.2 cycles/s)
************
Performed 7000 out of 10000000 MC cycles
Polymer acceptance rate: 19.2347%
Total runtime: 0.101188 mins (939.232 cycles/s)
************
Performed 8000 out of 10000000 MC cycles
Polymer acceptance rate: 18.8489%
Total runtime: 0.116241 mins (1107.24 cycles/s)
************
Performed 9000 out of 10000000 MC cycles
Polymer acceptance rate: 18.7264%
Total runtime: 0.132619 mins (1017.63 cycles/s)
************
Performed 10000 out of 10000000 MC cycles
Polymer acceptance rate: 19.6444%
Total runtime: 0.154082 mins (776.535 cycles/s)
************
Performed 11000 out of 10000000 MC cycles
Polymer acceptance rate: 19.0681%
Total runtime: 0.183739 mins (561.983 cycles/s)
************
Performed 12000 out of 10000000 MC cycles
Polymer acceptance rate: 19.6017%
Total runtime: 0.197265 mins (1232.16 cycles/s)
************
Performed 13000 out of 10000000 MC cycles
Polymer acceptance rate: 19.0122%
Total runtime: 0.212258 mins (1111.63 cycles/s)
************
Performed 14000 out of 10000000 MC cycles
Polymer acceptance rate: 19.145%
Total runtime: 0.213174 mins (18203.8 cycles/s)
************
Performed 15000 out of 10000000 MC cycles
Polymer acceptance rate: 19.3447%
Total runtime: 0.236432 mins (716.592 cycles/s)
************
Performed 16000 out of 10000000 MC cycles
Polymer acceptance rate: 19.3297%
Total runtime: 0.250751 mins (1163.95 cycles/s)
************
Performed 17000 out of 10000000 MC cycles
Polymer acceptance rate: 19.3969%
Total runtime: 0.270437 mins (846.617 cycles/s)
************
Performed 18000 out of 10000000 MC cycles
Polymer acceptance rate: 19.5481%
Total runtime: 0.284793 mins (1160.94 cycles/s)
************
Performed 19000 out of 10000000 MC cycles
Polymer acceptance rate: 18.7425%
Total runtime: 0.300576 mins (1056.04 cycles/s)
************
Performed 20000 out of 10000000 MC cycles
Polymer acceptance rate: 19.3708%
Total runtime: 0.312339 mins (1416.79 cycles/s)
************
Performed 21000 out of 10000000 MC cycles
Polymer acceptance rate: 19.1619%
Total runtime: 0.327147 mins (1125.54 cycles/s)
************
Performed 22000 out of 10000000 MC cycles
Polymer acceptance rate: 19.6233%
Total runtime: 0.338929 mins (1414.61 cycles/s)
************
Performed 23000 out of 10000000 MC cycles
Polymer acceptance rate: 19.0722%
Total runtime: 0.35254 mins (1224.51 cycles/s)
************
Performed 24000 out of 10000000 MC cycles
Polymer acceptance rate: 19.2975%
Total runtime: 0.364946 mins (1343.45 cycles/s)
************
Performed 25000 out of 10000000 MC cycles
Polymer acceptance rate: 19.2508%
Total runtime: 0.377385 mins (1339.8 cycles/s)
************
Performed 26000 out of 10000000 MC cycles
Polymer acceptance rate: 19.0028%
Total runtime: 0.38898 mins (1437.38 cycles/s)
************
Performed 27000 out of 10000000 MC cycles
Polymer acceptance rate: 19.07%
Total runtime: 0.397702 mins (1910.91 cycles/s)
************
Performed 28000 out of 10000000 MC cycles
Polymer acceptance rate: 19.6472%
Total runtime: 0.410684 mins (1283.84 cycles/s)
************
Performed 29000 out of 10000000 MC cycles
Polymer acceptance rate: 19.3992%
Total runtime: 0.42306 mins (1346.73 cycles/s)
************
Performed 30000 out of 10000000 MC cycles
Polymer acceptance rate: 19.5456%
Total runtime: 0.433135 mins (1654.3 cycles/s)
************
Performed 31000 out of 10000000 MC cycles
Polymer acceptance rate: 19.3478%
Total runtime: 0.448369 mins (1094 cycles/s)
************
Performed 32000 out of 10000000 MC cycles
Polymer acceptance rate: 19.8897%
Total runtime: 0.459448 mins (1504.42 cycles/s)
************
Performed 33000 out of 10000000 MC cycles
Polymer acceptance rate: 19.2572%
Total runtime: 0.471246 mins (1412.66 cycles/s)
************
Performed 34000 out of 10000000 MC cycles
Polymer acceptance rate: 18.6186%
Total runtime: 0.485115 mins (1201.73 cycles/s)
************
Performed 35000 out of 10000000 MC cycles
Polymer acceptance rate: 19.375%
Total runtime: 0.498352 mins (1259.07 cycles/s)
************
Performed 36000 out of 10000000 MC cycles
Polymer acceptance rate: 19.3381%
Total runtime: 0.510249 mins (1400.9 cycles/s)
************
Performed 37000 out of 10000000 MC cycles
Polymer acceptance rate: 19.5817%
Total runtime: 0.522081 mins (1408.58 cycles/s)
************
Performed 38000 out of 10000000 MC cycles
Polymer acceptance rate: 19.8633%
Total runtime: 0.533615 mins (1444.99 cycles/s)
************
Performed 39000 out of 10000000 MC cycles
Polymer acceptance rate: 19.3494%
Total runtime: 0.542403 mins (1896.56 cycles/s)
************
Performed 40000 out of 10000000 MC cycles
Polymer acceptance rate: 20.2178%
Total runtime: 0.55581 mins (1243.13 cycles/s)
************
Performed 41000 out of 10000000 MC cycles
Polymer acceptance rate: 19.8044%
Total runtime: 0.567705 mins (1401.23 cycles/s)
************
Performed 42000 out of 10000000 MC cycles
Polymer acceptance rate: 19.5656%
Total runtime: 0.578323 mins (1569.57 cycles/s)
************
Performed 43000 out of 10000000 MC cycles
Polymer acceptance rate: 19.8431%
Total runtime: 0.592829 mins (1148.93 cycles/s)
************
Performed 44000 out of 10000000 MC cycles
Polymer acceptance rate: 19.7583%
Total runtime: 0.605305 mins (1335.96 cycles/s)
************
Performed 45000 out of 10000000 MC cycles
Polymer acceptance rate: 19.6378%
Total runtime: 0.61783 mins (1330.6 cycles/s)
************
Performed 46000 out of 10000000 MC cycles
Polymer acceptance rate: 20.0717%
Total runtime: 0.632152 mins (1163.75 cycles/s)
************
Performed 47000 out of 10000000 MC cycles
Polymer acceptance rate: 19.6936%
Total runtime: 0.648045 mins (1048.69 cycles/s)
************
Performed 48000 out of 10000000 MC cycles
Polymer acceptance rate: 19.0875%
Total runtime: 0.659976 mins (1396.89 cycles/s)
************
Performed 49000 out of 10000000 MC cycles
Polymer acceptance rate: 19.5161%
Total runtime: 0.670314 mins (1612.22 cycles/s)
************
Performed 50000 out of 10000000 MC cycles
Polymer acceptance rate: 19.5303%
Total runtime: 0.682118 mins (1411.9 cycles/s)
************
Performed 51000 out of 10000000 MC cycles
Polymer acceptance rate: 19.3631%
Total runtime: 0.696579 mins (1152.54 cycles/s)
************
Performed 52000 out of 10000000 MC cycles
Polymer acceptance rate: 19.9142%
Total runtime: 0.70943 mins (1296.96 cycles/s)
************
Performed 53000 out of 10000000 MC cycles
Polymer acceptance rate: 19.5364%
Total runtime: 0.720816 mins (1463.81 cycles/s)
************
Performed 54000 out of 10000000 MC cycles
Polymer acceptance rate: 19.6136%
Total runtime: 0.733332 mins (1331.53 cycles/s)
************
Performed 55000 out of 10000000 MC cycles
Polymer acceptance rate: 19.9747%
Total runtime: 0.748449 mins (1102.55 cycles/s)
************
Performed 56000 out of 10000000 MC cycles
Polymer acceptance rate: 19.1806%
Total runtime: 0.768713 mins (822.471 cycles/s)
************
Performed 57000 out of 10000000 MC cycles
Polymer acceptance rate: 18.8494%
Total runtime: 0.786332 mins (945.951 cycles/s)
************
Performed 58000 out of 10000000 MC cycles
Polymer acceptance rate: 18.4528%
Total runtime: 0.802859 mins (1008.46 cycles/s)
************
Performed 59000 out of 10000000 MC cycles
Polymer acceptance rate: 19.1658%
Total runtime: 0.816738 mins (1200.89 cycles/s)
************
Performed 60000 out of 10000000 MC cycles
Polymer acceptance rate: 19.7522%
Total runtime: 0.835068 mins (909.235 cycles/s)
************
Performed 61000 out of 10000000 MC cycles
Polymer acceptance rate: 20.0706%
Total runtime: 0.855858 mins (801.67 cycles/s)
************
Performed 62000 out of 10000000 MC cycles
Polymer acceptance rate: 19.6558%
Total runtime: 0.87566 mins (841.671 cycles/s)
************
Performed 63000 out of 10000000 MC cycles
Polymer acceptance rate: 19.3967%
Total runtime: 0.900566 mins (669.175 cycles/s)
************
Performed 64000 out of 10000000 MC cycles
Polymer acceptance rate: 19.4089%
Total runtime: 0.919514 mins (879.617 cycles/s)
************
Performed 65000 out of 10000000 MC cycles
Polymer acceptance rate: 19.3953%
Total runtime: 0.94871 mins (570.842 cycles/s)
************
Performed 66000 out of 10000000 MC cycles
Polymer acceptance rate: 19.4564%
Total runtime: 0.971122 mins (743.667 cycles/s)
************
Performed 67000 out of 10000000 MC cycles
Polymer acceptance rate: 19.435%
Total runtime: 0.98147 mins (1610.63 cycles/s)
************
Performed 68000 out of 10000000 MC cycles
Polymer acceptance rate: 19.3447%
Total runtime: 1.00225 mins (802.108 cycles/s)
************
Performed 69000 out of 10000000 MC cycles
Polymer acceptance rate: 19.6742%
Total runtime: 1.01885 mins (1004.16 cycles/s)
************
Performed 70000 out of 10000000 MC cycles
Polymer acceptance rate: 19.3633%
Total runtime: 1.02583 mins (2386.58 cycles/s)
************
Performed 71000 out of 10000000 MC cycles
Polymer acceptance rate: 19.1%
Total runtime: 1.05499 mins (571.582 cycles/s)
************
Performed 72000 out of 10000000 MC cycles
Polymer acceptance rate: 19.6675%
Total runtime: 1.07173 mins (995.576 cycles/s)
************
Performed 73000 out of 10000000 MC cycles
Polymer acceptance rate: 19.8333%
Total runtime: 1.08127 mins (1746.07 cycles/s)
************
Performed 74000 out of 10000000 MC cycles
Polymer acceptance rate: 19.5242%
Total runtime: 1.09471 mins (1240.75 cycles/s)
************
Performed 75000 out of 10000000 MC cycles
Polymer acceptance rate: 19.3811%
Total runtime: 1.10508 mins (1606.35 cycles/s)
************
Performed 76000 out of 10000000 MC cycles
Polymer acceptance rate: 19.7106%
Total runtime: 1.14222 mins (448.744 cycles/s)
************
Performed 77000 out of 10000000 MC cycles
Polymer acceptance rate: 19.4828%
Total runtime: 1.16075 mins (899.472 cycles/s)
************
Performed 78000 out of 10000000 MC cycles
Polymer acceptance rate: 19.6417%
Total runtime: 1.18251 mins (765.999 cycles/s)
************
Performed 79000 out of 10000000 MC cycles
Polymer acceptance rate: 19.5653%
Total runtime: 1.20058 mins (922.233 cycles/s)
************
Performed 80000 out of 10000000 MC cycles
Polymer acceptance rate: 19.9386%
Total runtime: 1.22633 mins (647.28 cycles/s)
************
Performed 81000 out of 10000000 MC cycles
Polymer acceptance rate: 19.2181%
Total runtime: 1.24364 mins (962.943 cycles/s)
************
Performed 82000 out of 10000000 MC cycles
Polymer acceptance rate: 19.6275%
Total runtime: 1.25814 mins (1149.53 cycles/s)
************
Performed 83000 out of 10000000 MC cycles
Polymer acceptance rate: 19.9989%
Total runtime: 1.28146 mins (714.699 cycles/s)
************
Performed 84000 out of 10000000 MC cycles
Polymer acceptance rate: 19.8478%
Total runtime: 1.303 mins (773.776 cycles/s)
************
Performed 85000 out of 10000000 MC cycles
Polymer acceptance rate: 19.8753%
Total runtime: 1.32259 mins (850.604 cycles/s)
************
Performed 86000 out of 10000000 MC cycles
Polymer acceptance rate: 19.3983%
Total runtime: 1.33955 mins (982.803 cycles/s)
************
Performed 87000 out of 10000000 MC cycles
Polymer acceptance rate: 19.5119%
Total runtime: 1.34986 mins (1616.42 cycles/s)
************
Performed 88000 out of 10000000 MC cycles
Polymer acceptance rate: 19.4319%
Total runtime: 1.36516 mins (1089.32 cycles/s)
************
Performed 89000 out of 10000000 MC cycles
Polymer acceptance rate: 19.6028%
Total runtime: 1.38026 mins (1104.1 cycles/s)
************
Performed 90000 out of 10000000 MC cycles
Polymer acceptance rate: 19.8058%
Total runtime: 1.39836 mins (920.599 cycles/s)
************
Performed 91000 out of 10000000 MC cycles
Polymer acceptance rate: 19.9208%
Total runtime: 1.41538 mins (978.98 cycles/s)
************
Performed 92000 out of 10000000 MC cycles
Polymer acceptance rate: 19.7425%
Total runtime: 1.43281 mins (956.379 cycles/s)
************
Performed 93000 out of 10000000 MC cycles
Polymer acceptance rate: 19.7431%
Total runtime: 1.45603 mins (717.791 cycles/s)
************
Performed 94000 out of 10000000 MC cycles
Polymer acceptance rate: 19.7756%
Total runtime: 1.47617 mins (827.495 cycles/s)
************
Performed 95000 out of 10000000 MC cycles
Polymer acceptance rate: 19.8828%
Total runtime: 1.4919 mins (1059.61 cycles/s)
************
Performed 96000 out of 10000000 MC cycles
Polymer acceptance rate: 19.5211%
Total runtime: 1.51511 mins (718.044 cycles/s)
************
Performed 97000 out of 10000000 MC cycles
Polymer acceptance rate: 20.0144%
Total runtime: 1.53224 mins (972.959 cycles/s)
************
Performed 98000 out of 10000000 MC cycles
Polymer acceptance rate: 19.4189%
Total runtime: 1.55237 mins (828.029 cycles/s)
************
Performed 99000 out of 10000000 MC cycles
Polymer acceptance rate: 19.2761%
Total runtime: 1.57303 mins (806.665 cycles/s)
************
Performed 100000 out of 10000000 MC cycles
Polymer acceptance rate: 19.0144%
Total runtime: 1.59646 mins (711.397 cycles/s)
************
Performed 101000 out of 10000000 MC cycles
Polymer acceptance rate: 19.1208%
Total runtime: 1.62248 mins (640.452 cycles/s)
************
Performed 102000 out of 10000000 MC cycles
Polymer acceptance rate: 19.3881%
Total runtime: 1.64336 mins (798.209 cycles/s)
************
Performed 103000 out of 10000000 MC cycles
Polymer acceptance rate: 19.4847%
Total runtime: 1.66097 mins (946.545 cycles/s)
************
Performed 104000 out of 10000000 MC cycles
Polymer acceptance rate: 18.9433%
Total runtime: 1.68725 mins (634.119 cycles/s)
************
Performed 105000 out of 10000000 MC cycles
Polymer acceptance rate: 20.2989%
Total runtime: 1.71823 mins (538.008 cycles/s)
************
Performed 106000 out of 10000000 MC cycles
Polymer acceptance rate: 19.9719%
Total runtime: 1.74551 mins (610.917 cycles/s)
************
Performed 107000 out of 10000000 MC cycles
Polymer acceptance rate: 19.4647%
Total runtime: 1.77083 mins (658.4 cycles/s)
************
Performed 108000 out of 10000000 MC cycles
Polymer acceptance rate: 19.9269%
Total runtime: 1.78502 mins (1174.27 cycles/s)
************
Performed 109000 out of 10000000 MC cycles
Polymer acceptance rate: 19.2131%
Total runtime: 1.80055 mins (1072.92 cycles/s)
************
Performed 110000 out of 10000000 MC cycles
Polymer acceptance rate: 19.0408%
Total runtime: 1.82697 mins (630.86 cycles/s)
************
Performed 111000 out of 10000000 MC cycles
Polymer acceptance rate: 19.7978%
Total runtime: 1.85205 mins (664.646 cycles/s)
************
Performed 112000 out of 10000000 MC cycles
Polymer acceptance rate: 19.6658%
Total runtime: 1.86857 mins (1008.77 cycles/s)
************
Performed 113000 out of 10000000 MC cycles
Polymer acceptance rate: 19.48%
Total runtime: 1.88713 mins (897.926 cycles/s)
************
Performed 114000 out of 10000000 MC cycles
Polymer acceptance rate: 19.5025%
Total runtime: 1.9158 mins (581.399 cycles/s)
************
Performed 115000 out of 10000000 MC cycles
Polymer acceptance rate: 19.4978%
Total runtime: 1.94553 mins (560.657 cycles/s)
************
Performed 116000 out of 10000000 MC cycles
Polymer acceptance rate: 19.8172%
Total runtime: 1.96276 mins (967.217 cycles/s)
************
Performed 117000 out of 10000000 MC cycles
Polymer acceptance rate: 19.5044%
Total runtime: 1.97497 mins (1364.6 cycles/s)
************
Performed 118000 out of 10000000 MC cycles
Polymer acceptance rate: 18.9303%
Total runtime: 1.99797 mins (724.611 cycles/s)
************
Performed 119000 out of 10000000 MC cycles
Polymer acceptance rate: 19.6817%
Total runtime: 2.01125 mins (1254.96 cycles/s)
************
Performed 120000 out of 10000000 MC cycles
Polymer acceptance rate: 19.2503%
Total runtime: 2.10559 mins (176.674 cycles/s)
************
Performed 121000 out of 10000000 MC cycles
Polymer acceptance rate: 19.4694%
Total runtime: 2.13591 mins (549.591 cycles/s)
************
Performed 122000 out of 10000000 MC cycles
Polymer acceptance rate: 19.64%
Total runtime: 2.15846 mins (739.229 cycles/s)
************
Performed 123000 out of 10000000 MC cycles
Polymer acceptance rate: 20.1247%
Total runtime: 2.18855 mins (553.816 cycles/s)
************
Performed 124000 out of 10000000 MC cycles
Polymer acceptance rate: 19.6581%
Total runtime: 2.19588 mins (2274.67 cycles/s)
************
Performed 125000 out of 10000000 MC cycles
Polymer acceptance rate: 19.5972%
Total runtime: 2.23174 mins (464.798 cycles/s)
************
Performed 126000 out of 10000000 MC cycles
Polymer acceptance rate: 20.1994%
Total runtime: 2.25457 mins (730.109 cycles/s)
************
Performed 127000 out of 10000000 MC cycles
Polymer acceptance rate: 19.3489%
Total runtime: 2.2683 mins (1213.49 cycles/s)
************
Performed 128000 out of 10000000 MC cycles
Polymer acceptance rate: 19.7911%
Total runtime: 2.29244 mins (690.452 cycles/s)
