Using entropy-harvested random seed: 580446183
Running with initial polymer density 0.000485979
Using 360 TADs, including main chain of length 360
************
Performed 1000 out of 10000000 MC cycles
Polymer acceptance rate: 15.7331%
Total runtime: 0.0352025 mins (473.451 cycles/s)
************
Performed 2000 out of 10000000 MC cycles
Polymer acceptance rate: 17.6958%
Total runtime: 0.050161 mins (1114.2 cycles/s)
************
Performed 3000 out of 10000000 MC cycles
Polymer acceptance rate: 18.7983%
Total runtime: 0.0734864 mins (714.528 cycles/s)
************
Performed 4000 out of 10000000 MC cycles
Polymer acceptance rate: 18.7156%
Total runtime: 0.0849451 mins (1454.5 cycles/s)
************
Performed 5000 out of 10000000 MC cycles
Polymer acceptance rate: 19.0728%
Total runtime: 0.0981424 mins (1262.89 cycles/s)
************
Performed 6000 out of 10000000 MC cycles
Polymer acceptance rate: 18.9647%
Total runtime: 0.109428 mins (1476.77 cycles/s)
************
Performed 7000 out of 10000000 MC cycles
Polymer acceptance rate: 19.0344%
Total runtime: 0.12298 mins (1229.89 cycles/s)
************
Performed 8000 out of 10000000 MC cycles
Polymer acceptance rate: 19.5492%
Total runtime: 0.136785 mins (1207.28 cycles/s)
************
Performed 9000 out of 10000000 MC cycles
Polymer acceptance rate: 19.3725%
Total runtime: 0.149206 mins (1341.81 cycles/s)
************
Performed 10000 out of 10000000 MC cycles
Polymer acceptance rate: 19.6983%
Total runtime: 0.165112 mins (1047.8 cycles/s)
************
Performed 11000 out of 10000000 MC cycles
Polymer acceptance rate: 19.3169%
Total runtime: 0.179529 mins (1156.08 cycles/s)
************
Performed 12000 out of 10000000 MC cycles
Polymer acceptance rate: 19.0019%
Total runtime: 0.196846 mins (962.429 cycles/s)
************
Performed 13000 out of 10000000 MC cycles
Polymer acceptance rate: 18.9486%
Total runtime: 0.228567 mins (525.408 cycles/s)
************
Performed 14000 out of 10000000 MC cycles
Polymer acceptance rate: 18.9478%
Total runtime: 0.240874 mins (1354.25 cycles/s)
************
Performed 15000 out of 10000000 MC cycles
Polymer acceptance rate: 19.6936%
Total runtime: 0.265309 mins (682.08 cycles/s)
************
Performed 16000 out of 10000000 MC cycles
Polymer acceptance rate: 19.7111%
Total runtime: 0.275996 mins (1559.6 cycles/s)
************
Performed 17000 out of 10000000 MC cycles
Polymer acceptance rate: 19.7094%
Total runtime: 0.306973 mins (538.027 cycles/s)
************
Performed 18000 out of 10000000 MC cycles
Polymer acceptance rate: 19.845%
Total runtime: 0.326697 mins (845.009 cycles/s)
************
Performed 19000 out of 10000000 MC cycles
Polymer acceptance rate: 19.1392%
Total runtime: 0.336551 mins (1691.39 cycles/s)
************
Performed 20000 out of 10000000 MC cycles
Polymer acceptance rate: 18.9236%
Total runtime: 0.351966 mins (1081.17 cycles/s)
************
Performed 21000 out of 10000000 MC cycles
Polymer acceptance rate: 19.4061%
Total runtime: 0.364293 mins (1352.06 cycles/s)
************
Performed 22000 out of 10000000 MC cycles
Polymer acceptance rate: 19.5756%
Total runtime: 0.376397 mins (1376.97 cycles/s)
************
Performed 23000 out of 10000000 MC cycles
Polymer acceptance rate: 18.9256%
Total runtime: 0.391287 mins (1119.31 cycles/s)
************
Performed 24000 out of 10000000 MC cycles
Polymer acceptance rate: 19.6256%
Total runtime: 0.405771 mins (1150.72 cycles/s)
************
Performed 25000 out of 10000000 MC cycles
Polymer acceptance rate: 19.5603%
Total runtime: 0.416868 mins (1501.87 cycles/s)
************
Performed 26000 out of 10000000 MC cycles
Polymer acceptance rate: 19.6572%
Total runtime: 0.427355 mins (1589.26 cycles/s)
************
Performed 27000 out of 10000000 MC cycles
Polymer acceptance rate: 19.3561%
Total runtime: 0.441428 mins (1184.26 cycles/s)
************
Performed 28000 out of 10000000 MC cycles
Polymer acceptance rate: 19.2181%
Total runtime: 0.454666 mins (1259 cycles/s)
************
Performed 29000 out of 10000000 MC cycles
Polymer acceptance rate: 19.2397%
Total runtime: 0.47075 mins (1036.25 cycles/s)
************
Performed 30000 out of 10000000 MC cycles
Polymer acceptance rate: 19.4903%
Total runtime: 0.483059 mins (1354.04 cycles/s)
************
Performed 31000 out of 10000000 MC cycles
Polymer acceptance rate: 19.1211%
Total runtime: 0.494418 mins (1467.27 cycles/s)
************
Performed 32000 out of 10000000 MC cycles
Polymer acceptance rate: 18.9822%
Total runtime: 0.502486 mins (2065.81 cycles/s)
************
Performed 33000 out of 10000000 MC cycles
Polymer acceptance rate: 19.2561%
Total runtime: 0.51597 mins (1236.03 cycles/s)
************
Performed 34000 out of 10000000 MC cycles
Polymer acceptance rate: 19.6819%
Total runtime: 0.525534 mins (1742.54 cycles/s)
************
Performed 35000 out of 10000000 MC cycles
Polymer acceptance rate: 20.3508%
Total runtime: 0.538449 mins (1290.48 cycles/s)
************
Performed 36000 out of 10000000 MC cycles
Polymer acceptance rate: 19.9378%
Total runtime: 0.551348 mins (1292.09 cycles/s)
************
Performed 37000 out of 10000000 MC cycles
Polymer acceptance rate: 19.5317%
Total runtime: 0.563136 mins (1413.97 cycles/s)
************
Performed 38000 out of 10000000 MC cycles
Polymer acceptance rate: 19.4447%
Total runtime: 0.575367 mins (1362.6 cycles/s)
************
Performed 39000 out of 10000000 MC cycles
Polymer acceptance rate: 20.0147%
Total runtime: 0.588536 mins (1265.57 cycles/s)
************
Performed 40000 out of 10000000 MC cycles
Polymer acceptance rate: 19.87%
Total runtime: 0.59892 mins (1605.04 cycles/s)
************
Performed 41000 out of 10000000 MC cycles
Polymer acceptance rate: 20.1783%
Total runtime: 0.611487 mins (1326.26 cycles/s)
************
Performed 42000 out of 10000000 MC cycles
Polymer acceptance rate: 19.5161%
Total runtime: 0.624828 mins (1249.32 cycles/s)
************
Performed 43000 out of 10000000 MC cycles
Polymer acceptance rate: 19.7497%
Total runtime: 0.635057 mins (1629.22 cycles/s)
************
Performed 44000 out of 10000000 MC cycles
Polymer acceptance rate: 19.4811%
Total runtime: 0.646679 mins (1434.14 cycles/s)
************
Performed 45000 out of 10000000 MC cycles
Polymer acceptance rate: 18.6264%
Total runtime: 0.663629 mins (983.277 cycles/s)
************
Performed 46000 out of 10000000 MC cycles
Polymer acceptance rate: 19.4453%
Total runtime: 0.679648 mins (1040.4 cycles/s)
************
Performed 47000 out of 10000000 MC cycles
Polymer acceptance rate: 19.0014%
Total runtime: 0.691083 mins (1457.54 cycles/s)
************
Performed 48000 out of 10000000 MC cycles
Polymer acceptance rate: 19.4872%
Total runtime: 0.704242 mins (1266.55 cycles/s)
************
Performed 49000 out of 10000000 MC cycles
Polymer acceptance rate: 19.1911%
Total runtime: 0.71568 mins (1457.2 cycles/s)
************
Performed 50000 out of 10000000 MC cycles
Polymer acceptance rate: 19.5653%
Total runtime: 0.727805 mins (1374.52 cycles/s)
************
Performed 51000 out of 10000000 MC cycles
Polymer acceptance rate: 19.6797%
Total runtime: 0.741503 mins (1216.75 cycles/s)
************
Performed 52000 out of 10000000 MC cycles
Polymer acceptance rate: 19.4325%
Total runtime: 0.7548 mins (1253.42 cycles/s)
************
Performed 53000 out of 10000000 MC cycles
Polymer acceptance rate: 19.2397%
Total runtime: 0.763791 mins (1853.62 cycles/s)
************
Performed 54000 out of 10000000 MC cycles
Polymer acceptance rate: 19.3833%
Total runtime: 0.777195 mins (1243.44 cycles/s)
************
Performed 55000 out of 10000000 MC cycles
Polymer acceptance rate: 19.2875%
Total runtime: 0.787452 mins (1624.9 cycles/s)
************
Performed 56000 out of 10000000 MC cycles
Polymer acceptance rate: 19.0808%
Total runtime: 0.811636 mins (689.157 cycles/s)
************
Performed 57000 out of 10000000 MC cycles
Polymer acceptance rate: 19.3147%
Total runtime: 0.826102 mins (1152.11 cycles/s)
************
Performed 58000 out of 10000000 MC cycles
Polymer acceptance rate: 19.2969%
Total runtime: 0.845261 mins (869.941 cycles/s)
************
Performed 59000 out of 10000000 MC cycles
Polymer acceptance rate: 18.8917%
Total runtime: 0.864003 mins (889.258 cycles/s)
************
Performed 60000 out of 10000000 MC cycles
Polymer acceptance rate: 19.6547%
Total runtime: 0.88685 mins (729.491 cycles/s)
************
Performed 61000 out of 10000000 MC cycles
Polymer acceptance rate: 19.6642%
Total runtime: 0.910748 mins (697.414 cycles/s)
************
Performed 62000 out of 10000000 MC cycles
Polymer acceptance rate: 19.6931%
Total runtime: 0.923869 mins (1270.19 cycles/s)
************
Performed 63000 out of 10000000 MC cycles
Polymer acceptance rate: 20.0308%
Total runtime: 0.957946 mins (489.089 cycles/s)
************
Performed 64000 out of 10000000 MC cycles
Polymer acceptance rate: 19.5569%
Total runtime: 0.966845 mins (1872.78 cycles/s)
************
Performed 65000 out of 10000000 MC cycles
Polymer acceptance rate: 19.5233%
Total runtime: 0.996491 mins (562.203 cycles/s)
************
Performed 66000 out of 10000000 MC cycles
Polymer acceptance rate: 19.7464%
Total runtime: 1.01799 mins (775.094 cycles/s)
************
Performed 67000 out of 10000000 MC cycles
Polymer acceptance rate: 19.3614%
Total runtime: 1.03375 mins (1057.95 cycles/s)
************
Performed 68000 out of 10000000 MC cycles
Polymer acceptance rate: 19.5939%
Total runtime: 1.0623 mins (583.694 cycles/s)
************
Performed 69000 out of 10000000 MC cycles
Polymer acceptance rate: 19.1486%
Total runtime: 1.08057 mins (912.47 cycles/s)
************
Performed 70000 out of 10000000 MC cycles
Polymer acceptance rate: 19.6978%
Total runtime: 1.09788 mins (962.769 cycles/s)
************
Performed 71000 out of 10000000 MC cycles
Polymer acceptance rate: 19.5253%
Total runtime: 1.11076 mins (1293.57 cycles/s)
************
Performed 72000 out of 10000000 MC cycles
Polymer acceptance rate: 19.3847%
Total runtime: 1.12372 mins (1286.39 cycles/s)
************
Performed 73000 out of 10000000 MC cycles
Polymer acceptance rate: 19.9458%
Total runtime: 1.13731 mins (1226.46 cycles/s)
************
Performed 74000 out of 10000000 MC cycles
Polymer acceptance rate: 20.3169%
Total runtime: 1.16005 mins (732.788 cycles/s)
************
Performed 75000 out of 10000000 MC cycles
Polymer acceptance rate: 19.9156%
Total runtime: 1.19163 mins (527.71 cycles/s)
************
Performed 76000 out of 10000000 MC cycles
Polymer acceptance rate: 19.3286%
Total runtime: 1.20742 mins (1055.63 cycles/s)
************
Performed 77000 out of 10000000 MC cycles
Polymer acceptance rate: 19.7419%
Total runtime: 1.21789 mins (1592.86 cycles/s)
************
Performed 78000 out of 10000000 MC cycles
Polymer acceptance rate: 19.5372%
Total runtime: 1.23938 mins (775.344 cycles/s)
************
Performed 79000 out of 10000000 MC cycles
Polymer acceptance rate: 19.4125%
Total runtime: 1.25915 mins (843.267 cycles/s)
************
Performed 80000 out of 10000000 MC cycles
Polymer acceptance rate: 19.2978%
Total runtime: 1.2798 mins (806.921 cycles/s)
************
Performed 81000 out of 10000000 MC cycles
Polymer acceptance rate: 18.8647%
Total runtime: 1.29828 mins (901.83 cycles/s)
************
Performed 82000 out of 10000000 MC cycles
Polymer acceptance rate: 19.4361%
Total runtime: 1.31821 mins (836.51 cycles/s)
************
Performed 83000 out of 10000000 MC cycles
Polymer acceptance rate: 19.9467%
Total runtime: 1.32695 mins (1905.39 cycles/s)
************
Performed 84000 out of 10000000 MC cycles
Polymer acceptance rate: 19.9511%
Total runtime: 1.35942 mins (513.307 cycles/s)
************
Performed 85000 out of 10000000 MC cycles
Polymer acceptance rate: 19.8811%
Total runtime: 1.36756 mins (2048.89 cycles/s)
************
Performed 86000 out of 10000000 MC cycles
Polymer acceptance rate: 19.9847%
Total runtime: 1.38882 mins (783.987 cycles/s)
************
Performed 87000 out of 10000000 MC cycles
Polymer acceptance rate: 20.0397%
Total runtime: 1.39816 mins (1783.69 cycles/s)
************
Performed 88000 out of 10000000 MC cycles
Polymer acceptance rate: 19.7167%
Total runtime: 1.41344 mins (1090.81 cycles/s)
************
Performed 89000 out of 10000000 MC cycles
Polymer acceptance rate: 19.455%
Total runtime: 1.43284 mins (859.044 cycles/s)
************
Performed 90000 out of 10000000 MC cycles
Polymer acceptance rate: 19.6025%
Total runtime: 1.44334 mins (1587.53 cycles/s)
************
Performed 91000 out of 10000000 MC cycles
Polymer acceptance rate: 19.5656%
Total runtime: 1.47023 mins (619.686 cycles/s)
************
Performed 92000 out of 10000000 MC cycles
Polymer acceptance rate: 19.4672%
Total runtime: 1.48689 mins (1000.86 cycles/s)
************
Performed 93000 out of 10000000 MC cycles
Polymer acceptance rate: 19.5511%
Total runtime: 1.50374 mins (989.019 cycles/s)
************
Performed 94000 out of 10000000 MC cycles
Polymer acceptance rate: 20.0361%
Total runtime: 1.52207 mins (909.259 cycles/s)
************
Performed 95000 out of 10000000 MC cycles
Polymer acceptance rate: 19.5131%
Total runtime: 1.53165 mins (1739.45 cycles/s)
************
Performed 96000 out of 10000000 MC cycles
Polymer acceptance rate: 19.6464%
Total runtime: 1.54512 mins (1237.32 cycles/s)
************
Performed 97000 out of 10000000 MC cycles
Polymer acceptance rate: 19.4008%
Total runtime: 1.5626 mins (953.503 cycles/s)
************
Performed 98000 out of 10000000 MC cycles
Polymer acceptance rate: 19.5206%
Total runtime: 1.58045 mins (933.671 cycles/s)
************
Performed 99000 out of 10000000 MC cycles
Polymer acceptance rate: 19.655%
Total runtime: 1.59555 mins (1103.44 cycles/s)
************
Performed 100000 out of 10000000 MC cycles
Polymer acceptance rate: 18.9553%
Total runtime: 1.62687 mins (532.19 cycles/s)
************
Performed 101000 out of 10000000 MC cycles
Polymer acceptance rate: 19.5472%
Total runtime: 1.64696 mins (829.738 cycles/s)
************
Performed 102000 out of 10000000 MC cycles
Polymer acceptance rate: 19.4011%
Total runtime: 1.68851 mins (401.113 cycles/s)
************
Performed 103000 out of 10000000 MC cycles
Polymer acceptance rate: 19.2467%
Total runtime: 1.71378 mins (659.598 cycles/s)
************
Performed 104000 out of 10000000 MC cycles
Polymer acceptance rate: 19.3506%
Total runtime: 1.72948 mins (1061.54 cycles/s)
************
Performed 105000 out of 10000000 MC cycles
Polymer acceptance rate: 19.4539%
Total runtime: 1.74786 mins (906.701 cycles/s)
************
Performed 106000 out of 10000000 MC cycles
Polymer acceptance rate: 20.1322%
Total runtime: 1.78191 mins (489.44 cycles/s)
************
Performed 107000 out of 10000000 MC cycles
Polymer acceptance rate: 19.5553%
Total runtime: 1.79902 mins (973.974 cycles/s)
************
Performed 108000 out of 10000000 MC cycles
Polymer acceptance rate: 19.51%
Total runtime: 1.82543 mins (631.185 cycles/s)
************
Performed 109000 out of 10000000 MC cycles
Polymer acceptance rate: 19.1756%
Total runtime: 1.8431 mins (943.29 cycles/s)
************
Performed 110000 out of 10000000 MC cycles
Polymer acceptance rate: 19.1356%
Total runtime: 1.85387 mins (1547.24 cycles/s)
************
Performed 111000 out of 10000000 MC cycles
Polymer acceptance rate: 19.3728%
Total runtime: 1.88793 mins (489.359 cycles/s)
************
Performed 112000 out of 10000000 MC cycles
Polymer acceptance rate: 19.2811%
Total runtime: 1.91118 mins (716.876 cycles/s)
************
Performed 113000 out of 10000000 MC cycles
Polymer acceptance rate: 19.4303%
Total runtime: 1.94604 mins (478.01 cycles/s)
************
Performed 114000 out of 10000000 MC cycles
Polymer acceptance rate: 19.4608%
Total runtime: 1.96263 mins (1004.98 cycles/s)
************
Performed 115000 out of 10000000 MC cycles
Polymer acceptance rate: 19.6444%
Total runtime: 1.98113 mins (900.964 cycles/s)
************
Performed 116000 out of 10000000 MC cycles
Polymer acceptance rate: 19.5553%
Total runtime: 2.00204 mins (796.949 cycles/s)
************
Performed 117000 out of 10000000 MC cycles
Polymer acceptance rate: 20.0242%
Total runtime: 2.01904 mins (980.516 cycles/s)
************
Performed 118000 out of 10000000 MC cycles
Polymer acceptance rate: 19.9339%
Total runtime: 2.0428 mins (701.258 cycles/s)
************
Performed 119000 out of 10000000 MC cycles
Polymer acceptance rate: 19.3508%
Total runtime: 2.06595 mins (720.108 cycles/s)
************
Performed 120000 out of 10000000 MC cycles
Polymer acceptance rate: 19.3978%
Total runtime: 2.1485 mins (201.89 cycles/s)
************
Performed 121000 out of 10000000 MC cycles
Polymer acceptance rate: 19.7239%
Total runtime: 2.16784 mins (861.836 cycles/s)
************
Performed 122000 out of 10000000 MC cycles
Polymer acceptance rate: 19.7247%
Total runtime: 2.1905 mins (735.613 cycles/s)
************
Performed 123000 out of 10000000 MC cycles
Polymer acceptance rate: 19.6883%
Total runtime: 2.20478 mins (1166.85 cycles/s)
************
Performed 124000 out of 10000000 MC cycles
Polymer acceptance rate: 20.1008%
Total runtime: 2.26282 mins (287.18 cycles/s)
************
Performed 125000 out of 10000000 MC cycles
Polymer acceptance rate: 19.8608%
Total runtime: 2.27744 mins (1139.49 cycles/s)
************
Performed 126000 out of 10000000 MC cycles
Polymer acceptance rate: 20.0369%
Total runtime: 2.30866 mins (533.888 cycles/s)
************
Performed 127000 out of 10000000 MC cycles
Polymer acceptance rate: 19.8731%
Total runtime: 2.32745 mins (886.851 cycles/s)
