Using entropy-harvested random seed: 1032148042
Running with initial polymer density 0.000485979
Using 360 TADs, including main chain of length 360
************
Performed 1000 out of 10000000 MC cycles
Polymer acceptance rate: 15.8308%
Total runtime: 0.0201685 mins (826.371 cycles/s)
************
Performed 2000 out of 10000000 MC cycles
Polymer acceptance rate: 17.8503%
Total runtime: 0.0368073 mins (1001.68 cycles/s)
************
Performed 3000 out of 10000000 MC cycles
Polymer acceptance rate: 18.6681%
Total runtime: 0.0476252 mins (1540.65 cycles/s)
************
Performed 4000 out of 10000000 MC cycles
Polymer acceptance rate: 18.7575%
Total runtime: 0.0607035 mins (1274.38 cycles/s)
************
Performed 5000 out of 10000000 MC cycles
Polymer acceptance rate: 18.8017%
Total runtime: 0.0722435 mins (1444.25 cycles/s)
************
Performed 6000 out of 10000000 MC cycles
Polymer acceptance rate: 18.7378%
Total runtime: 0.08489 mins (1317.89 cycles/s)
************
Performed 7000 out of 10000000 MC cycles
Polymer acceptance rate: 19.1075%
Total runtime: 0.107457 mins (738.536 cycles/s)
************
Performed 8000 out of 10000000 MC cycles
Polymer acceptance rate: 19.3136%
Total runtime: 0.125512 mins (923.132 cycles/s)
************
Performed 9000 out of 10000000 MC cycles
Polymer acceptance rate: 19.7769%
Total runtime: 0.138988 mins (1236.74 cycles/s)
************
Performed 10000 out of 10000000 MC cycles
Polymer acceptance rate: 19.5653%
Total runtime: 0.159725 mins (803.716 cycles/s)
************
Performed 11000 out of 10000000 MC cycles
Polymer acceptance rate: 19.9208%
Total runtime: 0.187808 mins (593.47 cycles/s)
************
Performed 12000 out of 10000000 MC cycles
Polymer acceptance rate: 19.9592%
Total runtime: 0.202819 mins (1110.34 cycles/s)
************
Performed 13000 out of 10000000 MC cycles
Polymer acceptance rate: 19.94%
Total runtime: 0.225438 mins (736.827 cycles/s)
************
Performed 14000 out of 10000000 MC cycles
Polymer acceptance rate: 19.6275%
Total runtime: 0.243373 mins (929.282 cycles/s)
************
Performed 15000 out of 10000000 MC cycles
Polymer acceptance rate: 19.7156%
Total runtime: 0.26646 mins (721.916 cycles/s)
************
Performed 16000 out of 10000000 MC cycles
Polymer acceptance rate: 19.3561%
Total runtime: 0.284817 mins (907.9 cycles/s)
************
Performed 17000 out of 10000000 MC cycles
Polymer acceptance rate: 19.5453%
Total runtime: 0.297279 mins (1337.4 cycles/s)
************
Performed 18000 out of 10000000 MC cycles
Polymer acceptance rate: 19.2658%
Total runtime: 0.313841 mins (1006.33 cycles/s)
************
Performed 19000 out of 10000000 MC cycles
Polymer acceptance rate: 19.5325%
Total runtime: 0.328754 mins (1117.63 cycles/s)
************
Performed 20000 out of 10000000 MC cycles
Polymer acceptance rate: 19.3556%
Total runtime: 0.338499 mins (1710.3 cycles/s)
************
Performed 21000 out of 10000000 MC cycles
Polymer acceptance rate: 18.8303%
Total runtime: 0.357764 mins (865.105 cycles/s)
************
Performed 22000 out of 10000000 MC cycles
Polymer acceptance rate: 19.1469%
Total runtime: 0.370577 mins (1300.75 cycles/s)
************
Performed 23000 out of 10000000 MC cycles
Polymer acceptance rate: 19.2789%
Total runtime: 0.379783 mins (1810.46 cycles/s)
************
Performed 24000 out of 10000000 MC cycles
Polymer acceptance rate: 19.9486%
Total runtime: 0.394127 mins (1161.93 cycles/s)
************
Performed 25000 out of 10000000 MC cycles
Polymer acceptance rate: 19.2506%
Total runtime: 0.405756 mins (1433.22 cycles/s)
************
Performed 26000 out of 10000000 MC cycles
Polymer acceptance rate: 19.2969%
Total runtime: 0.418967 mins (1261.54 cycles/s)
************
Performed 27000 out of 10000000 MC cycles
Polymer acceptance rate: 19.3081%
Total runtime: 0.428378 mins (1770.98 cycles/s)
************
Performed 28000 out of 10000000 MC cycles
Polymer acceptance rate: 19.3517%
Total runtime: 0.440056 mins (1427.22 cycles/s)
************
Performed 29000 out of 10000000 MC cycles
Polymer acceptance rate: 19.3386%
Total runtime: 0.452098 mins (1384.01 cycles/s)
************
Performed 30000 out of 10000000 MC cycles
Polymer acceptance rate: 19.565%
Total runtime: 0.464432 mins (1351.27 cycles/s)
************
Performed 31000 out of 10000000 MC cycles
Polymer acceptance rate: 19.9078%
Total runtime: 0.477042 mins (1321.76 cycles/s)
************
Performed 32000 out of 10000000 MC cycles
Polymer acceptance rate: 19.2264%
Total runtime: 0.48811 mins (1505.84 cycles/s)
************
Performed 33000 out of 10000000 MC cycles
Polymer acceptance rate: 19.2622%
Total runtime: 0.495507 mins (2252.96 cycles/s)
************
Performed 34000 out of 10000000 MC cycles
Polymer acceptance rate: 19.6494%
Total runtime: 0.509441 mins (1196.16 cycles/s)
************
Performed 35000 out of 10000000 MC cycles
Polymer acceptance rate: 19.9025%
Total runtime: 0.522139 mins (1312.47 cycles/s)
************
Performed 36000 out of 10000000 MC cycles
Polymer acceptance rate: 19.7936%
Total runtime: 0.535124 mins (1283.55 cycles/s)
************
Performed 37000 out of 10000000 MC cycles
Polymer acceptance rate: 20.0978%
Total runtime: 0.544607 mins (1757.64 cycles/s)
************
Performed 38000 out of 10000000 MC cycles
Polymer acceptance rate: 19.6233%
Total runtime: 0.558245 mins (1222.02 cycles/s)
************
Performed 39000 out of 10000000 MC cycles
Polymer acceptance rate: 19.7828%
Total runtime: 0.574305 mins (1037.83 cycles/s)
************
Performed 40000 out of 10000000 MC cycles
Polymer acceptance rate: 19.7394%
Total runtime: 0.587291 mins (1283.41 cycles/s)
************
Performed 41000 out of 10000000 MC cycles
Polymer acceptance rate: 20.0347%
Total runtime: 0.597973 mins (1560.26 cycles/s)
************
Performed 42000 out of 10000000 MC cycles
Polymer acceptance rate: 19.6294%
Total runtime: 0.611136 mins (1266.16 cycles/s)
************
Performed 43000 out of 10000000 MC cycles
Polymer acceptance rate: 19.3344%
Total runtime: 0.626081 mins (1115.22 cycles/s)
************
Performed 44000 out of 10000000 MC cycles
Polymer acceptance rate: 19.5925%
Total runtime: 0.641002 mins (1116.99 cycles/s)
************
Performed 45000 out of 10000000 MC cycles
Polymer acceptance rate: 19.4889%
Total runtime: 0.653084 mins (1379.42 cycles/s)
************
Performed 46000 out of 10000000 MC cycles
Polymer acceptance rate: 19.4367%
Total runtime: 0.665512 mins (1341.07 cycles/s)
************
Performed 47000 out of 10000000 MC cycles
Polymer acceptance rate: 19.6264%
Total runtime: 0.679077 mins (1228.65 cycles/s)
************
Performed 48000 out of 10000000 MC cycles
Polymer acceptance rate: 19.3019%
Total runtime: 0.690075 mins (1515.4 cycles/s)
************
Performed 49000 out of 10000000 MC cycles
Polymer acceptance rate: 19.7769%
Total runtime: 0.704597 mins (1147.73 cycles/s)
************
Performed 50000 out of 10000000 MC cycles
Polymer acceptance rate: 19.6772%
Total runtime: 0.717337 mins (1308.19 cycles/s)
************
Performed 51000 out of 10000000 MC cycles
Polymer acceptance rate: 19.5722%
Total runtime: 0.728903 mins (1441.02 cycles/s)
************
Performed 52000 out of 10000000 MC cycles
Polymer acceptance rate: 19.1381%
Total runtime: 0.738783 mins (1686.88 cycles/s)
************
Performed 53000 out of 10000000 MC cycles
Polymer acceptance rate: 19.6967%
Total runtime: 0.750854 mins (1380.73 cycles/s)
************
Performed 54000 out of 10000000 MC cycles
Polymer acceptance rate: 20.0456%
Total runtime: 0.772821 mins (758.73 cycles/s)
************
Performed 55000 out of 10000000 MC cycles
Polymer acceptance rate: 19.6867%
Total runtime: 0.784977 mins (1370.96 cycles/s)
************
Performed 56000 out of 10000000 MC cycles
Polymer acceptance rate: 19.7958%
Total runtime: 0.802852 mins (932.436 cycles/s)
************
Performed 57000 out of 10000000 MC cycles
Polymer acceptance rate: 19.4086%
Total runtime: 0.825343 mins (741.038 cycles/s)
************
Performed 58000 out of 10000000 MC cycles
Polymer acceptance rate: 19.3986%
Total runtime: 0.839988 mins (1138.05 cycles/s)
************
Performed 59000 out of 10000000 MC cycles
Polymer acceptance rate: 19.3586%
Total runtime: 0.858915 mins (880.542 cycles/s)
************
Performed 60000 out of 10000000 MC cycles
Polymer acceptance rate: 19.3694%
Total runtime: 0.876495 mins (948.054 cycles/s)
************
Performed 61000 out of 10000000 MC cycles
Polymer acceptance rate: 19.5944%
Total runtime: 0.90324 mins (623.172 cycles/s)
************
Performed 62000 out of 10000000 MC cycles
Polymer acceptance rate: 19.2811%
Total runtime: 0.930186 mins (618.518 cycles/s)
************
Performed 63000 out of 10000000 MC cycles
Polymer acceptance rate: 19.6467%
Total runtime: 0.940183 mins (1667.27 cycles/s)
************
Performed 64000 out of 10000000 MC cycles
Polymer acceptance rate: 19.4883%
Total runtime: 0.97029 mins (553.582 cycles/s)
************
Performed 65000 out of 10000000 MC cycles
Polymer acceptance rate: 19.3853%
Total runtime: 0.98938 mins (873.045 cycles/s)
************
Performed 66000 out of 10000000 MC cycles
Polymer acceptance rate: 19.815%
Total runtime: 1.01165 mins (748.431 cycles/s)
************
Performed 67000 out of 10000000 MC cycles
Polymer acceptance rate: 19.5456%
Total runtime: 1.03289 mins (784.782 cycles/s)
************
Performed 68000 out of 10000000 MC cycles
Polymer acceptance rate: 19.7486%
Total runtime: 1.042 mins (1828.75 cycles/s)
************
Performed 69000 out of 10000000 MC cycles
Polymer acceptance rate: 20.2478%
Total runtime: 1.0634 mins (778.743 cycles/s)
************
Performed 70000 out of 10000000 MC cycles
Polymer acceptance rate: 19.5083%
Total runtime: 1.07932 mins (1047.33 cycles/s)
************
Performed 71000 out of 10000000 MC cycles
Polymer acceptance rate: 19.4875%
Total runtime: 1.09253 mins (1261.53 cycles/s)
************
Performed 72000 out of 10000000 MC cycles
Polymer acceptance rate: 18.9469%
Total runtime: 1.10937 mins (989.414 cycles/s)
************
Performed 73000 out of 10000000 MC cycles
Polymer acceptance rate: 19.86%
Total runtime: 1.11037 mins (16774.8 cycles/s)
************
Performed 74000 out of 10000000 MC cycles
Polymer acceptance rate: 19.7119%
Total runtime: 1.14255 mins (517.828 cycles/s)
************
Performed 75000 out of 10000000 MC cycles
Polymer acceptance rate: 19.2503%
Total runtime: 1.17335 mins (541.217 cycles/s)
************
Performed 76000 out of 10000000 MC cycles
Polymer acceptance rate: 19.3567%
Total runtime: 1.18641 mins (1275.36 cycles/s)
************
Performed 77000 out of 10000000 MC cycles
Polymer acceptance rate: 19.4033%
Total runtime: 1.20971 mins (715.491 cycles/s)
************
Performed 78000 out of 10000000 MC cycles
Polymer acceptance rate: 19.5994%
Total runtime: 1.23818 mins (585.348 cycles/s)
************
Performed 79000 out of 10000000 MC cycles
Polymer acceptance rate: 19.86%
Total runtime: 1.25432 mins (1032.54 cycles/s)
************
Performed 80000 out of 10000000 MC cycles
Polymer acceptance rate: 19.4725%
Total runtime: 1.27634 mins (757.023 cycles/s)
************
Performed 81000 out of 10000000 MC cycles
Polymer acceptance rate: 18.7228%
Total runtime: 1.29571 mins (860.464 cycles/s)
************
Performed 82000 out of 10000000 MC cycles
Polymer acceptance rate: 18.7769%
Total runtime: 1.31553 mins (840.761 cycles/s)
************
Performed 83000 out of 10000000 MC cycles
Polymer acceptance rate: 19.6897%
Total runtime: 1.3298 mins (1168.26 cycles/s)
************
Performed 84000 out of 10000000 MC cycles
Polymer acceptance rate: 19.41%
Total runtime: 1.33762 mins (2130.63 cycles/s)
************
Performed 85000 out of 10000000 MC cycles
Polymer acceptance rate: 19.5728%
Total runtime: 1.35369 mins (1037.2 cycles/s)
************
Performed 86000 out of 10000000 MC cycles
Polymer acceptance rate: 19.5758%
Total runtime: 1.37218 mins (901.357 cycles/s)
************
Performed 87000 out of 10000000 MC cycles
Polymer acceptance rate: 19.7128%
Total runtime: 1.38567 mins (1234.99 cycles/s)
************
Performed 88000 out of 10000000 MC cycles
Polymer acceptance rate: 20.1436%
Total runtime: 1.40715 mins (775.948 cycles/s)
************
Performed 89000 out of 10000000 MC cycles
Polymer acceptance rate: 18.805%
Total runtime: 1.41935 mins (1366.63 cycles/s)
************
Performed 90000 out of 10000000 MC cycles
Polymer acceptance rate: 19.5831%
Total runtime: 1.44576 mins (631.144 cycles/s)
************
Performed 91000 out of 10000000 MC cycles
Polymer acceptance rate: 19.5656%
Total runtime: 1.45981 mins (1185.86 cycles/s)
************
Performed 92000 out of 10000000 MC cycles
Polymer acceptance rate: 19.6989%
Total runtime: 1.48197 mins (752.03 cycles/s)
************
Performed 93000 out of 10000000 MC cycles
Polymer acceptance rate: 19.1972%
Total runtime: 1.49522 mins (1258.13 cycles/s)
************
Performed 94000 out of 10000000 MC cycles
Polymer acceptance rate: 19.4817%
Total runtime: 1.51937 mins (690.113 cycles/s)
************
Performed 95000 out of 10000000 MC cycles
Polymer acceptance rate: 19.7589%
Total runtime: 1.53 mins (1567.9 cycles/s)
************
Performed 96000 out of 10000000 MC cycles
Polymer acceptance rate: 19.5817%
Total runtime: 1.55584 mins (644.935 cycles/s)
************
Performed 97000 out of 10000000 MC cycles
Polymer acceptance rate: 19.0525%
Total runtime: 1.57632 mins (813.922 cycles/s)
************
Performed 98000 out of 10000000 MC cycles
Polymer acceptance rate: 19.1931%
Total runtime: 1.60249 mins (636.968 cycles/s)
************
Performed 99000 out of 10000000 MC cycles
Polymer acceptance rate: 19.5794%
Total runtime: 1.62131 mins (885.51 cycles/s)
************
Performed 100000 out of 10000000 MC cycles
Polymer acceptance rate: 19.8631%
Total runtime: 1.633 mins (1425.54 cycles/s)
************
Performed 101000 out of 10000000 MC cycles
Polymer acceptance rate: 19.3311%
Total runtime: 1.66488 mins (522.79 cycles/s)
************
Performed 102000 out of 10000000 MC cycles
Polymer acceptance rate: 19.3892%
Total runtime: 1.68022 mins (1086.76 cycles/s)
************
Performed 103000 out of 10000000 MC cycles
Polymer acceptance rate: 19.6714%
Total runtime: 1.69531 mins (1104.33 cycles/s)
************
Performed 104000 out of 10000000 MC cycles
Polymer acceptance rate: 19.7103%
Total runtime: 1.71449 mins (868.969 cycles/s)
************
Performed 105000 out of 10000000 MC cycles
Polymer acceptance rate: 19.5478%
Total runtime: 1.75207 mins (443.513 cycles/s)
************
Performed 106000 out of 10000000 MC cycles
Polymer acceptance rate: 19.5556%
Total runtime: 1.77735 mins (659.052 cycles/s)
************
Performed 107000 out of 10000000 MC cycles
Polymer acceptance rate: 19.4078%
Total runtime: 1.79487 mins (951.492 cycles/s)
************
Performed 108000 out of 10000000 MC cycles
Polymer acceptance rate: 19.2961%
Total runtime: 1.81356 mins (891.856 cycles/s)
************
Performed 109000 out of 10000000 MC cycles
Polymer acceptance rate: 19.9808%
Total runtime: 1.82944 mins (1049.39 cycles/s)
************
Performed 110000 out of 10000000 MC cycles
Polymer acceptance rate: 19.8828%
Total runtime: 1.84921 mins (843.231 cycles/s)
************
Performed 111000 out of 10000000 MC cycles
Polymer acceptance rate: 19.8811%
Total runtime: 1.88495 mins (466.231 cycles/s)
************
Performed 112000 out of 10000000 MC cycles
Polymer acceptance rate: 19.8644%
Total runtime: 1.91769 mins (509.105 cycles/s)
************
Performed 113000 out of 10000000 MC cycles
Polymer acceptance rate: 20.0742%
Total runtime: 1.94328 mins (651.267 cycles/s)
************
Performed 114000 out of 10000000 MC cycles
Polymer acceptance rate: 19.5733%
Total runtime: 1.96202 mins (889.671 cycles/s)
************
Performed 115000 out of 10000000 MC cycles
Polymer acceptance rate: 19.2361%
Total runtime: 1.98119 mins (869.362 cycles/s)
************
Performed 116000 out of 10000000 MC cycles
Polymer acceptance rate: 19.5189%
Total runtime: 2.00574 mins (678.81 cycles/s)
************
Performed 117000 out of 10000000 MC cycles
Polymer acceptance rate: 19.9928%
Total runtime: 2.02074 mins (1110.83 cycles/s)
************
Performed 118000 out of 10000000 MC cycles
Polymer acceptance rate: 19.3319%
Total runtime: 2.13492 mins (145.969 cycles/s)
************
Performed 119000 out of 10000000 MC cycles
Polymer acceptance rate: 19.665%
Total runtime: 2.15609 mins (787.289 cycles/s)
************
Performed 120000 out of 10000000 MC cycles
Polymer acceptance rate: 20.0244%
Total runtime: 2.21269 mins (294.48 cycles/s)
************
Performed 121000 out of 10000000 MC cycles
Polymer acceptance rate: 19.8897%
Total runtime: 2.24104 mins (587.921 cycles/s)
************
Performed 122000 out of 10000000 MC cycles
Polymer acceptance rate: 19.7431%
Total runtime: 2.26661 mins (651.864 cycles/s)
************
Performed 123000 out of 10000000 MC cycles
Polymer acceptance rate: 19.8656%
Total runtime: 2.27506 mins (1971.26 cycles/s)
************
Performed 124000 out of 10000000 MC cycles
Polymer acceptance rate: 20.0875%
Total runtime: 2.28831 mins (1258.43 cycles/s)
