Using entropy-harvested random seed: -2091908635
Running with initial polymer density 0.000485979
Using 360 TADs, including main chain of length 360
************
Performed 1000 out of 10000000 MC cycles
Polymer acceptance rate: 15.2778%
Total runtime: 0.0357528 mins (466.164 cycles/s)
************
Performed 2000 out of 10000000 MC cycles
Polymer acceptance rate: 18.0775%
Total runtime: 0.053864 mins (920.242 cycles/s)
************
Performed 3000 out of 10000000 MC cycles
Polymer acceptance rate: 18.2447%
Total runtime: 0.0655136 mins (1430.66 cycles/s)
************
Performed 4000 out of 10000000 MC cycles
Polymer acceptance rate: 18.6564%
Total runtime: 0.0794141 mins (1198.99 cycles/s)
************
Performed 5000 out of 10000000 MC cycles
Polymer acceptance rate: 19.2569%
Total runtime: 0.092762 mins (1248.64 cycles/s)
************
Performed 6000 out of 10000000 MC cycles
Polymer acceptance rate: 18.9569%
Total runtime: 0.103878 mins (1499.31 cycles/s)
************
Performed 7000 out of 10000000 MC cycles
Polymer acceptance rate: 19.5125%
Total runtime: 0.114235 mins (1609.21 cycles/s)
************
Performed 8000 out of 10000000 MC cycles
Polymer acceptance rate: 19.6061%
Total runtime: 0.131611 mins (959.171 cycles/s)
************
Performed 9000 out of 10000000 MC cycles
Polymer acceptance rate: 18.8703%
Total runtime: 0.151265 mins (848.021 cycles/s)
************
Performed 10000 out of 10000000 MC cycles
Polymer acceptance rate: 19.2175%
Total runtime: 0.166945 mins (1062.94 cycles/s)
************
Performed 11000 out of 10000000 MC cycles
Polymer acceptance rate: 19.1403%
Total runtime: 0.17594 mins (1852.89 cycles/s)
************
Performed 12000 out of 10000000 MC cycles
Polymer acceptance rate: 19.1731%
Total runtime: 0.204909 mins (575.317 cycles/s)
************
Performed 13000 out of 10000000 MC cycles
Polymer acceptance rate: 19.2056%
Total runtime: 0.224436 mins (853.543 cycles/s)
************
Performed 14000 out of 10000000 MC cycles
Polymer acceptance rate: 19.885%
Total runtime: 0.237885 mins (1239.22 cycles/s)
************
Performed 15000 out of 10000000 MC cycles
Polymer acceptance rate: 19.4333%
Total runtime: 0.260828 mins (726.456 cycles/s)
************
Performed 16000 out of 10000000 MC cycles
Polymer acceptance rate: 19.0444%
Total runtime: 0.28517 mins (684.664 cycles/s)
************
Performed 17000 out of 10000000 MC cycles
Polymer acceptance rate: 19.3925%
Total runtime: 0.30252 mins (960.643 cycles/s)
************
Performed 18000 out of 10000000 MC cycles
Polymer acceptance rate: 19.0492%
Total runtime: 0.32373 mins (785.789 cycles/s)
************
Performed 19000 out of 10000000 MC cycles
Polymer acceptance rate: 19.2611%
Total runtime: 0.333231 mins (1754.24 cycles/s)
************
Performed 20000 out of 10000000 MC cycles
Polymer acceptance rate: 19.7414%
Total runtime: 0.34797 mins (1130.76 cycles/s)
************
Performed 21000 out of 10000000 MC cycles
Polymer acceptance rate: 19.4911%
Total runtime: 0.359948 mins (1391.5 cycles/s)
************
Performed 22000 out of 10000000 MC cycles
Polymer acceptance rate: 19.2156%
Total runtime: 0.375254 mins (1088.84 cycles/s)
************
Performed 23000 out of 10000000 MC cycles
Polymer acceptance rate: 19.7872%
Total runtime: 0.383436 mins (2037.06 cycles/s)
************
Performed 24000 out of 10000000 MC cycles
Polymer acceptance rate: 20.195%
Total runtime: 0.397448 mins (1189.48 cycles/s)
************
Performed 25000 out of 10000000 MC cycles
Polymer acceptance rate: 19.0172%
Total runtime: 0.408422 mins (1518.76 cycles/s)
************
Performed 26000 out of 10000000 MC cycles
Polymer acceptance rate: 19.4864%
Total runtime: 0.41831 mins (1685.49 cycles/s)
************
Performed 27000 out of 10000000 MC cycles
Polymer acceptance rate: 19.6206%
Total runtime: 0.430674 mins (1348.07 cycles/s)
************
Performed 28000 out of 10000000 MC cycles
Polymer acceptance rate: 19.2106%
Total runtime: 0.443668 mins (1282.58 cycles/s)
************
Performed 29000 out of 10000000 MC cycles
Polymer acceptance rate: 19.7069%
Total runtime: 0.458496 mins (1124.01 cycles/s)
************
Performed 30000 out of 10000000 MC cycles
Polymer acceptance rate: 19.3664%
Total runtime: 0.469664 mins (1492.41 cycles/s)
************
Performed 31000 out of 10000000 MC cycles
Polymer acceptance rate: 18.9825%
Total runtime: 0.485101 mins (1079.61 cycles/s)
************
Performed 32000 out of 10000000 MC cycles
Polymer acceptance rate: 19.0033%
Total runtime: 0.495404 mins (1617.72 cycles/s)
************
Performed 33000 out of 10000000 MC cycles
Polymer acceptance rate: 19.4903%
Total runtime: 0.507958 mins (1327.6 cycles/s)
************
Performed 34000 out of 10000000 MC cycles
Polymer acceptance rate: 19.5453%
Total runtime: 0.520555 mins (1323.09 cycles/s)
************
Performed 35000 out of 10000000 MC cycles
Polymer acceptance rate: 19.1978%
Total runtime: 0.535406 mins (1122.25 cycles/s)
************
Performed 36000 out of 10000000 MC cycles
Polymer acceptance rate: 19.16%
Total runtime: 0.547179 mins (1415.7 cycles/s)
************
Performed 37000 out of 10000000 MC cycles
Polymer acceptance rate: 19.3561%
Total runtime: 0.56217 mins (1111.72 cycles/s)
************
Performed 38000 out of 10000000 MC cycles
Polymer acceptance rate: 19.6003%
Total runtime: 0.571955 mins (1703.33 cycles/s)
************
Performed 39000 out of 10000000 MC cycles
Polymer acceptance rate: 19.8578%
Total runtime: 0.585734 mins (1209.59 cycles/s)
************
Performed 40000 out of 10000000 MC cycles
Polymer acceptance rate: 18.9683%
Total runtime: 0.596646 mins (1527.33 cycles/s)
************
Performed 41000 out of 10000000 MC cycles
Polymer acceptance rate: 19.5569%
Total runtime: 0.608604 mins (1393.79 cycles/s)
************
Performed 42000 out of 10000000 MC cycles
Polymer acceptance rate: 19.0806%
Total runtime: 0.618755 mins (1641.84 cycles/s)
************
Performed 43000 out of 10000000 MC cycles
Polymer acceptance rate: 19.6783%
Total runtime: 0.630266 mins (1447.88 cycles/s)
************
Performed 44000 out of 10000000 MC cycles
Polymer acceptance rate: 19.4122%
Total runtime: 0.644304 mins (1187.3 cycles/s)
************
Performed 45000 out of 10000000 MC cycles
Polymer acceptance rate: 19.3444%
Total runtime: 0.660681 mins (1017.69 cycles/s)
************
Performed 46000 out of 10000000 MC cycles
Polymer acceptance rate: 19.1378%
Total runtime: 0.675675 mins (1111.5 cycles/s)
************
Performed 47000 out of 10000000 MC cycles
Polymer acceptance rate: 19.6383%
Total runtime: 0.686405 mins (1553.3 cycles/s)
************
Performed 48000 out of 10000000 MC cycles
Polymer acceptance rate: 19.0417%
Total runtime: 0.699025 mins (1320.66 cycles/s)
************
Performed 49000 out of 10000000 MC cycles
Polymer acceptance rate: 19.4761%
Total runtime: 0.715298 mins (1024.2 cycles/s)
************
Performed 50000 out of 10000000 MC cycles
Polymer acceptance rate: 19.6547%
Total runtime: 0.725397 mins (1650.36 cycles/s)
************
Performed 51000 out of 10000000 MC cycles
Polymer acceptance rate: 19.4142%
Total runtime: 0.740468 mins (1105.88 cycles/s)
************
Performed 52000 out of 10000000 MC cycles
Polymer acceptance rate: 19.7058%
Total runtime: 0.751291 mins (1539.9 cycles/s)
************
Performed 53000 out of 10000000 MC cycles
Polymer acceptance rate: 19.8467%
Total runtime: 0.761554 mins (1623.97 cycles/s)
************
Performed 54000 out of 10000000 MC cycles
Polymer acceptance rate: 19.2575%
Total runtime: 0.777042 mins (1076.12 cycles/s)
************
Performed 55000 out of 10000000 MC cycles
Polymer acceptance rate: 19.355%
Total runtime: 0.801017 mins (695.16 cycles/s)
************
Performed 56000 out of 10000000 MC cycles
Polymer acceptance rate: 19.555%
Total runtime: 0.806105 mins (3275.61 cycles/s)
************
Performed 57000 out of 10000000 MC cycles
Polymer acceptance rate: 19.4875%
Total runtime: 0.825412 mins (863.265 cycles/s)
************
Performed 58000 out of 10000000 MC cycles
Polymer acceptance rate: 19.8517%
Total runtime: 0.840562 mins (1100.07 cycles/s)
************
Performed 59000 out of 10000000 MC cycles
Polymer acceptance rate: 19.5681%
Total runtime: 0.859487 mins (880.654 cycles/s)
************
Performed 60000 out of 10000000 MC cycles
Polymer acceptance rate: 19.685%
Total runtime: 0.880271 mins (801.935 cycles/s)
************
Performed 61000 out of 10000000 MC cycles
Polymer acceptance rate: 19.5919%
Total runtime: 0.894418 mins (1178.09 cycles/s)
************
Performed 62000 out of 10000000 MC cycles
Polymer acceptance rate: 19.41%
Total runtime: 0.915618 mins (786.154 cycles/s)
************
Performed 63000 out of 10000000 MC cycles
Polymer acceptance rate: 19.9978%
Total runtime: 0.942737 mins (614.566 cycles/s)
************
Performed 64000 out of 10000000 MC cycles
Polymer acceptance rate: 19.6444%
Total runtime: 0.968395 mins (649.591 cycles/s)
************
Performed 65000 out of 10000000 MC cycles
Polymer acceptance rate: 19.9547%
Total runtime: 0.984972 mins (1005.36 cycles/s)
************
Performed 66000 out of 10000000 MC cycles
Polymer acceptance rate: 19.2292%
Total runtime: 1.01503 mins (554.479 cycles/s)
************
Performed 67000 out of 10000000 MC cycles
Polymer acceptance rate: 19.5044%
Total runtime: 1.0284 mins (1246.7 cycles/s)
************
Performed 68000 out of 10000000 MC cycles
Polymer acceptance rate: 19.2019%
Total runtime: 1.04972 mins (781.555 cycles/s)
************
Performed 69000 out of 10000000 MC cycles
Polymer acceptance rate: 19.4317%
Total runtime: 1.07287 mins (720.037 cycles/s)
************
Performed 70000 out of 10000000 MC cycles
Polymer acceptance rate: 19.6592%
Total runtime: 1.09265 mins (842.636 cycles/s)
************
Performed 71000 out of 10000000 MC cycles
Polymer acceptance rate: 19.5639%
Total runtime: 1.10839 mins (1058.87 cycles/s)
************
Performed 72000 out of 10000000 MC cycles
Polymer acceptance rate: 19.4436%
Total runtime: 1.12089 mins (1333 cycles/s)
************
Performed 73000 out of 10000000 MC cycles
Polymer acceptance rate: 19.6231%
Total runtime: 1.14169 mins (801.311 cycles/s)
************
Performed 74000 out of 10000000 MC cycles
Polymer acceptance rate: 19.5453%
Total runtime: 1.18178 mins (415.781 cycles/s)
************
Performed 75000 out of 10000000 MC cycles
Polymer acceptance rate: 19.6328%
Total runtime: 1.20464 mins (729.161 cycles/s)
************
Performed 76000 out of 10000000 MC cycles
Polymer acceptance rate: 19.895%
Total runtime: 1.22694 mins (747.117 cycles/s)
************
Performed 77000 out of 10000000 MC cycles
Polymer acceptance rate: 19.4164%
Total runtime: 1.24581 mins (883.532 cycles/s)
************
Performed 78000 out of 10000000 MC cycles
Polymer acceptance rate: 19.4772%
Total runtime: 1.26733 mins (774.312 cycles/s)
************
Performed 79000 out of 10000000 MC cycles
Polymer acceptance rate: 19.1431%
Total runtime: 1.28077 mins (1240.26 cycles/s)
************
Performed 80000 out of 10000000 MC cycles
Polymer acceptance rate: 19.1175%
Total runtime: 1.2959 mins (1101.41 cycles/s)
************
Performed 81000 out of 10000000 MC cycles
Polymer acceptance rate: 18.61%
Total runtime: 1.30566 mins (1707.53 cycles/s)
************
Performed 82000 out of 10000000 MC cycles
Polymer acceptance rate: 20.0064%
Total runtime: 1.32915 mins (709.519 cycles/s)
************
Performed 83000 out of 10000000 MC cycles
Polymer acceptance rate: 19.3444%
Total runtime: 1.34181 mins (1316.94 cycles/s)
************
Performed 84000 out of 10000000 MC cycles
Polymer acceptance rate: 19.8289%
Total runtime: 1.35176 mins (1674.54 cycles/s)
************
Performed 85000 out of 10000000 MC cycles
Polymer acceptance rate: 19.4156%
Total runtime: 1.36754 mins (1056.13 cycles/s)
************
Performed 86000 out of 10000000 MC cycles
Polymer acceptance rate: 19.7789%
Total runtime: 1.37947 mins (1397.7 cycles/s)
************
Performed 87000 out of 10000000 MC cycles
Polymer acceptance rate: 19.4161%
Total runtime: 1.39802 mins (898.403 cycles/s)
************
Performed 88000 out of 10000000 MC cycles
Polymer acceptance rate: 19.6639%
Total runtime: 1.41449 mins (1011.64 cycles/s)
************
Performed 89000 out of 10000000 MC cycles
Polymer acceptance rate: 19.9264%
Total runtime: 1.42991 mins (1081.32 cycles/s)
************
Performed 90000 out of 10000000 MC cycles
Polymer acceptance rate: 20.1719%
Total runtime: 1.45142 mins (774.708 cycles/s)
************
Performed 91000 out of 10000000 MC cycles
Polymer acceptance rate: 19.9592%
Total runtime: 1.47654 mins (663.36 cycles/s)
************
Performed 92000 out of 10000000 MC cycles
Polymer acceptance rate: 19.7594%
Total runtime: 1.49306 mins (1009.35 cycles/s)
************
Performed 93000 out of 10000000 MC cycles
Polymer acceptance rate: 19.6906%
Total runtime: 1.51194 mins (882.672 cycles/s)
************
Performed 94000 out of 10000000 MC cycles
Polymer acceptance rate: 19.8422%
Total runtime: 1.52513 mins (1263.07 cycles/s)
************
Performed 95000 out of 10000000 MC cycles
Polymer acceptance rate: 20.2231%
Total runtime: 1.54454 mins (858.934 cycles/s)
************
Performed 96000 out of 10000000 MC cycles
Polymer acceptance rate: 19.75%
Total runtime: 1.56172 mins (969.717 cycles/s)
************
Performed 97000 out of 10000000 MC cycles
Polymer acceptance rate: 20.1219%
Total runtime: 1.58134 mins (849.505 cycles/s)
************
Performed 98000 out of 10000000 MC cycles
Polymer acceptance rate: 19.9103%
Total runtime: 1.60499 mins (704.892 cycles/s)
************
Performed 99000 out of 10000000 MC cycles
Polymer acceptance rate: 19.4097%
Total runtime: 1.62591 mins (796.594 cycles/s)
************
Performed 100000 out of 10000000 MC cycles
Polymer acceptance rate: 19.4619%
Total runtime: 1.65118 mins (659.491 cycles/s)
************
Performed 101000 out of 10000000 MC cycles
Polymer acceptance rate: 19.3783%
Total runtime: 1.66291 mins (1420.91 cycles/s)
************
Performed 102000 out of 10000000 MC cycles
Polymer acceptance rate: 19.4847%
Total runtime: 1.69128 mins (587.564 cycles/s)
************
Performed 103000 out of 10000000 MC cycles
Polymer acceptance rate: 19.6075%
Total runtime: 1.71191 mins (807.773 cycles/s)
************
Performed 104000 out of 10000000 MC cycles
Polymer acceptance rate: 19.6878%
Total runtime: 1.73734 mins (655.342 cycles/s)
************
Performed 105000 out of 10000000 MC cycles
Polymer acceptance rate: 19.5558%
Total runtime: 1.75372 mins (1017.72 cycles/s)
************
Performed 106000 out of 10000000 MC cycles
Polymer acceptance rate: 19.7286%
Total runtime: 1.77824 mins (679.834 cycles/s)
************
Performed 107000 out of 10000000 MC cycles
Polymer acceptance rate: 19.6278%
Total runtime: 1.78797 mins (1712.33 cycles/s)
************
Performed 108000 out of 10000000 MC cycles
Polymer acceptance rate: 19.5344%
Total runtime: 1.8166 mins (582.128 cycles/s)
************
Performed 109000 out of 10000000 MC cycles
Polymer acceptance rate: 19.7839%
Total runtime: 1.83848 mins (761.701 cycles/s)
************
Performed 110000 out of 10000000 MC cycles
Polymer acceptance rate: 20.3239%
Total runtime: 1.86685 mins (587.48 cycles/s)
************
Performed 111000 out of 10000000 MC cycles
Polymer acceptance rate: 20.5367%
Total runtime: 1.88218 mins (1086.98 cycles/s)
************
Performed 112000 out of 10000000 MC cycles
Polymer acceptance rate: 19.7153%
Total runtime: 1.9006 mins (905.113 cycles/s)
************
Performed 113000 out of 10000000 MC cycles
Polymer acceptance rate: 19.7047%
Total runtime: 1.91573 mins (1101.15 cycles/s)
************
Performed 114000 out of 10000000 MC cycles
Polymer acceptance rate: 19.7169%
Total runtime: 1.9524 mins (454.561 cycles/s)
************
Performed 115000 out of 10000000 MC cycles
Polymer acceptance rate: 19.4019%
Total runtime: 1.96852 mins (1034.01 cycles/s)
************
Performed 116000 out of 10000000 MC cycles
Polymer acceptance rate: 20.0856%
Total runtime: 1.99558 mins (615.793 cycles/s)
************
Performed 117000 out of 10000000 MC cycles
Polymer acceptance rate: 20.0497%
Total runtime: 2.00757 mins (1390.02 cycles/s)
************
Performed 118000 out of 10000000 MC cycles
Polymer acceptance rate: 19.6533%
Total runtime: 2.03309 mins (653.146 cycles/s)
************
Performed 119000 out of 10000000 MC cycles
Polymer acceptance rate: 19.2986%
Total runtime: 2.05643 mins (714.13 cycles/s)
************
Performed 120000 out of 10000000 MC cycles
Polymer acceptance rate: 19.8378%
Total runtime: 2.16703 mins (150.684 cycles/s)
************
Performed 121000 out of 10000000 MC cycles
Polymer acceptance rate: 19.3317%
Total runtime: 2.19073 mins (703.358 cycles/s)
************
Performed 122000 out of 10000000 MC cycles
Polymer acceptance rate: 19.8453%
Total runtime: 2.24055 mins (334.563 cycles/s)
************
Performed 123000 out of 10000000 MC cycles
Polymer acceptance rate: 19.5167%
Total runtime: 2.27225 mins (525.774 cycles/s)
************
Performed 124000 out of 10000000 MC cycles
Polymer acceptance rate: 19.6256%
Total runtime: 2.28636 mins (1180.7 cycles/s)
************
Performed 125000 out of 10000000 MC cycles
Polymer acceptance rate: 19.3203%
Total runtime: 2.31481 mins (585.907 cycles/s)
