Using entropy-harvested random seed: 675601350
Running with initial polymer density 0.000485979
Using 360 TADs, including main chain of length 360
************
Performed 1000 out of 10000000 MC cycles
Polymer acceptance rate: 15.9553%
Total runtime: 0.0258789 mins (644.027 cycles/s)
************
Performed 2000 out of 10000000 MC cycles
Polymer acceptance rate: 17.9025%
Total runtime: 0.0392407 mins (1247.33 cycles/s)
************
Performed 3000 out of 10000000 MC cycles
Polymer acceptance rate: 18.715%
Total runtime: 0.0521021 mins (1295.87 cycles/s)
************
Performed 4000 out of 10000000 MC cycles
Polymer acceptance rate: 18.4419%
Total runtime: 0.0674851 mins (1083.45 cycles/s)
************
Performed 5000 out of 10000000 MC cycles
Polymer acceptance rate: 19.2408%
Total runtime: 0.0802216 mins (1308.58 cycles/s)
************
Performed 6000 out of 10000000 MC cycles
Polymer acceptance rate: 19.0792%
Total runtime: 0.0972879 mins (976.582 cycles/s)
************
Performed 7000 out of 10000000 MC cycles
Polymer acceptance rate: 18.8289%
Total runtime: 0.115209 mins (930.011 cycles/s)
************
Performed 8000 out of 10000000 MC cycles
Polymer acceptance rate: 19.3947%
Total runtime: 0.13237 mins (971.201 cycles/s)
************
Performed 9000 out of 10000000 MC cycles
Polymer acceptance rate: 19.5964%
Total runtime: 0.154253 mins (761.602 cycles/s)
************
Performed 10000 out of 10000000 MC cycles
Polymer acceptance rate: 19.6889%
Total runtime: 0.181084 mins (621.173 cycles/s)
************
Performed 11000 out of 10000000 MC cycles
Polymer acceptance rate: 20.1028%
Total runtime: 0.199221 mins (918.973 cycles/s)
************
Performed 12000 out of 10000000 MC cycles
Polymer acceptance rate: 19.615%
Total runtime: 0.215094 mins (1049.98 cycles/s)
************
Performed 13000 out of 10000000 MC cycles
Polymer acceptance rate: 20.1692%
Total runtime: 0.243403 mins (588.733 cycles/s)
************
Performed 14000 out of 10000000 MC cycles
Polymer acceptance rate: 20.0311%
Total runtime: 0.266174 mins (731.937 cycles/s)
************
Performed 15000 out of 10000000 MC cycles
Polymer acceptance rate: 19.2356%
Total runtime: 0.281895 mins (1060.13 cycles/s)
************
Performed 16000 out of 10000000 MC cycles
Polymer acceptance rate: 18.9256%
Total runtime: 0.295494 mins (1225.59 cycles/s)
************
Performed 17000 out of 10000000 MC cycles
Polymer acceptance rate: 19.5864%
Total runtime: 0.311289 mins (1055.23 cycles/s)
************
Performed 18000 out of 10000000 MC cycles
Polymer acceptance rate: 19.6136%
Total runtime: 0.325656 mins (1160 cycles/s)
************
Performed 19000 out of 10000000 MC cycles
Polymer acceptance rate: 19.1922%
Total runtime: 0.338993 mins (1249.68 cycles/s)
************
Performed 20000 out of 10000000 MC cycles
Polymer acceptance rate: 19.3528%
Total runtime: 0.354141 mins (1100.26 cycles/s)
************
Performed 21000 out of 10000000 MC cycles
Polymer acceptance rate: 19.5525%
Total runtime: 0.366926 mins (1303.61 cycles/s)
************
Performed 22000 out of 10000000 MC cycles
Polymer acceptance rate: 19.3239%
Total runtime: 0.377701 mins (1546.82 cycles/s)
************
Performed 23000 out of 10000000 MC cycles
Polymer acceptance rate: 19.73%
Total runtime: 0.387417 mins (1715.34 cycles/s)
************
Performed 24000 out of 10000000 MC cycles
Polymer acceptance rate: 19.96%
Total runtime: 0.398597 mins (1490.82 cycles/s)
************
Performed 25000 out of 10000000 MC cycles
Polymer acceptance rate: 19.1647%
Total runtime: 0.41244 mins (1203.94 cycles/s)
************
Performed 26000 out of 10000000 MC cycles
Polymer acceptance rate: 19.5797%
Total runtime: 0.425339 mins (1292.07 cycles/s)
************
Performed 27000 out of 10000000 MC cycles
Polymer acceptance rate: 19.5731%
Total runtime: 0.438961 mins (1223.5 cycles/s)
************
Performed 28000 out of 10000000 MC cycles
Polymer acceptance rate: 19.8694%
Total runtime: 0.451213 mins (1360.38 cycles/s)
************
Performed 29000 out of 10000000 MC cycles
Polymer acceptance rate: 19.7656%
Total runtime: 0.46199 mins (1546.47 cycles/s)
************
Performed 30000 out of 10000000 MC cycles
Polymer acceptance rate: 19.3878%
Total runtime: 0.474689 mins (1312.4 cycles/s)
************
Performed 31000 out of 10000000 MC cycles
Polymer acceptance rate: 19.2397%
Total runtime: 0.481248 mins (2541.1 cycles/s)
************
Performed 32000 out of 10000000 MC cycles
Polymer acceptance rate: 19.2269%
Total runtime: 0.498056 mins (991.611 cycles/s)
************
Performed 33000 out of 10000000 MC cycles
Polymer acceptance rate: 19.3667%
Total runtime: 0.511877 mins (1205.85 cycles/s)
************
Performed 34000 out of 10000000 MC cycles
Polymer acceptance rate: 19.5461%
Total runtime: 0.523719 mins (1407.46 cycles/s)
************
Performed 35000 out of 10000000 MC cycles
Polymer acceptance rate: 19.6203%
Total runtime: 0.536883 mins (1266.07 cycles/s)
************
Performed 36000 out of 10000000 MC cycles
Polymer acceptance rate: 19.8525%
Total runtime: 0.548486 mins (1436.47 cycles/s)
************
Performed 37000 out of 10000000 MC cycles
Polymer acceptance rate: 18.8839%
Total runtime: 0.561361 mins (1294.42 cycles/s)
************
Performed 38000 out of 10000000 MC cycles
Polymer acceptance rate: 19.9289%
Total runtime: 0.571587 mins (1629.89 cycles/s)
************
Performed 39000 out of 10000000 MC cycles
Polymer acceptance rate: 19.6339%
Total runtime: 0.583362 mins (1415.49 cycles/s)
************
Performed 40000 out of 10000000 MC cycles
Polymer acceptance rate: 19.3775%
Total runtime: 0.596401 mins (1278.22 cycles/s)
************
Performed 41000 out of 10000000 MC cycles
Polymer acceptance rate: 19.9997%
Total runtime: 0.608192 mins (1413.51 cycles/s)
************
Performed 42000 out of 10000000 MC cycles
Polymer acceptance rate: 19.2639%
Total runtime: 0.621004 mins (1300.79 cycles/s)
************
Performed 43000 out of 10000000 MC cycles
Polymer acceptance rate: 19.755%
Total runtime: 0.634714 mins (1215.68 cycles/s)
************
Performed 44000 out of 10000000 MC cycles
Polymer acceptance rate: 19.6364%
Total runtime: 0.650543 mins (1052.91 cycles/s)
************
Performed 45000 out of 10000000 MC cycles
Polymer acceptance rate: 19.6067%
Total runtime: 0.663831 mins (1254.3 cycles/s)
************
Performed 46000 out of 10000000 MC cycles
Polymer acceptance rate: 19.69%
Total runtime: 0.676899 mins (1275.36 cycles/s)
************
Performed 47000 out of 10000000 MC cycles
Polymer acceptance rate: 19.6333%
Total runtime: 0.689751 mins (1296.85 cycles/s)
************
Performed 48000 out of 10000000 MC cycles
Polymer acceptance rate: 19.1169%
Total runtime: 0.704417 mins (1136.43 cycles/s)
************
Performed 49000 out of 10000000 MC cycles
Polymer acceptance rate: 19.8361%
Total runtime: 0.716428 mins (1387.52 cycles/s)
************
Performed 50000 out of 10000000 MC cycles
Polymer acceptance rate: 19.5822%
Total runtime: 0.721854 mins (3071.84 cycles/s)
************
Performed 51000 out of 10000000 MC cycles
Polymer acceptance rate: 19.5944%
Total runtime: 0.735296 mins (1239.85 cycles/s)
************
Performed 52000 out of 10000000 MC cycles
Polymer acceptance rate: 19.4261%
Total runtime: 0.749904 mins (1140.99 cycles/s)
************
Performed 53000 out of 10000000 MC cycles
Polymer acceptance rate: 19.7942%
Total runtime: 0.764301 mins (1157.65 cycles/s)
************
Performed 54000 out of 10000000 MC cycles
Polymer acceptance rate: 19.5419%
Total runtime: 0.781513 mins (968.301 cycles/s)
************
Performed 55000 out of 10000000 MC cycles
Polymer acceptance rate: 19.6617%
Total runtime: 0.799144 mins (945.284 cycles/s)
************
Performed 56000 out of 10000000 MC cycles
Polymer acceptance rate: 19.5214%
Total runtime: 0.822005 mins (729.072 cycles/s)
************
Performed 57000 out of 10000000 MC cycles
Polymer acceptance rate: 19.7775%
Total runtime: 0.843402 mins (778.909 cycles/s)
************
Performed 58000 out of 10000000 MC cycles
Polymer acceptance rate: 19.2347%
Total runtime: 0.864103 mins (805.098 cycles/s)
************
Performed 59000 out of 10000000 MC cycles
Polymer acceptance rate: 19.2936%
Total runtime: 0.891233 mins (614.331 cycles/s)
************
Performed 60000 out of 10000000 MC cycles
Polymer acceptance rate: 19.375%
Total runtime: 0.915504 mins (686.707 cycles/s)
************
Performed 61000 out of 10000000 MC cycles
Polymer acceptance rate: 19.7214%
Total runtime: 0.933059 mins (949.399 cycles/s)
************
Performed 62000 out of 10000000 MC cycles
Polymer acceptance rate: 19.5747%
Total runtime: 0.950869 mins (935.769 cycles/s)
************
Performed 63000 out of 10000000 MC cycles
Polymer acceptance rate: 19.7633%
Total runtime: 0.970032 mins (869.76 cycles/s)
************
Performed 64000 out of 10000000 MC cycles
Polymer acceptance rate: 19.3092%
Total runtime: 0.991654 mins (770.799 cycles/s)
************
Performed 65000 out of 10000000 MC cycles
Polymer acceptance rate: 19.7083%
Total runtime: 1.01647 mins (671.699 cycles/s)
************
Performed 66000 out of 10000000 MC cycles
Polymer acceptance rate: 19.8808%
Total runtime: 1.04001 mins (707.999 cycles/s)
************
Performed 67000 out of 10000000 MC cycles
Polymer acceptance rate: 19.5822%
Total runtime: 1.05985 mins (839.91 cycles/s)
************
Performed 68000 out of 10000000 MC cycles
Polymer acceptance rate: 19.1656%
Total runtime: 1.07262 mins (1305.56 cycles/s)
************
Performed 69000 out of 10000000 MC cycles
Polymer acceptance rate: 19.7094%
Total runtime: 1.08827 mins (1065.05 cycles/s)
************
Performed 70000 out of 10000000 MC cycles
Polymer acceptance rate: 19.4203%
Total runtime: 1.10112 mins (1296.8 cycles/s)
************
Performed 71000 out of 10000000 MC cycles
Polymer acceptance rate: 19.6292%
Total runtime: 1.11666 mins (1072.52 cycles/s)
************
Performed 72000 out of 10000000 MC cycles
Polymer acceptance rate: 19.1083%
Total runtime: 1.14876 mins (519.115 cycles/s)
************
Performed 73000 out of 10000000 MC cycles
Polymer acceptance rate: 19.7242%
Total runtime: 1.17528 mins (628.544 cycles/s)
************
Performed 74000 out of 10000000 MC cycles
Polymer acceptance rate: 19.7517%
Total runtime: 1.20242 mins (614.102 cycles/s)
************
Performed 75000 out of 10000000 MC cycles
Polymer acceptance rate: 18.8278%
Total runtime: 1.22143 mins (876.769 cycles/s)
************
Performed 76000 out of 10000000 MC cycles
Polymer acceptance rate: 19.7181%
Total runtime: 1.25142 mins (555.655 cycles/s)
************
Performed 77000 out of 10000000 MC cycles
Polymer acceptance rate: 19.5978%
Total runtime: 1.2696 mins (916.872 cycles/s)
************
Performed 78000 out of 10000000 MC cycles
Polymer acceptance rate: 19.9197%
Total runtime: 1.28577 mins (1030.54 cycles/s)
************
Performed 79000 out of 10000000 MC cycles
Polymer acceptance rate: 20.1344%
Total runtime: 1.30694 mins (787.29 cycles/s)
************
Performed 80000 out of 10000000 MC cycles
Polymer acceptance rate: 19.4178%
Total runtime: 1.3285 mins (773.27 cycles/s)
************
Performed 81000 out of 10000000 MC cycles
Polymer acceptance rate: 19.97%
Total runtime: 1.34182 mins (1250.82 cycles/s)
************
Performed 82000 out of 10000000 MC cycles
Polymer acceptance rate: 19.6508%
Total runtime: 1.35477 mins (1287.34 cycles/s)
************
Performed 83000 out of 10000000 MC cycles
Polymer acceptance rate: 19.6622%
Total runtime: 1.36597 mins (1487.9 cycles/s)
************
Performed 84000 out of 10000000 MC cycles
Polymer acceptance rate: 19.5975%
Total runtime: 1.37744 mins (1453.46 cycles/s)
************
Performed 85000 out of 10000000 MC cycles
Polymer acceptance rate: 19.9111%
Total runtime: 1.39033 mins (1292.8 cycles/s)
************
Performed 86000 out of 10000000 MC cycles
Polymer acceptance rate: 19.2506%
Total runtime: 1.40865 mins (909.481 cycles/s)
************
Performed 87000 out of 10000000 MC cycles
Polymer acceptance rate: 20.3525%
Total runtime: 1.42498 mins (1020.8 cycles/s)
************
Performed 88000 out of 10000000 MC cycles
Polymer acceptance rate: 19.6217%
Total runtime: 1.44856 mins (706.991 cycles/s)
************
Performed 89000 out of 10000000 MC cycles
Polymer acceptance rate: 19.0586%
Total runtime: 1.46965 mins (790.01 cycles/s)
************
Performed 90000 out of 10000000 MC cycles
Polymer acceptance rate: 19.4778%
Total runtime: 1.48341 mins (1211.65 cycles/s)
************
Performed 91000 out of 10000000 MC cycles
Polymer acceptance rate: 19.6361%
Total runtime: 1.50253 mins (871.659 cycles/s)
************
Performed 92000 out of 10000000 MC cycles
Polymer acceptance rate: 19.5022%
Total runtime: 1.52224 mins (845.69 cycles/s)
************
Performed 93000 out of 10000000 MC cycles
Polymer acceptance rate: 19.8689%
Total runtime: 1.54039 mins (918.084 cycles/s)
************
Performed 94000 out of 10000000 MC cycles
Polymer acceptance rate: 19.9403%
Total runtime: 1.56588 mins (653.778 cycles/s)
************
Performed 95000 out of 10000000 MC cycles
Polymer acceptance rate: 19.7092%
Total runtime: 1.58908 mins (718.301 cycles/s)
************
Performed 96000 out of 10000000 MC cycles
Polymer acceptance rate: 19.3075%
Total runtime: 1.61773 mins (581.741 cycles/s)
************
Performed 97000 out of 10000000 MC cycles
Polymer acceptance rate: 19.6058%
Total runtime: 1.63662 mins (882.494 cycles/s)
************
Performed 98000 out of 10000000 MC cycles
Polymer acceptance rate: 20.0192%
Total runtime: 1.654 mins (958.722 cycles/s)
************
Performed 99000 out of 10000000 MC cycles
Polymer acceptance rate: 19.6161%
Total runtime: 1.66973 mins (1059.94 cycles/s)
************
Performed 100000 out of 10000000 MC cycles
Polymer acceptance rate: 20.1778%
Total runtime: 1.68934 mins (849.906 cycles/s)
************
Performed 101000 out of 10000000 MC cycles
Polymer acceptance rate: 19.5525%
Total runtime: 1.71079 mins (776.949 cycles/s)
************
Performed 102000 out of 10000000 MC cycles
Polymer acceptance rate: 19.7853%
Total runtime: 1.73437 mins (706.766 cycles/s)
************
Performed 103000 out of 10000000 MC cycles
Polymer acceptance rate: 19.9158%
Total runtime: 1.75378 mins (858.82 cycles/s)
************
Performed 104000 out of 10000000 MC cycles
Polymer acceptance rate: 20.1211%
Total runtime: 1.78072 mins (618.566 cycles/s)
************
Performed 105000 out of 10000000 MC cycles
Polymer acceptance rate: 19.8603%
Total runtime: 1.79734 mins (1002.97 cycles/s)
************
Performed 106000 out of 10000000 MC cycles
Polymer acceptance rate: 20.1019%
Total runtime: 1.8187 mins (780.295 cycles/s)
************
Performed 107000 out of 10000000 MC cycles
Polymer acceptance rate: 19.8544%
Total runtime: 1.85312 mins (484.19 cycles/s)
************
Performed 108000 out of 10000000 MC cycles
Polymer acceptance rate: 19.8233%
Total runtime: 1.87616 mins (723.527 cycles/s)
************
Performed 109000 out of 10000000 MC cycles
Polymer acceptance rate: 19.6222%
Total runtime: 1.88699 mins (1538.21 cycles/s)
************
Performed 110000 out of 10000000 MC cycles
Polymer acceptance rate: 19.5653%
Total runtime: 1.90846 mins (776.311 cycles/s)
************
Performed 111000 out of 10000000 MC cycles
Polymer acceptance rate: 20%
Total runtime: 1.92624 mins (937.536 cycles/s)
************
Performed 112000 out of 10000000 MC cycles
Polymer acceptance rate: 19.6889%
Total runtime: 1.95096 mins (674.154 cycles/s)
************
Performed 113000 out of 10000000 MC cycles
Polymer acceptance rate: 19.6825%
Total runtime: 1.96059 mins (1730.97 cycles/s)
************
Performed 114000 out of 10000000 MC cycles
Polymer acceptance rate: 19.5161%
Total runtime: 1.98401 mins (711.705 cycles/s)
************
Performed 115000 out of 10000000 MC cycles
Polymer acceptance rate: 19.5606%
Total runtime: 2.00878 mins (672.868 cycles/s)
************
Performed 116000 out of 10000000 MC cycles
Polymer acceptance rate: 19.3081%
Total runtime: 2.10012 mins (182.461 cycles/s)
************
Performed 117000 out of 10000000 MC cycles
Polymer acceptance rate: 18.9639%
Total runtime: 2.13953 mins (422.881 cycles/s)
************
Performed 118000 out of 10000000 MC cycles
Polymer acceptance rate: 19.6544%
Total runtime: 2.15857 mins (875.432 cycles/s)
************
Performed 119000 out of 10000000 MC cycles
Polymer acceptance rate: 19.5681%
Total runtime: 2.18539 mins (621.498 cycles/s)
************
Performed 120000 out of 10000000 MC cycles
Polymer acceptance rate: 19.7547%
Total runtime: 2.2254 mins (416.507 cycles/s)
************
Performed 121000 out of 10000000 MC cycles
Polymer acceptance rate: 19.3094%
Total runtime: 2.24978 mins (683.729 cycles/s)
************
Performed 122000 out of 10000000 MC cycles
Polymer acceptance rate: 19.6153%
Total runtime: 2.28186 mins (519.446 cycles/s)
