Using entropy-harvested random seed: -1998402878
Running with initial polymer density 0.000485979
Using 360 TADs, including main chain of length 360
************
Performed 1000 out of 10000000 MC cycles
Polymer acceptance rate: 15.2236%
Total runtime: 0.0246171 mins (677.036 cycles/s)
************
Performed 2000 out of 10000000 MC cycles
Polymer acceptance rate: 17.7586%
Total runtime: 0.0379478 mins (1250.25 cycles/s)
************
Performed 3000 out of 10000000 MC cycles
Polymer acceptance rate: 18.4408%
Total runtime: 0.0476263 mins (1722.02 cycles/s)
************
Performed 4000 out of 10000000 MC cycles
Polymer acceptance rate: 18.6439%
Total runtime: 0.0620714 mins (1153.79 cycles/s)
************
Performed 5000 out of 10000000 MC cycles
Polymer acceptance rate: 19.1169%
Total runtime: 0.0775243 mins (1078.55 cycles/s)
************
Performed 6000 out of 10000000 MC cycles
Polymer acceptance rate: 19.26%
Total runtime: 0.0877586 mins (1628.51 cycles/s)
************
Performed 7000 out of 10000000 MC cycles
Polymer acceptance rate: 19.315%
Total runtime: 0.106221 mins (902.741 cycles/s)
************
Performed 8000 out of 10000000 MC cycles
Polymer acceptance rate: 19.2781%
Total runtime: 0.125676 mins (856.69 cycles/s)
************
Performed 9000 out of 10000000 MC cycles
Polymer acceptance rate: 19.1014%
Total runtime: 0.134554 mins (1877.29 cycles/s)
************
Performed 10000 out of 10000000 MC cycles
Polymer acceptance rate: 19.4881%
Total runtime: 0.161852 mins (610.548 cycles/s)
************
Performed 11000 out of 10000000 MC cycles
Polymer acceptance rate: 19.5286%
Total runtime: 0.190782 mins (576.091 cycles/s)
************
Performed 12000 out of 10000000 MC cycles
Polymer acceptance rate: 19.8947%
Total runtime: 0.203151 mins (1347.48 cycles/s)
************
Performed 13000 out of 10000000 MC cycles
Polymer acceptance rate: 19.6075%
Total runtime: 0.232473 mins (568.403 cycles/s)
************
Performed 14000 out of 10000000 MC cycles
Polymer acceptance rate: 19.5739%
Total runtime: 0.250126 mins (944.143 cycles/s)
************
Performed 15000 out of 10000000 MC cycles
Polymer acceptance rate: 19.6725%
Total runtime: 0.280699 mins (545.138 cycles/s)
************
Performed 16000 out of 10000000 MC cycles
Polymer acceptance rate: 20.07%
Total runtime: 0.293391 mins (1313.13 cycles/s)
************
Performed 17000 out of 10000000 MC cycles
Polymer acceptance rate: 19.8928%
Total runtime: 0.300575 mins (2320.11 cycles/s)
************
Performed 18000 out of 10000000 MC cycles
Polymer acceptance rate: 19.1622%
Total runtime: 0.316202 mins (1066.53 cycles/s)
************
Performed 19000 out of 10000000 MC cycles
Polymer acceptance rate: 19.5714%
Total runtime: 0.330805 mins (1141.32 cycles/s)
************
Performed 20000 out of 10000000 MC cycles
Polymer acceptance rate: 19.0656%
Total runtime: 0.346924 mins (1033.93 cycles/s)
************
Performed 21000 out of 10000000 MC cycles
Polymer acceptance rate: 19.0989%
Total runtime: 0.356302 mins (1777.36 cycles/s)
************
Performed 22000 out of 10000000 MC cycles
Polymer acceptance rate: 19.2831%
Total runtime: 0.369273 mins (1284.83 cycles/s)
************
Performed 23000 out of 10000000 MC cycles
Polymer acceptance rate: 19.7189%
Total runtime: 0.380558 mins (1476.96 cycles/s)
************
Performed 24000 out of 10000000 MC cycles
Polymer acceptance rate: 19.5706%
Total runtime: 0.393074 mins (1331.65 cycles/s)
************
Performed 25000 out of 10000000 MC cycles
Polymer acceptance rate: 20.2064%
Total runtime: 0.409036 mins (1044.14 cycles/s)
************
Performed 26000 out of 10000000 MC cycles
Polymer acceptance rate: 19.8072%
Total runtime: 0.420069 mins (1510.58 cycles/s)
************
Performed 27000 out of 10000000 MC cycles
Polymer acceptance rate: 20.1394%
Total runtime: 0.433738 mins (1219.33 cycles/s)
************
Performed 28000 out of 10000000 MC cycles
Polymer acceptance rate: 20.1925%
Total runtime: 0.444542 mins (1542.56 cycles/s)
************
Performed 29000 out of 10000000 MC cycles
Polymer acceptance rate: 20.3681%
Total runtime: 0.457637 mins (1272.81 cycles/s)
************
Performed 30000 out of 10000000 MC cycles
Polymer acceptance rate: 19.7647%
Total runtime: 0.464468 mins (2439.67 cycles/s)
************
Performed 31000 out of 10000000 MC cycles
Polymer acceptance rate: 19.7506%
Total runtime: 0.480533 mins (1037.48 cycles/s)
************
Performed 32000 out of 10000000 MC cycles
Polymer acceptance rate: 19.9536%
Total runtime: 0.492859 mins (1352.1 cycles/s)
************
Performed 33000 out of 10000000 MC cycles
Polymer acceptance rate: 19.0572%
Total runtime: 0.506519 mins (1220.16 cycles/s)
************
Performed 34000 out of 10000000 MC cycles
Polymer acceptance rate: 19.3594%
Total runtime: 0.518305 mins (1414.06 cycles/s)
************
Performed 35000 out of 10000000 MC cycles
Polymer acceptance rate: 19.1931%
Total runtime: 0.533607 mins (1089.19 cycles/s)
************
Performed 36000 out of 10000000 MC cycles
Polymer acceptance rate: 19.2475%
Total runtime: 0.543388 mins (1703.94 cycles/s)
************
Performed 37000 out of 10000000 MC cycles
Polymer acceptance rate: 19.5836%
Total runtime: 0.555675 mins (1356.44 cycles/s)
************
Performed 38000 out of 10000000 MC cycles
Polymer acceptance rate: 19.2903%
Total runtime: 0.568569 mins (1292.66 cycles/s)
************
Performed 39000 out of 10000000 MC cycles
Polymer acceptance rate: 19.2461%
Total runtime: 0.57831 mins (1710.84 cycles/s)
************
Performed 40000 out of 10000000 MC cycles
Polymer acceptance rate: 19.5175%
Total runtime: 0.592969 mins (1136.97 cycles/s)
************
Performed 41000 out of 10000000 MC cycles
Polymer acceptance rate: 18.9175%
Total runtime: 0.602693 mins (1714.06 cycles/s)
************
Performed 42000 out of 10000000 MC cycles
Polymer acceptance rate: 19.0506%
Total runtime: 0.618213 mins (1073.86 cycles/s)
************
Performed 43000 out of 10000000 MC cycles
Polymer acceptance rate: 19.3228%
Total runtime: 0.632882 mins (1136.17 cycles/s)
************
Performed 44000 out of 10000000 MC cycles
Polymer acceptance rate: 19.6825%
Total runtime: 0.647062 mins (1175.42 cycles/s)
************
Performed 45000 out of 10000000 MC cycles
Polymer acceptance rate: 19.735%
Total runtime: 0.659121 mins (1382.08 cycles/s)
************
Performed 46000 out of 10000000 MC cycles
Polymer acceptance rate: 19.6336%
Total runtime: 0.670208 mins (1503.23 cycles/s)
************
Performed 47000 out of 10000000 MC cycles
Polymer acceptance rate: 20.145%
Total runtime: 0.681652 mins (1456.43 cycles/s)
************
Performed 48000 out of 10000000 MC cycles
Polymer acceptance rate: 19.7144%
Total runtime: 0.696829 mins (1098.15 cycles/s)
************
Performed 49000 out of 10000000 MC cycles
Polymer acceptance rate: 19.0258%
Total runtime: 0.707326 mins (1587.61 cycles/s)
************
Performed 50000 out of 10000000 MC cycles
Polymer acceptance rate: 19.7075%
Total runtime: 0.717354 mins (1662.07 cycles/s)
************
Performed 51000 out of 10000000 MC cycles
Polymer acceptance rate: 20.1133%
Total runtime: 0.730635 mins (1254.9 cycles/s)
************
Performed 52000 out of 10000000 MC cycles
Polymer acceptance rate: 19.7%
Total runtime: 0.73796 mins (2275.53 cycles/s)
************
Performed 53000 out of 10000000 MC cycles
Polymer acceptance rate: 19.7947%
Total runtime: 0.762994 mins (665.757 cycles/s)
************
Performed 54000 out of 10000000 MC cycles
Polymer acceptance rate: 19.9917%
Total runtime: 0.780991 mins (926.051 cycles/s)
************
Performed 55000 out of 10000000 MC cycles
Polymer acceptance rate: 19.2378%
Total runtime: 0.788553 mins (2204.19 cycles/s)
************
Performed 56000 out of 10000000 MC cycles
Polymer acceptance rate: 19.4253%
Total runtime: 0.805287 mins (995.95 cycles/s)
************
Performed 57000 out of 10000000 MC cycles
Polymer acceptance rate: 19.3897%
Total runtime: 0.824805 mins (853.927 cycles/s)
************
Performed 58000 out of 10000000 MC cycles
Polymer acceptance rate: 19.5572%
Total runtime: 0.841055 mins (1025.63 cycles/s)
************
Performed 59000 out of 10000000 MC cycles
Polymer acceptance rate: 19.3811%
Total runtime: 0.861021 mins (834.736 cycles/s)
************
Performed 60000 out of 10000000 MC cycles
Polymer acceptance rate: 19.7069%
Total runtime: 0.878984 mins (927.88 cycles/s)
************
Performed 61000 out of 10000000 MC cycles
Polymer acceptance rate: 19.5322%
Total runtime: 0.89758 mins (896.223 cycles/s)
************
Performed 62000 out of 10000000 MC cycles
Polymer acceptance rate: 19.1669%
Total runtime: 0.927994 mins (548.003 cycles/s)
************
Performed 63000 out of 10000000 MC cycles
Polymer acceptance rate: 19.4958%
Total runtime: 0.950884 mins (728.111 cycles/s)
************
Performed 64000 out of 10000000 MC cycles
Polymer acceptance rate: 19.8881%
Total runtime: 0.975825 mins (668.231 cycles/s)
************
Performed 65000 out of 10000000 MC cycles
Polymer acceptance rate: 20.2311%
Total runtime: 0.990673 mins (1122.51 cycles/s)
************
Performed 66000 out of 10000000 MC cycles
Polymer acceptance rate: 19.9803%
Total runtime: 1.01008 mins (858.694 cycles/s)
************
Performed 67000 out of 10000000 MC cycles
Polymer acceptance rate: 19.5911%
Total runtime: 1.03527 mins (661.573 cycles/s)
************
Performed 68000 out of 10000000 MC cycles
Polymer acceptance rate: 20.2511%
Total runtime: 1.05216 mins (986.844 cycles/s)
************
Performed 69000 out of 10000000 MC cycles
Polymer acceptance rate: 19.3361%
Total runtime: 1.06607 mins (1198.92 cycles/s)
************
Performed 70000 out of 10000000 MC cycles
Polymer acceptance rate: 19.8419%
Total runtime: 1.08149 mins (1080.47 cycles/s)
************
Performed 71000 out of 10000000 MC cycles
Polymer acceptance rate: 20.0147%
Total runtime: 1.0907 mins (1810.08 cycles/s)
************
Performed 72000 out of 10000000 MC cycles
Polymer acceptance rate: 19.7086%
Total runtime: 1.11275 mins (755.688 cycles/s)
************
Performed 73000 out of 10000000 MC cycles
Polymer acceptance rate: 19.6078%
Total runtime: 1.14837 mins (467.914 cycles/s)
************
Performed 74000 out of 10000000 MC cycles
Polymer acceptance rate: 20.1639%
Total runtime: 1.16588 mins (952.089 cycles/s)
************
Performed 75000 out of 10000000 MC cycles
Polymer acceptance rate: 19.6503%
Total runtime: 1.17577 mins (1684.41 cycles/s)
************
Performed 76000 out of 10000000 MC cycles
Polymer acceptance rate: 19.3117%
Total runtime: 1.20137 mins (651.189 cycles/s)
************
Performed 77000 out of 10000000 MC cycles
Polymer acceptance rate: 19.4314%
Total runtime: 1.21881 mins (955.241 cycles/s)
************
Performed 78000 out of 10000000 MC cycles
Polymer acceptance rate: 19.9372%
Total runtime: 1.24727 mins (585.776 cycles/s)
************
Performed 79000 out of 10000000 MC cycles
Polymer acceptance rate: 19.6667%
Total runtime: 1.25842 mins (1494.32 cycles/s)
************
Performed 80000 out of 10000000 MC cycles
Polymer acceptance rate: 19.5611%
Total runtime: 1.26695 mins (1952.9 cycles/s)
************
Performed 81000 out of 10000000 MC cycles
Polymer acceptance rate: 19.7206%
Total runtime: 1.28754 mins (809.668 cycles/s)
************
Performed 82000 out of 10000000 MC cycles
Polymer acceptance rate: 19.3025%
Total runtime: 1.30477 mins (967.404 cycles/s)
************
Performed 83000 out of 10000000 MC cycles
Polymer acceptance rate: 19.2972%
Total runtime: 1.3197 mins (1116.17 cycles/s)
************
Performed 84000 out of 10000000 MC cycles
Polymer acceptance rate: 18.8708%
Total runtime: 1.33677 mins (976.173 cycles/s)
************
Performed 85000 out of 10000000 MC cycles
Polymer acceptance rate: 19.4333%
Total runtime: 1.3478 mins (1511.06 cycles/s)
************
Performed 86000 out of 10000000 MC cycles
Polymer acceptance rate: 19.8931%
Total runtime: 1.35693 mins (1826.65 cycles/s)
************
Performed 87000 out of 10000000 MC cycles
Polymer acceptance rate: 19.7619%
Total runtime: 1.3756 mins (892.49 cycles/s)
************
Performed 88000 out of 10000000 MC cycles
Polymer acceptance rate: 20.0381%
Total runtime: 1.39536 mins (843.656 cycles/s)
************
Performed 89000 out of 10000000 MC cycles
Polymer acceptance rate: 19.8522%
Total runtime: 1.41556 mins (825.112 cycles/s)
************
Performed 90000 out of 10000000 MC cycles
Polymer acceptance rate: 19.2969%
Total runtime: 1.43837 mins (730.361 cycles/s)
************
Performed 91000 out of 10000000 MC cycles
Polymer acceptance rate: 19.9433%
Total runtime: 1.46151 mins (720.369 cycles/s)
************
Performed 92000 out of 10000000 MC cycles
Polymer acceptance rate: 19.3661%
Total runtime: 1.48416 mins (735.872 cycles/s)
************
Performed 93000 out of 10000000 MC cycles
Polymer acceptance rate: 19.6161%
Total runtime: 1.50166 mins (952.346 cycles/s)
************
Performed 94000 out of 10000000 MC cycles
Polymer acceptance rate: 19.6086%
Total runtime: 1.51745 mins (1055.27 cycles/s)
************
Performed 95000 out of 10000000 MC cycles
Polymer acceptance rate: 19.6781%
Total runtime: 1.54893 mins (529.458 cycles/s)
************
Performed 96000 out of 10000000 MC cycles
Polymer acceptance rate: 20.0058%
Total runtime: 1.57142 mins (741.221 cycles/s)
************
Performed 97000 out of 10000000 MC cycles
Polymer acceptance rate: 19.9486%
Total runtime: 1.59791 mins (629.049 cycles/s)
************
Performed 98000 out of 10000000 MC cycles
Polymer acceptance rate: 19.5564%
Total runtime: 1.61933 mins (778.055 cycles/s)
************
Performed 99000 out of 10000000 MC cycles
Polymer acceptance rate: 19.52%
Total runtime: 1.64003 mins (805.27 cycles/s)
************
Performed 100000 out of 10000000 MC cycles
Polymer acceptance rate: 19.4203%
Total runtime: 1.66171 mins (768.942 cycles/s)
************
Performed 101000 out of 10000000 MC cycles
Polymer acceptance rate: 19.3725%
Total runtime: 1.69073 mins (574.338 cycles/s)
************
Performed 102000 out of 10000000 MC cycles
Polymer acceptance rate: 20.2783%
Total runtime: 1.71221 mins (775.77 cycles/s)
************
Performed 103000 out of 10000000 MC cycles
Polymer acceptance rate: 19.4911%
Total runtime: 1.73612 mins (697.154 cycles/s)
************
Performed 104000 out of 10000000 MC cycles
Polymer acceptance rate: 20.4044%
Total runtime: 1.75277 mins (1001.03 cycles/s)
************
Performed 105000 out of 10000000 MC cycles
Polymer acceptance rate: 19.5619%
Total runtime: 1.78885 mins (461.919 cycles/s)
************
Performed 106000 out of 10000000 MC cycles
Polymer acceptance rate: 19.4022%
Total runtime: 1.80536 mins (1009.2 cycles/s)
************
Performed 107000 out of 10000000 MC cycles
Polymer acceptance rate: 20.0194%
Total runtime: 1.84092 mins (468.659 cycles/s)
************
Performed 108000 out of 10000000 MC cycles
Polymer acceptance rate: 20.2114%
Total runtime: 1.86096 mins (831.959 cycles/s)
************
Performed 109000 out of 10000000 MC cycles
Polymer acceptance rate: 19.9994%
Total runtime: 1.89706 mins (461.682 cycles/s)
************
Performed 110000 out of 10000000 MC cycles
Polymer acceptance rate: 20.3131%
Total runtime: 1.92606 mins (574.56 cycles/s)
************
Performed 111000 out of 10000000 MC cycles
Polymer acceptance rate: 19.6019%
Total runtime: 1.95068 mins (676.989 cycles/s)
************
Performed 112000 out of 10000000 MC cycles
Polymer acceptance rate: 20.0075%
Total runtime: 1.96712 mins (1014.2 cycles/s)
************
Performed 113000 out of 10000000 MC cycles
Polymer acceptance rate: 19.7789%
Total runtime: 1.98896 mins (762.853 cycles/s)
************
Performed 114000 out of 10000000 MC cycles
Polymer acceptance rate: 19.2661%
Total runtime: 2.00865 mins (846.604 cycles/s)
************
Performed 115000 out of 10000000 MC cycles
Polymer acceptance rate: 19.3347%
Total runtime: 2.09939 mins (183.681 cycles/s)
************
Performed 116000 out of 10000000 MC cycles
Polymer acceptance rate: 19.6694%
Total runtime: 2.12037 mins (794.212 cycles/s)
************
Performed 117000 out of 10000000 MC cycles
Polymer acceptance rate: 20.0475%
Total runtime: 2.15256 mins (517.892 cycles/s)
************
Performed 118000 out of 10000000 MC cycles
Polymer acceptance rate: 20.0244%
Total runtime: 2.1839 mins (531.715 cycles/s)
************
Performed 119000 out of 10000000 MC cycles
Polymer acceptance rate: 19.6892%
Total runtime: 2.23071 mins (356.032 cycles/s)
************
Performed 120000 out of 10000000 MC cycles
Polymer acceptance rate: 20.2597%
Total runtime: 2.24969 mins (878.257 cycles/s)
************
Performed 121000 out of 10000000 MC cycles
Polymer acceptance rate: 19.7822%
Total runtime: 2.27686 mins (613.306 cycles/s)
************
Performed 122000 out of 10000000 MC cycles
Polymer acceptance rate: 19.3042%
Total runtime: 2.27805 mins (14085.6 cycles/s)
************
Performed 123000 out of 10000000 MC cycles
Polymer acceptance rate: 20.1314%
Total runtime: 2.29863 mins (809.796 cycles/s)
